#
# There is insufficient memory for the Java Runtime Environment to continue.
# Native memory allocation (malloc) failed to allocate 428928 bytes for Chunk::new
# Possible reasons:
#   The system is out of physical RAM or swap space
#   The process is running with CompressedOops enabled, and the Java Heap may be blocking the growth of the native heap
# Possible solutions:
#   Reduce memory load on the system
#   Increase physical memory or swap space
#   Check if swap backing store is full
#   Decrease Java heap size (-Xmx/-Xms)
#   Decrease number of Java threads
#   Decrease Java thread stack sizes (-Xss)
#   Set larger code cache with -XX:ReservedCodeCacheSize=
#   JVM is running with Zero Based Compressed Oops mode in which the Java heap is
#     placed in the first 32GB address space. The Java Heap base address is the
#     maximum limit for the native heap growth. Please use -XX:HeapBaseMinAddress
#     to set the Java Heap base and to place the Java Heap above 32GB virtual address.
# This output file may be truncated or incomplete.
#
#  Out of Memory Error (./open/src/hotspot/share/memory/arena.cpp:195), pid=8984, tid=21932
#
# JRE version: OpenJDK Runtime Environment (15.0.2+7) (build 15.0.2+7-27)
# Java VM: OpenJDK 64-Bit Server VM (15.0.2+7-27, mixed mode, tiered, compressed oops, g1 gc, windows-amd64)
# No core dump will be written. Minidumps are not enabled by default on client versions of Windows
#

---------------  S U M M A R Y ------------

Command Line: -Dfile.encoding=UTF-8 -XX:+ShowCodeDetailsInExceptionMessages com.FacturadoraPymes.FacturadoraPymes.FacturadoraPymesApplication

Host: Intel(R) Core(TM) i7-2600 CPU @ 3.40GHz, 8 cores, 9G,  Windows 10 , 64 bit Build 19041 (10.0.19041.1503)
Time: Wed Mar  2 02:13:25 2022 Hora est. Pacífico, Sudamérica elapsed time: 1.343734 seconds (0d 0h 0m 1s)

---------------  T H R E A D  ---------------

Current thread (0x000002d2e0fd43e0):  JavaThread "C2 CompilerThread2" daemon [_thread_in_native, id=21932, stack(0x000000ecb6200000,0x000000ecb6300000)]


Current CompileTask:
C2:   1343 1436       4       jdk.internal.loader.URLClassPath::getResource (74 bytes)

Stack: [0x000000ecb6200000,0x000000ecb6300000]
Native frames: (J=compiled Java code, j=interpreted, Vv=VM code, C=native code)
V  [jvm.dll+0x62ae9a]
V  [jvm.dll+0x7817a9]
V  [jvm.dll+0x782f03]
V  [jvm.dll+0x783563]
V  [jvm.dll+0x216325]
V  [jvm.dll+0x97f3a]
V  [jvm.dll+0x9861c]
V  [jvm.dll+0x32e305]
V  [jvm.dll+0x2f768a]
V  [jvm.dll+0x2f6a4a]
V  [jvm.dll+0x1ea705]
V  [jvm.dll+0x1e996e]
V  [jvm.dll+0x178567]
V  [jvm.dll+0x1f9225]
V  [jvm.dll+0x1f72cc]
V  [jvm.dll+0x74495d]
V  [jvm.dll+0x73d75a]
V  [jvm.dll+0x629c56]
C  [ucrtbase.dll+0x21bb2]
C  [KERNEL32.DLL+0x17034]
C  [ntdll.dll+0x52651]


---------------  P R O C E S S  ---------------

Threads class SMR info:
_java_thread_list=0x000002d2e1a3adc0, length=14, elements={
0x000002d2c296cd30, 0x000002d2e05b3020, 0x000002d2e05b3ad0, 0x000002d2dfd6d110,
0x000002d2dfd6d9d0, 0x000002d2dfd6e480, 0x000002d2e05e4620, 0x000002d2e05e5110,
0x000002d2e05cc910, 0x000002d2e078f1a0, 0x000002d2e078e800, 0x000002d2e0df24a0,
0x000002d2e0fd43e0, 0x000002d2e078cff0
}

Java Threads: ( => current thread )
  0x000002d2c296cd30 JavaThread "main" [_thread_in_Java, id=22304, stack(0x000000ecb4f00000,0x000000ecb5000000)]
  0x000002d2e05b3020 JavaThread "Reference Handler" daemon [_thread_blocked, id=20964, stack(0x000000ecb5600000,0x000000ecb5700000)]
  0x000002d2e05b3ad0 JavaThread "Finalizer" daemon [_thread_blocked, id=9700, stack(0x000000ecb5700000,0x000000ecb5800000)]
  0x000002d2dfd6d110 JavaThread "Signal Dispatcher" daemon [_thread_blocked, id=17096, stack(0x000000ecb5800000,0x000000ecb5900000)]
  0x000002d2dfd6d9d0 JavaThread "Attach Listener" daemon [_thread_blocked, id=7976, stack(0x000000ecb5900000,0x000000ecb5a00000)]
  0x000002d2dfd6e480 JavaThread "Service Thread" daemon [_thread_blocked, id=2000, stack(0x000000ecb5a00000,0x000000ecb5b00000)]
  0x000002d2e05e4620 JavaThread "C2 CompilerThread0" daemon [_thread_in_native, id=10932, stack(0x000000ecb5b00000,0x000000ecb5c00000)]
  0x000002d2e05e5110 JavaThread "C1 CompilerThread0" daemon [_thread_blocked, id=18076, stack(0x000000ecb5c00000,0x000000ecb5d00000)]
  0x000002d2e05cc910 JavaThread "Sweeper thread" daemon [_thread_blocked, id=22324, stack(0x000000ecb5d00000,0x000000ecb5e00000)]
  0x000002d2e078f1a0 JavaThread "Notification Thread" daemon [_thread_blocked, id=12836, stack(0x000000ecb5e00000,0x000000ecb5f00000)]
  0x000002d2e078e800 JavaThread "Common-Cleaner" daemon [_thread_blocked, id=18560, stack(0x000000ecb6000000,0x000000ecb6100000)]
  0x000002d2e0df24a0 JavaThread "C2 CompilerThread1" daemon [_thread_in_native, id=11012, stack(0x000000ecb6100000,0x000000ecb6200000)]
=>0x000002d2e0fd43e0 JavaThread "C2 CompilerThread2" daemon [_thread_in_native, id=21932, stack(0x000000ecb6200000,0x000000ecb6300000)]
  0x000002d2e078cff0 JavaThread "background-preinit" [_thread_in_native, id=5572, stack(0x000000ecb6500000,0x000000ecb6600000)]

Other Threads:
  0x000002d2e057b760 VMThread "VM Thread" [stack: 0x000000ecb5500000,0x000000ecb5600000] [id=19816]
  0x000002d2e0792960 WatcherThread [stack: 0x000000ecb5f00000,0x000000ecb6000000] [id=3720]
  0x000002d2c29ab3d0 GCTaskThread "GC Thread#0" [stack: 0x000000ecb5000000,0x000000ecb5100000] [id=3024]
  0x000002d2e0bf2960 GCTaskThread "GC Thread#1" [stack: 0x000000ecb6300000,0x000000ecb6400000] [id=18220]
  0x000002d2e0bf32f0 GCTaskThread "GC Thread#2" [stack: 0x000000ecb6400000,0x000000ecb6500000] [id=22020]
  0x000002d2c29b7a10 ConcurrentGCThread "G1 Main Marker" [stack: 0x000000ecb5100000,0x000000ecb5200000] [id=14060]
  0x000002d2c29b8680 ConcurrentGCThread "G1 Conc#0" [stack: 0x000000ecb5200000,0x000000ecb5300000] [id=15540]
  0x000002d2dfbb24b0 ConcurrentGCThread "G1 Refine#0" [stack: 0x000000ecb5300000,0x000000ecb5400000] [id=17404]
  0x000002d2c2a30f60 ConcurrentGCThread "G1 Young RemSet Sampling" [stack: 0x000000ecb5400000,0x000000ecb5500000] [id=4616]

Threads with active compile tasks:
C2 CompilerThread0     1472 1472       4       org.springframework.boot.context.properties.source.ConfigurationPropertyName$ElementsParser::parse (234 bytes)
C2 CompilerThread1     1473 1522 % !   4       java.util.concurrent.ConcurrentHashMap::transfer @ 372 (849 bytes)
C2 CompilerThread2     1473 1436       4       jdk.internal.loader.URLClassPath::getResource (74 bytes)

VM state: not at safepoint (normal execution)

VM Mutex/Monitor currently owned by a thread: None

Heap address: 0x0000000764400000, size: 2492 MB, Compressed Oops mode: Zero based, Oop shift amount: 3
CDS disabled.
Compressed class space mapped at: 0x0000000800000000-0x0000000840000000, size: 1073741824
Narrow klass base: 0x0000000800000000, Narrow klass shift: 0, Narrow klass range: 0x40000000

GC Precious Log:
 CPUs: 8 total, 8 available
 Memory: 9960M
 Large Page Support: Disabled
 NUMA Support: Disabled
 Compressed Oops: Enabled (Zero based)
 Heap Region Size: 2M
 Heap Min Capacity: 8M
 Heap Initial Capacity: 156M
 Heap Max Capacity: 2492M
 Pre-touch: Disabled
 Parallel Workers: 8
 Concurrent Workers: 2
 Concurrent Refinement Workers: 8
 Periodic GC: Disabled

Heap:
 garbage-first heap   total 159744K, used 20924K [0x0000000764400000, 0x0000000800000000)
  region size 2048K, 10 young (20480K), 2 survivors (4096K)
 Metaspace       used 18507K, capacity 18751K, committed 18944K, reserved 1089536K
  class space    used 1954K, capacity 2006K, committed 2048K, reserved 1048576K

Heap Regions: E=young(eden), S=young(survivor), O=old, HS=humongous(starts), HC=humongous(continues), CS=collection set, F=free, OA=open archive, CA=closed archive, TAMS=top-at-mark-start (previous, next)
|   0|0x0000000764400000, 0x0000000764600000, 0x0000000764600000|100%| O|  |TAMS 0x0000000764400000, 0x0000000764400000| Untracked 
|   1|0x0000000764600000, 0x000000076466f000, 0x0000000764800000| 21%| O|  |TAMS 0x0000000764600000, 0x0000000764600000| Untracked 
|   2|0x0000000764800000, 0x0000000764800000, 0x0000000764a00000|  0%| F|  |TAMS 0x0000000764800000, 0x0000000764800000| Untracked 
|   3|0x0000000764a00000, 0x0000000764a00000, 0x0000000764c00000|  0%| F|  |TAMS 0x0000000764a00000, 0x0000000764a00000| Untracked 
|   4|0x0000000764c00000, 0x0000000764c00000, 0x0000000764e00000|  0%| F|  |TAMS 0x0000000764c00000, 0x0000000764c00000| Untracked 
|   5|0x0000000764e00000, 0x0000000764e00000, 0x0000000765000000|  0%| F|  |TAMS 0x0000000764e00000, 0x0000000764e00000| Untracked 
|   6|0x0000000765000000, 0x0000000765000000, 0x0000000765200000|  0%| F|  |TAMS 0x0000000765000000, 0x0000000765000000| Untracked 
|   7|0x0000000765200000, 0x0000000765200000, 0x0000000765400000|  0%| F|  |TAMS 0x0000000765200000, 0x0000000765200000| Untracked 
|   8|0x0000000765400000, 0x0000000765400000, 0x0000000765600000|  0%| F|  |TAMS 0x0000000765400000, 0x0000000765400000| Untracked 
|   9|0x0000000765600000, 0x0000000765600000, 0x0000000765800000|  0%| F|  |TAMS 0x0000000765600000, 0x0000000765600000| Untracked 
|  10|0x0000000765800000, 0x0000000765800000, 0x0000000765a00000|  0%| F|  |TAMS 0x0000000765800000, 0x0000000765800000| Untracked 
|  11|0x0000000765a00000, 0x0000000765a00000, 0x0000000765c00000|  0%| F|  |TAMS 0x0000000765a00000, 0x0000000765a00000| Untracked 
|  12|0x0000000765c00000, 0x0000000765c00000, 0x0000000765e00000|  0%| F|  |TAMS 0x0000000765c00000, 0x0000000765c00000| Untracked 
|  13|0x0000000765e00000, 0x0000000765e00000, 0x0000000766000000|  0%| F|  |TAMS 0x0000000765e00000, 0x0000000765e00000| Untracked 
|  14|0x0000000766000000, 0x0000000766000000, 0x0000000766200000|  0%| F|  |TAMS 0x0000000766000000, 0x0000000766000000| Untracked 
|  15|0x0000000766200000, 0x0000000766200000, 0x0000000766400000|  0%| F|  |TAMS 0x0000000766200000, 0x0000000766200000| Untracked 
|  16|0x0000000766400000, 0x0000000766400000, 0x0000000766600000|  0%| F|  |TAMS 0x0000000766400000, 0x0000000766400000| Untracked 
|  17|0x0000000766600000, 0x0000000766600000, 0x0000000766800000|  0%| F|  |TAMS 0x0000000766600000, 0x0000000766600000| Untracked 
|  18|0x0000000766800000, 0x0000000766800000, 0x0000000766a00000|  0%| F|  |TAMS 0x0000000766800000, 0x0000000766800000| Untracked 
|  19|0x0000000766a00000, 0x0000000766a00000, 0x0000000766c00000|  0%| F|  |TAMS 0x0000000766a00000, 0x0000000766a00000| Untracked 
|  20|0x0000000766c00000, 0x0000000766c00000, 0x0000000766e00000|  0%| F|  |TAMS 0x0000000766c00000, 0x0000000766c00000| Untracked 
|  21|0x0000000766e00000, 0x0000000766e00000, 0x0000000767000000|  0%| F|  |TAMS 0x0000000766e00000, 0x0000000766e00000| Untracked 
|  22|0x0000000767000000, 0x0000000767000000, 0x0000000767200000|  0%| F|  |TAMS 0x0000000767000000, 0x0000000767000000| Untracked 
|  23|0x0000000767200000, 0x0000000767200000, 0x0000000767400000|  0%| F|  |TAMS 0x0000000767200000, 0x0000000767200000| Untracked 
|  24|0x0000000767400000, 0x0000000767400000, 0x0000000767600000|  0%| F|  |TAMS 0x0000000767400000, 0x0000000767400000| Untracked 
|  25|0x0000000767600000, 0x0000000767600000, 0x0000000767800000|  0%| F|  |TAMS 0x0000000767600000, 0x0000000767600000| Untracked 
|  26|0x0000000767800000, 0x0000000767800000, 0x0000000767a00000|  0%| F|  |TAMS 0x0000000767800000, 0x0000000767800000| Untracked 
|  27|0x0000000767a00000, 0x0000000767a00000, 0x0000000767c00000|  0%| F|  |TAMS 0x0000000767a00000, 0x0000000767a00000| Untracked 
|  28|0x0000000767c00000, 0x0000000767c00000, 0x0000000767e00000|  0%| F|  |TAMS 0x0000000767c00000, 0x0000000767c00000| Untracked 
|  29|0x0000000767e00000, 0x0000000767e00000, 0x0000000768000000|  0%| F|  |TAMS 0x0000000767e00000, 0x0000000767e00000| Untracked 
|  30|0x0000000768000000, 0x0000000768000000, 0x0000000768200000|  0%| F|  |TAMS 0x0000000768000000, 0x0000000768000000| Untracked 
|  31|0x0000000768200000, 0x0000000768200000, 0x0000000768400000|  0%| F|  |TAMS 0x0000000768200000, 0x0000000768200000| Untracked 
|  32|0x0000000768400000, 0x0000000768400000, 0x0000000768600000|  0%| F|  |TAMS 0x0000000768400000, 0x0000000768400000| Untracked 
|  33|0x0000000768600000, 0x0000000768600000, 0x0000000768800000|  0%| F|  |TAMS 0x0000000768600000, 0x0000000768600000| Untracked 
|  34|0x0000000768800000, 0x0000000768800000, 0x0000000768a00000|  0%| F|  |TAMS 0x0000000768800000, 0x0000000768800000| Untracked 
|  35|0x0000000768a00000, 0x0000000768a00000, 0x0000000768c00000|  0%| F|  |TAMS 0x0000000768a00000, 0x0000000768a00000| Untracked 
|  36|0x0000000768c00000, 0x0000000768c00000, 0x0000000768e00000|  0%| F|  |TAMS 0x0000000768c00000, 0x0000000768c00000| Untracked 
|  37|0x0000000768e00000, 0x0000000768e00000, 0x0000000769000000|  0%| F|  |TAMS 0x0000000768e00000, 0x0000000768e00000| Untracked 
|  38|0x0000000769000000, 0x0000000769000000, 0x0000000769200000|  0%| F|  |TAMS 0x0000000769000000, 0x0000000769000000| Untracked 
|  39|0x0000000769200000, 0x0000000769200000, 0x0000000769400000|  0%| F|  |TAMS 0x0000000769200000, 0x0000000769200000| Untracked 
|  40|0x0000000769400000, 0x0000000769400000, 0x0000000769600000|  0%| F|  |TAMS 0x0000000769400000, 0x0000000769400000| Untracked 
|  41|0x0000000769600000, 0x0000000769600000, 0x0000000769800000|  0%| F|  |TAMS 0x0000000769600000, 0x0000000769600000| Untracked 
|  42|0x0000000769800000, 0x0000000769800000, 0x0000000769a00000|  0%| F|  |TAMS 0x0000000769800000, 0x0000000769800000| Untracked 
|  43|0x0000000769a00000, 0x0000000769a00000, 0x0000000769c00000|  0%| F|  |TAMS 0x0000000769a00000, 0x0000000769a00000| Untracked 
|  44|0x0000000769c00000, 0x0000000769c00000, 0x0000000769e00000|  0%| F|  |TAMS 0x0000000769c00000, 0x0000000769c00000| Untracked 
|  45|0x0000000769e00000, 0x0000000769e00000, 0x000000076a000000|  0%| F|  |TAMS 0x0000000769e00000, 0x0000000769e00000| Untracked 
|  46|0x000000076a000000, 0x000000076a000000, 0x000000076a200000|  0%| F|  |TAMS 0x000000076a000000, 0x000000076a000000| Untracked 
|  47|0x000000076a200000, 0x000000076a200000, 0x000000076a400000|  0%| F|  |TAMS 0x000000076a200000, 0x000000076a200000| Untracked 
|  48|0x000000076a400000, 0x000000076a400000, 0x000000076a600000|  0%| F|  |TAMS 0x000000076a400000, 0x000000076a400000| Untracked 
|  49|0x000000076a600000, 0x000000076a600000, 0x000000076a800000|  0%| F|  |TAMS 0x000000076a600000, 0x000000076a600000| Untracked 
|  50|0x000000076a800000, 0x000000076a800000, 0x000000076aa00000|  0%| F|  |TAMS 0x000000076a800000, 0x000000076a800000| Untracked 
|  51|0x000000076aa00000, 0x000000076aa00000, 0x000000076ac00000|  0%| F|  |TAMS 0x000000076aa00000, 0x000000076aa00000| Untracked 
|  52|0x000000076ac00000, 0x000000076ac00000, 0x000000076ae00000|  0%| F|  |TAMS 0x000000076ac00000, 0x000000076ac00000| Untracked 
|  53|0x000000076ae00000, 0x000000076ae00000, 0x000000076b000000|  0%| F|  |TAMS 0x000000076ae00000, 0x000000076ae00000| Untracked 
|  54|0x000000076b000000, 0x000000076b000000, 0x000000076b200000|  0%| F|  |TAMS 0x000000076b000000, 0x000000076b000000| Untracked 
|  55|0x000000076b200000, 0x000000076b200000, 0x000000076b400000|  0%| F|  |TAMS 0x000000076b200000, 0x000000076b200000| Untracked 
|  56|0x000000076b400000, 0x000000076b400000, 0x000000076b600000|  0%| F|  |TAMS 0x000000076b400000, 0x000000076b400000| Untracked 
|  57|0x000000076b600000, 0x000000076b600000, 0x000000076b800000|  0%| F|  |TAMS 0x000000076b600000, 0x000000076b600000| Untracked 
|  58|0x000000076b800000, 0x000000076b800000, 0x000000076ba00000|  0%| F|  |TAMS 0x000000076b800000, 0x000000076b800000| Untracked 
|  59|0x000000076ba00000, 0x000000076ba00000, 0x000000076bc00000|  0%| F|  |TAMS 0x000000076ba00000, 0x000000076ba00000| Untracked 
|  60|0x000000076bc00000, 0x000000076bc00000, 0x000000076be00000|  0%| F|  |TAMS 0x000000076bc00000, 0x000000076bc00000| Untracked 
|  61|0x000000076be00000, 0x000000076be00000, 0x000000076c000000|  0%| F|  |TAMS 0x000000076be00000, 0x000000076be00000| Untracked 
|  62|0x000000076c000000, 0x000000076c000000, 0x000000076c200000|  0%| F|  |TAMS 0x000000076c000000, 0x000000076c000000| Untracked 
|  63|0x000000076c200000, 0x000000076c200000, 0x000000076c400000|  0%| F|  |TAMS 0x000000076c200000, 0x000000076c200000| Untracked 
|  64|0x000000076c400000, 0x000000076c400000, 0x000000076c600000|  0%| F|  |TAMS 0x000000076c400000, 0x000000076c400000| Untracked 
|  65|0x000000076c600000, 0x000000076c800000, 0x000000076c800000|100%| S|CS|TAMS 0x000000076c600000, 0x000000076c600000| Complete 
|  66|0x000000076c800000, 0x000000076ca00000, 0x000000076ca00000|100%| S|CS|TAMS 0x000000076c800000, 0x000000076c800000| Complete 
|  67|0x000000076ca00000, 0x000000076ca00000, 0x000000076cc00000|  0%| F|  |TAMS 0x000000076ca00000, 0x000000076ca00000| Untracked 
|  68|0x000000076cc00000, 0x000000076cc00000, 0x000000076ce00000|  0%| F|  |TAMS 0x000000076cc00000, 0x000000076cc00000| Untracked 
|  69|0x000000076ce00000, 0x000000076ce00000, 0x000000076d000000|  0%| F|  |TAMS 0x000000076ce00000, 0x000000076ce00000| Untracked 
|  70|0x000000076d000000, 0x000000076d1c4e40, 0x000000076d200000| 88%| E|  |TAMS 0x000000076d000000, 0x000000076d000000| Complete 
|  71|0x000000076d200000, 0x000000076d400000, 0x000000076d400000|100%| E|CS|TAMS 0x000000076d200000, 0x000000076d200000| Complete 
|  72|0x000000076d400000, 0x000000076d600000, 0x000000076d600000|100%| E|CS|TAMS 0x000000076d400000, 0x000000076d400000| Complete 
|  73|0x000000076d600000, 0x000000076d800000, 0x000000076d800000|100%| E|CS|TAMS 0x000000076d600000, 0x000000076d600000| Complete 
|  74|0x000000076d800000, 0x000000076da00000, 0x000000076da00000|100%| E|CS|TAMS 0x000000076d800000, 0x000000076d800000| Complete 
|  75|0x000000076da00000, 0x000000076dc00000, 0x000000076dc00000|100%| E|CS|TAMS 0x000000076da00000, 0x000000076da00000| Complete 
|  76|0x000000076dc00000, 0x000000076de00000, 0x000000076de00000|100%| E|CS|TAMS 0x000000076dc00000, 0x000000076dc00000| Complete 
|  77|0x000000076de00000, 0x000000076e000000, 0x000000076e000000|100%| E|CS|TAMS 0x000000076de00000, 0x000000076de00000| Complete 

Card table byte_map: [0x000002d2d7ae0000,0x000002d2d7fc0000] _byte_map_base: 0x000002d2d3fbe000

Marking Bits (Prev, Next): (CMBitMap*) 0x000002d2c29acc50, (CMBitMap*) 0x000002d2c29acc90
 Prev Bits: [0x000002d2d84a0000, 0x000002d2dab90000)
 Next Bits: [0x000002d2dab90000, 0x000002d2dd280000)

Polling page: 0x000002d2c2a40000

Metaspace:

Usage:
  Non-class:     16.42 MB capacity,    16.27 MB (>99%) used,   122.15 KB ( <1%) free+waste,    21.56 KB ( <1%) overhead. 
      Class:      1.99 MB capacity,     1.92 MB ( 97%) used,    61.35 KB (  3%) free+waste,     7.88 KB ( <1%) overhead. 
       Both:     18.41 MB capacity,    18.20 MB ( 99%) used,   183.50 KB ( <1%) free+waste,    29.44 KB ( <1%) overhead. 

Virtual space:
  Non-class space:       40.00 MB reserved,      16.50 MB ( 41%) committed 
      Class space:        1.00 GB reserved,       2.00 MB ( <1%) committed 
             Both:        1.04 GB reserved,      18.50 MB (  2%) committed 

Chunk freelists:
   Non-Class:  23.00 KB
       Class:  10.00 KB
        Both:  33.00 KB

MaxMetaspaceSize: 17179869184.00 GB
CompressedClassSpaceSize: 1.00 GB

CodeHeap 'non-profiled nmethods': size=120000Kb used=530Kb max_used=530Kb free=119469Kb
 bounds [0x000002d2cf660000, 0x000002d2cf8d0000, 0x000002d2d6b90000]
CodeHeap 'profiled nmethods': size=120000Kb used=2766Kb max_used=2766Kb free=117233Kb
 bounds [0x000002d2c8130000, 0x000002d2c83f0000, 0x000002d2cf660000]
CodeHeap 'non-nmethods': size=5760Kb used=1172Kb max_used=1200Kb free=4587Kb
 bounds [0x000002d2c7b90000, 0x000002d2c7e00000, 0x000002d2c8130000]
 total_blobs=1967 nmethods=1537 adapters=343
 compilation: enabled
              stopped_count=0, restarted_count=0
 full_count=0

Compilation events (20 events):
Event: 1.316 Thread 0x000002d2e05e5110 nmethod 1444 0x000002d2c83bba90 code [0x000002d2c83bbc40, 0x000002d2c83bbdc8]
Event: 1.316 Thread 0x000002d2e05e5110 1445       3       java.util.HashMap$EntryIterator::next (5 bytes)
Event: 1.317 Thread 0x000002d2e05e5110 nmethod 1445 0x000002d2c83bbe90 code [0x000002d2c83bc040, 0x000002d2c83bc168]
Event: 1.320 Thread 0x000002d2e05e5110 1446       3       java.util.concurrent.ConcurrentHashMap$BaseIterator::<init> (21 bytes)
Event: 1.320 Thread 0x000002d2e05e5110 nmethod 1446 0x000002d2c83bc210 code [0x000002d2c83bc3c0, 0x000002d2c83bc598]
Event: 1.320 Thread 0x000002d2e05e5110 1447       3       java.util.concurrent.ConcurrentHashMap$Traverser::<init> (36 bytes)
Event: 1.320 Thread 0x000002d2e05e5110 nmethod 1447 0x000002d2c83bc690 code [0x000002d2c83bc840, 0x000002d2c83bca38]
Event: 1.321 Thread 0x000002d2e05e5110 1448       3       java.lang.invoke.LambdaForm::useCount (90 bytes)
Event: 1.322 Thread 0x000002d2e05e5110 nmethod 1448 0x000002d2c83bcb10 code [0x000002d2c83bcce0, 0x000002d2c83bd098]
Event: 1.322 Thread 0x000002d2e05e5110 1449       3       java.lang.invoke.LambdaForm::lastUseIndex (76 bytes)
Event: 1.322 Thread 0x000002d2e05e5110 nmethod 1449 0x000002d2c83bd290 code [0x000002d2c83bd440, 0x000002d2c83bd768]
Event: 1.322 Thread 0x000002d2e05e5110 1450       3       java.lang.invoke.ConstantCallSite::getTarget (20 bytes)
Event: 1.322 Thread 0x000002d2e05e5110 nmethod 1450 0x000002d2c83bd910 code [0x000002d2c83bdac0, 0x000002d2c83bdcc8]
Event: 1.322 Thread 0x000002d2e05e5110 1453       3       org.springframework.boot.context.properties.source.ConfigurationPropertyName::fastElementEquals (69 bytes)
Event: 1.323 Thread 0x000002d2e05e5110 nmethod 1453 0x000002d2c83bdd90 code [0x000002d2c83bdf80, 0x000002d2c83be318]
Event: 1.323 Thread 0x000002d2e05e5110 1451       3       java.lang.Math::floorDiv (31 bytes)
Event: 1.323 Thread 0x000002d2e05e5110 nmethod 1451 0x000002d2c83be510 code [0x000002d2c83be6a0, 0x000002d2c83be858]
Event: 1.323 Thread 0x000002d2e05e5110 1452       3       java.lang.Math::floorMod (29 bytes)
Event: 1.323 Thread 0x000002d2e05e5110 nmethod 1452 0x000002d2c83be910 code [0x000002d2c83beaa0, 0x000002d2c83bec58]
Event: 1.324 Thread 0x000002d2e05e5110 1454       3       org.springframework.boot.context.properties.source.SpringIterableConfigurationPropertySource$$Lambda$82/0x00000008001560e8::apply (12 bytes)

GC Heap History (2 events):
Event: 1.036 GC heap before
{Heap before GC invocations=0 (full 0):
 garbage-first heap   total 159744K, used 20480K [0x0000000764400000, 0x0000000800000000)
  region size 2048K, 11 young (22528K), 0 survivors (0K)
 Metaspace       used 14014K, capacity 14239K, committed 14464K, reserved 1062912K
  class space    used 1356K, capacity 1399K, committed 1408K, reserved 1048576K
}
Event: 1.042 GC heap after
{Heap after GC invocations=1 (full 0):
 garbage-first heap   total 159744K, used 6588K [0x0000000764400000, 0x0000000800000000)
  region size 2048K, 2 young (4096K), 2 survivors (4096K)
 Metaspace       used 14014K, capacity 14239K, committed 14464K, reserved 1062912K
  class space    used 1356K, capacity 1399K, committed 1408K, reserved 1048576K
}

Deoptimization events (20 events):
Event: 1.119 Thread 0x000002d2c296cd30 Uncommon trap: trap_request=0xffffffde fr.pc=0x000002d2cf6c9a30 relative=0x0000000000000110
Event: 1.119 Thread 0x000002d2c296cd30 Uncommon trap: reason=class_check action=maybe_recompile pc=0x000002d2cf6c9a30 method=jdk.internal.misc.Unsafe.allocateUninitializedArray(Ljava/lang/Class;I)Ljava/lang/Object; @ 51 c2
Event: 1.119 Thread 0x000002d2c296cd30 DEOPT PACKING pc=0x000002d2cf6c9a30 sp=0x000000ecb4ffd570
Event: 1.119 Thread 0x000002d2c296cd30 DEOPT UNPACKING pc=0x000002d2c7bde42f sp=0x000000ecb4ffd4f8 mode 2
Event: 1.119 Thread 0x000002d2c296cd30 Uncommon trap: trap_request=0xffffffde fr.pc=0x000002d2cf6c9a30 relative=0x0000000000000110
Event: 1.119 Thread 0x000002d2c296cd30 Uncommon trap: reason=class_check action=maybe_recompile pc=0x000002d2cf6c9a30 method=jdk.internal.misc.Unsafe.allocateUninitializedArray(Ljava/lang/Class;I)Ljava/lang/Object; @ 51 c2
Event: 1.119 Thread 0x000002d2c296cd30 DEOPT PACKING pc=0x000002d2cf6c9a30 sp=0x000000ecb4ffd380
Event: 1.119 Thread 0x000002d2c296cd30 DEOPT UNPACKING pc=0x000002d2c7bde42f sp=0x000000ecb4ffd308 mode 2
Event: 1.119 Thread 0x000002d2c296cd30 Uncommon trap: trap_request=0xffffffde fr.pc=0x000002d2cf6c9a30 relative=0x0000000000000110
Event: 1.119 Thread 0x000002d2c296cd30 Uncommon trap: reason=class_check action=maybe_recompile pc=0x000002d2cf6c9a30 method=jdk.internal.misc.Unsafe.allocateUninitializedArray(Ljava/lang/Class;I)Ljava/lang/Object; @ 51 c2
Event: 1.119 Thread 0x000002d2c296cd30 DEOPT PACKING pc=0x000002d2cf6c9a30 sp=0x000000ecb4ffd0e0
Event: 1.119 Thread 0x000002d2c296cd30 DEOPT UNPACKING pc=0x000002d2c7bde42f sp=0x000000ecb4ffd068 mode 2
Event: 1.211 Thread 0x000002d2c296cd30 Uncommon trap: trap_request=0xffffffde fr.pc=0x000002d2cf6b5250 relative=0x00000000000009d0
Event: 1.211 Thread 0x000002d2c296cd30 Uncommon trap: reason=class_check action=maybe_recompile pc=0x000002d2cf6b5250 method=java.util.HashMap.putVal(ILjava/lang/Object;Ljava/lang/Object;ZZ)Ljava/lang/Object; @ 91 c2
Event: 1.211 Thread 0x000002d2c296cd30 DEOPT PACKING pc=0x000002d2cf6b5250 sp=0x000000ecb4ffe5b0
Event: 1.211 Thread 0x000002d2c296cd30 DEOPT UNPACKING pc=0x000002d2c7bde42f sp=0x000000ecb4ffe540 mode 2
Event: 1.251 Thread 0x000002d2c296cd30 Uncommon trap: trap_request=0xffffff45 fr.pc=0x000002d2cf6c60ac relative=0x0000000000000f0c
Event: 1.251 Thread 0x000002d2c296cd30 Uncommon trap: reason=unstable_if action=reinterpret pc=0x000002d2cf6c60ac method=java.util.concurrent.ConcurrentHashMap.putVal(Ljava/lang/Object;Ljava/lang/Object;Z)Ljava/lang/Object; @ 148 c2
Event: 1.251 Thread 0x000002d2c296cd30 DEOPT PACKING pc=0x000002d2cf6c60ac sp=0x000000ecb4ffe420
Event: 1.251 Thread 0x000002d2c296cd30 DEOPT UNPACKING pc=0x000002d2c7bde42f sp=0x000000ecb4ffe3a0 mode 2

Classes unloaded (0 events):
No events

Classes redefined (0 events):
No events

Internal exceptions (20 events):
Event: 1.017 Thread 0x000002d2c296cd30 Exception <a 'java/lang/NoSuchMethodError'{0x000000076cb495b8}: 'int java.lang.invoke.DirectMethodHandle$Holder.invokeSpecial(java.lang.Object, java.lang.Object, java.lang.Object, java.lang.Object)'> (0x000000076cb495b8) 
thrown [./open/src/hotspot/share/interpreter/linkResolver.cpp, line 782]
Event: 1.062 Thread 0x000002d2c296cd30 Exception <a 'java/lang/NoSuchMethodError'{0x000000076dec3300}: 'java.lang.Object java.lang.invoke.DirectMethodHandle$Holder.newInvokeSpecial(java.lang.Object, java.lang.Object, java.lang.Object, java.lang.Object, java.lang.Object, java.lang.Object)'> (0x000000076dec3300) 
thrown [./open/src/hotspot/share/interpreter/linkResolver.cpp, line 782]
Event: 1.091 Thread 0x000002d2c296cd30 Exception <a 'java/lang/NoSuchMethodError'{0x000000076dfb58d0}: 'java.lang.Object java.lang.invoke.DirectMethodHandle$Holder.invokeSpecial(java.lang.Object, java.lang.Object, java.lang.Object, java.lang.Object, java.lang.Object, java.lang.Object, int)'> (0x000000076dfb58d0) 
thrown [./open/src/hotspot/share/interpreter/linkResolver.cpp, line 782]
Event: 1.092 Thread 0x000002d2c296cd30 Exception <a 'java/lang/NoSuchMethodError'{0x000000076dfc0f40}: 'java.lang.Object java.lang.invoke.DirectMethodHandle$Holder.newInvokeSpecial(java.lang.Object, java.lang.Object, java.lang.Object, java.lang.Object, java.lang.Object, java.lang.Object, int)'> (0x000000076dfc0f40) 
thrown [./open/src/hotspot/share/interpreter/linkResolver.cpp, line 782]
Event: 1.092 Thread 0x000002d2c296cd30 Exception <a 'java/lang/NoSuchMethodError'{0x000000076dfc6088}: 'java.lang.Object java.lang.invoke.DirectMethodHandle$Holder.invokeSpecial(java.lang.Object, java.lang.Object, java.lang.Object, java.lang.Object, java.lang.Object, java.lang.Object, java.lang.Object, int)'> (0x000000076dfc6088) 
thrown [./open/src/hotspot/share/interpreter/linkResolver.cpp, line 782]
Event: 1.165 Thread 0x000002d2c296cd30 Exception <a 'java/lang/NoSuchMethodError'{0x000000076ddbdd88}: 'java.lang.Object java.lang.invoke.DirectMethodHandle$Holder.invokeSpecial(java.lang.Object, java.lang.Object, java.lang.Object, java.lang.Object, int)'> (0x000000076ddbdd88) 
thrown [./open/src/hotspot/share/interpreter/linkResolver.cpp, line 782]
Event: 1.166 Thread 0x000002d2c296cd30 Exception <a 'java/lang/NoSuchMethodError'{0x000000076ddc6d28}: 'java.lang.Object java.lang.invoke.DirectMethodHandle$Holder.newInvokeSpecial(java.lang.Object, java.lang.Object, java.lang.Object, java.lang.Object, int)'> (0x000000076ddc6d28) 
thrown [./open/src/hotspot/share/interpreter/linkResolver.cpp, line 782]
Event: 1.166 Thread 0x000002d2c296cd30 Exception <a 'java/lang/NoSuchMethodError'{0x000000076ddcb080}: 'java.lang.Object java.lang.invoke.DirectMethodHandle$Holder.invokeSpecial(java.lang.Object, java.lang.Object, java.lang.Object, java.lang.Object, java.lang.Object, int)'> (0x000000076ddcb080) 
thrown [./open/src/hotspot/share/interpreter/linkResolver.cpp, line 782]
Event: 1.167 Thread 0x000002d2c296cd30 Exception <a 'java/lang/NoSuchMethodError'{0x000000076ddced68}: 'java.lang.Object java.lang.invoke.Invokers$Holder.linkToTargetMethod(java.lang.Object, java.lang.Object, java.lang.Object, int, java.lang.Object)'> (0x000000076ddced68) 
thrown [./open/src/hotspot/share/interpreter/linkResolver.cpp, line 782]
Event: 1.169 Thread 0x000002d2c296cd30 Exception <a 'java/lang/NoSuchMethodError'{0x000000076dddf038}: 'java.lang.Object java.lang.invoke.DirectMethodHandle$Holder.newInvokeSpecial(java.lang.Object, int, java.lang.Object)'> (0x000000076dddf038) 
thrown [./open/src/hotspot/share/interpreter/linkResolver.cpp, line 782]
Event: 1.169 Thread 0x000002d2c296cd30 Exception <a 'java/lang/NoSuchMethodError'{0x000000076dde3fa8}: 'int java.lang.invoke.DirectMethodHandle$Holder.invokeSpecialIFC(java.lang.Object, java.lang.Object, java.lang.Object, java.lang.Object)'> (0x000000076dde3fa8) 
thrown [./open/src/hotspot/share/interpreter/linkResolver.cpp, line 782]
Event: 1.184 Thread 0x000002d2c296cd30 Exception <a 'java/lang/NoSuchMethodError'{0x000000076da47530}: 'int java.lang.invoke.DirectMethodHandle$Holder.invokeVirtual(java.lang.Object, java.lang.Object)'> (0x000000076da47530) 
thrown [./open/src/hotspot/share/interpreter/linkResolver.cpp, line 782]
Event: 1.195 Thread 0x000002d2c296cd30 Exception <a 'java/lang/NoSuchMethodError'{0x000000076da8de28}: 'java.lang.Object java.lang.invoke.DirectMethodHandle$Holder.invokeInterface(java.lang.Object, java.lang.Object)'> (0x000000076da8de28) 
thrown [./open/src/hotspot/share/interpreter/linkResolver.cpp, line 782]
Event: 1.198 Thread 0x000002d2c296cd30 Exception <a 'java/lang/NoSuchMethodError'{0x000000076da9fb18}: 'void java.lang.invoke.DirectMethodHandle$Holder.invokeInterface(java.lang.Object, java.lang.Object, java.lang.Object)'> (0x000000076da9fb18) 
thrown [./open/src/hotspot/share/interpreter/linkResolver.cpp, line 782]
Event: 1.217 Thread 0x000002d2c296cd30 Exception <a 'java/lang/NoSuchMethodError'{0x000000076db18698}: 'void java.lang.invoke.DirectMethodHandle$Holder.invokeStatic(java.lang.Object, java.lang.Object)'> (0x000000076db18698) 
thrown [./open/src/hotspot/share/interpreter/linkResolver.cpp, line 782]
Event: 1.217 Thread 0x000002d2c296cd30 Exception <a 'java/lang/NoSuchMethodError'{0x000000076db1c0a0}: 'void java.lang.invoke.DirectMethodHandle$Holder.invokeStaticInit(java.lang.Object, java.lang.Object)'> (0x000000076db1c0a0) 
thrown [./open/src/hotspot/share/interpreter/linkResolver.cpp, line 782]
Event: 1.220 Thread 0x000002d2c296cd30 Exception <a 'java/lang/NoSuchMethodError'{0x000000076db29458}: 'void java.lang.invoke.DirectMethodHandle$Holder.invokeStaticInit(java.lang.Object, java.lang.Object, java.lang.Object)'> (0x000000076db29458) 
thrown [./open/src/hotspot/share/interpreter/linkResolver.cpp, line 782]
Event: 1.236 Thread 0x000002d2c296cd30 Exception <a 'java/lang/NoSuchMethodError'{0x000000076db538d8}: 'java.lang.Object java.lang.invoke.DirectMethodHandle$Holder.invokeStaticInit(java.lang.Object, java.lang.Object, java.lang.Object)'> (0x000000076db538d8) 
thrown [./open/src/hotspot/share/interpreter/linkResolver.cpp, line 782]
Event: 1.275 Thread 0x000002d2c296cd30 Exception <a 'java/lang/NoSuchMethodError'{0x000000076dbf4f30}: 'void java.lang.invoke.DirectMethodHandle$Holder.invokeVirtual(java.lang.Object, java.lang.Object, java.lang.Object, java.lang.Object)'> (0x000000076dbf4f30) 
thrown [./open/src/hotspot/share/interpreter/linkResolver.cpp, line 782]
Event: 1.321 Thread 0x000002d2c296cd30 Exception <a 'java/lang/NoSuchMethodError'{0x000000076d943e88}: 'void java.lang.invoke.DirectMethodHandle$Holder.invokeSpecial(java.lang.Object, java.lang.Object, java.lang.Object, java.lang.Object, java.lang.Object)'> (0x000000076d943e88) 
thrown [./open/src/hotspot/share/interpreter/linkResolver.cpp, line 782]

Events (20 events):
Event: 1.257 loading class java/util/concurrent/ThreadLocalRandom
Event: 1.257 loading class java/util/concurrent/ThreadLocalRandom done
Event: 1.258 loading class java/lang/invoke/VarHandleLongs$FieldInstanceReadWrite
Event: 1.258 loading class java/lang/invoke/VarHandleLongs$FieldInstanceReadOnly
Event: 1.258 loading class java/lang/invoke/VarHandleLongs$FieldInstanceReadOnly done
Event: 1.258 loading class java/lang/invoke/VarHandleLongs$FieldInstanceReadWrite done
Event: 1.259 loading class java/util/concurrent/atomic/Striped64$1
Event: 1.259 loading class java/util/concurrent/atomic/Striped64$1 done
Event: 1.259 loading class java/net/InetAddress$CachedLocalHost
Event: 1.259 loading class java/net/InetAddress$CachedLocalHost done
Event: 1.291 loading class java/util/Stack
Event: 1.292 loading class java/util/Stack done
Event: 1.292 loading class java/util/Vector$Itr
Event: 1.292 loading class java/util/Vector$Itr done
Event: 1.293 loading class java/util/logging/Logger$SystemLoggerHelper
Event: 1.293 loading class java/util/logging/Logger$SystemLoggerHelper done
Event: 1.293 loading class java/util/logging/Logger$SystemLoggerHelper$1
Event: 1.293 loading class java/util/logging/Logger$SystemLoggerHelper$1 done
Event: 1.293 loading class jdk/internal/logger/DefaultLoggerFinder$1
Event: 1.293 loading class jdk/internal/logger/DefaultLoggerFinder$1 done


Dynamic libraries:
0x00007ff7cda60000 - 0x00007ff7cda6d000 	C:\Users\Dayana.DAYANA\.p2\pool\plugins\org.eclipse.justj.openjdk.hotspot.jre.full.win32.x86_64_15.0.2.v20210201-0955\jre\bin\javaw.exe
0x00007ff9d6cf0000 - 0x00007ff9d6ee5000 	C:\WINDOWS\SYSTEM32\ntdll.dll
0x00007ff9d4d40000 - 0x00007ff9d4dfe000 	C:\WINDOWS\System32\KERNEL32.DLL
0x00007ff9d46b0000 - 0x00007ff9d4978000 	C:\WINDOWS\System32\KERNELBASE.dll
0x00007ff9d4a40000 - 0x00007ff9d4b40000 	C:\WINDOWS\System32\ucrtbase.dll
0x00007ff9d0210000 - 0x00007ff9d0229000 	C:\Users\Dayana.DAYANA\.p2\pool\plugins\org.eclipse.justj.openjdk.hotspot.jre.full.win32.x86_64_15.0.2.v20210201-0955\jre\bin\VCRUNTIME140.dll
0x00007ff9ce320000 - 0x00007ff9ce338000 	C:\Users\Dayana.DAYANA\.p2\pool\plugins\org.eclipse.justj.openjdk.hotspot.jre.full.win32.x86_64_15.0.2.v20210201-0955\jre\bin\jli.dll
0x00007ff9d6b10000 - 0x00007ff9d6cb0000 	C:\WINDOWS\System32\USER32.dll
0x00007ff9d4ca0000 - 0x00007ff9d4cc2000 	C:\WINDOWS\System32\win32u.dll
0x00007ff9c8d10000 - 0x00007ff9c8faa000 	C:\WINDOWS\WinSxS\amd64_microsoft.windows.common-controls_6595b64144ccf1df_6.0.19041.1110_none_60b5254171f9507e\COMCTL32.dll
0x00007ff9d5500000 - 0x00007ff9d552b000 	C:\WINDOWS\System32\GDI32.dll
0x00007ff9d5800000 - 0x00007ff9d589e000 	C:\WINDOWS\System32\msvcrt.dll
0x00007ff9d4500000 - 0x00007ff9d460d000 	C:\WINDOWS\System32\gdi32full.dll
0x00007ff9d4610000 - 0x00007ff9d46ad000 	C:\WINDOWS\System32\msvcp_win.dll
0x00007ff9d4e00000 - 0x00007ff9d4e30000 	C:\WINDOWS\System32\IMM32.DLL
0x00007ff9d17a0000 - 0x00007ff9d17ac000 	C:\Users\Dayana.DAYANA\.p2\pool\plugins\org.eclipse.justj.openjdk.hotspot.jre.full.win32.x86_64_15.0.2.v20210201-0955\jre\bin\vcruntime140_1.dll
0x00007ff9b9d30000 - 0x00007ff9b9dc1000 	C:\Users\Dayana.DAYANA\.p2\pool\plugins\org.eclipse.justj.openjdk.hotspot.jre.full.win32.x86_64_15.0.2.v20210201-0955\jre\bin\msvcp140.dll
0x00007ff97f2b0000 - 0x00007ff97fe0e000 	C:\Users\Dayana.DAYANA\.p2\pool\plugins\org.eclipse.justj.openjdk.hotspot.jre.full.win32.x86_64_15.0.2.v20210201-0955\jre\bin\server\jvm.dll
0x00007ff9d4f60000 - 0x00007ff9d500e000 	C:\WINDOWS\System32\ADVAPI32.dll
0x00007ff9d5760000 - 0x00007ff9d57fc000 	C:\WINDOWS\System32\sechost.dll
0x00007ff9d4e30000 - 0x00007ff9d4f55000 	C:\WINDOWS\System32\RPCRT4.dll
0x00007ff9d5a20000 - 0x00007ff9d5a28000 	C:\WINDOWS\System32\PSAPI.DLL
0x00007ff9baa00000 - 0x00007ff9baa09000 	C:\WINDOWS\SYSTEM32\WSOCK32.dll
0x00007ff9cc100000 - 0x00007ff9cc10a000 	C:\WINDOWS\SYSTEM32\VERSION.dll
0x00007ff9bfb10000 - 0x00007ff9bfb37000 	C:\WINDOWS\SYSTEM32\WINMM.dll
0x00007ff9d5010000 - 0x00007ff9d507b000 	C:\WINDOWS\System32\WS2_32.dll
0x00007ff9d2310000 - 0x00007ff9d2322000 	C:\WINDOWS\SYSTEM32\kernel.appcore.dll
0x00007ff9cfdb0000 - 0x00007ff9cfdba000 	C:\Users\Dayana.DAYANA\.p2\pool\plugins\org.eclipse.justj.openjdk.hotspot.jre.full.win32.x86_64_15.0.2.v20210201-0955\jre\bin\jimage.dll
0x00007ff9c9740000 - 0x00007ff9c9924000 	C:\WINDOWS\SYSTEM32\DBGHELP.DLL
0x00007ff9c9b70000 - 0x00007ff9c9b9c000 	C:\WINDOWS\SYSTEM32\dbgcore.DLL
0x00007ff9d4980000 - 0x00007ff9d4a02000 	C:\WINDOWS\System32\bcryptPrimitives.dll
0x00007ff9baca0000 - 0x00007ff9bacc5000 	C:\Users\Dayana.DAYANA\.p2\pool\plugins\org.eclipse.justj.openjdk.hotspot.jre.full.win32.x86_64_15.0.2.v20210201-0955\jre\bin\java.dll
0x00007ff9bac80000 - 0x00007ff9bac98000 	C:\Users\Dayana.DAYANA\.p2\pool\plugins\org.eclipse.justj.openjdk.hotspot.jre.full.win32.x86_64_15.0.2.v20210201-0955\jre\bin\zip.dll
0x00007ff9d63c0000 - 0x00007ff9d6b04000 	C:\WINDOWS\System32\SHELL32.dll
0x00007ff9d2510000 - 0x00007ff9d2ca4000 	C:\WINDOWS\SYSTEM32\windows.storage.dll
0x00007ff9d5a90000 - 0x00007ff9d5de5000 	C:\WINDOWS\System32\combase.dll
0x00007ff9d3d80000 - 0x00007ff9d3dae000 	C:\WINDOWS\SYSTEM32\Wldp.dll
0x00007ff9d58a0000 - 0x00007ff9d594d000 	C:\WINDOWS\System32\SHCORE.dll
0x00007ff9d5df0000 - 0x00007ff9d5e45000 	C:\WINDOWS\System32\shlwapi.dll
0x00007ff9d4340000 - 0x00007ff9d435f000 	C:\WINDOWS\SYSTEM32\profapi.dll
0x00007ff9ba870000 - 0x00007ff9ba889000 	C:\Users\Dayana.DAYANA\.p2\pool\plugins\org.eclipse.justj.openjdk.hotspot.jre.full.win32.x86_64_15.0.2.v20210201-0955\jre\bin\net.dll
0x00007ff9cf3e0000 - 0x00007ff9cf4ec000 	C:\WINDOWS\SYSTEM32\WINHTTP.dll
0x00007ff9d3ae0000 - 0x00007ff9d3b4a000 	C:\WINDOWS\system32\mswsock.dll
0x00007ff9ba810000 - 0x00007ff9ba822000 	C:\Users\Dayana.DAYANA\.p2\pool\plugins\org.eclipse.justj.openjdk.hotspot.jre.full.win32.x86_64_15.0.2.v20210201-0955\jre\bin\nio.dll
0x00007ff9caeb0000 - 0x00007ff9caec0000 	C:\Users\Dayana.DAYANA\.p2\pool\plugins\org.eclipse.justj.openjdk.hotspot.jre.full.win32.x86_64_15.0.2.v20210201-0955\jre\bin\verify.dll
0x00007ff9bad30000 - 0x00007ff9bad39000 	C:\Users\Dayana.DAYANA\.p2\pool\plugins\org.eclipse.justj.openjdk.hotspot.jre.full.win32.x86_64_15.0.2.v20210201-0955\jre\bin\management.dll
0x00007ff9ba7e0000 - 0x00007ff9ba7eb000 	C:\Users\Dayana.DAYANA\.p2\pool\plugins\org.eclipse.justj.openjdk.hotspot.jre.full.win32.x86_64_15.0.2.v20210201-0955\jre\bin\management_ext.dll
0x00007ff9b75e0000 - 0x00007ff9b75f7000 	C:\WINDOWS\system32\napinsp.dll
0x00007ff9b75c0000 - 0x00007ff9b75db000 	C:\WINDOWS\system32\pnrpnsp.dll
0x00007ff9b75a0000 - 0x00007ff9b75b5000 	C:\WINDOWS\system32\wshbth.dll
0x00007ff9d0190000 - 0x00007ff9d01ad000 	C:\WINDOWS\system32\NLAapi.dll
0x00007ff9d37d0000 - 0x00007ff9d380b000 	C:\WINDOWS\SYSTEM32\IPHLPAPI.DLL
0x00007ff9d3860000 - 0x00007ff9d392b000 	C:\WINDOWS\SYSTEM32\DNSAPI.dll
0x00007ff9d5a00000 - 0x00007ff9d5a08000 	C:\WINDOWS\System32\NSI.dll
0x00007ff9b7560000 - 0x00007ff9b7572000 	C:\WINDOWS\System32\winrnr.dll
0x00007ff9cd8a0000 - 0x00007ff9cd8aa000 	C:\Windows\System32\rasadhlp.dll
0x00007ff9cd180000 - 0x00007ff9cd1ff000 	C:\WINDOWS\System32\fwpuclnt.dll
0x00007ff9d4a10000 - 0x00007ff9d4a37000 	C:\WINDOWS\System32\bcrypt.dll

dbghelp: loaded successfully - version: 4.0.5 - missing functions: none
symbol engine: initialized successfully - sym options: 0x614 - pdb path: .;C:\Users\Dayana.DAYANA\.p2\pool\plugins\org.eclipse.justj.openjdk.hotspot.jre.full.win32.x86_64_15.0.2.v20210201-0955\jre\bin;C:\WINDOWS\SYSTEM32;C:\WINDOWS\WinSxS\amd64_microsoft.windows.common-controls_6595b64144ccf1df_6.0.19041.1110_none_60b5254171f9507e;C:\Users\Dayana.DAYANA\.p2\pool\plugins\org.eclipse.justj.openjdk.hotspot.jre.full.win32.x86_64_15.0.2.v20210201-0955\jre\bin\server

VM Arguments:
jvm_args: -Dfile.encoding=UTF-8 -XX:+ShowCodeDetailsInExceptionMessages 
java_command: com.FacturadoraPymes.FacturadoraPymes.FacturadoraPymesApplication
java_class_path (initial): C:\ProyectoGrado\FacturadoraPymes\FacturadoraPymesBackend\target\classes;C:\Users\Dayana.DAYANA\.m2\repository\org\springframework\boot\spring-boot-starter-data-jpa\2.4.4\spring-boot-starter-data-jpa-2.4.4.jar;C:\Users\Dayana.DAYANA\.m2\repository\org\springframework\boot\spring-boot-starter-aop\2.4.4\spring-boot-starter-aop-2.4.4.jar;C:\Users\Dayana.DAYANA\.m2\repository\org\springframework\spring-aop\5.3.5\spring-aop-5.3.5.jar;C:\Users\Dayana.DAYANA\.m2\repository\org\aspectj\aspectjweaver\1.9.6\aspectjweaver-1.9.6.jar;C:\Users\Dayana.DAYANA\.m2\repository\org\springframework\boot\spring-boot-starter-jdbc\2.4.4\spring-boot-starter-jdbc-2.4.4.jar;C:\Users\Dayana.DAYANA\.m2\repository\com\zaxxer\HikariCP\3.4.5\HikariCP-3.4.5.jar;C:\Users\Dayana.DAYANA\.m2\repository\org\springframework\spring-jdbc\5.3.5\spring-jdbc-5.3.5.jar;C:\Users\Dayana.DAYANA\.m2\repository\jakarta\transaction\jakarta.transaction-api\1.3.3\jakarta.transaction-api-1.3.3.jar;C:\Users\Dayana.DAYANA\.m2\repository\jakarta\persistence\jakarta.persistence-api\2.2.3\jakarta.persistence-api-2.2.3.jar;C:\Users\Dayana.DAYANA\.m2\repository\org\hibernate\hibernate-core\5.4.29.Final\hibernate-core-5.4.29.Final.jar;C:\Users\Dayana.DAYANA\.m2\repository\org\javassist\javassist\3.27.0-GA\javassist-3.27.0-GA.jar;C:\Users\Dayana.DAYANA\.m2\repository\net\bytebuddy\byte-buddy\1.10.22\byte-buddy-1.10.22.jar;C:\Users\Dayana.DAYANA\.m2\repository\antlr\antlr\2.7.7\antlr-2.7.7.jar;C:\Users\Dayana.DAYANA\.m2\repository\org\jboss\jandex\2.2.3.Final\jandex-2.2.3.Final.jar;C:\Users\Dayana.DAYANA\.m2\repository\org\dom4j\dom4j\2.1.3\dom4j-2.1.3.jar;C:\Users\Dayana.DAYANA\.m2\repository\org\hibernate\common\hibernate-commons-annotations\5.1.2.Final\hibernate-commons-annotations-5.1.2.Final.jar;C:\Users\Dayana.DAYANA\.m2\repository\org\glassfish\jaxb\jaxb-runtime\2.3.3\jaxb-runtime-2.3.3.jar;C:\Users\Dayana.DAYANA\.m2\repository\org\glassfish\jaxb\txw2\2.3.3\txw2-2.3.3.jar;C:\Users\Dayana.DAYAN
Launcher Type: SUN_STANDARD

[Global flags]
     intx CICompilerCount                          = 4                                         {product} {ergonomic}
     uint ConcGCThreads                            = 2                                         {product} {ergonomic}
     uint G1ConcRefinementThreads                  = 8                                         {product} {ergonomic}
   size_t G1HeapRegionSize                         = 2097152                                   {product} {ergonomic}
    uintx GCDrainStackTargetSize                   = 64                                        {product} {ergonomic}
   size_t InitialHeapSize                          = 163577856                                 {product} {ergonomic}
   size_t MarkStackSize                            = 4194304                                   {product} {ergonomic}
   size_t MaxHeapSize                              = 2613051392                                {product} {ergonomic}
   size_t MaxNewSize                               = 1566572544                                {product} {ergonomic}
   size_t MinHeapDeltaBytes                        = 2097152                                   {product} {ergonomic}
   size_t MinHeapSize                              = 8388608                                   {product} {ergonomic}
    uintx NonNMethodCodeHeapSize                   = 5839372                                {pd product} {ergonomic}
    uintx NonProfiledCodeHeapSize                  = 122909434                              {pd product} {ergonomic}
    uintx ProfiledCodeHeapSize                     = 122909434                              {pd product} {ergonomic}
    uintx ReservedCodeCacheSize                    = 251658240                              {pd product} {ergonomic}
     bool SegmentedCodeCache                       = true                                      {product} {ergonomic}
     bool ShowCodeDetailsInExceptionMessages       = true                                   {manageable} {command line}
   size_t SoftMaxHeapSize                          = 2613051392                             {manageable} {ergonomic}
     bool UseCompressedClassPointers               = true                                 {lp64_product} {ergonomic}
     bool UseCompressedOops                        = true                                 {lp64_product} {ergonomic}
     bool UseG1GC                                  = true                                      {product} {ergonomic}
     bool UseLargePagesIndividualAllocation        = false                                  {pd product} {ergonomic}

Logging:
Log output configuration:
 #0: stdout all=warning uptime,level,tags
 #1: stderr all=off uptime,level,tags

Environment Variables:
JAVA_HOME=C:\Program Files\Java\jdk1.8.0_251
PATH=C:/Users/Dayana.DAYANA/.p2/pool/plugins/org.eclipse.justj.openjdk.hotspot.jre.full.win32.x86_64_15.0.2.v20210201-0955/jre/bin/server;C:/Users/Dayana.DAYANA/.p2/pool/plugins/org.eclipse.justj.openjdk.hotspot.jre.full.win32.x86_64_15.0.2.v20210201-0955/jre/bin;C:\Users\Dayana.DAYANA\AppData\Local\Programs\Python\Python39\Scripts\;C:\Users\Dayana.DAYANA\AppData\Local\Programs\Python\Python39\;C:\oraclexe\app\oracle\product\11.2.0\server\bin;C:\Program Files (x86)\Common Files\Oracle\Java\javapath;C:\WINDOWS\system32;C:\WINDOWS;C:\WINDOWS\System32\Wbem;C:\WINDOWS\System32\WindowsPowerShell\v1.0\;C:\WINDOWS\System32\OpenSSH\;C:\Program Files\MySQL\MySQL Server 8.0\bin;C:\Maven\apache-maven-3.6.3\\bin;C:\Program Files\dotnet\;C:\Program Files\nodejs\;C:\ProgramData\chocolatey\bin;C:\Program Files\Microsoft SQL Server\130\Tools\Binn\;C:\Program Files\Microsoft SQL Server\Client SDK\ODBC\170\Tools\Binn\;C:\wamp64\bin\php\php7.4.9;C:\ProgramData\ComposerSetup\bin;C:\Program Files\Git\cmd;C:\Program Files\Git\mingw64\bin;C:\Program Files\Git\usr\bin;C:\Program Files\Azure Data Studio\bin;C:\Program Files (x86)\Microsoft SQL Server\150\Tools\Binn\;C:\Program Files\Microsoft SQL Server\150\Tools\Binn\;C:\Program Files\Microsoft SQL Server\150\DTS\Binn\;C:\Program Files (x86)\dotnet\;C:\Users\Dayana.DAYANA\AppData\Local\Microsoft\WindowsApps;;C:\Users\Dayana.DAYANA\AppData\Local\Programs\Microsoft VS Code\bin;C:\Users\Dayana.DAYANA\.dotnet\tools;C:\Users\Dayana.DAYANA\AppData\Roaming\npm;C:\Users\Dayana.DAYANA\AppData\Roaming\Composer\vendor\bin;C:\Program Files\Azure Data Studio\bin;C:\Users\Dayana.DAYANA\Desktop;
USERNAME=Dayana
OS=Windows_NT
PROCESSOR_IDENTIFIER=Intel64 Family 6 Model 42 Stepping 7, GenuineIntel



---------------  S Y S T E M  ---------------

OS:
 Windows 10 , 64 bit Build 19041 (10.0.19041.1503)
OS uptime: 2 days 5:55 hours

CPU: total 8 (initial active 8) (4 cores per cpu, 2 threads per core) family 6 model 42 stepping 7 microcode 0x2f, cmov, cx8, fxsr, mmx, sse, sse2, sse3, ssse3, sse4.1, sse4.2, popcnt, vzeroupper, avx, aes, clmul, ht, tsc, tscinvbit, clflush

Memory: 4k page, system-wide physical 9960M (2414M free)
TotalPageFile size 12101M (AvailPageFile size 1M)
current process WorkingSet (physical memory assigned to process): 96M, peak: 96M
current process commit charge ("private bytes"): 265M, peak: 265M

vm_info: OpenJDK 64-Bit Server VM (15.0.2+7-27) for windows-amd64 JRE (15.0.2+7-27), built on Dec  7 2020 20:02:38 by "mach5one" with unknown MS VC++:1925

END.
