#
# There is insufficient memory for the Java Runtime Environment to continue.
# Native memory allocation (malloc) failed to allocate 886576 bytes for Chunk::new
# Possible reasons:
#   The system is out of physical RAM or swap space
#   The process is running with CompressedOops enabled, and the Java Heap may be blocking the growth of the native heap
# Possible solutions:
#   Reduce memory load on the system
#   Increase physical memory or swap space
#   Check if swap backing store is full
#   Decrease Java heap size (-Xmx/-Xms)
#   Decrease number of Java threads
#   Decrease Java thread stack sizes (-Xss)
#   Set larger code cache with -XX:ReservedCodeCacheSize=
#   JVM is running with Zero Based Compressed Oops mode in which the Java heap is
#     placed in the first 32GB address space. The Java Heap base address is the
#     maximum limit for the native heap growth. Please use -XX:HeapBaseMinAddress
#     to set the Java Heap base and to place the Java Heap above 32GB virtual address.
# This output file may be truncated or incomplete.
#
#  Out of Memory Error (./open/src/hotspot/share/memory/arena.cpp:195), pid=23680, tid=19708
#
# JRE version: OpenJDK Runtime Environment (15.0.2+7) (build 15.0.2+7-27)
# Java VM: OpenJDK 64-Bit Server VM (15.0.2+7-27, mixed mode, tiered, compressed oops, g1 gc, windows-amd64)
# No core dump will be written. Minidumps are not enabled by default on client versions of Windows
#

---------------  S U M M A R Y ------------

Command Line: -Dfile.encoding=UTF-8 -XX:+ShowCodeDetailsInExceptionMessages com.FacturadoraPymes.FacturadoraPymes.FacturadoraPymesApplication

Host: Intel(R) Core(TM) i7-2600 CPU @ 3.40GHz, 8 cores, 9G,  Windows 10 , 64 bit Build 19041 (10.0.19041.1348)
Time: Thu Jan 13 21:15:38 2022 Hora est. Pacífico, Sudamérica elapsed time: 0.980330 seconds (0d 0h 0m 0s)

---------------  T H R E A D  ---------------

Current thread (0x000001be43646a80):  JavaThread "C2 CompilerThread1" daemon [_thread_in_native, id=19708, stack(0x000000588e800000,0x000000588e900000)]


Current CompileTask:
C2:    980 1445       4       org.springframework.boot.context.properties.source.ConfigurationPropertyName$ElementsParser::parse (234 bytes)

Stack: [0x000000588e800000,0x000000588e900000]
Native frames: (J=compiled Java code, j=interpreted, Vv=VM code, C=native code)
V  [jvm.dll+0x62ae9a]
V  [jvm.dll+0x7817a9]
V  [jvm.dll+0x782f03]
V  [jvm.dll+0x783563]
V  [jvm.dll+0x216325]
V  [jvm.dll+0x97f3a]
V  [jvm.dll+0x9861c]
V  [jvm.dll+0x32e2a8]
V  [jvm.dll+0x2f768a]
V  [jvm.dll+0x2f6a4a]
V  [jvm.dll+0x1ea705]
V  [jvm.dll+0x1e996e]
V  [jvm.dll+0x178567]
V  [jvm.dll+0x1f9225]
V  [jvm.dll+0x1f72cc]
V  [jvm.dll+0x74495d]
V  [jvm.dll+0x73d75a]
V  [jvm.dll+0x629c56]
C  [ucrtbase.dll+0x21bb2]
C  [KERNEL32.DLL+0x17034]
C  [ntdll.dll+0x52651]


---------------  P R O C E S S  ---------------

Threads class SMR info:
_java_thread_list=0x000001be43f63c10, length=13, elements={
0x000001be2703c550, 0x000001be42486030, 0x000001be42486ae0, 0x000001be4248e020,
0x000001be4248e9e0, 0x000001be42cd8500, 0x000001be42cdeac0, 0x000001be42c993b0,
0x000001be42c9a680, 0x000001be42e55390, 0x000001be42e57b80, 0x000001be43646a80,
0x000001be43f68290
}

Java Threads: ( => current thread )
  0x000001be2703c550 JavaThread "main" [_thread_in_vm, id=24368, stack(0x000000588d600000,0x000000588d700000)]
  0x000001be42486030 JavaThread "Reference Handler" daemon [_thread_blocked, id=11492, stack(0x000000588dd00000,0x000000588de00000)]
  0x000001be42486ae0 JavaThread "Finalizer" daemon [_thread_blocked, id=11704, stack(0x000000588de00000,0x000000588df00000)]
  0x000001be4248e020 JavaThread "Signal Dispatcher" daemon [_thread_blocked, id=20680, stack(0x000000588df00000,0x000000588e000000)]
  0x000001be4248e9e0 JavaThread "Attach Listener" daemon [_thread_blocked, id=20632, stack(0x000000588e000000,0x000000588e100000)]
  0x000001be42cd8500 JavaThread "Service Thread" daemon [_thread_blocked, id=12188, stack(0x000000588e100000,0x000000588e200000)]
  0x000001be42cdeac0 JavaThread "C2 CompilerThread0" daemon [_thread_in_native, id=12300, stack(0x000000588e200000,0x000000588e300000)]
  0x000001be42c993b0 JavaThread "C1 CompilerThread0" daemon [_thread_blocked, id=19812, stack(0x000000588e300000,0x000000588e400000)]
  0x000001be42c9a680 JavaThread "Sweeper thread" daemon [_thread_blocked, id=21488, stack(0x000000588e400000,0x000000588e500000)]
  0x000001be42e55390 JavaThread "Notification Thread" daemon [_thread_blocked, id=15716, stack(0x000000588e500000,0x000000588e600000)]
  0x000001be42e57b80 JavaThread "Common-Cleaner" daemon [_thread_blocked, id=16232, stack(0x000000588e700000,0x000000588e800000)]
=>0x000001be43646a80 JavaThread "C2 CompilerThread1" daemon [_thread_in_native, id=19708, stack(0x000000588e800000,0x000000588e900000)]
  0x000001be43f68290 JavaThread "background-preinit" [_thread_in_vm, id=9764, stack(0x000000588eb00000,0x000000588ec00000)]

Other Threads:
  0x000001be4246fab0 VMThread "VM Thread" [stack: 0x000000588dc00000,0x000000588dd00000] [id=19208]
  0x000001be42e57870 WatcherThread [stack: 0x000000588e600000,0x000000588e700000] [id=13872]
  0x000001be2707bc00 GCTaskThread "GC Thread#0" [stack: 0x000000588d700000,0x000000588d800000] [id=432]
  0x000001be432dbb10 GCTaskThread "GC Thread#1" [stack: 0x000000588e900000,0x000000588ea00000] [id=6240]
  0x000001be432db180 GCTaskThread "GC Thread#2" [stack: 0x000000588ea00000,0x000000588eb00000] [id=24832]
  0x000001be27088240 ConcurrentGCThread "G1 Main Marker" [stack: 0x000000588d800000,0x000000588d900000] [id=20452]
  0x000001be27088eb0 ConcurrentGCThread "G1 Conc#0" [stack: 0x000000588d900000,0x000000588da00000] [id=15304]
  0x000001be270fb0c0 ConcurrentGCThread "G1 Refine#0" [stack: 0x000000588da00000,0x000000588db00000] [id=22516]
  0x000001be270fbd40 ConcurrentGCThread "G1 Young RemSet Sampling" [stack: 0x000000588db00000,0x000000588dc00000] [id=24900]

Threads with active compile tasks:
C2 CompilerThread0     1005 1477   !   4       java.util.concurrent.ConcurrentHashMap::transfer (849 bytes)
C2 CompilerThread1     1005 1445       4       org.springframework.boot.context.properties.source.ConfigurationPropertyName$ElementsParser::parse (234 bytes)

VM state: not at safepoint (normal execution)

VM Mutex/Monitor currently owned by a thread: None

Heap address: 0x0000000764400000, size: 2492 MB, Compressed Oops mode: Zero based, Oop shift amount: 3
CDS disabled.
Compressed class space mapped at: 0x0000000800000000-0x0000000840000000, size: 1073741824
Narrow klass base: 0x0000000800000000, Narrow klass shift: 0, Narrow klass range: 0x40000000

GC Precious Log:
 CPUs: 8 total, 8 available
 Memory: 9960M
 Large Page Support: Disabled
 NUMA Support: Disabled
 Compressed Oops: Enabled (Zero based)
 Heap Region Size: 2M
 Heap Min Capacity: 8M
 Heap Initial Capacity: 156M
 Heap Max Capacity: 2492M
 Pre-touch: Disabled
 Parallel Workers: 8
 Concurrent Workers: 2
 Concurrent Refinement Workers: 8
 Periodic GC: Disabled

Heap:
 garbage-first heap   total 159744K, used 18780K [0x0000000764400000, 0x0000000800000000)
  region size 2048K, 9 young (18432K), 2 survivors (4096K)
 Metaspace       used 18017K, capacity 18237K, committed 18432K, reserved 1064960K
  class space    used 1886K, capacity 1940K, committed 2048K, reserved 1048576K

Heap Regions: E=young(eden), S=young(survivor), O=old, HS=humongous(starts), HC=humongous(continues), CS=collection set, F=free, OA=open archive, CA=closed archive, TAMS=top-at-mark-start (previous, next)
|   0|0x0000000764400000, 0x0000000764600000, 0x0000000764600000|100%| O|  |TAMS 0x0000000764400000, 0x0000000764400000| Untracked 
|   1|0x0000000764600000, 0x0000000764657000, 0x0000000764800000| 16%| O|  |TAMS 0x0000000764600000, 0x0000000764600000| Untracked 
|   2|0x0000000764800000, 0x0000000764800000, 0x0000000764a00000|  0%| F|  |TAMS 0x0000000764800000, 0x0000000764800000| Untracked 
|   3|0x0000000764a00000, 0x0000000764a00000, 0x0000000764c00000|  0%| F|  |TAMS 0x0000000764a00000, 0x0000000764a00000| Untracked 
|   4|0x0000000764c00000, 0x0000000764c00000, 0x0000000764e00000|  0%| F|  |TAMS 0x0000000764c00000, 0x0000000764c00000| Untracked 
|   5|0x0000000764e00000, 0x0000000764e00000, 0x0000000765000000|  0%| F|  |TAMS 0x0000000764e00000, 0x0000000764e00000| Untracked 
|   6|0x0000000765000000, 0x0000000765000000, 0x0000000765200000|  0%| F|  |TAMS 0x0000000765000000, 0x0000000765000000| Untracked 
|   7|0x0000000765200000, 0x0000000765200000, 0x0000000765400000|  0%| F|  |TAMS 0x0000000765200000, 0x0000000765200000| Untracked 
|   8|0x0000000765400000, 0x0000000765400000, 0x0000000765600000|  0%| F|  |TAMS 0x0000000765400000, 0x0000000765400000| Untracked 
|   9|0x0000000765600000, 0x0000000765600000, 0x0000000765800000|  0%| F|  |TAMS 0x0000000765600000, 0x0000000765600000| Untracked 
|  10|0x0000000765800000, 0x0000000765800000, 0x0000000765a00000|  0%| F|  |TAMS 0x0000000765800000, 0x0000000765800000| Untracked 
|  11|0x0000000765a00000, 0x0000000765a00000, 0x0000000765c00000|  0%| F|  |TAMS 0x0000000765a00000, 0x0000000765a00000| Untracked 
|  12|0x0000000765c00000, 0x0000000765c00000, 0x0000000765e00000|  0%| F|  |TAMS 0x0000000765c00000, 0x0000000765c00000| Untracked 
|  13|0x0000000765e00000, 0x0000000765e00000, 0x0000000766000000|  0%| F|  |TAMS 0x0000000765e00000, 0x0000000765e00000| Untracked 
|  14|0x0000000766000000, 0x0000000766000000, 0x0000000766200000|  0%| F|  |TAMS 0x0000000766000000, 0x0000000766000000| Untracked 
|  15|0x0000000766200000, 0x0000000766200000, 0x0000000766400000|  0%| F|  |TAMS 0x0000000766200000, 0x0000000766200000| Untracked 
|  16|0x0000000766400000, 0x0000000766400000, 0x0000000766600000|  0%| F|  |TAMS 0x0000000766400000, 0x0000000766400000| Untracked 
|  17|0x0000000766600000, 0x0000000766600000, 0x0000000766800000|  0%| F|  |TAMS 0x0000000766600000, 0x0000000766600000| Untracked 
|  18|0x0000000766800000, 0x0000000766800000, 0x0000000766a00000|  0%| F|  |TAMS 0x0000000766800000, 0x0000000766800000| Untracked 
|  19|0x0000000766a00000, 0x0000000766a00000, 0x0000000766c00000|  0%| F|  |TAMS 0x0000000766a00000, 0x0000000766a00000| Untracked 
|  20|0x0000000766c00000, 0x0000000766c00000, 0x0000000766e00000|  0%| F|  |TAMS 0x0000000766c00000, 0x0000000766c00000| Untracked 
|  21|0x0000000766e00000, 0x0000000766e00000, 0x0000000767000000|  0%| F|  |TAMS 0x0000000766e00000, 0x0000000766e00000| Untracked 
|  22|0x0000000767000000, 0x0000000767000000, 0x0000000767200000|  0%| F|  |TAMS 0x0000000767000000, 0x0000000767000000| Untracked 
|  23|0x0000000767200000, 0x0000000767200000, 0x0000000767400000|  0%| F|  |TAMS 0x0000000767200000, 0x0000000767200000| Untracked 
|  24|0x0000000767400000, 0x0000000767400000, 0x0000000767600000|  0%| F|  |TAMS 0x0000000767400000, 0x0000000767400000| Untracked 
|  25|0x0000000767600000, 0x0000000767600000, 0x0000000767800000|  0%| F|  |TAMS 0x0000000767600000, 0x0000000767600000| Untracked 
|  26|0x0000000767800000, 0x0000000767800000, 0x0000000767a00000|  0%| F|  |TAMS 0x0000000767800000, 0x0000000767800000| Untracked 
|  27|0x0000000767a00000, 0x0000000767a00000, 0x0000000767c00000|  0%| F|  |TAMS 0x0000000767a00000, 0x0000000767a00000| Untracked 
|  28|0x0000000767c00000, 0x0000000767c00000, 0x0000000767e00000|  0%| F|  |TAMS 0x0000000767c00000, 0x0000000767c00000| Untracked 
|  29|0x0000000767e00000, 0x0000000767e00000, 0x0000000768000000|  0%| F|  |TAMS 0x0000000767e00000, 0x0000000767e00000| Untracked 
|  30|0x0000000768000000, 0x0000000768000000, 0x0000000768200000|  0%| F|  |TAMS 0x0000000768000000, 0x0000000768000000| Untracked 
|  31|0x0000000768200000, 0x0000000768200000, 0x0000000768400000|  0%| F|  |TAMS 0x0000000768200000, 0x0000000768200000| Untracked 
|  32|0x0000000768400000, 0x0000000768400000, 0x0000000768600000|  0%| F|  |TAMS 0x0000000768400000, 0x0000000768400000| Untracked 
|  33|0x0000000768600000, 0x0000000768600000, 0x0000000768800000|  0%| F|  |TAMS 0x0000000768600000, 0x0000000768600000| Untracked 
|  34|0x0000000768800000, 0x0000000768800000, 0x0000000768a00000|  0%| F|  |TAMS 0x0000000768800000, 0x0000000768800000| Untracked 
|  35|0x0000000768a00000, 0x0000000768a00000, 0x0000000768c00000|  0%| F|  |TAMS 0x0000000768a00000, 0x0000000768a00000| Untracked 
|  36|0x0000000768c00000, 0x0000000768c00000, 0x0000000768e00000|  0%| F|  |TAMS 0x0000000768c00000, 0x0000000768c00000| Untracked 
|  37|0x0000000768e00000, 0x0000000768e00000, 0x0000000769000000|  0%| F|  |TAMS 0x0000000768e00000, 0x0000000768e00000| Untracked 
|  38|0x0000000769000000, 0x0000000769000000, 0x0000000769200000|  0%| F|  |TAMS 0x0000000769000000, 0x0000000769000000| Untracked 
|  39|0x0000000769200000, 0x0000000769200000, 0x0000000769400000|  0%| F|  |TAMS 0x0000000769200000, 0x0000000769200000| Untracked 
|  40|0x0000000769400000, 0x0000000769400000, 0x0000000769600000|  0%| F|  |TAMS 0x0000000769400000, 0x0000000769400000| Untracked 
|  41|0x0000000769600000, 0x0000000769600000, 0x0000000769800000|  0%| F|  |TAMS 0x0000000769600000, 0x0000000769600000| Untracked 
|  42|0x0000000769800000, 0x0000000769800000, 0x0000000769a00000|  0%| F|  |TAMS 0x0000000769800000, 0x0000000769800000| Untracked 
|  43|0x0000000769a00000, 0x0000000769a00000, 0x0000000769c00000|  0%| F|  |TAMS 0x0000000769a00000, 0x0000000769a00000| Untracked 
|  44|0x0000000769c00000, 0x0000000769c00000, 0x0000000769e00000|  0%| F|  |TAMS 0x0000000769c00000, 0x0000000769c00000| Untracked 
|  45|0x0000000769e00000, 0x0000000769e00000, 0x000000076a000000|  0%| F|  |TAMS 0x0000000769e00000, 0x0000000769e00000| Untracked 
|  46|0x000000076a000000, 0x000000076a000000, 0x000000076a200000|  0%| F|  |TAMS 0x000000076a000000, 0x000000076a000000| Untracked 
|  47|0x000000076a200000, 0x000000076a200000, 0x000000076a400000|  0%| F|  |TAMS 0x000000076a200000, 0x000000076a200000| Untracked 
|  48|0x000000076a400000, 0x000000076a400000, 0x000000076a600000|  0%| F|  |TAMS 0x000000076a400000, 0x000000076a400000| Untracked 
|  49|0x000000076a600000, 0x000000076a600000, 0x000000076a800000|  0%| F|  |TAMS 0x000000076a600000, 0x000000076a600000| Untracked 
|  50|0x000000076a800000, 0x000000076a800000, 0x000000076aa00000|  0%| F|  |TAMS 0x000000076a800000, 0x000000076a800000| Untracked 
|  51|0x000000076aa00000, 0x000000076aa00000, 0x000000076ac00000|  0%| F|  |TAMS 0x000000076aa00000, 0x000000076aa00000| Untracked 
|  52|0x000000076ac00000, 0x000000076ac00000, 0x000000076ae00000|  0%| F|  |TAMS 0x000000076ac00000, 0x000000076ac00000| Untracked 
|  53|0x000000076ae00000, 0x000000076ae00000, 0x000000076b000000|  0%| F|  |TAMS 0x000000076ae00000, 0x000000076ae00000| Untracked 
|  54|0x000000076b000000, 0x000000076b000000, 0x000000076b200000|  0%| F|  |TAMS 0x000000076b000000, 0x000000076b000000| Untracked 
|  55|0x000000076b200000, 0x000000076b200000, 0x000000076b400000|  0%| F|  |TAMS 0x000000076b200000, 0x000000076b200000| Untracked 
|  56|0x000000076b400000, 0x000000076b400000, 0x000000076b600000|  0%| F|  |TAMS 0x000000076b400000, 0x000000076b400000| Untracked 
|  57|0x000000076b600000, 0x000000076b600000, 0x000000076b800000|  0%| F|  |TAMS 0x000000076b600000, 0x000000076b600000| Untracked 
|  58|0x000000076b800000, 0x000000076b800000, 0x000000076ba00000|  0%| F|  |TAMS 0x000000076b800000, 0x000000076b800000| Untracked 
|  59|0x000000076ba00000, 0x000000076ba00000, 0x000000076bc00000|  0%| F|  |TAMS 0x000000076ba00000, 0x000000076ba00000| Untracked 
|  60|0x000000076bc00000, 0x000000076bc00000, 0x000000076be00000|  0%| F|  |TAMS 0x000000076bc00000, 0x000000076bc00000| Untracked 
|  61|0x000000076be00000, 0x000000076be00000, 0x000000076c000000|  0%| F|  |TAMS 0x000000076be00000, 0x000000076be00000| Untracked 
|  62|0x000000076c000000, 0x000000076c000000, 0x000000076c200000|  0%| F|  |TAMS 0x000000076c000000, 0x000000076c000000| Untracked 
|  63|0x000000076c200000, 0x000000076c200000, 0x000000076c400000|  0%| F|  |TAMS 0x000000076c200000, 0x000000076c200000| Untracked 
|  64|0x000000076c400000, 0x000000076c400000, 0x000000076c600000|  0%| F|  |TAMS 0x000000076c400000, 0x000000076c400000| Untracked 
|  65|0x000000076c600000, 0x000000076c800000, 0x000000076c800000|100%| S|CS|TAMS 0x000000076c600000, 0x000000076c600000| Complete 
|  66|0x000000076c800000, 0x000000076ca00000, 0x000000076ca00000|100%| S|CS|TAMS 0x000000076c800000, 0x000000076c800000| Complete 
|  67|0x000000076ca00000, 0x000000076ca00000, 0x000000076cc00000|  0%| F|  |TAMS 0x000000076ca00000, 0x000000076ca00000| Untracked 
|  68|0x000000076cc00000, 0x000000076cc00000, 0x000000076ce00000|  0%| F|  |TAMS 0x000000076cc00000, 0x000000076cc00000| Untracked 
|  69|0x000000076ce00000, 0x000000076ce00000, 0x000000076d000000|  0%| F|  |TAMS 0x000000076ce00000, 0x000000076ce00000| Untracked 
|  70|0x000000076d000000, 0x000000076d000000, 0x000000076d200000|  0%| F|  |TAMS 0x000000076d000000, 0x000000076d000000| Untracked 
|  71|0x000000076d200000, 0x000000076d3fd9d0, 0x000000076d400000| 99%| E|  |TAMS 0x000000076d200000, 0x000000076d200000| Complete 
|  72|0x000000076d400000, 0x000000076d600000, 0x000000076d600000|100%| E|CS|TAMS 0x000000076d400000, 0x000000076d400000| Complete 
|  73|0x000000076d600000, 0x000000076d800000, 0x000000076d800000|100%| E|CS|TAMS 0x000000076d600000, 0x000000076d600000| Complete 
|  74|0x000000076d800000, 0x000000076da00000, 0x000000076da00000|100%| E|CS|TAMS 0x000000076d800000, 0x000000076d800000| Complete 
|  75|0x000000076da00000, 0x000000076dc00000, 0x000000076dc00000|100%| E|CS|TAMS 0x000000076da00000, 0x000000076da00000| Complete 
|  76|0x000000076dc00000, 0x000000076de00000, 0x000000076de00000|100%| E|CS|TAMS 0x000000076dc00000, 0x000000076dc00000| Complete 
|  77|0x000000076de00000, 0x000000076e000000, 0x000000076e000000|100%| E|CS|TAMS 0x000000076de00000, 0x000000076de00000| Complete 

Card table byte_map: [0x000001be3a270000,0x000001be3a750000] _byte_map_base: 0x000001be3674e000

Marking Bits (Prev, Next): (CMBitMap*) 0x000001be2707d480, (CMBitMap*) 0x000001be2707d4c0
 Prev Bits: [0x000001be3ac30000, 0x000001be3d320000)
 Next Bits: [0x000001be3d320000, 0x000001be3fa10000)

Polling page: 0x000001be25020000

Metaspace:

Usage:
  Non-class:     16.04 MB capacity,    15.84 MB ( 99%) used,   178.90 KB (  1%) free+waste,    21.19 KB ( <1%) overhead. 
      Class:      1.93 MB capacity,     1.87 MB ( 97%) used,    51.19 KB (  3%) free+waste,     7.69 KB ( <1%) overhead. 
       Both:     17.97 MB capacity,    17.71 MB ( 99%) used,   230.09 KB (  1%) free+waste,    28.88 KB ( <1%) overhead. 

Virtual space:
  Non-class space:       18.00 MB reserved,      16.25 MB ( 90%) committed 
      Class space:        1.00 GB reserved,       2.00 MB ( <1%) committed 
             Both:        1.02 GB reserved,      18.25 MB (  2%) committed 

Chunk freelists:
   Non-Class:  23.00 KB
       Class:  12.00 KB
        Both:  35.00 KB

MaxMetaspaceSize: 17179869184.00 GB
CompressedClassSpaceSize: 1.00 GB

CodeHeap 'non-profiled nmethods': size=120000Kb used=533Kb max_used=533Kb free=119466Kb
 bounds [0x000001be32520000, 0x000001be32790000, 0x000001be39a50000]
CodeHeap 'profiled nmethods': size=120000Kb used=2630Kb max_used=2630Kb free=117369Kb
 bounds [0x000001be2aff0000, 0x000001be2b290000, 0x000001be32520000]
CodeHeap 'non-nmethods': size=5760Kb used=1171Kb max_used=1187Kb free=4588Kb
 bounds [0x000001be2aa50000, 0x000001be2acc0000, 0x000001be2aff0000]
 total_blobs=1909 nmethods=1481 adapters=341
 compilation: enabled
              stopped_count=0, restarted_count=0
 full_count=0

Compilation events (20 events):
Event: 0.946 Thread 0x000001be42c993b0 1436       3       jdk.internal.org.objectweb.asm.ClassWriter::<init> (68 bytes)
Event: 0.946 Thread 0x000001be42c993b0 nmethod 1436 0x000001be2b274f90 code [0x000001be2b275160, 0x000001be2b2755e8]
Event: 0.949 Thread 0x000001be42c993b0 1447   !   3       jdk.internal.loader.BuiltinClassLoader$2::run (114 bytes)
Event: 0.949 Thread 0x000001be42cdeac0 nmethod 1415 0x000001be3259ec10 code [0x000001be3259ef80, 0x000001be325a0790]
Event: 0.950 Thread 0x000001be42cdeac0 1444       4       org.springframework.util.Assert::notNull (14 bytes)
Event: 0.950 Thread 0x000001be42c993b0 nmethod 1447 0x000001be2b275790 code [0x000001be2b275a20, 0x000001be2b276898]
Event: 0.950 Thread 0x000001be42cdeac0 nmethod 1444 0x000001be325a1510 code [0x000001be325a1680, 0x000001be325a16d8]
Event: 0.951 Thread 0x000001be42cdeac0 1448 %     4       java.util.jar.Manifest$FastInputStream::readLine @ 86 (296 bytes)
Event: 0.951 Thread 0x000001be42c993b0 1449       3       java.security.AccessController::executePrivileged (65 bytes)
Event: 0.951 Thread 0x000001be42c993b0 nmethod 1449 0x000001be2b276d90 code [0x000001be2b276f60, 0x000001be2b277258]
Event: 0.959 Thread 0x000001be42cdeac0 nmethod 1448% 0x000001be325a1810 code [0x000001be325a19c0, 0x000001be325a2198]
Event: 0.960 Thread 0x000001be42cdeac0 1450       4       java.nio.ByteBuffer::position (8 bytes)
Event: 0.960 Thread 0x000001be42c993b0 1451       3       sun.net.www.ParseUtil::firstEncodeIndex (86 bytes)
Event: 0.960 Thread 0x000001be42cdeac0 nmethod 1450 0x000001be325a2610 code [0x000001be325a2780, 0x000001be325a2838]
Event: 0.961 Thread 0x000001be42c993b0 nmethod 1451 0x000001be2b277390 code [0x000001be2b2775c0, 0x000001be2b277f88]
Event: 0.962 Thread 0x000001be42c993b0 1452       3       ch.qos.logback.classic.util.LoggerNameUtil::getSeparatorIndexOf (53 bytes)
Event: 0.962 Thread 0x000001be42c993b0 nmethod 1452 0x000001be2b278310 code [0x000001be2b278520, 0x000001be2b278b98]
Event: 0.963 Thread 0x000001be42c993b0 1453       3       java.lang.Character::charCount (12 bytes)
Event: 0.963 Thread 0x000001be42c993b0 nmethod 1453 0x000001be2b278d90 code [0x000001be2b278f20, 0x000001be2b279058]
Event: 0.971 Thread 0x000001be42cdeac0 1455       4       java.lang.String::regionMatches (150 bytes)

GC Heap History (2 events):
Event: 0.760 GC heap before
{Heap before GC invocations=0 (full 0):
 garbage-first heap   total 159744K, used 20480K [0x0000000764400000, 0x0000000800000000)
  region size 2048K, 11 young (22528K), 0 survivors (0K)
 Metaspace       used 14010K, capacity 14237K, committed 14464K, reserved 1062912K
  class space    used 1356K, capacity 1397K, committed 1408K, reserved 1048576K
}
Event: 0.765 GC heap after
{Heap after GC invocations=1 (full 0):
 garbage-first heap   total 159744K, used 6492K [0x0000000764400000, 0x0000000800000000)
  region size 2048K, 2 young (4096K), 2 survivors (4096K)
 Metaspace       used 14010K, capacity 14237K, committed 14464K, reserved 1062912K
  class space    used 1356K, capacity 1397K, committed 1408K, reserved 1048576K
}

Deoptimization events (20 events):
Event: 0.813 Thread 0x000001be2703c550 DEOPT PACKING pc=0x000001be32589630 sp=0x000000588d6fd710
Event: 0.813 Thread 0x000001be2703c550 DEOPT UNPACKING pc=0x000001be2aa9e42f sp=0x000000588d6fd698 mode 2
Event: 0.813 Thread 0x000001be2703c550 Uncommon trap: trap_request=0xffffffde fr.pc=0x000001be32589630 relative=0x0000000000000110
Event: 0.813 Thread 0x000001be2703c550 Uncommon trap: reason=class_check action=maybe_recompile pc=0x000001be32589630 method=jdk.internal.misc.Unsafe.allocateUninitializedArray(Ljava/lang/Class;I)Ljava/lang/Object; @ 51 c2
Event: 0.813 Thread 0x000001be2703c550 DEOPT PACKING pc=0x000001be32589630 sp=0x000000588d6fd7b0
Event: 0.813 Thread 0x000001be2703c550 DEOPT UNPACKING pc=0x000001be2aa9e42f sp=0x000000588d6fd738 mode 2
Event: 0.869 Thread 0x000001be2703c550 Uncommon trap: trap_request=0xffffffde fr.pc=0x000001be325772b8 relative=0x00000000000009b8
Event: 0.869 Thread 0x000001be2703c550 Uncommon trap: reason=class_check action=maybe_recompile pc=0x000001be325772b8 method=java.util.HashMap.putVal(ILjava/lang/Object;Ljava/lang/Object;ZZ)Ljava/lang/Object; @ 91 c2
Event: 0.869 Thread 0x000001be2703c550 DEOPT PACKING pc=0x000001be325772b8 sp=0x000000588d6feb30
Event: 0.869 Thread 0x000001be2703c550 DEOPT UNPACKING pc=0x000001be2aa9e42f sp=0x000000588d6feac0 mode 2
Event: 0.894 Thread 0x000001be2703c550 Uncommon trap: trap_request=0xffffff45 fr.pc=0x000001be32585cdc relative=0x0000000000000ebc
Event: 0.894 Thread 0x000001be2703c550 Uncommon trap: reason=unstable_if action=reinterpret pc=0x000001be32585cdc method=java.util.concurrent.ConcurrentHashMap.putVal(Ljava/lang/Object;Ljava/lang/Object;Z)Ljava/lang/Object; @ 148 c2
Event: 0.894 Thread 0x000001be2703c550 DEOPT PACKING pc=0x000001be32585cdc sp=0x000000588d6fe980
Event: 0.894 Thread 0x000001be2703c550 DEOPT UNPACKING pc=0x000001be2aa9e42f sp=0x000000588d6fe900 mode 2
Event: 0.959 Thread 0x000001be43f68290 Uncommon trap: trap_request=0xffffff45 fr.pc=0x000001be32574f28 relative=0x0000000000000068
Event: 0.959 Thread 0x000001be43f68290 Uncommon trap: reason=unstable_if action=reinterpret pc=0x000001be32574f28 method=sun.net.www.ParseUtil.firstEncodeIndex(Ljava/lang/String;)I @ 51 c2
Event: 0.959 Thread 0x000001be43f68290 DEOPT PACKING pc=0x000001be32574f28 sp=0x000000588ebfcec0
Event: 0.959 Thread 0x000001be43f68290 DEOPT UNPACKING pc=0x000001be2aa9e42f sp=0x000000588ebfce48 mode 2
Event: 0.977 Thread 0x000001be43f68290 DEOPT PACKING pc=0x000001be2b277ea0 sp=0x000000588ebf9990
Event: 0.977 Thread 0x000001be43f68290 DEOPT UNPACKING pc=0x000001be2aa9e23f sp=0x000000588ebf8ea8 mode 0

Classes unloaded (0 events):
No events

Classes redefined (0 events):
No events

Internal exceptions (20 events):
Event: 0.745 Thread 0x000001be2703c550 Exception <a 'java/lang/NoSuchMethodError'{0x000000076cb2aa78}: 'int java.lang.invoke.DirectMethodHandle$Holder.invokeSpecial(java.lang.Object, java.lang.Object, java.lang.Object, java.lang.Object)'> (0x000000076cb2aa78) 
thrown [./open/src/hotspot/share/interpreter/linkResolver.cpp, line 782]
Event: 0.778 Thread 0x000001be2703c550 Exception <a 'java/lang/NoSuchMethodError'{0x000000076dea2448}: 'java.lang.Object java.lang.invoke.DirectMethodHandle$Holder.newInvokeSpecial(java.lang.Object, java.lang.Object, java.lang.Object, java.lang.Object, java.lang.Object, java.lang.Object)'> (0x000000076dea2448) 
thrown [./open/src/hotspot/share/interpreter/linkResolver.cpp, line 782]
Event: 0.795 Thread 0x000001be2703c550 Exception <a 'java/lang/NoSuchMethodError'{0x000000076df94778}: 'java.lang.Object java.lang.invoke.DirectMethodHandle$Holder.invokeSpecial(java.lang.Object, java.lang.Object, java.lang.Object, java.lang.Object, java.lang.Object, java.lang.Object, int)'> (0x000000076df94778) 
thrown [./open/src/hotspot/share/interpreter/linkResolver.cpp, line 782]
Event: 0.796 Thread 0x000001be2703c550 Exception <a 'java/lang/NoSuchMethodError'{0x000000076df9fde8}: 'java.lang.Object java.lang.invoke.DirectMethodHandle$Holder.newInvokeSpecial(java.lang.Object, java.lang.Object, java.lang.Object, java.lang.Object, java.lang.Object, java.lang.Object, int)'> (0x000000076df9fde8) 
thrown [./open/src/hotspot/share/interpreter/linkResolver.cpp, line 782]
Event: 0.796 Thread 0x000001be2703c550 Exception <a 'java/lang/NoSuchMethodError'{0x000000076dfa4f30}: 'java.lang.Object java.lang.invoke.DirectMethodHandle$Holder.invokeSpecial(java.lang.Object, java.lang.Object, java.lang.Object, java.lang.Object, java.lang.Object, java.lang.Object, java.lang.Object, int)'> (0x000000076dfa4f30) 
thrown [./open/src/hotspot/share/interpreter/linkResolver.cpp, line 782]
Event: 0.840 Thread 0x000001be2703c550 Exception <a 'java/lang/NoSuchMethodError'{0x000000076dd9de70}: 'java.lang.Object java.lang.invoke.DirectMethodHandle$Holder.invokeSpecial(java.lang.Object, java.lang.Object, java.lang.Object, java.lang.Object, int)'> (0x000000076dd9de70) 
thrown [./open/src/hotspot/share/interpreter/linkResolver.cpp, line 782]
Event: 0.840 Thread 0x000001be2703c550 Exception <a 'java/lang/NoSuchMethodError'{0x000000076dda6e10}: 'java.lang.Object java.lang.invoke.DirectMethodHandle$Holder.newInvokeSpecial(java.lang.Object, java.lang.Object, java.lang.Object, java.lang.Object, int)'> (0x000000076dda6e10) 
thrown [./open/src/hotspot/share/interpreter/linkResolver.cpp, line 782]
Event: 0.841 Thread 0x000001be2703c550 Exception <a 'java/lang/NoSuchMethodError'{0x000000076ddab168}: 'java.lang.Object java.lang.invoke.DirectMethodHandle$Holder.invokeSpecial(java.lang.Object, java.lang.Object, java.lang.Object, java.lang.Object, java.lang.Object, int)'> (0x000000076ddab168) 
thrown [./open/src/hotspot/share/interpreter/linkResolver.cpp, line 782]
Event: 0.841 Thread 0x000001be2703c550 Exception <a 'java/lang/NoSuchMethodError'{0x000000076ddaee50}: 'java.lang.Object java.lang.invoke.Invokers$Holder.linkToTargetMethod(java.lang.Object, java.lang.Object, java.lang.Object, int, java.lang.Object)'> (0x000000076ddaee50) 
thrown [./open/src/hotspot/share/interpreter/linkResolver.cpp, line 782]
Event: 0.842 Thread 0x000001be2703c550 Exception <a 'java/lang/NoSuchMethodError'{0x000000076ddbf370}: 'java.lang.Object java.lang.invoke.DirectMethodHandle$Holder.newInvokeSpecial(java.lang.Object, int, java.lang.Object)'> (0x000000076ddbf370) 
thrown [./open/src/hotspot/share/interpreter/linkResolver.cpp, line 782]
Event: 0.842 Thread 0x000001be2703c550 Exception <a 'java/lang/NoSuchMethodError'{0x000000076ddc42e0}: 'int java.lang.invoke.DirectMethodHandle$Holder.invokeSpecialIFC(java.lang.Object, java.lang.Object, java.lang.Object, java.lang.Object)'> (0x000000076ddc42e0) 
thrown [./open/src/hotspot/share/interpreter/linkResolver.cpp, line 782]
Event: 0.849 Thread 0x000001be2703c550 Exception <a 'java/lang/NoSuchMethodError'{0x000000076da276f8}: 'int java.lang.invoke.DirectMethodHandle$Holder.invokeVirtual(java.lang.Object, java.lang.Object)'> (0x000000076da276f8) 
thrown [./open/src/hotspot/share/interpreter/linkResolver.cpp, line 782]
Event: 0.859 Thread 0x000001be2703c550 Exception <a 'java/lang/NoSuchMethodError'{0x000000076da6c4e0}: 'java.lang.Object java.lang.invoke.DirectMethodHandle$Holder.invokeInterface(java.lang.Object, java.lang.Object)'> (0x000000076da6c4e0) 
thrown [./open/src/hotspot/share/interpreter/linkResolver.cpp, line 782]
Event: 0.860 Thread 0x000001be2703c550 Exception <a 'java/lang/NoSuchMethodError'{0x000000076da7e6d8}: 'void java.lang.invoke.DirectMethodHandle$Holder.invokeInterface(java.lang.Object, java.lang.Object, java.lang.Object)'> (0x000000076da7e6d8) 
thrown [./open/src/hotspot/share/interpreter/linkResolver.cpp, line 782]
Event: 0.872 Thread 0x000001be2703c550 Exception <a 'java/lang/NoSuchMethodError'{0x000000076daf72c8}: 'void java.lang.invoke.DirectMethodHandle$Holder.invokeStatic(java.lang.Object, java.lang.Object)'> (0x000000076daf72c8) 
thrown [./open/src/hotspot/share/interpreter/linkResolver.cpp, line 782]
Event: 0.873 Thread 0x000001be2703c550 Exception <a 'java/lang/NoSuchMethodError'{0x000000076dafacd0}: 'void java.lang.invoke.DirectMethodHandle$Holder.invokeStaticInit(java.lang.Object, java.lang.Object)'> (0x000000076dafacd0) 
thrown [./open/src/hotspot/share/interpreter/linkResolver.cpp, line 782]
Event: 0.874 Thread 0x000001be2703c550 Exception <a 'java/lang/NoSuchMethodError'{0x000000076db08088}: 'void java.lang.invoke.DirectMethodHandle$Holder.invokeStaticInit(java.lang.Object, java.lang.Object, java.lang.Object)'> (0x000000076db08088) 
thrown [./open/src/hotspot/share/interpreter/linkResolver.cpp, line 782]
Event: 0.884 Thread 0x000001be2703c550 Exception <a 'java/lang/NoSuchMethodError'{0x000000076db322b8}: 'java.lang.Object java.lang.invoke.DirectMethodHandle$Holder.invokeStaticInit(java.lang.Object, java.lang.Object, java.lang.Object)'> (0x000000076db322b8) 
thrown [./open/src/hotspot/share/interpreter/linkResolver.cpp, line 782]
Event: 0.911 Thread 0x000001be2703c550 Exception <a 'java/lang/NoSuchMethodError'{0x000000076dbd3390}: 'void java.lang.invoke.DirectMethodHandle$Holder.invokeVirtual(java.lang.Object, java.lang.Object, java.lang.Object, java.lang.Object)'> (0x000000076dbd3390) 
thrown [./open/src/hotspot/share/interpreter/linkResolver.cpp, line 782]
Event: 0.940 Thread 0x000001be2703c550 Exception <a 'java/lang/NoSuchMethodError'{0x000000076d922870}: 'void java.lang.invoke.DirectMethodHandle$Holder.invokeSpecial(java.lang.Object, java.lang.Object, java.lang.Object, java.lang.Object, java.lang.Object)'> (0x000000076d922870) 
thrown [./open/src/hotspot/share/interpreter/linkResolver.cpp, line 782]

Events (20 events):
Event: 0.948 loading class java/util/ServiceConfigurationError
Event: 0.948 loading class java/util/ServiceConfigurationError done
Event: 0.950 loading class java/io/Console
Event: 0.950 loading class java/io/Console done
Event: 0.950 loading class java/io/Console$2
Event: 0.950 loading class jdk/internal/access/JavaIOAccess
Event: 0.950 loading class jdk/internal/access/JavaIOAccess done
Event: 0.950 loading class java/io/Console$2 done
Event: 0.954 loading class java/lang/AssertionError
Event: 0.954 loading class java/lang/AssertionError done
Event: 0.961 loading class java/util/zip/ZipException
Event: 0.961 loading class java/util/zip/ZipException done
Event: 0.964 loading class java/util/regex/PatternSyntaxException
Event: 0.964 loading class java/util/regex/PatternSyntaxException done
Event: 0.964 loading class javax/xml/stream/XMLStreamException
Event: 0.964 loading class javax/xml/stream/XMLStreamException done
Event: 0.970 loading class java/security/PrivilegedActionException
Event: 0.970 loading class java/security/PrivilegedActionException done
Event: 0.975 loading class java/util/concurrent/locks/ReadWriteLock
Event: 0.975 loading class java/util/concurrent/locks/ReadWriteLock done


Dynamic libraries:
0x00007ff62f6e0000 - 0x00007ff62f6ed000 	C:\Users\Dayana.DAYANA\.p2\pool\plugins\org.eclipse.justj.openjdk.hotspot.jre.full.win32.x86_64_15.0.2.v20210201-0955\jre\bin\javaw.exe
0x00007fff34e10000 - 0x00007fff35005000 	C:\WINDOWS\SYSTEM32\ntdll.dll
0x00007fff33cd0000 - 0x00007fff33d8e000 	C:\WINDOWS\System32\KERNEL32.DLL
0x00007fff325b0000 - 0x00007fff32878000 	C:\WINDOWS\System32\KERNELBASE.dll
0x00007fff32a30000 - 0x00007fff32b30000 	C:\WINDOWS\System32\ucrtbase.dll
0x00007fff2f500000 - 0x00007fff2f518000 	C:\Users\Dayana.DAYANA\.p2\pool\plugins\org.eclipse.justj.openjdk.hotspot.jre.full.win32.x86_64_15.0.2.v20210201-0955\jre\bin\jli.dll
0x00007fff2f520000 - 0x00007fff2f539000 	C:\Users\Dayana.DAYANA\.p2\pool\plugins\org.eclipse.justj.openjdk.hotspot.jre.full.win32.x86_64_15.0.2.v20210201-0955\jre\bin\VCRUNTIME140.dll
0x00007fff32e50000 - 0x00007fff32ff1000 	C:\WINDOWS\System32\USER32.dll
0x00007fff25790000 - 0x00007fff25a2a000 	C:\WINDOWS\WinSxS\amd64_microsoft.windows.common-controls_6595b64144ccf1df_6.0.19041.1110_none_60b5254171f9507e\COMCTL32.dll
0x00007fff32880000 - 0x00007fff328a2000 	C:\WINDOWS\System32\win32u.dll
0x00007fff343a0000 - 0x00007fff3443e000 	C:\WINDOWS\System32\msvcrt.dll
0x00007fff34040000 - 0x00007fff3406b000 	C:\WINDOWS\System32\GDI32.dll
0x00007fff32c90000 - 0x00007fff32d9d000 	C:\WINDOWS\System32\gdi32full.dll
0x00007fff32990000 - 0x00007fff32a2d000 	C:\WINDOWS\System32\msvcp_win.dll
0x00007fff347b0000 - 0x00007fff347e0000 	C:\WINDOWS\System32\IMM32.DLL
0x00007fff2f680000 - 0x00007fff2f68c000 	C:\Users\Dayana.DAYANA\.p2\pool\plugins\org.eclipse.justj.openjdk.hotspot.jre.full.win32.x86_64_15.0.2.v20210201-0955\jre\bin\vcruntime140_1.dll
0x00007fff1fc40000 - 0x00007fff1fcd1000 	C:\Users\Dayana.DAYANA\.p2\pool\plugins\org.eclipse.justj.openjdk.hotspot.jre.full.win32.x86_64_15.0.2.v20210201-0955\jre\bin\msvcp140.dll
0x00007fff03540000 - 0x00007fff0409e000 	C:\Users\Dayana.DAYANA\.p2\pool\plugins\org.eclipse.justj.openjdk.hotspot.jre.full.win32.x86_64_15.0.2.v20210201-0955\jre\bin\server\jvm.dll
0x00007fff34650000 - 0x00007fff346fc000 	C:\WINDOWS\System32\ADVAPI32.dll
0x00007fff34890000 - 0x00007fff3492b000 	C:\WINDOWS\System32\sechost.dll
0x00007fff34520000 - 0x00007fff3464a000 	C:\WINDOWS\System32\RPCRT4.dll
0x00007fff33c60000 - 0x00007fff33c68000 	C:\WINDOWS\System32\PSAPI.DLL
0x00007fff25210000 - 0x00007fff25219000 	C:\WINDOWS\SYSTEM32\WSOCK32.dll
0x00007fff2e0e0000 - 0x00007fff2e107000 	C:\WINDOWS\SYSTEM32\WINMM.dll
0x00007fff27a20000 - 0x00007fff27a2a000 	C:\WINDOWS\SYSTEM32\VERSION.dll
0x00007fff34330000 - 0x00007fff3439b000 	C:\WINDOWS\System32\WS2_32.dll
0x00007fff30350000 - 0x00007fff30362000 	C:\WINDOWS\SYSTEM32\kernel.appcore.dll
0x00007fff2fe40000 - 0x00007fff2fe4a000 	C:\Users\Dayana.DAYANA\.p2\pool\plugins\org.eclipse.justj.openjdk.hotspot.jre.full.win32.x86_64_15.0.2.v20210201-0955\jre\bin\jimage.dll
0x00007fff27a30000 - 0x00007fff27c14000 	C:\WINDOWS\SYSTEM32\DBGHELP.DLL
0x00007fff26ac0000 - 0x00007fff26aec000 	C:\WINDOWS\SYSTEM32\dbgcore.DLL
0x00007fff32520000 - 0x00007fff325a2000 	C:\WINDOWS\System32\bcryptPrimitives.dll
0x00007fff2a7c0000 - 0x00007fff2a7e5000 	C:\Users\Dayana.DAYANA\.p2\pool\plugins\org.eclipse.justj.openjdk.hotspot.jre.full.win32.x86_64_15.0.2.v20210201-0955\jre\bin\java.dll
0x00007fff2e500000 - 0x00007fff2e518000 	C:\Users\Dayana.DAYANA\.p2\pool\plugins\org.eclipse.justj.openjdk.hotspot.jre.full.win32.x86_64_15.0.2.v20210201-0955\jre\bin\zip.dll
0x00007fff33510000 - 0x00007fff33c54000 	C:\WINDOWS\System32\SHELL32.dll
0x00007fff30630000 - 0x00007fff30dc4000 	C:\WINDOWS\SYSTEM32\windows.storage.dll
0x00007fff331b0000 - 0x00007fff33505000 	C:\WINDOWS\System32\combase.dll
0x00007fff31ea0000 - 0x00007fff31ece000 	C:\WINDOWS\SYSTEM32\Wldp.dll
0x00007fff347e0000 - 0x00007fff3488d000 	C:\WINDOWS\System32\SHCORE.dll
0x00007fff33c70000 - 0x00007fff33cc5000 	C:\WINDOWS\System32\shlwapi.dll
0x00007fff32460000 - 0x00007fff3247f000 	C:\WINDOWS\SYSTEM32\profapi.dll
0x00007fff2cb50000 - 0x00007fff2cb69000 	C:\Users\Dayana.DAYANA\.p2\pool\plugins\org.eclipse.justj.openjdk.hotspot.jre.full.win32.x86_64_15.0.2.v20210201-0955\jre\bin\net.dll
0x00007fff2ce90000 - 0x00007fff2cf9c000 	C:\WINDOWS\SYSTEM32\WINHTTP.dll
0x00007fff31c00000 - 0x00007fff31c6a000 	C:\WINDOWS\system32\mswsock.dll
0x00007fff2ca60000 - 0x00007fff2ca72000 	C:\Users\Dayana.DAYANA\.p2\pool\plugins\org.eclipse.justj.openjdk.hotspot.jre.full.win32.x86_64_15.0.2.v20210201-0955\jre\bin\nio.dll
0x00007fff2fc40000 - 0x00007fff2fc50000 	C:\Users\Dayana.DAYANA\.p2\pool\plugins\org.eclipse.justj.openjdk.hotspot.jre.full.win32.x86_64_15.0.2.v20210201-0955\jre\bin\verify.dll
0x00007fff2f780000 - 0x00007fff2f789000 	C:\Users\Dayana.DAYANA\.p2\pool\plugins\org.eclipse.justj.openjdk.hotspot.jre.full.win32.x86_64_15.0.2.v20210201-0955\jre\bin\management.dll
0x00007fff2f750000 - 0x00007fff2f75b000 	C:\Users\Dayana.DAYANA\.p2\pool\plugins\org.eclipse.justj.openjdk.hotspot.jre.full.win32.x86_64_15.0.2.v20210201-0955\jre\bin\management_ext.dll
0x00007fff1b030000 - 0x00007fff1b047000 	C:\WINDOWS\system32\napinsp.dll
0x00007fff1af90000 - 0x00007fff1afab000 	C:\WINDOWS\system32\pnrpnsp.dll
0x00007fff1af50000 - 0x00007fff1af65000 	C:\WINDOWS\system32\wshbth.dll
0x00007fff2dea0000 - 0x00007fff2debd000 	C:\WINDOWS\system32\NLAapi.dll
0x00007fff318f0000 - 0x00007fff3192b000 	C:\WINDOWS\SYSTEM32\IPHLPAPI.DLL
0x00007fff31930000 - 0x00007fff319fb000 	C:\WINDOWS\SYSTEM32\DNSAPI.dll
0x00007fff34020000 - 0x00007fff34028000 	C:\WINDOWS\System32\NSI.dll
0x00007fff1b010000 - 0x00007fff1b022000 	C:\WINDOWS\System32\winrnr.dll
0x00007fff2af80000 - 0x00007fff2af8a000 	C:\Windows\System32\rasadhlp.dll
0x00007fff2b050000 - 0x00007fff2b0cf000 	C:\WINDOWS\System32\fwpuclnt.dll
0x00007fff32960000 - 0x00007fff32987000 	C:\WINDOWS\System32\bcrypt.dll

dbghelp: loaded successfully - version: 4.0.5 - missing functions: none
symbol engine: initialized successfully - sym options: 0x614 - pdb path: .;C:\Users\Dayana.DAYANA\.p2\pool\plugins\org.eclipse.justj.openjdk.hotspot.jre.full.win32.x86_64_15.0.2.v20210201-0955\jre\bin;C:\WINDOWS\SYSTEM32;C:\WINDOWS\WinSxS\amd64_microsoft.windows.common-controls_6595b64144ccf1df_6.0.19041.1110_none_60b5254171f9507e;C:\Users\Dayana.DAYANA\.p2\pool\plugins\org.eclipse.justj.openjdk.hotspot.jre.full.win32.x86_64_15.0.2.v20210201-0955\jre\bin\server

VM Arguments:
jvm_args: -Dfile.encoding=UTF-8 -XX:+ShowCodeDetailsInExceptionMessages 
java_command: com.FacturadoraPymes.FacturadoraPymes.FacturadoraPymesApplication
java_class_path (initial): C:\ProyectoGrado\FacturadoraPymes\FacturadoraPymesBackend\target\classes;C:\Users\Dayana.DAYANA\.m2\repository\org\springframework\boot\spring-boot-starter-data-jpa\2.4.4\spring-boot-starter-data-jpa-2.4.4.jar;C:\Users\Dayana.DAYANA\.m2\repository\org\springframework\boot\spring-boot-starter-aop\2.4.4\spring-boot-starter-aop-2.4.4.jar;C:\Users\Dayana.DAYANA\.m2\repository\org\springframework\spring-aop\5.3.5\spring-aop-5.3.5.jar;C:\Users\Dayana.DAYANA\.m2\repository\org\aspectj\aspectjweaver\1.9.6\aspectjweaver-1.9.6.jar;C:\Users\Dayana.DAYANA\.m2\repository\org\springframework\boot\spring-boot-starter-jdbc\2.4.4\spring-boot-starter-jdbc-2.4.4.jar;C:\Users\Dayana.DAYANA\.m2\repository\com\zaxxer\HikariCP\3.4.5\HikariCP-3.4.5.jar;C:\Users\Dayana.DAYANA\.m2\repository\org\springframework\spring-jdbc\5.3.5\spring-jdbc-5.3.5.jar;C:\Users\Dayana.DAYANA\.m2\repository\jakarta\transaction\jakarta.transaction-api\1.3.3\jakarta.transaction-api-1.3.3.jar;C:\Users\Dayana.DAYANA\.m2\repository\jakarta\persistence\jakarta.persistence-api\2.2.3\jakarta.persistence-api-2.2.3.jar;C:\Users\Dayana.DAYANA\.m2\repository\org\hibernate\hibernate-core\5.4.29.Final\hibernate-core-5.4.29.Final.jar;C:\Users\Dayana.DAYANA\.m2\repository\org\javassist\javassist\3.27.0-GA\javassist-3.27.0-GA.jar;C:\Users\Dayana.DAYANA\.m2\repository\net\bytebuddy\byte-buddy\1.10.22\byte-buddy-1.10.22.jar;C:\Users\Dayana.DAYANA\.m2\repository\antlr\antlr\2.7.7\antlr-2.7.7.jar;C:\Users\Dayana.DAYANA\.m2\repository\org\jboss\jandex\2.2.3.Final\jandex-2.2.3.Final.jar;C:\Users\Dayana.DAYANA\.m2\repository\org\dom4j\dom4j\2.1.3\dom4j-2.1.3.jar;C:\Users\Dayana.DAYANA\.m2\repository\org\hibernate\common\hibernate-commons-annotations\5.1.2.Final\hibernate-commons-annotations-5.1.2.Final.jar;C:\Users\Dayana.DAYANA\.m2\repository\org\glassfish\jaxb\jaxb-runtime\2.3.3\jaxb-runtime-2.3.3.jar;C:\Users\Dayana.DAYANA\.m2\repository\org\glassfish\jaxb\txw2\2.3.3\txw2-2.3.3.jar;C:\Users\Dayana.DAYAN
Launcher Type: SUN_STANDARD

[Global flags]
     intx CICompilerCount                          = 4                                         {product} {ergonomic}
     uint ConcGCThreads                            = 2                                         {product} {ergonomic}
     uint G1ConcRefinementThreads                  = 8                                         {product} {ergonomic}
   size_t G1HeapRegionSize                         = 2097152                                   {product} {ergonomic}
    uintx GCDrainStackTargetSize                   = 64                                        {product} {ergonomic}
   size_t InitialHeapSize                          = 163577856                                 {product} {ergonomic}
   size_t MarkStackSize                            = 4194304                                   {product} {ergonomic}
   size_t MaxHeapSize                              = 2613051392                                {product} {ergonomic}
   size_t MaxNewSize                               = 1566572544                                {product} {ergonomic}
   size_t MinHeapDeltaBytes                        = 2097152                                   {product} {ergonomic}
   size_t MinHeapSize                              = 8388608                                   {product} {ergonomic}
    uintx NonNMethodCodeHeapSize                   = 5839372                                {pd product} {ergonomic}
    uintx NonProfiledCodeHeapSize                  = 122909434                              {pd product} {ergonomic}
    uintx ProfiledCodeHeapSize                     = 122909434                              {pd product} {ergonomic}
    uintx ReservedCodeCacheSize                    = 251658240                              {pd product} {ergonomic}
     bool SegmentedCodeCache                       = true                                      {product} {ergonomic}
     bool ShowCodeDetailsInExceptionMessages       = true                                   {manageable} {command line}
   size_t SoftMaxHeapSize                          = 2613051392                             {manageable} {ergonomic}
     bool UseCompressedClassPointers               = true                                 {lp64_product} {ergonomic}
     bool UseCompressedOops                        = true                                 {lp64_product} {ergonomic}
     bool UseG1GC                                  = true                                      {product} {ergonomic}
     bool UseLargePagesIndividualAllocation        = false                                  {pd product} {ergonomic}

Logging:
Log output configuration:
 #0: stdout all=warning uptime,level,tags
 #1: stderr all=off uptime,level,tags

Environment Variables:
JAVA_HOME=C:\Program Files\Java\jdk1.8.0_251
PATH=C:/Users/Dayana.DAYANA/.p2/pool/plugins/org.eclipse.justj.openjdk.hotspot.jre.full.win32.x86_64_15.0.2.v20210201-0955/jre/bin/server;C:/Users/Dayana.DAYANA/.p2/pool/plugins/org.eclipse.justj.openjdk.hotspot.jre.full.win32.x86_64_15.0.2.v20210201-0955/jre/bin;C:\Users\Dayana.DAYANA\AppData\Local\Programs\Python\Python39\Scripts\;C:\Users\Dayana.DAYANA\AppData\Local\Programs\Python\Python39\;C:\oraclexe\app\oracle\product\11.2.0\server\bin;C:\Program Files (x86)\Common Files\Oracle\Java\javapath;C:\WINDOWS\system32;C:\WINDOWS;C:\WINDOWS\System32\Wbem;C:\WINDOWS\System32\WindowsPowerShell\v1.0\;C:\WINDOWS\System32\OpenSSH\;C:\Program Files\MySQL\MySQL Server 8.0\bin;C:\Maven\apache-maven-3.6.3\\bin;C:\Program Files\dotnet\;C:\Program Files\nodejs\;C:\ProgramData\chocolatey\bin;C:\Program Files\Microsoft SQL Server\130\Tools\Binn\;C:\Program Files\Microsoft SQL Server\Client SDK\ODBC\170\Tools\Binn\;C:\wamp64\bin\php\php7.4.9;C:\ProgramData\ComposerSetup\bin;C:\Program Files\Git\cmd;C:\Program Files\Git\mingw64\bin;C:\Program Files\Git\usr\bin;C:\Program Files (x86)\Microsoft SQL Server\150\DTS\Binn\;C:\Program Files\Azure Data Studio\bin;C:\Program Files (x86)\Microsoft SQL Server\150\Tools\Binn\;C:\Program Files\Microsoft SQL Server\150\Tools\Binn\;C:\Program Files\Microsoft SQL Server\150\DTS\Binn\;C:\Program Files (x86)\dotnet\;C:\Users\Dayana.DAYANA\AppData\Local\Microsoft\WindowsApps;;C:\Users\Dayana.DAYANA\AppData\Local\Programs\Microsoft VS Code\bin;C:\Users\Dayana.DAYANA\.dotnet\tools;C:\Users\Dayana.DAYANA\AppData\Roaming\npm;C:\Users\Dayana.DAYANA\AppData\Roaming\Composer\vendor\bin;C:\Program Files\Azure Data Studio\bin;C:\Users\Dayana.DAYANA\Desktop;
USERNAME=Dayana
OS=Windows_NT
PROCESSOR_IDENTIFIER=Intel64 Family 6 Model 42 Stepping 7, GenuineIntel



---------------  S Y S T E M  ---------------

OS:
 Windows 10 , 64 bit Build 19041 (10.0.19041.1348)
OS uptime: 24 days 1:44 hours

CPU: total 8 (initial active 8) (4 cores per cpu, 2 threads per core) family 6 model 42 stepping 7 microcode 0x2f, cmov, cx8, fxsr, mmx, sse, sse2, sse3, ssse3, sse4.1, sse4.2, popcnt, vzeroupper, avx, aes, clmul, ht, tsc, tscinvbit, clflush

Memory: 4k page, system-wide physical 9960M (1464M free)
TotalPageFile size 12101M (AvailPageFile size 4M)
current process WorkingSet (physical memory assigned to process): 96M, peak: 96M
current process commit charge ("private bytes"): 264M, peak: 264M

vm_info: OpenJDK 64-Bit Server VM (15.0.2+7-27) for windows-amd64 JRE (15.0.2+7-27), built on Dec  7 2020 20:02:38 by "mach5one" with unknown MS VC++:1925

END.
