#
# There is insufficient memory for the Java Runtime Environment to continue.
# Native memory allocation (malloc) failed to allocate 1159616 bytes for Chunk::new
# Possible reasons:
#   The system is out of physical RAM or swap space
#   The process is running with CompressedOops enabled, and the Java Heap may be blocking the growth of the native heap
# Possible solutions:
#   Reduce memory load on the system
#   Increase physical memory or swap space
#   Check if swap backing store is full
#   Decrease Java heap size (-Xmx/-Xms)
#   Decrease number of Java threads
#   Decrease Java thread stack sizes (-Xss)
#   Set larger code cache with -XX:ReservedCodeCacheSize=
#   JVM is running with Zero Based Compressed Oops mode in which the Java heap is
#     placed in the first 32GB address space. The Java Heap base address is the
#     maximum limit for the native heap growth. Please use -XX:HeapBaseMinAddress
#     to set the Java Heap base and to place the Java Heap above 32GB virtual address.
# This output file may be truncated or incomplete.
#
#  Out of Memory Error (./open/src/hotspot/share/memory/arena.cpp:195), pid=21224, tid=19560
#
# JRE version: OpenJDK Runtime Environment (15.0.2+7) (build 15.0.2+7-27)
# Java VM: OpenJDK 64-Bit Server VM (15.0.2+7-27, mixed mode, tiered, compressed oops, g1 gc, windows-amd64)
# No core dump will be written. Minidumps are not enabled by default on client versions of Windows
#

---------------  S U M M A R Y ------------

Command Line: -Dfile.encoding=UTF-8 -XX:+ShowCodeDetailsInExceptionMessages com.FacturadoraPymes.FacturadoraPymes.FacturadoraPymesApplication

Host: Intel(R) Core(TM) i7-2600 CPU @ 3.40GHz, 8 cores, 9G,  Windows 10 , 64 bit Build 19041 (10.0.19041.1348)
Time: Thu Jan 13 21:14:49 2022 Hora est. Pacífico, Sudamérica elapsed time: 4.629504 seconds (0d 0h 0m 4s)

---------------  T H R E A D  ---------------

Current thread (0x000001c0eee79590):  JavaThread "C2 CompilerThread1" daemon [_thread_in_native, id=19560, stack(0x0000008fb2500000,0x0000008fb2600000)]


Current CompileTask:
C2:   4629 4105       4       jdk.internal.org.objectweb.asm.Frame::execute (2305 bytes)

Stack: [0x0000008fb2500000,0x0000008fb2600000]
Native frames: (J=compiled Java code, j=interpreted, Vv=VM code, C=native code)
V  [jvm.dll+0x62ae9a]
V  [jvm.dll+0x7817a9]
V  [jvm.dll+0x782f03]
V  [jvm.dll+0x783563]
V  [jvm.dll+0x216325]
V  [jvm.dll+0x97f3a]
V  [jvm.dll+0x9861c]
V  [jvm.dll+0x279f9f]
V  [jvm.dll+0x540794]
V  [jvm.dll+0x1f3124]
V  [jvm.dll+0x1ecaf1]
V  [jvm.dll+0x1e9867]
V  [jvm.dll+0x178567]
V  [jvm.dll+0x1f9225]
V  [jvm.dll+0x1f72cc]
V  [jvm.dll+0x74495d]
V  [jvm.dll+0x73d75a]
V  [jvm.dll+0x629c56]
C  [ucrtbase.dll+0x21bb2]
C  [KERNEL32.DLL+0x17034]
C  [ntdll.dll+0x52651]


---------------  P R O C E S S  ---------------

Threads class SMR info:
_java_thread_list=0x000001c0f1768790, length=19, elements={
0x000001c0d296c270, 0x000001c0eddc8030, 0x000001c0eddcaef0, 0x000001c0ee616000,
0x000001c0ee616ab0, 0x000001c0ee618570, 0x000001c0ee61e860, 0x000001c0ee63f410,
0x000001c0ee5dbb10, 0x000001c0ee7a8610, 0x000001c0ee7a9480, 0x000001c0eee79590,
0x000001c0efce19c0, 0x000001c0ee7a9e20, 0x000001c0ee7ab160, 0x000001c0ee7a8ae0,
0x000001c0ee7aa7c0, 0x000001c0ee7a8fb0, 0x000001c0ee7aa2f0
}

Java Threads: ( => current thread )
  0x000001c0d296c270 JavaThread "main" [_thread_in_native, id=11800, stack(0x0000008fb1300000,0x0000008fb1400000)]
  0x000001c0eddc8030 JavaThread "Reference Handler" daemon [_thread_blocked, id=1736, stack(0x0000008fb1a00000,0x0000008fb1b00000)]
  0x000001c0eddcaef0 JavaThread "Finalizer" daemon [_thread_blocked, id=14848, stack(0x0000008fb1b00000,0x0000008fb1c00000)]
  0x000001c0ee616000 JavaThread "Signal Dispatcher" daemon [_thread_blocked, id=9576, stack(0x0000008fb1c00000,0x0000008fb1d00000)]
  0x000001c0ee616ab0 JavaThread "Attach Listener" daemon [_thread_blocked, id=13980, stack(0x0000008fb1d00000,0x0000008fb1e00000)]
  0x000001c0ee618570 JavaThread "Service Thread" daemon [_thread_blocked, id=9656, stack(0x0000008fb1e00000,0x0000008fb1f00000)]
  0x000001c0ee61e860 JavaThread "C2 CompilerThread0" daemon [_thread_in_native, id=19480, stack(0x0000008fb1f00000,0x0000008fb2000000)]
  0x000001c0ee63f410 JavaThread "C1 CompilerThread0" daemon [_thread_blocked, id=20972, stack(0x0000008fb2000000,0x0000008fb2100000)]
  0x000001c0ee5dbb10 JavaThread "Sweeper thread" daemon [_thread_blocked, id=21432, stack(0x0000008fb2100000,0x0000008fb2200000)]
  0x000001c0ee7a8610 JavaThread "Notification Thread" daemon [_thread_blocked, id=21852, stack(0x0000008fb2200000,0x0000008fb2300000)]
  0x000001c0ee7a9480 JavaThread "Common-Cleaner" daemon [_thread_blocked, id=23652, stack(0x0000008fb2400000,0x0000008fb2500000)]
=>0x000001c0eee79590 JavaThread "C2 CompilerThread1" daemon [_thread_in_native, id=19560, stack(0x0000008fb2500000,0x0000008fb2600000)]
  0x000001c0efce19c0 JavaThread "C2 CompilerThread2" daemon [_thread_in_native, id=9124, stack(0x0000008fb2b00000,0x0000008fb2c00000)]
  0x000001c0ee7a9e20 JavaThread "Catalina-utility-1" [_thread_blocked, id=18136, stack(0x0000008fb2800000,0x0000008fb2900000)]
  0x000001c0ee7ab160 JavaThread "Catalina-utility-2" [_thread_blocked, id=22296, stack(0x0000008fb2c00000,0x0000008fb2d00000)]
  0x000001c0ee7a8ae0 JavaThread "container-0" [_thread_blocked, id=9304, stack(0x0000008fb2f00000,0x0000008fb3000000)]
  0x000001c0ee7aa7c0 JavaThread "mysql-cj-abandoned-connection-cleanup" daemon [_thread_blocked, id=2980, stack(0x0000008fb3000000,0x0000008fb3100000)]
  0x000001c0ee7a8fb0 JavaThread "HikariPool-1 housekeeper" daemon [_thread_blocked, id=15072, stack(0x0000008fb3400000,0x0000008fb3500000)]
  0x000001c0ee7aa2f0 JavaThread "HikariPool-1 connection adder" daemon [_thread_in_native, id=16208, stack(0x0000008fb3500000,0x0000008fb3600000)]

Other Threads:
  0x000001c0eddb1d00 VMThread "VM Thread" [stack: 0x0000008fb1900000,0x0000008fb1a00000] [id=18636]
  0x000001c0ee7ac920 WatcherThread [stack: 0x0000008fb2300000,0x0000008fb2400000] [id=16824]
  0x000001c0d29ad010 GCTaskThread "GC Thread#0" [stack: 0x0000008fb1400000,0x0000008fb1500000] [id=18500]
  0x000001c0eec3c120 GCTaskThread "GC Thread#1" [stack: 0x0000008fb2600000,0x0000008fb2700000] [id=8768]
  0x000001c0eec3c450 GCTaskThread "GC Thread#2" [stack: 0x0000008fb2700000,0x0000008fb2800000] [id=5280]
  0x000001c0eec3d110 GCTaskThread "GC Thread#3" [stack: 0x0000008fb2900000,0x0000008fb2a00000] [id=7420]
  0x000001c0eec3cde0 GCTaskThread "GC Thread#4" [stack: 0x0000008fb2d00000,0x0000008fb2e00000] [id=22424]
  0x000001c0eec3ea90 GCTaskThread "GC Thread#5" [stack: 0x0000008fb2e00000,0x0000008fb2f00000] [id=18128]
  0x000001c0eec3e100 GCTaskThread "GC Thread#6" [stack: 0x0000008fb3200000,0x0000008fb3300000] [id=15540]
  0x000001c0eec3b460 GCTaskThread "GC Thread#7" [stack: 0x0000008fb3300000,0x0000008fb3400000] [id=8272]
  0x000001c0d29ba320 ConcurrentGCThread "G1 Main Marker" [stack: 0x0000008fb1500000,0x0000008fb1600000] [id=21288]
  0x000001c0d29bcc60 ConcurrentGCThread "G1 Conc#0" [stack: 0x0000008fb1600000,0x0000008fb1700000] [id=10892]
  0x000001c0eec3d440 ConcurrentGCThread "G1 Conc#1" [stack: 0x0000008fb2a00000,0x0000008fb2b00000] [id=18112]
  0x000001c0d2a304f0 ConcurrentGCThread "G1 Refine#0" [stack: 0x0000008fb1700000,0x0000008fb1800000] [id=14644]
  0x000001c0d2a30e30 ConcurrentGCThread "G1 Young RemSet Sampling" [stack: 0x0000008fb1800000,0x0000008fb1900000] [id=9100]

Threads with active compile tasks:
C2 CompilerThread0     4691 4107       4       jdk.internal.org.objectweb.asm.SymbolTable::addConstantMemberReference (147 bytes)
C2 CompilerThread1     4691 4105       4       jdk.internal.org.objectweb.asm.Frame::execute (2305 bytes)
C2 CompilerThread2     4691 4143       4       sun.security.util.AbstractAlgorithmConstraints::checkAlgorithm (140 bytes)

VM state: not at safepoint (normal execution)

VM Mutex/Monitor currently owned by a thread: None

Heap address: 0x0000000764400000, size: 2492 MB, Compressed Oops mode: Zero based, Oop shift amount: 3
CDS disabled.
Compressed class space mapped at: 0x0000000800000000-0x0000000840000000, size: 1073741824
Narrow klass base: 0x0000000800000000, Narrow klass shift: 0, Narrow klass range: 0x40000000

GC Precious Log:
 CPUs: 8 total, 8 available
 Memory: 9960M
 Large Page Support: Disabled
 NUMA Support: Disabled
 Compressed Oops: Enabled (Zero based)
 Heap Region Size: 2M
 Heap Min Capacity: 8M
 Heap Initial Capacity: 156M
 Heap Max Capacity: 2492M
 Pre-touch: Disabled
 Parallel Workers: 8
 Concurrent Workers: 2
 Concurrent Refinement Workers: 8
 Periodic GC: Disabled

Heap:
 garbage-first heap   total 59392K, used 28299K [0x0000000764400000, 0x0000000800000000)
  region size 2048K, 8 young (16384K), 2 survivors (4096K)
 Metaspace       used 47012K, capacity 47372K, committed 47484K, reserved 1091584K
  class space    used 5422K, capacity 5565K, committed 5580K, reserved 1048576K

Heap Regions: E=young(eden), S=young(survivor), O=old, HS=humongous(starts), HC=humongous(continues), CS=collection set, F=free, OA=open archive, CA=closed archive, TAMS=top-at-mark-start (previous, next)
|   0|0x0000000764400000, 0x0000000764600000, 0x0000000764600000|100%| O|  |TAMS 0x0000000764600000, 0x0000000764400000| Untracked 
|   1|0x0000000764600000, 0x0000000764800000, 0x0000000764800000|100%| O|  |TAMS 0x0000000764800000, 0x0000000764600000| Untracked 
|   2|0x0000000764800000, 0x0000000764a00000, 0x0000000764a00000|100%| O|  |TAMS 0x0000000764a00000, 0x0000000764800000| Untracked 
|   3|0x0000000764a00000, 0x0000000764a5c000, 0x0000000764c00000| 17%| O|  |TAMS 0x0000000764a5c000, 0x0000000764a00000| Untracked 
|   4|0x0000000764c00000, 0x0000000764e00000, 0x0000000764e00000|100%| O|  |TAMS 0x0000000764e00000, 0x0000000764c00000| Untracked 
|   5|0x0000000764e00000, 0x0000000765000000, 0x0000000765000000|100%| O|  |TAMS 0x0000000764fb5400, 0x0000000764e00000| Untracked 
|   6|0x0000000765000000, 0x0000000765200000, 0x0000000765200000|100%| O|  |TAMS 0x0000000765000000, 0x0000000765000000| Untracked 
|   7|0x0000000765200000, 0x0000000765346e00, 0x0000000765400000| 63%| O|  |TAMS 0x0000000765200000, 0x0000000765200000| Untracked 
|   8|0x0000000765400000, 0x0000000765400000, 0x0000000765600000|  0%| F|  |TAMS 0x0000000765400000, 0x0000000765400000| Untracked 
|   9|0x0000000765600000, 0x0000000765600000, 0x0000000765800000|  0%| F|  |TAMS 0x0000000765600000, 0x0000000765600000| Untracked 
|  10|0x0000000765800000, 0x0000000765800000, 0x0000000765a00000|  0%| F|  |TAMS 0x0000000765800000, 0x0000000765800000| Untracked 
|  11|0x0000000765a00000, 0x0000000765c00000, 0x0000000765c00000|100%| S|CS|TAMS 0x0000000765a00000, 0x0000000765a00000| Complete 
|  12|0x0000000765c00000, 0x0000000765e00000, 0x0000000765e00000|100%| S|CS|TAMS 0x0000000765c00000, 0x0000000765c00000| Complete 
|  13|0x0000000765e00000, 0x0000000765e00000, 0x0000000766000000|  0%| F|  |TAMS 0x0000000765e00000, 0x0000000765e00000| Untracked 
|  14|0x0000000766000000, 0x0000000766000000, 0x0000000766200000|  0%| F|  |TAMS 0x0000000766000000, 0x0000000766000000| Untracked 
|  15|0x0000000766200000, 0x0000000766200000, 0x0000000766400000|  0%| F|  |TAMS 0x0000000766200000, 0x0000000766200000| Untracked 
|  16|0x0000000766400000, 0x0000000766400000, 0x0000000766600000|  0%| F|  |TAMS 0x0000000766400000, 0x0000000766400000| Untracked 
|  17|0x0000000766600000, 0x0000000766600000, 0x0000000766800000|  0%| F|  |TAMS 0x0000000766600000, 0x0000000766600000| Untracked 
|  18|0x0000000766800000, 0x0000000766800000, 0x0000000766a00000|  0%| F|  |TAMS 0x0000000766800000, 0x0000000766800000| Untracked 
|  19|0x0000000766a00000, 0x0000000766a00000, 0x0000000766c00000|  0%| F|  |TAMS 0x0000000766a00000, 0x0000000766a00000| Untracked 
|  20|0x0000000766c00000, 0x0000000766c00000, 0x0000000766e00000|  0%| F|  |TAMS 0x0000000766c00000, 0x0000000766c00000| Untracked 
|  21|0x0000000766e00000, 0x0000000766e00000, 0x0000000767000000|  0%| F|  |TAMS 0x0000000766e00000, 0x0000000766e00000| Untracked 
|  22|0x0000000767000000, 0x0000000767000000, 0x0000000767200000|  0%| F|  |TAMS 0x0000000767000000, 0x0000000767000000| Untracked 
|  23|0x0000000767200000, 0x0000000767313d20, 0x0000000767400000| 53%| E|  |TAMS 0x0000000767200000, 0x0000000767200000| Complete 
|  24|0x0000000767400000, 0x0000000767600000, 0x0000000767600000|100%| E|CS|TAMS 0x0000000767400000, 0x0000000767400000| Complete 
|  25|0x0000000767600000, 0x0000000767800000, 0x0000000767800000|100%| E|CS|TAMS 0x0000000767600000, 0x0000000767600000| Complete 
|  26|0x0000000767800000, 0x0000000767a00000, 0x0000000767a00000|100%| E|CS|TAMS 0x0000000767800000, 0x0000000767800000| Complete 
|  74|0x000000076d800000, 0x000000076da00000, 0x000000076da00000|100%| E|CS|TAMS 0x000000076d800000, 0x000000076d800000| Complete 
|  77|0x000000076de00000, 0x000000076e000000, 0x000000076e000000|100%| E|CS|TAMS 0x000000076de00000, 0x000000076de00000| Complete 

Card table byte_map: [0x000001c0e5bb0000,0x000001c0e6090000] _byte_map_base: 0x000001c0e208e000

Marking Bits (Prev, Next): (CMBitMap*) 0x000001c0d29ae5d0, (CMBitMap*) 0x000001c0d29ae610
 Prev Bits: [0x000001c0e6570000, 0x000001c0e8c60000)
 Next Bits: [0x000001c0e8c60000, 0x000001c0eb350000)

Polling page: 0x000001c0d0960000

Metaspace:

Usage:
  Non-class:     40.83 MB capacity,    40.62 MB (>99%) used,   152.59 KB ( <1%) free+waste,    58.81 KB ( <1%) overhead. 
      Class:      5.43 MB capacity,     5.30 MB ( 97%) used,   118.81 KB (  2%) free+waste,    20.88 KB ( <1%) overhead. 
       Both:     46.26 MB capacity,    45.92 MB (>99%) used,   271.41 KB ( <1%) free+waste,    79.69 KB ( <1%) overhead. 

Virtual space:
  Non-class space:       42.00 MB reserved,      40.92 MB ( 97%) committed 
      Class space:        1.00 GB reserved,       5.45 MB ( <1%) committed 
             Both:        1.04 GB reserved,      46.37 MB (  4%) committed 

Chunk freelists:
   Non-Class:  33.00 KB
       Class:  3.00 KB
        Both:  36.00 KB

MaxMetaspaceSize: 17179869184.00 GB
CompressedClassSpaceSize: 1.00 GB

CodeHeap 'non-profiled nmethods': size=120000Kb used=2456Kb max_used=2456Kb free=117543Kb
 bounds [0x000001c0dde50000, 0x000001c0de0c0000, 0x000001c0e5380000]
CodeHeap 'profiled nmethods': size=120000Kb used=9112Kb max_used=9112Kb free=110887Kb
 bounds [0x000001c0d6920000, 0x000001c0d7210000, 0x000001c0dde50000]
CodeHeap 'non-nmethods': size=5760Kb used=1265Kb max_used=1337Kb free=4495Kb
 bounds [0x000001c0d6380000, 0x000001c0d65f0000, 0x000001c0d6920000]
 total_blobs=4690 nmethods=4148 adapters=454
 compilation: enabled
              stopped_count=0, restarted_count=0
 full_count=0

Compilation events (20 events):
Event: 4.577 Thread 0x000001c0ee63f410 4125       3       org.springframework.core.io.FileSystemResource::<init> (35 bytes)
Event: 4.578 Thread 0x000001c0ee63f410 nmethod 4125 0x000001c0d71f1e90 code [0x000001c0d71f2080, 0x000001c0d71f2588]
Event: 4.579 Thread 0x000001c0ee63f410 4127       3       java.io.File::canRead (34 bytes)
Event: 4.580 Thread 0x000001c0ee63f410 nmethod 4127 0x000001c0d71f2790 code [0x000001c0d71f2980, 0x000001c0d71f2d68]
Event: 4.580 Thread 0x000001c0ee63f410 4129       3       org.springframework.core.annotation.MergedAnnotationsCollection::isDirectlyPresent (7 bytes)
Event: 4.580 Thread 0x000001c0ee63f410 nmethod 4129 0x000001c0d71f2f10 code [0x000001c0d71f30c0, 0x000001c0d71f3208]
Event: 4.583 Thread 0x000001c0ee63f410 4130       3       org.springframework.core.annotation.TypeMappedAnnotations::isDirectlyPresent (39 bytes)
Event: 4.583 Thread 0x000001c0ee63f410 nmethod 4130 0x000001c0d71f3290 code [0x000001c0d71f3480, 0x000001c0d71f3a68]
Event: 4.585 Thread 0x000001c0ee63f410 4131       3       org.springframework.core.io.FileSystemResource::isReadable (65 bytes)
Event: 4.586 Thread 0x000001c0ee63f410 nmethod 4131 0x000001c0d71f3c10 code [0x000001c0d71f3e80, 0x000001c0d71f4a18]
Event: 4.612 Thread 0x000001c0efce19c0 nmethod 4124% 0x000001c0de0b0890 code [0x000001c0de0b0ae0, 0x000001c0de0b2730]
Event: 4.613 Thread 0x000001c0efce19c0 4126       4       org.springframework.core.annotation.TypeMappedAnnotation::getType (8 bytes)
Event: 4.613 Thread 0x000001c0efce19c0 nmethod 4126 0x000001c0de0b3810 code [0x000001c0de0b3980, 0x000001c0de0b39f8]
Event: 4.613 Thread 0x000001c0efce19c0 4132       4       java.io.File::isInvalid (48 bytes)
Event: 4.618 Thread 0x000001c0efce19c0 nmethod 4132 0x000001c0de0b3b10 code [0x000001c0de0b3ca0, 0x000001c0de0b3fb8]
Event: 4.626 Thread 0x000001c0ee63f410 4133       3       com.mysql.cj.conf.AbstractRuntimeProperty::<init> (35 bytes)
Event: 4.626 Thread 0x000001c0ee63f410 nmethod 4133 0x000001c0d71f4d90 code [0x000001c0d71f4f40, 0x000001c0d71f5378]
Event: 4.626 Thread 0x000001c0ee63f410 4134       3       com.mysql.cj.conf.DefaultPropertySet::addProperty (80 bytes)
Event: 4.627 Thread 0x000001c0ee63f410 nmethod 4134 0x000001c0d71f5490 code [0x000001c0d71f56a0, 0x000001c0d71f61e8]
Event: 4.627 Thread 0x000001c0ee63f410 4135       3       com.mysql.cj.conf.AbstractRuntimeProperty::initializeFrom (108 bytes)

GC Heap History (20 events):
Event: 1.638 GC heap before
{Heap before GC invocations=4 (full 0):
 garbage-first heap   total 40960K, used 30952K [0x0000000764400000, 0x0000000800000000)
  region size 2048K, 12 young (24576K), 1 survivors (2048K)
 Metaspace       used 25088K, capacity 25371K, committed 25596K, reserved 1073152K
  class space    used 2790K, capacity 2859K, committed 2892K, reserved 1048576K
}
Event: 1.643 GC heap after
{Heap after GC invocations=5 (full 0):
 garbage-first heap   total 40960K, used 9621K [0x0000000764400000, 0x0000000800000000)
  region size 2048K, 2 young (4096K), 2 survivors (4096K)
 Metaspace       used 25088K, capacity 25371K, committed 25596K, reserved 1073152K
  class space    used 2790K, capacity 2859K, committed 2892K, reserved 1048576K
}
Event: 1.652 GC heap before
{Heap before GC invocations=5 (full 0):
 garbage-first heap   total 40960K, used 23957K [0x0000000764400000, 0x0000000800000000)
  region size 2048K, 10 young (20480K), 2 survivors (4096K)
 Metaspace       used 25149K, capacity 25371K, committed 25596K, reserved 1073152K
  class space    used 2801K, capacity 2859K, committed 2892K, reserved 1048576K
}
Event: 1.655 GC heap after
{Heap after GC invocations=6 (full 0):
 garbage-first heap   total 40960K, used 9765K [0x0000000764400000, 0x0000000800000000)
  region size 2048K, 1 young (2048K), 1 survivors (2048K)
 Metaspace       used 25149K, capacity 25371K, committed 25596K, reserved 1073152K
  class space    used 2801K, capacity 2859K, committed 2892K, reserved 1048576K
}
Event: 1.664 GC heap before
{Heap before GC invocations=6 (full 0):
 garbage-first heap   total 40960K, used 24101K [0x0000000764400000, 0x0000000800000000)
  region size 2048K, 9 young (18432K), 1 survivors (2048K)
 Metaspace       used 25234K, capacity 25467K, committed 25724K, reserved 1073152K
  class space    used 2810K, capacity 2891K, committed 3020K, reserved 1048576K
}
Event: 1.666 GC heap after
{Heap after GC invocations=7 (full 0):
 garbage-first heap   total 49152K, used 9818K [0x0000000764400000, 0x0000000800000000)
  region size 2048K, 1 young (2048K), 1 survivors (2048K)
 Metaspace       used 25234K, capacity 25467K, committed 25724K, reserved 1073152K
  class space    used 2810K, capacity 2891K, committed 3020K, reserved 1048576K
}
Event: 2.070 GC heap before
{Heap before GC invocations=7 (full 0):
 garbage-first heap   total 49152K, used 30298K [0x0000000764400000, 0x0000000800000000)
  region size 2048K, 12 young (24576K), 1 survivors (2048K)
 Metaspace       used 28072K, capacity 28336K, committed 28668K, reserved 1075200K
  class space    used 3164K, capacity 3271K, committed 3404K, reserved 1048576K
}
Event: 2.074 GC heap after
{Heap after GC invocations=8 (full 0):
 garbage-first heap   total 49152K, used 10913K [0x0000000764400000, 0x0000000800000000)
  region size 2048K, 2 young (4096K), 2 survivors (4096K)
 Metaspace       used 28072K, capacity 28336K, committed 28668K, reserved 1075200K
  class space    used 3164K, capacity 3271K, committed 3404K, reserved 1048576K
}
Event: 2.679 GC heap before
{Heap before GC invocations=8 (full 0):
 garbage-first heap   total 49152K, used 33441K [0x0000000764400000, 0x0000000800000000)
  region size 2048K, 13 young (26624K), 2 survivors (4096K)
 Metaspace       used 30810K, capacity 31129K, committed 31228K, reserved 1077248K
  class space    used 3528K, capacity 3642K, committed 3660K, reserved 1048576K
}
Event: 2.687 GC heap after
{Heap after GC invocations=9 (full 0):
 garbage-first heap   total 49152K, used 11951K [0x0000000764400000, 0x0000000800000000)
  region size 2048K, 2 young (4096K), 2 survivors (4096K)
 Metaspace       used 30810K, capacity 31129K, committed 31228K, reserved 1077248K
  class space    used 3528K, capacity 3642K, committed 3660K, reserved 1048576K
}
Event: 3.355 GC heap before
{Heap before GC invocations=9 (full 0):
 garbage-first heap   total 49152K, used 32431K [0x0000000764400000, 0x0000000800000000)
  region size 2048K, 12 young (24576K), 2 survivors (4096K)
 Metaspace       used 35041K, capacity 35328K, committed 35452K, reserved 1081344K
  class space    used 4098K, capacity 4201K, committed 4300K, reserved 1048576K
}
Event: 3.363 GC heap after
{Heap after GC invocations=10 (full 0):
 garbage-first heap   total 49152K, used 14047K [0x0000000764400000, 0x0000000800000000)
  region size 2048K, 2 young (4096K), 2 survivors (4096K)
 Metaspace       used 35041K, capacity 35328K, committed 35452K, reserved 1081344K
  class space    used 4098K, capacity 4201K, committed 4300K, reserved 1048576K
}
Event: 3.473 GC heap before
{Heap before GC invocations=10 (full 0):
 garbage-first heap   total 49152K, used 16095K [0x0000000764400000, 0x0000000800000000)
  region size 2048K, 4 young (8192K), 2 survivors (4096K)
 Metaspace       used 35624K, capacity 35916K, committed 35964K, reserved 1081344K
  class space    used 4163K, capacity 4269K, committed 4300K, reserved 1048576K
}
Event: 3.481 GC heap after
{Heap after GC invocations=11 (full 0):
 garbage-first heap   total 49152K, used 14612K [0x0000000764400000, 0x0000000800000000)
  region size 2048K, 1 young (2048K), 1 survivors (2048K)
 Metaspace       used 35624K, capacity 35916K, committed 35964K, reserved 1081344K
  class space    used 4163K, capacity 4269K, committed 4300K, reserved 1048576K
}
Event: 3.688 GC heap before
{Heap before GC invocations=12 (full 0):
 garbage-first heap   total 49152K, used 30996K [0x0000000764400000, 0x0000000800000000)
  region size 2048K, 10 young (20480K), 1 survivors (2048K)
 Metaspace       used 37258K, capacity 37645K, committed 37756K, reserved 1083392K
  class space    used 4318K, capacity 4461K, committed 4556K, reserved 1048576K
}
Event: 3.692 GC heap after
{Heap after GC invocations=13 (full 0):
 garbage-first heap   total 59392K, used 15057K [0x0000000764400000, 0x0000000800000000)
  region size 2048K, 1 young (2048K), 1 survivors (2048K)
 Metaspace       used 37258K, capacity 37645K, committed 37756K, reserved 1083392K
  class space    used 4318K, capacity 4461K, committed 4556K, reserved 1048576K
}
Event: 3.727 GC heap before
{Heap before GC invocations=13 (full 0):
 garbage-first heap   total 59392K, used 39633K [0x0000000764400000, 0x0000000800000000)
  region size 2048K, 14 young (28672K), 1 survivors (2048K)
 Metaspace       used 37267K, capacity 37645K, committed 37756K, reserved 1083392K
  class space    used 4318K, capacity 4461K, committed 4556K, reserved 1048576K
}
Event: 3.729 GC heap after
{Heap after GC invocations=14 (full 0):
 garbage-first heap   total 59392K, used 15040K [0x0000000764400000, 0x0000000800000000)
  region size 2048K, 1 young (2048K), 1 survivors (2048K)
 Metaspace       used 37267K, capacity 37645K, committed 37756K, reserved 1083392K
  class space    used 4318K, capacity 4461K, committed 4556K, reserved 1048576K
}
Event: 4.468 GC heap before
{Heap before GC invocations=14 (full 0):
 garbage-first heap   total 59392K, used 43712K [0x0000000764400000, 0x0000000800000000)
  region size 2048K, 16 young (32768K), 1 survivors (2048K)
 Metaspace       used 45242K, capacity 45597K, committed 45820K, reserved 1089536K
  class space    used 5234K, capacity 5338K, committed 5452K, reserved 1048576K
}
Event: 4.473 GC heap after
{Heap after GC invocations=15 (full 0):
 garbage-first heap   total 59392K, used 18059K [0x0000000764400000, 0x0000000800000000)
  region size 2048K, 2 young (4096K), 2 survivors (4096K)
 Metaspace       used 45242K, capacity 45597K, committed 45820K, reserved 1089536K
  class space    used 5234K, capacity 5338K, committed 5452K, reserved 1048576K
}

Deoptimization events (20 events):
Event: 4.363 Thread 0x000001c0d296c270 Uncommon trap: trap_request=0xffffff45 fr.pc=0x000001c0de08d030 relative=0x0000000000000350
Event: 4.363 Thread 0x000001c0d296c270 Uncommon trap: reason=unstable_if action=reinterpret pc=0x000001c0de08d030 method=java.util.regex.Pattern$SliceI.match(Ljava/util/regex/Matcher;ILjava/lang/CharSequence;)Z @ 29 c2
Event: 4.363 Thread 0x000001c0d296c270 DEOPT PACKING pc=0x000001c0de08d030 sp=0x0000008fb13fc090
Event: 4.363 Thread 0x000001c0d296c270 DEOPT UNPACKING pc=0x000001c0d63ce42f sp=0x0000008fb13fc028 mode 2
Event: 4.414 Thread 0x000001c0d296c270 Uncommon trap: trap_request=0xffffff45 fr.pc=0x000001c0ddf21fc0 relative=0x00000000000002a0
Event: 4.414 Thread 0x000001c0d296c270 Uncommon trap: reason=unstable_if action=reinterpret pc=0x000001c0ddf21fc0 method=java.nio.Buffer.<init>(IIIILjdk/internal/access/foreign/MemorySegmentProxy;)V @ 50 c2
Event: 4.414 Thread 0x000001c0d296c270 DEOPT PACKING pc=0x000001c0ddf21fc0 sp=0x0000008fb13fc430
Event: 4.414 Thread 0x000001c0d296c270 DEOPT UNPACKING pc=0x000001c0d63ce42f sp=0x0000008fb13fc378 mode 2
Event: 4.435 Thread 0x000001c0d296c270 DEOPT PACKING pc=0x000001c0d71868b0 sp=0x0000008fb13fc210
Event: 4.435 Thread 0x000001c0d296c270 DEOPT UNPACKING pc=0x000001c0d63ce23f sp=0x0000008fb13fb6c8 mode 0
Event: 4.467 Thread 0x000001c0d296c270 DEOPT PACKING pc=0x000001c0d71868b0 sp=0x0000008fb13fc060
Event: 4.467 Thread 0x000001c0d296c270 DEOPT UNPACKING pc=0x000001c0d63ce23f sp=0x0000008fb13fb518 mode 0
Event: 4.514 Thread 0x000001c0d296c270 Uncommon trap: trap_request=0xffffff45 fr.pc=0x000001c0dde82f70 relative=0x0000000000000170
Event: 4.514 Thread 0x000001c0d296c270 Uncommon trap: reason=unstable_if action=reinterpret pc=0x000001c0dde82f70 method=java.lang.StringCoding.hasNegatives([BII)Z @ 12 c2
Event: 4.514 Thread 0x000001c0d296c270 DEOPT PACKING pc=0x000001c0dde82f70 sp=0x0000008fb13fc8c0
Event: 4.514 Thread 0x000001c0d296c270 DEOPT UNPACKING pc=0x000001c0d63ce42f sp=0x0000008fb13fc850 mode 2
Event: 4.515 Thread 0x000001c0d296c270 Uncommon trap: trap_request=0xffffff45 fr.pc=0x000001c0ddf3ff38 relative=0x0000000000000218
Event: 4.515 Thread 0x000001c0d296c270 Uncommon trap: reason=unstable_if action=reinterpret pc=0x000001c0ddf3ff38 method=java.lang.String.getChars(II[CI)V @ 23 c2
Event: 4.515 Thread 0x000001c0d296c270 DEOPT PACKING pc=0x000001c0ddf3ff38 sp=0x0000008fb13fccf0
Event: 4.515 Thread 0x000001c0d296c270 DEOPT UNPACKING pc=0x000001c0d63ce42f sp=0x0000008fb13fccb0 mode 2

Classes unloaded (0 events):
No events

Classes redefined (0 events):
No events

Internal exceptions (20 events):
Event: 2.928 Thread 0x000001c0d296c270 Exception <a 'java/lang/ClassNotFoundException'{0x0000000766a43138}: org/springframework/aop/framework/AopInfrastructureBeanCustomizer> (0x0000000766a43138) 
thrown [./open/src/hotspot/share/classfile/systemDictionary.cpp, line 295]
Event: 3.001 Thread 0x000001c0d296c270 Exception <a 'java/lang/ClassNotFoundException'{0x000000076684f7b8}: java/lang/ObjectCustomizer> (0x000000076684f7b8) 
thrown [./open/src/hotspot/share/classfile/systemDictionary.cpp, line 295]
Event: 3.001 Thread 0x000001c0d296c270 Exception <a 'java/lang/ClassNotFoundException'{0x0000000766856240}: org/springframework/transaction/annotation/AbstractTransactionManagementConfigurationCustomizer> (0x0000000766856240) 
thrown [./open/src/hotspot/share/classfile/systemDictionary.cpp, line 295]
Event: 3.002 Thread 0x000001c0d296c270 Exception <a 'java/lang/ClassNotFoundException'{0x000000076685bf98}: org/springframework/transaction/annotation/ProxyTransactionManagementConfigurationCustomizer> (0x000000076685bf98) 
thrown [./open/src/hotspot/share/classfile/systemDictionary.cpp, line 295]
Event: 3.002 Thread 0x000001c0d296c270 Exception <a 'java/lang/ClassNotFoundException'{0x0000000766863010}: org/springframework/context/annotation/ImportAwareCustomizer> (0x0000000766863010) 
thrown [./open/src/hotspot/share/classfile/systemDictionary.cpp, line 295]
Event: 3.003 Thread 0x000001c0d296c270 Exception <a 'java/lang/ClassNotFoundException'{0x0000000766867190}: org/springframework/beans/factory/AwareCustomizer> (0x0000000766867190) 
thrown [./open/src/hotspot/share/classfile/systemDictionary.cpp, line 295]
Event: 3.159 Thread 0x000001c0d296c270 Implicit null exception at 0x000001c0ddfb329f to 0x000001c0ddfb347c
Event: 3.224 Thread 0x000001c0d296c270 Exception <a 'java/lang/NoSuchMethodError'{0x00000007665b5510}: 'void java.lang.invoke.DirectMethodHandle$Holder.invokeInterface(java.lang.Object, java.lang.Object, int)'> (0x00000007665b5510) 
thrown [./open/src/hotspot/share/interpreter/linkResolver.cpp, line 782]
Event: 3.233 Thread 0x000001c0d296c270 Exception <a 'java/lang/IncompatibleClassChangeError'{0x000000076620b9f0}: Found class java.lang.Object, but interface was expected> (0x000000076620b9f0) 
thrown [./open/src/hotspot/share/interpreter/linkResolver.cpp, line 848]
Event: 3.235 Thread 0x000001c0d296c270 Exception <a 'java/lang/NoSuchMethodError'{0x00000007662110d8}: 'void java.lang.invoke.DirectMethodHandle$Holder.invokeStatic(java.lang.Object, int, java.lang.Object)'> (0x00000007662110d8) 
thrown [./open/src/hotspot/share/interpreter/linkResolver.cpp, line 782]
Event: 3.241 Thread 0x000001c0d296c270 Exception <a 'java/lang/NoSuchMethodError'{0x00000007662413e0}: 'int java.lang.invoke.DirectMethodHandle$Holder.invokeSpecial(java.lang.Object, java.lang.Object, int)'> (0x00000007662413e0) 
thrown [./open/src/hotspot/share/interpreter/linkResolver.cpp, line 782]
Event: 3.374 Thread 0x000001c0d296c270 Exception <a 'java/lang/NoSuchMethodError'{0x000000076de31c48}: 'java.lang.Object java.lang.invoke.DirectMethodHandle$Holder.invokeStaticInit(java.lang.Object, int, int, int, int)'> (0x000000076de31c48) 
thrown [./open/src/hotspot/share/interpreter/linkResolver.cpp, line 782]
Event: 3.425 Thread 0x000001c0d296c270 Exception <a 'java/lang/NoSuchMethodError'{0x000000076defa4b8}: 'java.lang.Object java.lang.invoke.DirectMethodHandle$Holder.invokeStaticInit(java.lang.Object, java.lang.Object, int, int, int, int)'> (0x000000076defa4b8) 
thrown [./open/src/hotspot/share/interpreter/linkResolver.cpp, line 782]
Event: 3.786 Thread 0x000001c0d296c270 Exception <a 'java/io/FileNotFoundException'{0x000000076dfc3260}> (0x000000076dfc3260) 
thrown [./open/src/hotspot/share/prims/jni.cpp, line 578]
Event: 3.818 Thread 0x000001c0d296c270 Exception <a 'java/lang/NoSuchMethodError'{0x000000076d95b1e8}: 'int java.lang.invoke.DirectMethodHandle$Holder.invokeInterface(java.lang.Object, java.lang.Object, java.lang.Object, java.lang.Object)'> (0x000000076d95b1e8) 
thrown [./open/src/hotspot/share/interpreter/linkResolver.cpp, line 782]
Event: 3.877 Thread 0x000001c0d296c270 Exception <a 'java/io/FileNotFoundException'{0x000000076794eb08}> (0x000000076794eb08) 
thrown [./open/src/hotspot/share/prims/jni.cpp, line 578]
Event: 3.962 Thread 0x000001c0d296c270 Implicit null exception at 0x000001c0ddf8b0da to 0x000001c0ddf8b31c
Event: 4.262 Thread 0x000001c0d296c270 Exception <a 'sun/nio/fs/WindowsException'{0x000000076668ab68}> (0x000000076668ab68) 
thrown [./open/src/hotspot/share/prims/jni.cpp, line 578]
Event: 4.270 Thread 0x000001c0d296c270 Exception <a 'java/lang/NoSuchMethodError'{0x00000007666afa50}: 'int java.lang.invoke.DirectMethodHandle$Holder.invokeStaticInit(java.lang.Object, java.lang.Object, java.lang.Object, java.lang.Object)'> (0x00000007666afa50) 
thrown [./open/src/hotspot/share/interpreter/linkResolver.cpp, line 782]
Event: 4.540 Thread 0x000001c0d296c270 Exception <a 'java/lang/NoSuchMethodError'{0x000000076d8394a8}: 'java.lang.Object java.lang.invoke.DirectMethodHandle$Holder.invokeStaticInit(java.lang.Object, java.lang.Object, java.lang.Object, java.lang.Object)'> (0x000000076d8394a8) 
thrown [./open/src/hotspot/share/interpreter/linkResolver.cpp, line 782]

Events (20 events):
Event: 4.481 loading class javax/security/auth/login/Configuration
Event: 4.481 loading class javax/security/auth/login/Configuration done
Event: 4.482 loading class javax/security/sasl/SaslClientFactory
Event: 4.483 loading class javax/security/sasl/SaslClientFactory done
Event: 4.483 loading class javax/security/auth/callback/Callback
Event: 4.483 loading class javax/security/auth/callback/Callback done
Event: 4.486 loading class sun/security/ssl/PostHandshakeContext
Event: 4.486 loading class sun/security/ssl/PostHandshakeContext done
Event: 4.486 loading class sun/security/ssl/NewSessionTicket$T13NewSessionTicketMessage
Event: 4.486 loading class sun/security/ssl/NewSessionTicket$NewSessionTicketMessage
Event: 4.486 loading class sun/security/ssl/NewSessionTicket$NewSessionTicketMessage done
Event: 4.486 loading class sun/security/ssl/NewSessionTicket$T13NewSessionTicketMessage done
Event: 4.522 Thread 0x000001c0ee7a8fb0 Thread added: 0x000001c0ee7a8fb0
Event: 4.522 loading class java/util/concurrent/ThreadPoolExecutor$DiscardOldestPolicy
Event: 4.522 loading class java/util/concurrent/ThreadPoolExecutor$DiscardOldestPolicy done
Event: 4.522 loading class java/util/concurrent/ThreadPoolExecutor$CallerRunsPolicy
Event: 4.522 loading class java/util/concurrent/ThreadPoolExecutor$CallerRunsPolicy done
Event: 4.611 loading class java/util/IllegalFormatException
Event: 4.611 loading class java/util/IllegalFormatException done
Event: 4.625 Thread 0x000001c0ee7aa2f0 Thread added: 0x000001c0ee7aa2f0


Dynamic libraries:
0x00007ff62f6e0000 - 0x00007ff62f6ed000 	C:\Users\Dayana.DAYANA\.p2\pool\plugins\org.eclipse.justj.openjdk.hotspot.jre.full.win32.x86_64_15.0.2.v20210201-0955\jre\bin\javaw.exe
0x00007fff34e10000 - 0x00007fff35005000 	C:\WINDOWS\SYSTEM32\ntdll.dll
0x00007fff33cd0000 - 0x00007fff33d8e000 	C:\WINDOWS\System32\KERNEL32.DLL
0x00007fff325b0000 - 0x00007fff32878000 	C:\WINDOWS\System32\KERNELBASE.dll
0x00007fff32a30000 - 0x00007fff32b30000 	C:\WINDOWS\System32\ucrtbase.dll
0x00007fff2f500000 - 0x00007fff2f518000 	C:\Users\Dayana.DAYANA\.p2\pool\plugins\org.eclipse.justj.openjdk.hotspot.jre.full.win32.x86_64_15.0.2.v20210201-0955\jre\bin\jli.dll
0x00007fff297d0000 - 0x00007fff297e9000 	C:\Users\Dayana.DAYANA\.p2\pool\plugins\org.eclipse.justj.openjdk.hotspot.jre.full.win32.x86_64_15.0.2.v20210201-0955\jre\bin\VCRUNTIME140.dll
0x00007fff32e50000 - 0x00007fff32ff1000 	C:\WINDOWS\System32\USER32.dll
0x00007fff25790000 - 0x00007fff25a2a000 	C:\WINDOWS\WinSxS\amd64_microsoft.windows.common-controls_6595b64144ccf1df_6.0.19041.1110_none_60b5254171f9507e\COMCTL32.dll
0x00007fff32880000 - 0x00007fff328a2000 	C:\WINDOWS\System32\win32u.dll
0x00007fff343a0000 - 0x00007fff3443e000 	C:\WINDOWS\System32\msvcrt.dll
0x00007fff34040000 - 0x00007fff3406b000 	C:\WINDOWS\System32\GDI32.dll
0x00007fff32c90000 - 0x00007fff32d9d000 	C:\WINDOWS\System32\gdi32full.dll
0x00007fff32990000 - 0x00007fff32a2d000 	C:\WINDOWS\System32\msvcp_win.dll
0x00007fff347b0000 - 0x00007fff347e0000 	C:\WINDOWS\System32\IMM32.DLL
0x00007fff2f680000 - 0x00007fff2f68c000 	C:\Users\Dayana.DAYANA\.p2\pool\plugins\org.eclipse.justj.openjdk.hotspot.jre.full.win32.x86_64_15.0.2.v20210201-0955\jre\bin\vcruntime140_1.dll
0x00007fff0f850000 - 0x00007fff0f8e1000 	C:\Users\Dayana.DAYANA\.p2\pool\plugins\org.eclipse.justj.openjdk.hotspot.jre.full.win32.x86_64_15.0.2.v20210201-0955\jre\bin\msvcp140.dll
0x00007fff03540000 - 0x00007fff0409e000 	C:\Users\Dayana.DAYANA\.p2\pool\plugins\org.eclipse.justj.openjdk.hotspot.jre.full.win32.x86_64_15.0.2.v20210201-0955\jre\bin\server\jvm.dll
0x00007fff34650000 - 0x00007fff346fc000 	C:\WINDOWS\System32\ADVAPI32.dll
0x00007fff34890000 - 0x00007fff3492b000 	C:\WINDOWS\System32\sechost.dll
0x00007fff34520000 - 0x00007fff3464a000 	C:\WINDOWS\System32\RPCRT4.dll
0x00007fff33c60000 - 0x00007fff33c68000 	C:\WINDOWS\System32\PSAPI.DLL
0x00007fff2e0e0000 - 0x00007fff2e107000 	C:\WINDOWS\SYSTEM32\WINMM.dll
0x00007fff27a20000 - 0x00007fff27a2a000 	C:\WINDOWS\SYSTEM32\VERSION.dll
0x00007fff25210000 - 0x00007fff25219000 	C:\WINDOWS\SYSTEM32\WSOCK32.dll
0x00007fff34330000 - 0x00007fff3439b000 	C:\WINDOWS\System32\WS2_32.dll
0x00007fff30350000 - 0x00007fff30362000 	C:\WINDOWS\SYSTEM32\kernel.appcore.dll
0x00007fff2fe40000 - 0x00007fff2fe4a000 	C:\Users\Dayana.DAYANA\.p2\pool\plugins\org.eclipse.justj.openjdk.hotspot.jre.full.win32.x86_64_15.0.2.v20210201-0955\jre\bin\jimage.dll
0x00007fff27a30000 - 0x00007fff27c14000 	C:\WINDOWS\SYSTEM32\DBGHELP.DLL
0x00007fff26ac0000 - 0x00007fff26aec000 	C:\WINDOWS\SYSTEM32\dbgcore.DLL
0x00007fff32520000 - 0x00007fff325a2000 	C:\WINDOWS\System32\bcryptPrimitives.dll
0x00007fff2a7c0000 - 0x00007fff2a7e5000 	C:\Users\Dayana.DAYANA\.p2\pool\plugins\org.eclipse.justj.openjdk.hotspot.jre.full.win32.x86_64_15.0.2.v20210201-0955\jre\bin\java.dll
0x00007fff2e500000 - 0x00007fff2e518000 	C:\Users\Dayana.DAYANA\.p2\pool\plugins\org.eclipse.justj.openjdk.hotspot.jre.full.win32.x86_64_15.0.2.v20210201-0955\jre\bin\zip.dll
0x00007fff33510000 - 0x00007fff33c54000 	C:\WINDOWS\System32\SHELL32.dll
0x00007fff30630000 - 0x00007fff30dc4000 	C:\WINDOWS\SYSTEM32\windows.storage.dll
0x00007fff331b0000 - 0x00007fff33505000 	C:\WINDOWS\System32\combase.dll
0x00007fff31ea0000 - 0x00007fff31ece000 	C:\WINDOWS\SYSTEM32\Wldp.dll
0x00007fff347e0000 - 0x00007fff3488d000 	C:\WINDOWS\System32\SHCORE.dll
0x00007fff33c70000 - 0x00007fff33cc5000 	C:\WINDOWS\System32\shlwapi.dll
0x00007fff32460000 - 0x00007fff3247f000 	C:\WINDOWS\SYSTEM32\profapi.dll
0x00007fff2cb50000 - 0x00007fff2cb69000 	C:\Users\Dayana.DAYANA\.p2\pool\plugins\org.eclipse.justj.openjdk.hotspot.jre.full.win32.x86_64_15.0.2.v20210201-0955\jre\bin\net.dll
0x00007fff2ce90000 - 0x00007fff2cf9c000 	C:\WINDOWS\SYSTEM32\WINHTTP.dll
0x00007fff31c00000 - 0x00007fff31c6a000 	C:\WINDOWS\system32\mswsock.dll
0x00007fff2ca60000 - 0x00007fff2ca72000 	C:\Users\Dayana.DAYANA\.p2\pool\plugins\org.eclipse.justj.openjdk.hotspot.jre.full.win32.x86_64_15.0.2.v20210201-0955\jre\bin\nio.dll
0x00007fff2fc40000 - 0x00007fff2fc50000 	C:\Users\Dayana.DAYANA\.p2\pool\plugins\org.eclipse.justj.openjdk.hotspot.jre.full.win32.x86_64_15.0.2.v20210201-0955\jre\bin\verify.dll
0x00007fff2f780000 - 0x00007fff2f789000 	C:\Users\Dayana.DAYANA\.p2\pool\plugins\org.eclipse.justj.openjdk.hotspot.jre.full.win32.x86_64_15.0.2.v20210201-0955\jre\bin\management.dll
0x00007fff2f750000 - 0x00007fff2f75b000 	C:\Users\Dayana.DAYANA\.p2\pool\plugins\org.eclipse.justj.openjdk.hotspot.jre.full.win32.x86_64_15.0.2.v20210201-0955\jre\bin\management_ext.dll
0x00007fff1b030000 - 0x00007fff1b047000 	C:\WINDOWS\system32\napinsp.dll
0x00007fff1af90000 - 0x00007fff1afab000 	C:\WINDOWS\system32\pnrpnsp.dll
0x00007fff1af50000 - 0x00007fff1af65000 	C:\WINDOWS\system32\wshbth.dll
0x00007fff2dea0000 - 0x00007fff2debd000 	C:\WINDOWS\system32\NLAapi.dll
0x00007fff318f0000 - 0x00007fff3192b000 	C:\WINDOWS\SYSTEM32\IPHLPAPI.DLL
0x00007fff31930000 - 0x00007fff319fb000 	C:\WINDOWS\SYSTEM32\DNSAPI.dll
0x00007fff34020000 - 0x00007fff34028000 	C:\WINDOWS\System32\NSI.dll
0x00007fff1b010000 - 0x00007fff1b022000 	C:\WINDOWS\System32\winrnr.dll
0x00007fff2af80000 - 0x00007fff2af8a000 	C:\Windows\System32\rasadhlp.dll
0x00007fff2b050000 - 0x00007fff2b0cf000 	C:\WINDOWS\System32\fwpuclnt.dll
0x00007fff32960000 - 0x00007fff32987000 	C:\WINDOWS\System32\bcrypt.dll
0x00007fff31e00000 - 0x00007fff31e18000 	C:\WINDOWS\SYSTEM32\CRYPTSP.dll
0x00007fff31580000 - 0x00007fff315b4000 	C:\WINDOWS\system32\rsaenh.dll
0x00007fff32420000 - 0x00007fff3244e000 	C:\WINDOWS\SYSTEM32\USERENV.dll
0x00007fff31df0000 - 0x00007fff31dfc000 	C:\WINDOWS\SYSTEM32\CRYPTBASE.dll
0x00007fff2c6c0000 - 0x00007fff2c6d7000 	C:\WINDOWS\SYSTEM32\dhcpcsvc6.DLL
0x00007fff2c680000 - 0x00007fff2c69d000 	C:\WINDOWS\SYSTEM32\dhcpcsvc.DLL
0x00007fff2f7a0000 - 0x00007fff2f7ad000 	C:\Users\Dayana.DAYANA\.p2\pool\plugins\org.eclipse.justj.openjdk.hotspot.jre.full.win32.x86_64_15.0.2.v20210201-0955\jre\bin\sunmscapi.dll
0x00007fff32b30000 - 0x00007fff32c86000 	C:\WINDOWS\System32\CRYPT32.dll
0x00007fff31f10000 - 0x00007fff31f37000 	C:\WINDOWS\SYSTEM32\ncrypt.dll
0x00007fff31ed0000 - 0x00007fff31f0b000 	C:\WINDOWS\SYSTEM32\NTASN1.dll

dbghelp: loaded successfully - version: 4.0.5 - missing functions: none
symbol engine: initialized successfully - sym options: 0x614 - pdb path: .;C:\Users\Dayana.DAYANA\.p2\pool\plugins\org.eclipse.justj.openjdk.hotspot.jre.full.win32.x86_64_15.0.2.v20210201-0955\jre\bin;C:\WINDOWS\SYSTEM32;C:\WINDOWS\WinSxS\amd64_microsoft.windows.common-controls_6595b64144ccf1df_6.0.19041.1110_none_60b5254171f9507e;C:\Users\Dayana.DAYANA\.p2\pool\plugins\org.eclipse.justj.openjdk.hotspot.jre.full.win32.x86_64_15.0.2.v20210201-0955\jre\bin\server

VM Arguments:
jvm_args: -Dfile.encoding=UTF-8 -XX:+ShowCodeDetailsInExceptionMessages 
java_command: com.FacturadoraPymes.FacturadoraPymes.FacturadoraPymesApplication
java_class_path (initial): C:\ProyectoGrado\FacturadoraPymes\FacturadoraPymesBackend\target\classes;C:\Users\Dayana.DAYANA\.m2\repository\org\springframework\boot\spring-boot-starter-data-jpa\2.4.4\spring-boot-starter-data-jpa-2.4.4.jar;C:\Users\Dayana.DAYANA\.m2\repository\org\springframework\boot\spring-boot-starter-aop\2.4.4\spring-boot-starter-aop-2.4.4.jar;C:\Users\Dayana.DAYANA\.m2\repository\org\springframework\spring-aop\5.3.5\spring-aop-5.3.5.jar;C:\Users\Dayana.DAYANA\.m2\repository\org\aspectj\aspectjweaver\1.9.6\aspectjweaver-1.9.6.jar;C:\Users\Dayana.DAYANA\.m2\repository\org\springframework\boot\spring-boot-starter-jdbc\2.4.4\spring-boot-starter-jdbc-2.4.4.jar;C:\Users\Dayana.DAYANA\.m2\repository\com\zaxxer\HikariCP\3.4.5\HikariCP-3.4.5.jar;C:\Users\Dayana.DAYANA\.m2\repository\org\springframework\spring-jdbc\5.3.5\spring-jdbc-5.3.5.jar;C:\Users\Dayana.DAYANA\.m2\repository\jakarta\transaction\jakarta.transaction-api\1.3.3\jakarta.transaction-api-1.3.3.jar;C:\Users\Dayana.DAYANA\.m2\repository\jakarta\persistence\jakarta.persistence-api\2.2.3\jakarta.persistence-api-2.2.3.jar;C:\Users\Dayana.DAYANA\.m2\repository\org\hibernate\hibernate-core\5.4.29.Final\hibernate-core-5.4.29.Final.jar;C:\Users\Dayana.DAYANA\.m2\repository\org\javassist\javassist\3.27.0-GA\javassist-3.27.0-GA.jar;C:\Users\Dayana.DAYANA\.m2\repository\net\bytebuddy\byte-buddy\1.10.22\byte-buddy-1.10.22.jar;C:\Users\Dayana.DAYANA\.m2\repository\antlr\antlr\2.7.7\antlr-2.7.7.jar;C:\Users\Dayana.DAYANA\.m2\repository\org\jboss\jandex\2.2.3.Final\jandex-2.2.3.Final.jar;C:\Users\Dayana.DAYANA\.m2\repository\org\dom4j\dom4j\2.1.3\dom4j-2.1.3.jar;C:\Users\Dayana.DAYANA\.m2\repository\org\hibernate\common\hibernate-commons-annotations\5.1.2.Final\hibernate-commons-annotations-5.1.2.Final.jar;C:\Users\Dayana.DAYANA\.m2\repository\org\glassfish\jaxb\jaxb-runtime\2.3.3\jaxb-runtime-2.3.3.jar;C:\Users\Dayana.DAYANA\.m2\repository\org\glassfish\jaxb\txw2\2.3.3\txw2-2.3.3.jar;C:\Users\Dayana.DAYAN
Launcher Type: SUN_STANDARD

[Global flags]
     intx CICompilerCount                          = 4                                         {product} {ergonomic}
     uint ConcGCThreads                            = 2                                         {product} {ergonomic}
     uint G1ConcRefinementThreads                  = 8                                         {product} {ergonomic}
   size_t G1HeapRegionSize                         = 2097152                                   {product} {ergonomic}
    uintx GCDrainStackTargetSize                   = 64                                        {product} {ergonomic}
   size_t InitialHeapSize                          = 163577856                                 {product} {ergonomic}
   size_t MarkStackSize                            = 4194304                                   {product} {ergonomic}
   size_t MaxHeapSize                              = 2613051392                                {product} {ergonomic}
   size_t MaxNewSize                               = 1566572544                                {product} {ergonomic}
   size_t MinHeapDeltaBytes                        = 2097152                                   {product} {ergonomic}
   size_t MinHeapSize                              = 8388608                                   {product} {ergonomic}
    uintx NonNMethodCodeHeapSize                   = 5839372                                {pd product} {ergonomic}
    uintx NonProfiledCodeHeapSize                  = 122909434                              {pd product} {ergonomic}
    uintx ProfiledCodeHeapSize                     = 122909434                              {pd product} {ergonomic}
    uintx ReservedCodeCacheSize                    = 251658240                              {pd product} {ergonomic}
     bool SegmentedCodeCache                       = true                                      {product} {ergonomic}
     bool ShowCodeDetailsInExceptionMessages       = true                                   {manageable} {command line}
   size_t SoftMaxHeapSize                          = 2613051392                             {manageable} {ergonomic}
     bool UseCompressedClassPointers               = true                                 {lp64_product} {ergonomic}
     bool UseCompressedOops                        = true                                 {lp64_product} {ergonomic}
     bool UseG1GC                                  = true                                      {product} {ergonomic}
     bool UseLargePagesIndividualAllocation        = false                                  {pd product} {ergonomic}

Logging:
Log output configuration:
 #0: stdout all=warning uptime,level,tags
 #1: stderr all=off uptime,level,tags

Environment Variables:
JAVA_HOME=C:\Program Files\Java\jdk1.8.0_251
PATH=C:/Users/Dayana.DAYANA/.p2/pool/plugins/org.eclipse.justj.openjdk.hotspot.jre.full.win32.x86_64_15.0.2.v20210201-0955/jre/bin/server;C:/Users/Dayana.DAYANA/.p2/pool/plugins/org.eclipse.justj.openjdk.hotspot.jre.full.win32.x86_64_15.0.2.v20210201-0955/jre/bin;C:\Users\Dayana.DAYANA\AppData\Local\Programs\Python\Python39\Scripts\;C:\Users\Dayana.DAYANA\AppData\Local\Programs\Python\Python39\;C:\oraclexe\app\oracle\product\11.2.0\server\bin;C:\Program Files (x86)\Common Files\Oracle\Java\javapath;C:\WINDOWS\system32;C:\WINDOWS;C:\WINDOWS\System32\Wbem;C:\WINDOWS\System32\WindowsPowerShell\v1.0\;C:\WINDOWS\System32\OpenSSH\;C:\Program Files\MySQL\MySQL Server 8.0\bin;C:\Maven\apache-maven-3.6.3\\bin;C:\Program Files\dotnet\;C:\Program Files\nodejs\;C:\ProgramData\chocolatey\bin;C:\Program Files\Microsoft SQL Server\130\Tools\Binn\;C:\Program Files\Microsoft SQL Server\Client SDK\ODBC\170\Tools\Binn\;C:\wamp64\bin\php\php7.4.9;C:\ProgramData\ComposerSetup\bin;C:\Program Files\Git\cmd;C:\Program Files\Git\mingw64\bin;C:\Program Files\Git\usr\bin;C:\Program Files (x86)\Microsoft SQL Server\150\DTS\Binn\;C:\Program Files\Azure Data Studio\bin;C:\Program Files (x86)\Microsoft SQL Server\150\Tools\Binn\;C:\Program Files\Microsoft SQL Server\150\Tools\Binn\;C:\Program Files\Microsoft SQL Server\150\DTS\Binn\;C:\Program Files (x86)\dotnet\;C:\Users\Dayana.DAYANA\AppData\Local\Microsoft\WindowsApps;;C:\Users\Dayana.DAYANA\AppData\Local\Programs\Microsoft VS Code\bin;C:\Users\Dayana.DAYANA\.dotnet\tools;C:\Users\Dayana.DAYANA\AppData\Roaming\npm;C:\Users\Dayana.DAYANA\AppData\Roaming\Composer\vendor\bin;C:\Program Files\Azure Data Studio\bin;C:\Users\Dayana.DAYANA\Desktop;
USERNAME=Dayana
OS=Windows_NT
PROCESSOR_IDENTIFIER=Intel64 Family 6 Model 42 Stepping 7, GenuineIntel



---------------  S Y S T E M  ---------------

OS:
 Windows 10 , 64 bit Build 19041 (10.0.19041.1348)
OS uptime: 24 days 1:43 hours

CPU: total 8 (initial active 8) (4 cores per cpu, 2 threads per core) family 6 model 42 stepping 7 microcode 0x2f, cmov, cx8, fxsr, mmx, sse, sse2, sse3, ssse3, sse4.1, sse4.2, popcnt, vzeroupper, avx, aes, clmul, ht, tsc, tscinvbit, clflush

Memory: 4k page, system-wide physical 9960M (1330M free)
TotalPageFile size 12101M (AvailPageFile size 5M)
current process WorkingSet (physical memory assigned to process): 232M, peak: 232M
current process commit charge ("private bytes"): 264M, peak: 272M

vm_info: OpenJDK 64-Bit Server VM (15.0.2+7-27) for windows-amd64 JRE (15.0.2+7-27), built on Dec  7 2020 20:02:38 by "mach5one" with unknown MS VC++:1925

END.
