#
# A fatal error has been detected by the Java Runtime Environment:
#
#  EXCEPTION_STACK_OVERFLOW (0xc00000fd) at pc=0x00007fff038913f3, pid=4744, tid=11304
#
# JRE version: OpenJDK Runtime Environment (15.0.2+7) (build 15.0.2+7-27)
# Java VM: OpenJDK 64-Bit Server VM (15.0.2+7-27, mixed mode, tiered, compressed oops, g1 gc, windows-amd64)
# Problematic frame:
# V  [jvm.dll+0x3513f3]
#
# No core dump will be written. Minidumps are not enabled by default on client versions of Windows
#
# If you would like to submit a bug report, please visit:
#   https://bugreport.java.com/bugreport/crash.jsp
#

---------------  S U M M A R Y ------------

Command Line: -Dfile.encoding=UTF-8 -XX:+ShowCodeDetailsInExceptionMessages com.FacturadoraPymes.FacturadoraPymes.FacturadoraPymesApplication

Host: Intel(R) Core(TM) i7-2600 CPU @ 3.40GHz, 8 cores, 9G,  Windows 10 , 64 bit Build 19041 (10.0.19041.1348)
Time: Thu Jan 13 21:15:18 2022 Hora est. Pacífico, Sudamérica elapsed time: 0.238193 seconds (0d 0h 0m 0s)

---------------  T H R E A D  ---------------

Current thread (0x0000022131691210):  JavaThread "Common-Cleaner" daemon [_thread_in_vm, id=11304, stack(0x000000645ae00000,0x000000645af00000)]

Stack: [0x000000645ae00000,0x000000645af00000],  sp=0x000000645aeff7b0,  free space=1021k
Native frames: (J=compiled Java code, j=interpreted, Vv=VM code, C=native code)
V  [jvm.dll+0x3513f3]
V  [jvm.dll+0x62adc2]
V  [jvm.dll+0x351ed1]
V  [jvm.dll+0x352167]
V  [jvm.dll+0x3da791]
V  [jvm.dll+0x74495d]
V  [jvm.dll+0x73d75a]
V  [jvm.dll+0x629c56]
C  [ucrtbase.dll+0x21bb2]
C  [KERNEL32.DLL+0x17034]
C  [ntdll.dll+0x52651]


siginfo: EXCEPTION_STACK_OVERFLOW (0xc00000fd), ExceptionInformation=0x0000000000000001 0x000000645aefa7b0 


Register to memory mapping:

RIP=0x00007fff038913f3 jvm.dll
RAX=0x0000000000000003 is an unknown value
RBX=0x000000645aefa7b0 is pointing into the stack for thread: 0x0000022131691210
RCX=0x0000000000001000 is an unknown value
RDX=0x0 is NULL
RSP=0x000000645aeff7b0 is pointing into the stack for thread: 0x0000022131691210
RBP=0x000000645aeff8b0 is pointing into the stack for thread: 0x0000022131691210
RSI=0x0000022131602ce0 points into unknown readable memory: 0x000000076deb7f28 | 28 7f eb 6d 07 00 00 00
RDI=0x000000645aeffa50 is pointing into the stack for thread: 0x0000022131691210
R8 =0x000000645aeff7b0 is pointing into the stack for thread: 0x0000022131691210
R9 =0x0000000000000130 is an unknown value
R10=0x000000645aeff980 is pointing into the stack for thread: 0x0000022131691210
R11=0x000000645aeffb20 is pointing into the stack for thread: 0x0000022131691210
R12=0x000000645aeff980 is pointing into the stack for thread: 0x0000022131691210
R13=0x000000000000000a is an unknown value
R14=0x0000022131691210 is a thread
R15=0x000000645aeffb20 is pointing into the stack for thread: 0x0000022131691210


Registers:
RAX=0x0000000000000003, RBX=0x000000645aefa7b0, RCX=0x0000000000001000, RDX=0x0000000000000000
RSP=0x000000645aeff7b0, RBP=0x000000645aeff8b0, RSI=0x0000022131602ce0, RDI=0x000000645aeffa50
R8 =0x000000645aeff7b0, R9 =0x0000000000000130, R10=0x000000645aeff980, R11=0x000000645aeffb20
R12=0x000000645aeff980, R13=0x000000000000000a, R14=0x0000022131691210, R15=0x000000645aeffb20
RIP=0x00007fff038913f3, EFLAGS=0x0000000000010202

Top of Stack: (sp=0x000000645aeff7b0)
0x000000645aeff7b0:   000000645aeff7b0 0000022131602ce0
0x000000645aeff7c0:   0000000000000000 0000000000000000
0x000000645aeff7d0:   000000645aeff870 0000000000000000
0x000000645aeff7e0:   0000a5f35552df91 00007fff03727ccc
0x000000645aeff7f0:   00000221314ca7e8 000000645aeff9d0
0x000000645aeff800:   0000000000000000 0000000000000000
0x000000645aeff810:   000000645aeff8b0 00007fff03727eb8
0x000000645aeff820:   000000080004a950 00007fff03a60a3e
0x000000645aeff830:   0000000000000000 0000022131602ce0
0x000000645aeff840:   000000645aeff8b0 00007fff03854546
0x000000645aeff850:   000000645aeff9e8 0000000000000005
0x000000645aeff860:   0000000000000000 0000000000000000
0x000000645aeff870:   0000022131691210 00007fff03a6419a
0x000000645aeff880:   000000645aeff930 000000645aeff930
0x000000645aeff890:   0000022131602ce0 0000000000000000
0x000000645aeff8a0:   0000000000000000 0000000000000000 

Instructions: (pc=0x00007fff038913f3)
0x00007fff038912f3:   16 35 00 49 03 c8 ff e1 41 bd 0a 00 00 00 eb 4c
0x00007fff03891303:   41 bd 0b 00 00 00 c6 85 80 00 00 00 00 eb 57 41
0x00007fff03891313:   bd 06 00 00 00 c6 85 80 00 00 00 00 eb 48 41 bd
0x00007fff03891323:   07 00 00 00 c6 85 80 00 00 00 00 eb 39 ba b2 00
0x00007fff03891333:   00 00 48 8d 0d 7c 49 54 00 e8 6f 4e ec ff e8 fa
0x00007fff03891343:   95 2d 00 41 8b 17 41 bd 63 00 00 00 83 fa 0c 74
0x00007fff03891353:   0e 83 fa 0d 74 09 c6 85 80 00 00 00 00 eb 07 c6
0x00007fff03891363:   85 80 00 00 00 01 49 8b 04 24 8b 40 20 c1 e8 03
0x00007fff03891373:   a8 01 75 0d 48 8b 47 58 48 8b 30 48 89 75 e0 eb
0x00007fff03891383:   07 48 89 5d e8 48 8b f3 41 83 be e8 03 00 00 03
0x00007fff03891393:   74 08 49 8b ce e8 33 30 3f 00 e8 0e 99 2d 00 4c
0x00007fff038913a3:   8b c0 49 8b d4 49 8b ce 48 8b d8 e8 ed ea 2c 00
0x00007fff038913b3:   84 c0 75 1d 4d 8b cc 48 8d 15 f7 48 54 00 41 b8
0x00007fff038913c3:   91 01 00 00 49 8b ce e8 51 a7 f3 ff e9 1b 02 00
0x00007fff038913d3:   00 48 63 0d 45 6e 74 00 33 d2 48 8b 05 5c 19 77
0x00007fff038913e3:   00 48 f7 f1 48 83 f8 01 72 0f 0f 1f 00 48 2b d9
0x00007fff038913f3:   c6 03 00 48 83 e8 01 75 f4 4d 8b cf 4c 89 74 24
0x00007fff03891403:   20 4c 8b c6 48 8d 4c 24 40 49 8b d4 e8 bc fa ff
0x00007fff03891413:   ff 49 83 7e 08 00 0f 85 48 01 00 00 49 8b d6 48
0x00007fff03891423:   8d 4d f0 e8 75 31 fc ff 33 f6 39 77 68 0f 8e 95
0x00007fff03891433:   00 00 00 33 db 0f 1f 84 00 00 00 00 00 48 8b 47
0x00007fff03891443:   60 0f b6 0c 18 85 c9 74 71 48 8b 47 58 48 8b 14
0x00007fff03891453:   d8 83 e9 02 74 48 83 f9 01 74 1a ba e8 01 00 00
0x00007fff03891463:   48 8d 0d 4e 48 54 00 e8 41 4d ec ff e8 cc 94 2d
0x00007fff03891473:   00 33 c9 eb 35 33 c9 48 85 d2 74 2e f6 c2 01 74
0x00007fff03891483:   0f 48 8d 4a ff ff 15 1a a3 6a 00 48 8b c8 eb 1a
0x00007fff03891493:   48 8b ca ff 15 6c 2b 6a 00 48 8b c8 eb 0c 48 85
0x00007fff038914a3:   d2 75 04 33 c9 eb 03 48 8b 0a 48 8b 47 58 48 89
0x00007fff038914b3:   0c d8 48 8b 47 60 c6 04 03 01 ff c6 48 ff c3 3b
0x00007fff038914c3:   77 68 0f 8c 75 ff ff ff 48 8b 47 78 48 8b 5f 58
0x00007fff038914d3:   48 85 c0 74 48 48 8b 10 33 c9 e8 5e 72 12 00 48
0x00007fff038914e3:   85 c0 74 39 49 89 86 d8 03 00 00 49 8b 04 24 48 


Stack slot to memory mapping:
stack at sp + 0 slots: 0x000000645aeff7b0 is pointing into the stack for thread: 0x0000022131691210
stack at sp + 1 slots: 0x0000022131602ce0 points into unknown readable memory: 0x000000076deb7f28 | 28 7f eb 6d 07 00 00 00
stack at sp + 2 slots: 0x0 is NULL
stack at sp + 3 slots: 0x0 is NULL
stack at sp + 4 slots: 0x000000645aeff870 is pointing into the stack for thread: 0x0000022131691210
stack at sp + 5 slots: 0x0 is NULL
stack at sp + 6 slots: 0x0000a5f35552df91 is an unknown value
stack at sp + 7 slots: 0x00007fff03727ccc jvm.dll


---------------  P R O C E S S  ---------------

Threads class SMR info:
_java_thread_list=0x0000022131657eb0, length=11, elements={
0x000002211545ec20, 0x00000221308b5040, 0x00000221308b5af0, 0x0000022131506000,
0x00000221315069c0, 0x0000022131507c10, 0x000002213150def0, 0x000002213150f230,
0x00000221314c9300, 0x000002213167a380, 0x0000022131691210
}

Java Threads: ( => current thread )
  0x000002211545ec20 JavaThread "main" [_thread_blocked, id=17848, stack(0x0000006459d00000,0x0000006459e00000)]
  0x00000221308b5040 JavaThread "Reference Handler" daemon [_thread_blocked, id=11668, stack(0x000000645a400000,0x000000645a500000)]
  0x00000221308b5af0 JavaThread "Finalizer" daemon [_thread_blocked, id=25496, stack(0x000000645a500000,0x000000645a600000)]
  0x0000022131506000 JavaThread "Signal Dispatcher" daemon [_thread_blocked, id=25320, stack(0x000000645a600000,0x000000645a700000)]
  0x00000221315069c0 JavaThread "Attach Listener" daemon [_thread_blocked, id=25332, stack(0x000000645a700000,0x000000645a800000)]
  0x0000022131507c10 JavaThread "Service Thread" daemon [_thread_blocked, id=11344, stack(0x000000645a800000,0x000000645a900000)]
  0x000002213150def0 JavaThread "C2 CompilerThread0" daemon [_thread_blocked, id=1124, stack(0x000000645a900000,0x000000645aa00000)]
  0x000002213150f230 JavaThread "C1 CompilerThread0" daemon [_thread_blocked, id=21004, stack(0x000000645aa00000,0x000000645ab00000)]
  0x00000221314c9300 JavaThread "Sweeper thread" daemon [_thread_blocked, id=23660, stack(0x000000645ab00000,0x000000645ac00000)]
  0x000002213167a380 JavaThread "Notification Thread" daemon [_thread_blocked, id=5772, stack(0x000000645ac00000,0x000000645ad00000)]
=>0x0000022131691210 JavaThread "Common-Cleaner" daemon [_thread_in_vm, id=11304, stack(0x000000645ae00000,0x000000645af00000)]

Other Threads:
  0x000002213089ced0 VMThread "VM Thread" [stack: 0x000000645a300000,0x000000645a400000] [id=24748] _threads_hazard_ptr=0x0000022131657eb0
  0x000002213167b600 WatcherThread [stack: 0x000000645ad00000,0x000000645ae00000] [id=24908]
  0x000002211549cde0 GCTaskThread "GC Thread#0" [stack: 0x0000006459e00000,0x0000006459f00000] [id=14028]
  0x00000221154a9420 ConcurrentGCThread "G1 Main Marker" [stack: 0x0000006459f00000,0x000000645a000000] [id=15780]
  0x00000221154aa090 ConcurrentGCThread "G1 Conc#0" [stack: 0x000000645a000000,0x000000645a100000] [id=24504]
  0x000002211551b720 ConcurrentGCThread "G1 Refine#0" [stack: 0x000000645a100000,0x000000645a200000] [id=26248]
  0x000002211551c0e0 ConcurrentGCThread "G1 Young RemSet Sampling" [stack: 0x000000645a200000,0x000000645a300000] [id=10972]

Threads with active compile tasks:
C2 CompilerThread0      335  120       4       java.util.zip.ZipCoder$UTF8ZipCoder::normalizedHash (81 bytes)

VM state: not at safepoint (normal execution)

VM Mutex/Monitor currently owned by a thread:  ([mutex/lock_event])
[0x0000022115459f10] Compile_lock - owner thread: 0x000002211545ec20
[0x000002211545a810] MethodCompileQueue_lock - owner thread: 0x000002213150def0

Heap address: 0x0000000764400000, size: 2492 MB, Compressed Oops mode: Zero based, Oop shift amount: 3
CDS disabled.
Compressed class space mapped at: 0x0000000800000000-0x0000000840000000, size: 1073741824
Narrow klass base: 0x0000000800000000, Narrow klass shift: 0, Narrow klass range: 0x40000000

GC Precious Log:
 CPUs: 8 total, 8 available
 Memory: 9960M
 Large Page Support: Disabled
 NUMA Support: Disabled
 Compressed Oops: Enabled (Zero based)
 Heap Region Size: 2M
 Heap Min Capacity: 8M
 Heap Initial Capacity: 156M
 Heap Max Capacity: 2492M
 Pre-touch: Disabled
 Parallel Workers: 8
 Concurrent Workers: 2
 Concurrent Refinement Workers: 8
 Periodic GC: Disabled

Heap:
 garbage-first heap   total 159744K, used 0K [0x0000000764400000, 0x0000000800000000)
  region size 2048K, 1 young (2048K), 0 survivors (0K)
 Metaspace       used 4655K, capacity 4726K, committed 4864K, reserved 1062912K
  class space    used 394K, capacity 426K, committed 512K, reserved 1048576K

Heap Regions: E=young(eden), S=young(survivor), O=old, HS=humongous(starts), HC=humongous(continues), CS=collection set, F=free, OA=open archive, CA=closed archive, TAMS=top-at-mark-start (previous, next)
|   0|0x0000000764400000, 0x0000000764400000, 0x0000000764600000|  0%| F|  |TAMS 0x0000000764400000, 0x0000000764400000| Untracked 
|   1|0x0000000764600000, 0x0000000764600000, 0x0000000764800000|  0%| F|  |TAMS 0x0000000764600000, 0x0000000764600000| Untracked 
|   2|0x0000000764800000, 0x0000000764800000, 0x0000000764a00000|  0%| F|  |TAMS 0x0000000764800000, 0x0000000764800000| Untracked 
|   3|0x0000000764a00000, 0x0000000764a00000, 0x0000000764c00000|  0%| F|  |TAMS 0x0000000764a00000, 0x0000000764a00000| Untracked 
|   4|0x0000000764c00000, 0x0000000764c00000, 0x0000000764e00000|  0%| F|  |TAMS 0x0000000764c00000, 0x0000000764c00000| Untracked 
|   5|0x0000000764e00000, 0x0000000764e00000, 0x0000000765000000|  0%| F|  |TAMS 0x0000000764e00000, 0x0000000764e00000| Untracked 
|   6|0x0000000765000000, 0x0000000765000000, 0x0000000765200000|  0%| F|  |TAMS 0x0000000765000000, 0x0000000765000000| Untracked 
|   7|0x0000000765200000, 0x0000000765200000, 0x0000000765400000|  0%| F|  |TAMS 0x0000000765200000, 0x0000000765200000| Untracked 
|   8|0x0000000765400000, 0x0000000765400000, 0x0000000765600000|  0%| F|  |TAMS 0x0000000765400000, 0x0000000765400000| Untracked 
|   9|0x0000000765600000, 0x0000000765600000, 0x0000000765800000|  0%| F|  |TAMS 0x0000000765600000, 0x0000000765600000| Untracked 
|  10|0x0000000765800000, 0x0000000765800000, 0x0000000765a00000|  0%| F|  |TAMS 0x0000000765800000, 0x0000000765800000| Untracked 
|  11|0x0000000765a00000, 0x0000000765a00000, 0x0000000765c00000|  0%| F|  |TAMS 0x0000000765a00000, 0x0000000765a00000| Untracked 
|  12|0x0000000765c00000, 0x0000000765c00000, 0x0000000765e00000|  0%| F|  |TAMS 0x0000000765c00000, 0x0000000765c00000| Untracked 
|  13|0x0000000765e00000, 0x0000000765e00000, 0x0000000766000000|  0%| F|  |TAMS 0x0000000765e00000, 0x0000000765e00000| Untracked 
|  14|0x0000000766000000, 0x0000000766000000, 0x0000000766200000|  0%| F|  |TAMS 0x0000000766000000, 0x0000000766000000| Untracked 
|  15|0x0000000766200000, 0x0000000766200000, 0x0000000766400000|  0%| F|  |TAMS 0x0000000766200000, 0x0000000766200000| Untracked 
|  16|0x0000000766400000, 0x0000000766400000, 0x0000000766600000|  0%| F|  |TAMS 0x0000000766400000, 0x0000000766400000| Untracked 
|  17|0x0000000766600000, 0x0000000766600000, 0x0000000766800000|  0%| F|  |TAMS 0x0000000766600000, 0x0000000766600000| Untracked 
|  18|0x0000000766800000, 0x0000000766800000, 0x0000000766a00000|  0%| F|  |TAMS 0x0000000766800000, 0x0000000766800000| Untracked 
|  19|0x0000000766a00000, 0x0000000766a00000, 0x0000000766c00000|  0%| F|  |TAMS 0x0000000766a00000, 0x0000000766a00000| Untracked 
|  20|0x0000000766c00000, 0x0000000766c00000, 0x0000000766e00000|  0%| F|  |TAMS 0x0000000766c00000, 0x0000000766c00000| Untracked 
|  21|0x0000000766e00000, 0x0000000766e00000, 0x0000000767000000|  0%| F|  |TAMS 0x0000000766e00000, 0x0000000766e00000| Untracked 
|  22|0x0000000767000000, 0x0000000767000000, 0x0000000767200000|  0%| F|  |TAMS 0x0000000767000000, 0x0000000767000000| Untracked 
|  23|0x0000000767200000, 0x0000000767200000, 0x0000000767400000|  0%| F|  |TAMS 0x0000000767200000, 0x0000000767200000| Untracked 
|  24|0x0000000767400000, 0x0000000767400000, 0x0000000767600000|  0%| F|  |TAMS 0x0000000767400000, 0x0000000767400000| Untracked 
|  25|0x0000000767600000, 0x0000000767600000, 0x0000000767800000|  0%| F|  |TAMS 0x0000000767600000, 0x0000000767600000| Untracked 
|  26|0x0000000767800000, 0x0000000767800000, 0x0000000767a00000|  0%| F|  |TAMS 0x0000000767800000, 0x0000000767800000| Untracked 
|  27|0x0000000767a00000, 0x0000000767a00000, 0x0000000767c00000|  0%| F|  |TAMS 0x0000000767a00000, 0x0000000767a00000| Untracked 
|  28|0x0000000767c00000, 0x0000000767c00000, 0x0000000767e00000|  0%| F|  |TAMS 0x0000000767c00000, 0x0000000767c00000| Untracked 
|  29|0x0000000767e00000, 0x0000000767e00000, 0x0000000768000000|  0%| F|  |TAMS 0x0000000767e00000, 0x0000000767e00000| Untracked 
|  30|0x0000000768000000, 0x0000000768000000, 0x0000000768200000|  0%| F|  |TAMS 0x0000000768000000, 0x0000000768000000| Untracked 
|  31|0x0000000768200000, 0x0000000768200000, 0x0000000768400000|  0%| F|  |TAMS 0x0000000768200000, 0x0000000768200000| Untracked 
|  32|0x0000000768400000, 0x0000000768400000, 0x0000000768600000|  0%| F|  |TAMS 0x0000000768400000, 0x0000000768400000| Untracked 
|  33|0x0000000768600000, 0x0000000768600000, 0x0000000768800000|  0%| F|  |TAMS 0x0000000768600000, 0x0000000768600000| Untracked 
|  34|0x0000000768800000, 0x0000000768800000, 0x0000000768a00000|  0%| F|  |TAMS 0x0000000768800000, 0x0000000768800000| Untracked 
|  35|0x0000000768a00000, 0x0000000768a00000, 0x0000000768c00000|  0%| F|  |TAMS 0x0000000768a00000, 0x0000000768a00000| Untracked 
|  36|0x0000000768c00000, 0x0000000768c00000, 0x0000000768e00000|  0%| F|  |TAMS 0x0000000768c00000, 0x0000000768c00000| Untracked 
|  37|0x0000000768e00000, 0x0000000768e00000, 0x0000000769000000|  0%| F|  |TAMS 0x0000000768e00000, 0x0000000768e00000| Untracked 
|  38|0x0000000769000000, 0x0000000769000000, 0x0000000769200000|  0%| F|  |TAMS 0x0000000769000000, 0x0000000769000000| Untracked 
|  39|0x0000000769200000, 0x0000000769200000, 0x0000000769400000|  0%| F|  |TAMS 0x0000000769200000, 0x0000000769200000| Untracked 
|  40|0x0000000769400000, 0x0000000769400000, 0x0000000769600000|  0%| F|  |TAMS 0x0000000769400000, 0x0000000769400000| Untracked 
|  41|0x0000000769600000, 0x0000000769600000, 0x0000000769800000|  0%| F|  |TAMS 0x0000000769600000, 0x0000000769600000| Untracked 
|  42|0x0000000769800000, 0x0000000769800000, 0x0000000769a00000|  0%| F|  |TAMS 0x0000000769800000, 0x0000000769800000| Untracked 
|  43|0x0000000769a00000, 0x0000000769a00000, 0x0000000769c00000|  0%| F|  |TAMS 0x0000000769a00000, 0x0000000769a00000| Untracked 
|  44|0x0000000769c00000, 0x0000000769c00000, 0x0000000769e00000|  0%| F|  |TAMS 0x0000000769c00000, 0x0000000769c00000| Untracked 
|  45|0x0000000769e00000, 0x0000000769e00000, 0x000000076a000000|  0%| F|  |TAMS 0x0000000769e00000, 0x0000000769e00000| Untracked 
|  46|0x000000076a000000, 0x000000076a000000, 0x000000076a200000|  0%| F|  |TAMS 0x000000076a000000, 0x000000076a000000| Untracked 
|  47|0x000000076a200000, 0x000000076a200000, 0x000000076a400000|  0%| F|  |TAMS 0x000000076a200000, 0x000000076a200000| Untracked 
|  48|0x000000076a400000, 0x000000076a400000, 0x000000076a600000|  0%| F|  |TAMS 0x000000076a400000, 0x000000076a400000| Untracked 
|  49|0x000000076a600000, 0x000000076a600000, 0x000000076a800000|  0%| F|  |TAMS 0x000000076a600000, 0x000000076a600000| Untracked 
|  50|0x000000076a800000, 0x000000076a800000, 0x000000076aa00000|  0%| F|  |TAMS 0x000000076a800000, 0x000000076a800000| Untracked 
|  51|0x000000076aa00000, 0x000000076aa00000, 0x000000076ac00000|  0%| F|  |TAMS 0x000000076aa00000, 0x000000076aa00000| Untracked 
|  52|0x000000076ac00000, 0x000000076ac00000, 0x000000076ae00000|  0%| F|  |TAMS 0x000000076ac00000, 0x000000076ac00000| Untracked 
|  53|0x000000076ae00000, 0x000000076ae00000, 0x000000076b000000|  0%| F|  |TAMS 0x000000076ae00000, 0x000000076ae00000| Untracked 
|  54|0x000000076b000000, 0x000000076b000000, 0x000000076b200000|  0%| F|  |TAMS 0x000000076b000000, 0x000000076b000000| Untracked 
|  55|0x000000076b200000, 0x000000076b200000, 0x000000076b400000|  0%| F|  |TAMS 0x000000076b200000, 0x000000076b200000| Untracked 
|  56|0x000000076b400000, 0x000000076b400000, 0x000000076b600000|  0%| F|  |TAMS 0x000000076b400000, 0x000000076b400000| Untracked 
|  57|0x000000076b600000, 0x000000076b600000, 0x000000076b800000|  0%| F|  |TAMS 0x000000076b600000, 0x000000076b600000| Untracked 
|  58|0x000000076b800000, 0x000000076b800000, 0x000000076ba00000|  0%| F|  |TAMS 0x000000076b800000, 0x000000076b800000| Untracked 
|  59|0x000000076ba00000, 0x000000076ba00000, 0x000000076bc00000|  0%| F|  |TAMS 0x000000076ba00000, 0x000000076ba00000| Untracked 
|  60|0x000000076bc00000, 0x000000076bc00000, 0x000000076be00000|  0%| F|  |TAMS 0x000000076bc00000, 0x000000076bc00000| Untracked 
|  61|0x000000076be00000, 0x000000076be00000, 0x000000076c000000|  0%| F|  |TAMS 0x000000076be00000, 0x000000076be00000| Untracked 
|  62|0x000000076c000000, 0x000000076c000000, 0x000000076c200000|  0%| F|  |TAMS 0x000000076c000000, 0x000000076c000000| Untracked 
|  63|0x000000076c200000, 0x000000076c200000, 0x000000076c400000|  0%| F|  |TAMS 0x000000076c200000, 0x000000076c200000| Untracked 
|  64|0x000000076c400000, 0x000000076c400000, 0x000000076c600000|  0%| F|  |TAMS 0x000000076c400000, 0x000000076c400000| Untracked 
|  65|0x000000076c600000, 0x000000076c600000, 0x000000076c800000|  0%| F|  |TAMS 0x000000076c600000, 0x000000076c600000| Untracked 
|  66|0x000000076c800000, 0x000000076c800000, 0x000000076ca00000|  0%| F|  |TAMS 0x000000076c800000, 0x000000076c800000| Untracked 
|  67|0x000000076ca00000, 0x000000076ca00000, 0x000000076cc00000|  0%| F|  |TAMS 0x000000076ca00000, 0x000000076ca00000| Untracked 
|  68|0x000000076cc00000, 0x000000076cc00000, 0x000000076ce00000|  0%| F|  |TAMS 0x000000076cc00000, 0x000000076cc00000| Untracked 
|  69|0x000000076ce00000, 0x000000076ce00000, 0x000000076d000000|  0%| F|  |TAMS 0x000000076ce00000, 0x000000076ce00000| Untracked 
|  70|0x000000076d000000, 0x000000076d000000, 0x000000076d200000|  0%| F|  |TAMS 0x000000076d000000, 0x000000076d000000| Untracked 
|  71|0x000000076d200000, 0x000000076d200000, 0x000000076d400000|  0%| F|  |TAMS 0x000000076d200000, 0x000000076d200000| Untracked 
|  72|0x000000076d400000, 0x000000076d400000, 0x000000076d600000|  0%| F|  |TAMS 0x000000076d400000, 0x000000076d400000| Untracked 
|  73|0x000000076d600000, 0x000000076d600000, 0x000000076d800000|  0%| F|  |TAMS 0x000000076d600000, 0x000000076d600000| Untracked 
|  74|0x000000076d800000, 0x000000076d800000, 0x000000076da00000|  0%| F|  |TAMS 0x000000076d800000, 0x000000076d800000| Untracked 
|  75|0x000000076da00000, 0x000000076da00000, 0x000000076dc00000|  0%| F|  |TAMS 0x000000076da00000, 0x000000076da00000| Untracked 
|  76|0x000000076dc00000, 0x000000076dc00000, 0x000000076de00000|  0%| F|  |TAMS 0x000000076dc00000, 0x000000076dc00000| Untracked 
|  77|0x000000076de00000, 0x000000076df6beb8, 0x000000076e000000| 71%| E|  |TAMS 0x000000076de00000, 0x000000076de00000| Complete 

Card table byte_map: [0x0000022128690000,0x0000022128b70000] _byte_map_base: 0x0000022124b6e000

Marking Bits (Prev, Next): (CMBitMap*) 0x000002211549e660, (CMBitMap*) 0x000002211549e6a0
 Prev Bits: [0x0000022129050000, 0x000002212b740000)
 Next Bits: [0x000002212b740000, 0x000002212de30000)

Polling page: 0x0000022113410000

Metaspace:

Usage:
  Non-class:      4.20 MB capacity,     4.16 MB (>99%) used,    34.07 KB ( <1%) free+waste,     4.38 KB ( <1%) overhead. 
      Class:    426.00 KB capacity,   394.22 KB ( 93%) used,    31.34 KB (  7%) free+waste,   448 bytes ( <1%) overhead. 
       Both:      4.62 MB capacity,     4.55 MB ( 99%) used,    65.41 KB (  1%) free+waste,     4.81 KB ( <1%) overhead. 

Virtual space:
  Non-class space:       14.00 MB reserved,       4.25 MB ( 30%) committed 
      Class space:        1.00 GB reserved,     512.00 KB ( <1%) committed 
             Both:        1.01 GB reserved,       4.75 MB ( <1%) committed 

Chunk freelists:
   Non-Class:  52.00 KB
       Class:  22.00 KB
        Both:  74.00 KB

MaxMetaspaceSize: 17179869184.00 GB
CompressedClassSpaceSize: 1.00 GB

CodeHeap 'non-profiled nmethods': size=120000Kb used=22Kb max_used=22Kb free=119977Kb
 bounds [0x0000022120940000, 0x0000022120bb0000, 0x0000022127e70000]
CodeHeap 'profiled nmethods': size=120000Kb used=149Kb max_used=149Kb free=119850Kb
 bounds [0x0000022119410000, 0x0000022119680000, 0x0000022120940000]
CodeHeap 'non-nmethods': size=5760Kb used=1081Kb max_used=1081Kb free=4678Kb
 bounds [0x0000022118e70000, 0x00000221190e0000, 0x0000022119410000]
 total_blobs=414 nmethods=119 adapters=206
 compilation: enabled
              stopped_count=0, restarted_count=0
 full_count=0

Compilation events (20 events):
Event: 0.207 Thread 0x000002213150f230 nmethod 111 0x0000022119432890 code [0x0000022119432a20, 0x0000022119432b58]
Event: 0.207 Thread 0x000002213150f230  110       3       java.lang.System::getSecurityManager (12 bytes)
Event: 0.208 Thread 0x000002213150f230 nmethod 110 0x0000022119432c10 code [0x0000022119432dc0, 0x0000022119432f38]
Event: 0.208 Thread 0x000002213150f230  112       3       java.util.zip.ZipUtils::CENHOW (9 bytes)
Event: 0.208 Thread 0x000002213150f230 nmethod 112 0x0000022119433010 code [0x00000221194331c0, 0x0000022119433358]
Event: 0.208 Thread 0x000002213150f230  118       3       java.util.zip.ZipUtils::CENFLG (9 bytes)
Event: 0.208 Thread 0x000002213150f230 nmethod 118 0x0000022119433490 code [0x0000022119433640, 0x00000221194337d8]
Event: 0.208 Thread 0x000002213150f230  113       3       java.util.zip.ZipUtils::CENEXT (9 bytes)
Event: 0.209 Thread 0x000002213150f230 nmethod 113 0x0000022119433910 code [0x0000022119433ac0, 0x0000022119433c58]
Event: 0.209 Thread 0x000002213150f230  114       3       java.util.zip.ZipUtils::CENCOM (9 bytes)
Event: 0.209 Thread 0x000002213150f230 nmethod 114 0x0000022119433d90 code [0x0000022119433f40, 0x00000221194340d8]
Event: 0.209 Thread 0x000002213150f230  115       3       java.util.zip.ZipUtils::CENSIG (8 bytes)
Event: 0.209 Thread 0x000002213150f230 nmethod 115 0x0000022119434210 code [0x00000221194343c0, 0x0000022119434698]
Event: 0.209 Thread 0x000002213150f230  116       3       java.util.zip.ZipFile$Source::addEntry (33 bytes)
Event: 0.209 Thread 0x000002213150f230 nmethod 116 0x0000022119434810 code [0x00000221194349a0, 0x0000022119434b18]
Event: 0.209 Thread 0x000002213150def0  119   !   4       java.util.zip.ZipFile$Source::checkUTF8 (43 bytes)
Event: 0.209 Thread 0x000002213150f230  117       3       java.util.zip.ZipFile$Source::isMetaName (141 bytes)
Event: 0.209 Thread 0x000002213150f230 nmethod 117 0x0000022119434c10 code [0x0000022119434de0, 0x00000221194352d8]
Event: 0.212 Thread 0x000002213150def0 nmethod 119 0x0000022120945510 code [0x0000022120945680, 0x0000022120945878]
Event: 0.212 Thread 0x000002213150def0  120       4       java.util.zip.ZipCoder$UTF8ZipCoder::normalizedHash (81 bytes)

GC Heap History (0 events):
No events

Deoptimization events (8 events):
Event: 0.175 Thread 0x000002211545ec20 Uncommon trap: trap_request=0xffffff45 fr.pc=0x0000022120941394 relative=0x0000000000000074
Event: 0.175 Thread 0x000002211545ec20 Uncommon trap: reason=unstable_if action=reinterpret pc=0x0000022120941394 method=java.lang.String.isLatin1()Z @ 10 c2
Event: 0.175 Thread 0x000002211545ec20 DEOPT PACKING pc=0x0000022120941394 sp=0x0000006459dfeff0
Event: 0.175 Thread 0x000002211545ec20 DEOPT UNPACKING pc=0x0000022118ebe42f sp=0x0000006459dfef30 mode 2
Event: 0.177 Thread 0x000002211545ec20 Uncommon trap: trap_request=0xffffff45 fr.pc=0x0000022120944d44 relative=0x00000000000001a4
Event: 0.177 Thread 0x000002211545ec20 Uncommon trap: reason=unstable_if action=reinterpret pc=0x0000022120944d44 method=java.lang.String.hashCode()I @ 42 c2
Event: 0.177 Thread 0x000002211545ec20 DEOPT PACKING pc=0x0000022120944d44 sp=0x0000006459dfd8d0
Event: 0.177 Thread 0x000002211545ec20 DEOPT UNPACKING pc=0x0000022118ebe42f sp=0x0000006459dfd868 mode 2

Classes unloaded (0 events):
No events

Classes redefined (0 events):
No events

Internal exceptions (0 events):
No events

Events (20 events):
Event: 0.204 Loaded shared library C:\Users\Dayana.DAYANA\.p2\pool\plugins\org.eclipse.justj.openjdk.hotspot.jre.full.win32.x86_64_15.0.2.v20210201-0955\jre\bin\zip.dll
Event: 0.204 loading class java/util/zip/Inflater$InflaterZStreamRef
Event: 0.204 loading class java/util/zip/Inflater$InflaterZStreamRef done
Event: 0.204 loading class java/util/zip/ZipFile$InflaterCleanupAction
Event: 0.204 loading class java/util/zip/ZipFile$InflaterCleanupAction done
Event: 0.211 loading class java/util/TreeSet
Event: 0.212 loading class java/util/NavigableSet
Event: 0.212 loading class java/util/SortedSet
Event: 0.212 loading class java/util/SortedSet done
Event: 0.212 loading class java/util/NavigableSet done
Event: 0.212 loading class java/util/TreeSet done
Event: 0.212 loading class java/util/TreeMap
Event: 0.213 loading class java/util/NavigableMap
Event: 0.213 loading class java/util/SortedMap
Event: 0.213 loading class java/util/SortedMap done
Event: 0.213 loading class java/util/NavigableMap done
Event: 0.213 loading class java/util/TreeMap done
Event: 0.213 loading class java/util/TreeMap$Entry
Event: 0.213 loading class java/util/TreeMap$Entry done
Event: 0.214 loading class java/util/TreeMap$KeySet


Dynamic libraries:
0x00007ff62f6e0000 - 0x00007ff62f6ed000 	C:\Users\Dayana.DAYANA\.p2\pool\plugins\org.eclipse.justj.openjdk.hotspot.jre.full.win32.x86_64_15.0.2.v20210201-0955\jre\bin\javaw.exe
0x00007fff34e10000 - 0x00007fff35005000 	C:\WINDOWS\SYSTEM32\ntdll.dll
0x00007fff33cd0000 - 0x00007fff33d8e000 	C:\WINDOWS\System32\KERNEL32.DLL
0x00007fff325b0000 - 0x00007fff32878000 	C:\WINDOWS\System32\KERNELBASE.dll
0x00007fff32a30000 - 0x00007fff32b30000 	C:\WINDOWS\System32\ucrtbase.dll
0x00007fff2f500000 - 0x00007fff2f518000 	C:\Users\Dayana.DAYANA\.p2\pool\plugins\org.eclipse.justj.openjdk.hotspot.jre.full.win32.x86_64_15.0.2.v20210201-0955\jre\bin\jli.dll
0x00007fff2f520000 - 0x00007fff2f539000 	C:\Users\Dayana.DAYANA\.p2\pool\plugins\org.eclipse.justj.openjdk.hotspot.jre.full.win32.x86_64_15.0.2.v20210201-0955\jre\bin\VCRUNTIME140.dll
0x00007fff32e50000 - 0x00007fff32ff1000 	C:\WINDOWS\System32\USER32.dll
0x00007fff32880000 - 0x00007fff328a2000 	C:\WINDOWS\System32\win32u.dll
0x00007fff25790000 - 0x00007fff25a2a000 	C:\WINDOWS\WinSxS\amd64_microsoft.windows.common-controls_6595b64144ccf1df_6.0.19041.1110_none_60b5254171f9507e\COMCTL32.dll
0x00007fff343a0000 - 0x00007fff3443e000 	C:\WINDOWS\System32\msvcrt.dll
0x00007fff34040000 - 0x00007fff3406b000 	C:\WINDOWS\System32\GDI32.dll
0x00007fff32c90000 - 0x00007fff32d9d000 	C:\WINDOWS\System32\gdi32full.dll
0x00007fff32990000 - 0x00007fff32a2d000 	C:\WINDOWS\System32\msvcp_win.dll
0x00007fff347b0000 - 0x00007fff347e0000 	C:\WINDOWS\System32\IMM32.DLL
0x00007fff2f680000 - 0x00007fff2f68c000 	C:\Users\Dayana.DAYANA\.p2\pool\plugins\org.eclipse.justj.openjdk.hotspot.jre.full.win32.x86_64_15.0.2.v20210201-0955\jre\bin\vcruntime140_1.dll
0x00007fff1fc40000 - 0x00007fff1fcd1000 	C:\Users\Dayana.DAYANA\.p2\pool\plugins\org.eclipse.justj.openjdk.hotspot.jre.full.win32.x86_64_15.0.2.v20210201-0955\jre\bin\msvcp140.dll
0x00007fff03540000 - 0x00007fff0409e000 	C:\Users\Dayana.DAYANA\.p2\pool\plugins\org.eclipse.justj.openjdk.hotspot.jre.full.win32.x86_64_15.0.2.v20210201-0955\jre\bin\server\jvm.dll
0x00007fff34650000 - 0x00007fff346fc000 	C:\WINDOWS\System32\ADVAPI32.dll
0x00007fff34890000 - 0x00007fff3492b000 	C:\WINDOWS\System32\sechost.dll
0x00007fff34520000 - 0x00007fff3464a000 	C:\WINDOWS\System32\RPCRT4.dll
0x00007fff33c60000 - 0x00007fff33c68000 	C:\WINDOWS\System32\PSAPI.DLL
0x00007fff25210000 - 0x00007fff25219000 	C:\WINDOWS\SYSTEM32\WSOCK32.dll
0x00007fff2e0e0000 - 0x00007fff2e107000 	C:\WINDOWS\SYSTEM32\WINMM.dll
0x00007fff27a20000 - 0x00007fff27a2a000 	C:\WINDOWS\SYSTEM32\VERSION.dll
0x00007fff34330000 - 0x00007fff3439b000 	C:\WINDOWS\System32\WS2_32.dll
0x00007fff30350000 - 0x00007fff30362000 	C:\WINDOWS\SYSTEM32\kernel.appcore.dll
0x00007fff2fe40000 - 0x00007fff2fe4a000 	C:\Users\Dayana.DAYANA\.p2\pool\plugins\org.eclipse.justj.openjdk.hotspot.jre.full.win32.x86_64_15.0.2.v20210201-0955\jre\bin\jimage.dll
0x00007fff27a30000 - 0x00007fff27c14000 	C:\WINDOWS\SYSTEM32\DBGHELP.DLL
0x00007fff26ac0000 - 0x00007fff26aec000 	C:\WINDOWS\SYSTEM32\dbgcore.DLL
0x00007fff32520000 - 0x00007fff325a2000 	C:\WINDOWS\System32\bcryptPrimitives.dll
0x00007fff2a7c0000 - 0x00007fff2a7e5000 	C:\Users\Dayana.DAYANA\.p2\pool\plugins\org.eclipse.justj.openjdk.hotspot.jre.full.win32.x86_64_15.0.2.v20210201-0955\jre\bin\java.dll
0x00007fff2e500000 - 0x00007fff2e518000 	C:\Users\Dayana.DAYANA\.p2\pool\plugins\org.eclipse.justj.openjdk.hotspot.jre.full.win32.x86_64_15.0.2.v20210201-0955\jre\bin\zip.dll
0x00007fff33510000 - 0x00007fff33c54000 	C:\WINDOWS\System32\SHELL32.dll
0x00007fff30630000 - 0x00007fff30dc4000 	C:\WINDOWS\SYSTEM32\windows.storage.dll
0x00007fff331b0000 - 0x00007fff33505000 	C:\WINDOWS\System32\combase.dll
0x00007fff31ea0000 - 0x00007fff31ece000 	C:\WINDOWS\SYSTEM32\Wldp.dll
0x00007fff347e0000 - 0x00007fff3488d000 	C:\WINDOWS\System32\SHCORE.dll
0x00007fff33c70000 - 0x00007fff33cc5000 	C:\WINDOWS\System32\shlwapi.dll
0x00007fff32460000 - 0x00007fff3247f000 	C:\WINDOWS\SYSTEM32\profapi.dll
0x00007fff2cb50000 - 0x00007fff2cb69000 	C:\Users\Dayana.DAYANA\.p2\pool\plugins\org.eclipse.justj.openjdk.hotspot.jre.full.win32.x86_64_15.0.2.v20210201-0955\jre\bin\net.dll
0x00007fff2ce90000 - 0x00007fff2cf9c000 	C:\WINDOWS\SYSTEM32\WINHTTP.dll
0x00007fff31c00000 - 0x00007fff31c6a000 	C:\WINDOWS\system32\mswsock.dll
0x00007fff2ca60000 - 0x00007fff2ca72000 	C:\Users\Dayana.DAYANA\.p2\pool\plugins\org.eclipse.justj.openjdk.hotspot.jre.full.win32.x86_64_15.0.2.v20210201-0955\jre\bin\nio.dll

dbghelp: loaded successfully - version: 4.0.5 - missing functions: none
symbol engine: initialized successfully - sym options: 0x614 - pdb path: .;C:\Users\Dayana.DAYANA\.p2\pool\plugins\org.eclipse.justj.openjdk.hotspot.jre.full.win32.x86_64_15.0.2.v20210201-0955\jre\bin;C:\WINDOWS\SYSTEM32;C:\WINDOWS\WinSxS\amd64_microsoft.windows.common-controls_6595b64144ccf1df_6.0.19041.1110_none_60b5254171f9507e;C:\Users\Dayana.DAYANA\.p2\pool\plugins\org.eclipse.justj.openjdk.hotspot.jre.full.win32.x86_64_15.0.2.v20210201-0955\jre\bin\server

VM Arguments:
jvm_args: -Dfile.encoding=UTF-8 -XX:+ShowCodeDetailsInExceptionMessages 
java_command: com.FacturadoraPymes.FacturadoraPymes.FacturadoraPymesApplication
java_class_path (initial): C:\ProyectoGrado\FacturadoraPymes\FacturadoraPymesBackend\target\classes;C:\Users\Dayana.DAYANA\.m2\repository\org\springframework\boot\spring-boot-starter-data-jpa\2.4.4\spring-boot-starter-data-jpa-2.4.4.jar;C:\Users\Dayana.DAYANA\.m2\repository\org\springframework\boot\spring-boot-starter-aop\2.4.4\spring-boot-starter-aop-2.4.4.jar;C:\Users\Dayana.DAYANA\.m2\repository\org\springframework\spring-aop\5.3.5\spring-aop-5.3.5.jar;C:\Users\Dayana.DAYANA\.m2\repository\org\aspectj\aspectjweaver\1.9.6\aspectjweaver-1.9.6.jar;C:\Users\Dayana.DAYANA\.m2\repository\org\springframework\boot\spring-boot-starter-jdbc\2.4.4\spring-boot-starter-jdbc-2.4.4.jar;C:\Users\Dayana.DAYANA\.m2\repository\com\zaxxer\HikariCP\3.4.5\HikariCP-3.4.5.jar;C:\Users\Dayana.DAYANA\.m2\repository\org\springframework\spring-jdbc\5.3.5\spring-jdbc-5.3.5.jar;C:\Users\Dayana.DAYANA\.m2\repository\jakarta\transaction\jakarta.transaction-api\1.3.3\jakarta.transaction-api-1.3.3.jar;C:\Users\Dayana.DAYANA\.m2\repository\jakarta\persistence\jakarta.persistence-api\2.2.3\jakarta.persistence-api-2.2.3.jar;C:\Users\Dayana.DAYANA\.m2\repository\org\hibernate\hibernate-core\5.4.29.Final\hibernate-core-5.4.29.Final.jar;C:\Users\Dayana.DAYANA\.m2\repository\org\javassist\javassist\3.27.0-GA\javassist-3.27.0-GA.jar;C:\Users\Dayana.DAYANA\.m2\repository\net\bytebuddy\byte-buddy\1.10.22\byte-buddy-1.10.22.jar;C:\Users\Dayana.DAYANA\.m2\repository\antlr\antlr\2.7.7\antlr-2.7.7.jar;C:\Users\Dayana.DAYANA\.m2\repository\org\jboss\jandex\2.2.3.Final\jandex-2.2.3.Final.jar;C:\Users\Dayana.DAYANA\.m2\repository\org\dom4j\dom4j\2.1.3\dom4j-2.1.3.jar;C:\Users\Dayana.DAYANA\.m2\repository\org\hibernate\common\hibernate-commons-annotations\5.1.2.Final\hibernate-commons-annotations-5.1.2.Final.jar;C:\Users\Dayana.DAYANA\.m2\repository\org\glassfish\jaxb\jaxb-runtime\2.3.3\jaxb-runtime-2.3.3.jar;C:\Users\Dayana.DAYANA\.m2\repository\org\glassfish\jaxb\txw2\2.3.3\txw2-2.3.3.jar;C:\Users\Dayana.DAYAN
Launcher Type: SUN_STANDARD

[Global flags]
     intx CICompilerCount                          = 4                                         {product} {ergonomic}
     uint ConcGCThreads                            = 2                                         {product} {ergonomic}
     uint G1ConcRefinementThreads                  = 8                                         {product} {ergonomic}
   size_t G1HeapRegionSize                         = 2097152                                   {product} {ergonomic}
    uintx GCDrainStackTargetSize                   = 64                                        {product} {ergonomic}
   size_t InitialHeapSize                          = 163577856                                 {product} {ergonomic}
   size_t MarkStackSize                            = 4194304                                   {product} {ergonomic}
   size_t MaxHeapSize                              = 2613051392                                {product} {ergonomic}
   size_t MaxNewSize                               = 1566572544                                {product} {ergonomic}
   size_t MinHeapDeltaBytes                        = 2097152                                   {product} {ergonomic}
   size_t MinHeapSize                              = 8388608                                   {product} {ergonomic}
    uintx NonNMethodCodeHeapSize                   = 5839372                                {pd product} {ergonomic}
    uintx NonProfiledCodeHeapSize                  = 122909434                              {pd product} {ergonomic}
    uintx ProfiledCodeHeapSize                     = 122909434                              {pd product} {ergonomic}
    uintx ReservedCodeCacheSize                    = 251658240                              {pd product} {ergonomic}
     bool SegmentedCodeCache                       = true                                      {product} {ergonomic}
     bool ShowCodeDetailsInExceptionMessages       = true                                   {manageable} {command line}
   size_t SoftMaxHeapSize                          = 2613051392                             {manageable} {ergonomic}
     bool UseCompressedClassPointers               = true                                 {lp64_product} {ergonomic}
     bool UseCompressedOops                        = true                                 {lp64_product} {ergonomic}
     bool UseG1GC                                  = true                                      {product} {ergonomic}
     bool UseLargePagesIndividualAllocation        = false                                  {pd product} {ergonomic}

Logging:
Log output configuration:
 #0: stdout all=warning uptime,level,tags
 #1: stderr all=off uptime,level,tags

Environment Variables:
JAVA_HOME=C:\Program Files\Java\jdk1.8.0_251
PATH=C:/Users/Dayana.DAYANA/.p2/pool/plugins/org.eclipse.justj.openjdk.hotspot.jre.full.win32.x86_64_15.0.2.v20210201-0955/jre/bin/server;C:/Users/Dayana.DAYANA/.p2/pool/plugins/org.eclipse.justj.openjdk.hotspot.jre.full.win32.x86_64_15.0.2.v20210201-0955/jre/bin;C:\Users\Dayana.DAYANA\AppData\Local\Programs\Python\Python39\Scripts\;C:\Users\Dayana.DAYANA\AppData\Local\Programs\Python\Python39\;C:\oraclexe\app\oracle\product\11.2.0\server\bin;C:\Program Files (x86)\Common Files\Oracle\Java\javapath;C:\WINDOWS\system32;C:\WINDOWS;C:\WINDOWS\System32\Wbem;C:\WINDOWS\System32\WindowsPowerShell\v1.0\;C:\WINDOWS\System32\OpenSSH\;C:\Program Files\MySQL\MySQL Server 8.0\bin;C:\Maven\apache-maven-3.6.3\\bin;C:\Program Files\dotnet\;C:\Program Files\nodejs\;C:\ProgramData\chocolatey\bin;C:\Program Files\Microsoft SQL Server\130\Tools\Binn\;C:\Program Files\Microsoft SQL Server\Client SDK\ODBC\170\Tools\Binn\;C:\wamp64\bin\php\php7.4.9;C:\ProgramData\ComposerSetup\bin;C:\Program Files\Git\cmd;C:\Program Files\Git\mingw64\bin;C:\Program Files\Git\usr\bin;C:\Program Files (x86)\Microsoft SQL Server\150\DTS\Binn\;C:\Program Files\Azure Data Studio\bin;C:\Program Files (x86)\Microsoft SQL Server\150\Tools\Binn\;C:\Program Files\Microsoft SQL Server\150\Tools\Binn\;C:\Program Files\Microsoft SQL Server\150\DTS\Binn\;C:\Program Files (x86)\dotnet\;C:\Users\Dayana.DAYANA\AppData\Local\Microsoft\WindowsApps;;C:\Users\Dayana.DAYANA\AppData\Local\Programs\Microsoft VS Code\bin;C:\Users\Dayana.DAYANA\.dotnet\tools;C:\Users\Dayana.DAYANA\AppData\Roaming\npm;C:\Users\Dayana.DAYANA\AppData\Roaming\Composer\vendor\bin;C:\Program Files\Azure Data Studio\bin;C:\Users\Dayana.DAYANA\Desktop;
USERNAME=Dayana
OS=Windows_NT
PROCESSOR_IDENTIFIER=Intel64 Family 6 Model 42 Stepping 7, GenuineIntel



---------------  S Y S T E M  ---------------

OS:
 Windows 10 , 64 bit Build 19041 (10.0.19041.1348)
OS uptime: 24 days 1:44 hours

CPU: total 8 (initial active 8) (4 cores per cpu, 2 threads per core) family 6 model 42 stepping 7 microcode 0x2f, cmov, cx8, fxsr, mmx, sse, sse2, sse3, ssse3, sse4.1, sse4.2, popcnt, vzeroupper, avx, aes, clmul, ht, tsc, tscinvbit, clflush

Memory: 4k page, system-wide physical 9960M (1536M free)
TotalPageFile size 12101M (AvailPageFile size 5M)
current process WorkingSet (physical memory assigned to process): 30M, peak: 30M
current process commit charge ("private bytes"): 232M, peak: 232M

vm_info: OpenJDK 64-Bit Server VM (15.0.2+7-27) for windows-amd64 JRE (15.0.2+7-27), built on Dec  7 2020 20:02:38 by "mach5one" with unknown MS VC++:1925

END.
