#
# There is insufficient memory for the Java Runtime Environment to continue.
# Native memory allocation (malloc) failed to allocate 1628944 bytes for Chunk::new
# Possible reasons:
#   The system is out of physical RAM or swap space
#   The process is running with CompressedOops enabled, and the Java Heap may be blocking the growth of the native heap
# Possible solutions:
#   Reduce memory load on the system
#   Increase physical memory or swap space
#   Check if swap backing store is full
#   Decrease Java heap size (-Xmx/-Xms)
#   Decrease number of Java threads
#   Decrease Java thread stack sizes (-Xss)
#   Set larger code cache with -XX:ReservedCodeCacheSize=
#   JVM is running with Zero Based Compressed Oops mode in which the Java heap is
#     placed in the first 32GB address space. The Java Heap base address is the
#     maximum limit for the native heap growth. Please use -XX:HeapBaseMinAddress
#     to set the Java Heap base and to place the Java Heap above 32GB virtual address.
# This output file may be truncated or incomplete.
#
#  Out of Memory Error (./open/src/hotspot/share/memory/arena.cpp:195), pid=20120, tid=20608
#
# JRE version: OpenJDK Runtime Environment (15.0.2+7) (build 15.0.2+7-27)
# Java VM: OpenJDK 64-Bit Server VM (15.0.2+7-27, mixed mode, tiered, compressed oops, g1 gc, windows-amd64)
# No core dump will be written. Minidumps are not enabled by default on client versions of Windows
#

---------------  S U M M A R Y ------------

Command Line: -Dfile.encoding=UTF-8 -XX:+ShowCodeDetailsInExceptionMessages com.FacturadoraPymes.FacturadoraPymes.FacturadoraPymesApplication

Host: Intel(R) Core(TM) i7-2600 CPU @ 3.40GHz, 8 cores, 9G,  Windows 10 , 64 bit Build 19041 (10.0.19041.1348)
Time: Thu Jan 13 20:43:13 2022 Hora est. Pacífico, Sudamérica elapsed time: 3.297669 seconds (0d 0h 0m 3s)

---------------  T H R E A D  ---------------

Current thread (0x0000024644e817e0):  JavaThread "C2 CompilerThread1" daemon [_thread_in_native, id=20608, stack(0x000000f062600000,0x000000f062700000)]


Current CompileTask:
C2:   3297 3639       4       org.springframework.beans.factory.support.AbstractBeanFactory::isTypeMatch (607 bytes)

Stack: [0x000000f062600000,0x000000f062700000]
Native frames: (J=compiled Java code, j=interpreted, Vv=VM code, C=native code)
V  [jvm.dll+0x62ae9a]
V  [jvm.dll+0x7817a9]
V  [jvm.dll+0x782f03]
V  [jvm.dll+0x783563]
V  [jvm.dll+0x216325]
V  [jvm.dll+0x97f3a]
V  [jvm.dll+0x9861c]
V  [jvm.dll+0x32e305]
V  [jvm.dll+0x2f768a]
V  [jvm.dll+0x2f6a4a]
V  [jvm.dll+0x1ea705]
V  [jvm.dll+0x1e996e]
V  [jvm.dll+0x178567]
V  [jvm.dll+0x1f9225]
V  [jvm.dll+0x1f72cc]
V  [jvm.dll+0x74495d]
V  [jvm.dll+0x73d75a]
V  [jvm.dll+0x629c56]
C  [ucrtbase.dll+0x21bb2]
C  [KERNEL32.DLL+0x17034]
C  [ntdll.dll+0x52651]


---------------  P R O C E S S  ---------------

Threads class SMR info:
_java_thread_list=0x0000024648c86e90, length=17, elements={
0x000002462872d150, 0x0000024643b66430, 0x0000024643b66ee0, 0x00000246443b6000,
0x00000246443b6ab0, 0x00000246443b7970, 0x000002464437af40, 0x00000246443b9430,
0x00000246443b9b30, 0x000002464455f2f0, 0x0000024644571700, 0x0000024644e817e0,
0x0000024645a344f0, 0x000002464953a040, 0x0000024647eabe10, 0x0000024648dc4340,
0x0000024645dc11d0
}

Java Threads: ( => current thread )
  0x000002462872d150 JavaThread "main" [_thread_in_native, id=6336, stack(0x000000f061400000,0x000000f061500000)]
  0x0000024643b66430 JavaThread "Reference Handler" daemon [_thread_blocked, id=20236, stack(0x000000f061b00000,0x000000f061c00000)]
  0x0000024643b66ee0 JavaThread "Finalizer" daemon [_thread_blocked, id=6404, stack(0x000000f061c00000,0x000000f061d00000)]
  0x00000246443b6000 JavaThread "Signal Dispatcher" daemon [_thread_blocked, id=7920, stack(0x000000f061d00000,0x000000f061e00000)]
  0x00000246443b6ab0 JavaThread "Attach Listener" daemon [_thread_blocked, id=8100, stack(0x000000f061e00000,0x000000f061f00000)]
  0x00000246443b7970 JavaThread "Service Thread" daemon [_thread_blocked, id=4752, stack(0x000000f061f00000,0x000000f062000000)]
  0x000002464437af40 JavaThread "C2 CompilerThread0" daemon [_thread_in_native, id=8640, stack(0x000000f062000000,0x000000f062100000)]
  0x00000246443b9430 JavaThread "C1 CompilerThread0" daemon [_thread_blocked, id=24624, stack(0x000000f062100000,0x000000f062200000)]
  0x00000246443b9b30 JavaThread "Sweeper thread" daemon [_thread_blocked, id=18792, stack(0x000000f062200000,0x000000f062300000)]
  0x000002464455f2f0 JavaThread "Notification Thread" daemon [_thread_blocked, id=8012, stack(0x000000f062300000,0x000000f062400000)]
  0x0000024644571700 JavaThread "Common-Cleaner" daemon [_thread_blocked, id=23760, stack(0x000000f062500000,0x000000f062600000)]
=>0x0000024644e817e0 JavaThread "C2 CompilerThread1" daemon [_thread_in_native, id=20608, stack(0x000000f062600000,0x000000f062700000)]
  0x0000024645a344f0 JavaThread "C2 CompilerThread2" daemon [_thread_in_native, id=17848, stack(0x000000f062c00000,0x000000f062d00000)]
  0x000002464953a040 JavaThread "Catalina-utility-1" [_thread_blocked, id=2436, stack(0x000000f062900000,0x000000f062a00000)]
  0x0000024647eabe10 JavaThread "Catalina-utility-2" [_thread_blocked, id=9744, stack(0x000000f062d00000,0x000000f062e00000)]
  0x0000024648dc4340 JavaThread "container-0" [_thread_blocked, id=24908, stack(0x000000f063000000,0x000000f063100000)]
  0x0000024645dc11d0 JavaThread "mysql-cj-abandoned-connection-cleanup" daemon [_thread_blocked, id=25960, stack(0x000000f063100000,0x000000f063200000)]

Other Threads:
  0x0000024643b4f6b0 VMThread "VM Thread" [stack: 0x000000f061a00000,0x000000f061b00000] [id=25840]
  0x000002464455f7c0 WatcherThread [stack: 0x000000f062400000,0x000000f062500000] [id=19748]
  0x000002462876c310 GCTaskThread "GC Thread#0" [stack: 0x000000f061500000,0x000000f061600000] [id=4876]
  0x0000024644769f00 GCTaskThread "GC Thread#1" [stack: 0x000000f062700000,0x000000f062800000] [id=26088]
  0x0000024644768580 GCTaskThread "GC Thread#2" [stack: 0x000000f062800000,0x000000f062900000] [id=19832]
  0x000002464476a230 GCTaskThread "GC Thread#3" [stack: 0x000000f062a00000,0x000000f062b00000] [id=9856]
  0x0000024644769bd0 GCTaskThread "GC Thread#4" [stack: 0x000000f062e00000,0x000000f062f00000] [id=11788]
  0x0000024644768be0 GCTaskThread "GC Thread#5" [stack: 0x000000f062f00000,0x000000f063000000] [id=19000]
  0x0000024644769570 GCTaskThread "GC Thread#6" [stack: 0x000000f063200000,0x000000f063300000] [id=6944]
  0x0000024644766f30 GCTaskThread "GC Thread#7" [stack: 0x000000f063300000,0x000000f063400000] [id=24092]
  0x0000024628778950 ConcurrentGCThread "G1 Main Marker" [stack: 0x000000f061600000,0x000000f061700000] [id=20980]
  0x00000246287795c0 ConcurrentGCThread "G1 Conc#0" [stack: 0x000000f061700000,0x000000f061800000] [id=8992]
  0x0000024644768f10 ConcurrentGCThread "G1 Conc#1" [stack: 0x000000f062b00000,0x000000f062c00000] [id=23956]
  0x0000024643990090 ConcurrentGCThread "G1 Refine#0" [stack: 0x000000f061800000,0x000000f061900000] [id=20044]
  0x00000246439917f0 ConcurrentGCThread "G1 Young RemSet Sampling" [stack: 0x000000f061900000,0x000000f061a00000] [id=21404]

Threads with active compile tasks:
C2 CompilerThread0     3323 3743   !   4       java.lang.reflect.Executable::declaredAnnotations (85 bytes)
C2 CompilerThread1     3324 3639       4       org.springframework.beans.factory.support.AbstractBeanFactory::isTypeMatch (607 bytes)
C2 CompilerThread2     3324 3650       4       org.springframework.core.annotation.AnnotationsScanner::getDeclaredAnnotations (166 bytes)

VM state: not at safepoint (normal execution)

VM Mutex/Monitor currently owned by a thread: None

Heap address: 0x0000000764400000, size: 2492 MB, Compressed Oops mode: Zero based, Oop shift amount: 3
CDS disabled.
Compressed class space mapped at: 0x0000000800000000-0x0000000840000000, size: 1073741824
Narrow klass base: 0x0000000800000000, Narrow klass shift: 0, Narrow klass range: 0x40000000

GC Precious Log:
 CPUs: 8 total, 8 available
 Memory: 9960M
 Large Page Support: Disabled
 NUMA Support: Disabled
 Compressed Oops: Enabled (Zero based)
 Heap Region Size: 2M
 Heap Min Capacity: 8M
 Heap Initial Capacity: 156M
 Heap Max Capacity: 2492M
 Pre-touch: Disabled
 Parallel Workers: 8
 Concurrent Workers: 2
 Concurrent Refinement Workers: 8
 Periodic GC: Disabled

Heap:
 garbage-first heap   total 67584K, used 17265K [0x0000000764400000, 0x0000000800000000)
  region size 2048K, 3 young (6144K), 1 survivors (2048K)
 Metaspace       used 38877K, capacity 39293K, committed 39548K, reserved 1083392K
  class space    used 4527K, capacity 4689K, committed 4812K, reserved 1048576K

Heap Regions: E=young(eden), S=young(survivor), O=old, HS=humongous(starts), HC=humongous(continues), CS=collection set, F=free, OA=open archive, CA=closed archive, TAMS=top-at-mark-start (previous, next)
|   0|0x0000000764400000, 0x0000000764600000, 0x0000000764600000|100%| O|  |TAMS 0x0000000764600000, 0x0000000764400000| Untracked 
|   1|0x0000000764600000, 0x0000000764800000, 0x0000000764800000|100%| O|  |TAMS 0x0000000764800000, 0x0000000764600000| Untracked 
|   2|0x0000000764800000, 0x0000000764a00000, 0x0000000764a00000|100%| O|  |TAMS 0x0000000764a00000, 0x0000000764800000| Untracked 
|   3|0x0000000764a00000, 0x0000000764a4ea00, 0x0000000764c00000| 15%| O|  |TAMS 0x0000000764a4ea00, 0x0000000764a00000| Untracked 
|   4|0x0000000764c00000, 0x0000000764e00000, 0x0000000764e00000|100%| O|  |TAMS 0x0000000764e00000, 0x0000000764c00000| Untracked 
|   5|0x0000000764e00000, 0x0000000765000000, 0x0000000765000000|100%| O|  |TAMS 0x0000000764ec8600, 0x0000000764e00000| Untracked 
|   6|0x0000000765000000, 0x0000000765200000, 0x0000000765200000|100%| O|  |TAMS 0x0000000765000000, 0x0000000765000000| Untracked 
|   7|0x0000000765200000, 0x00000007652b0c00, 0x0000000765400000| 34%| O|  |TAMS 0x0000000765200000, 0x0000000765200000| Untracked 
|   8|0x0000000765400000, 0x0000000765400000, 0x0000000765600000|  0%| F|  |TAMS 0x0000000765400000, 0x0000000765400000| Untracked 
|   9|0x0000000765600000, 0x0000000765600000, 0x0000000765800000|  0%| F|  |TAMS 0x0000000765600000, 0x0000000765600000| Untracked 
|  10|0x0000000765800000, 0x0000000765800000, 0x0000000765a00000|  0%| F|  |TAMS 0x0000000765800000, 0x0000000765800000| Untracked 
|  11|0x0000000765a00000, 0x0000000765a00000, 0x0000000765c00000|  0%| F|  |TAMS 0x0000000765a00000, 0x0000000765a00000| Untracked 
|  12|0x0000000765c00000, 0x0000000765c00000, 0x0000000765e00000|  0%| F|  |TAMS 0x0000000765c00000, 0x0000000765c00000| Untracked 
|  13|0x0000000765e00000, 0x0000000765e00000, 0x0000000766000000|  0%| F|  |TAMS 0x0000000765e00000, 0x0000000765e00000| Untracked 
|  14|0x0000000766000000, 0x0000000766000000, 0x0000000766200000|  0%| F|  |TAMS 0x0000000766000000, 0x0000000766000000| Untracked 
|  15|0x0000000766200000, 0x0000000766200000, 0x0000000766400000|  0%| F|  |TAMS 0x0000000766200000, 0x0000000766200000| Untracked 
|  16|0x0000000766400000, 0x00000007665dd1c8, 0x0000000766600000| 93%| S|CS|TAMS 0x0000000766400000, 0x0000000766400000| Complete 
|  17|0x0000000766600000, 0x0000000766600000, 0x0000000766800000|  0%| F|  |TAMS 0x0000000766600000, 0x0000000766600000| Untracked 
|  18|0x0000000766800000, 0x0000000766800000, 0x0000000766a00000|  0%| F|  |TAMS 0x0000000766800000, 0x0000000766800000| Untracked 
|  19|0x0000000766a00000, 0x0000000766a00000, 0x0000000766c00000|  0%| F|  |TAMS 0x0000000766a00000, 0x0000000766a00000| Untracked 
|  20|0x0000000766c00000, 0x0000000766c00000, 0x0000000766e00000|  0%| F|  |TAMS 0x0000000766c00000, 0x0000000766c00000| Untracked 
|  21|0x0000000766e00000, 0x0000000766e00000, 0x0000000767000000|  0%| F|  |TAMS 0x0000000766e00000, 0x0000000766e00000| Untracked 
|  22|0x0000000767000000, 0x0000000767000000, 0x0000000767200000|  0%| F|  |TAMS 0x0000000767000000, 0x0000000767000000| Untracked 
|  23|0x0000000767200000, 0x0000000767200000, 0x0000000767400000|  0%| F|  |TAMS 0x0000000767200000, 0x0000000767200000| Untracked 
|  24|0x0000000767400000, 0x0000000767400000, 0x0000000767600000|  0%| F|  |TAMS 0x0000000767400000, 0x0000000767400000| Untracked 
|  25|0x0000000767600000, 0x0000000767600000, 0x0000000767800000|  0%| F|  |TAMS 0x0000000767600000, 0x0000000767600000| Untracked 
|  26|0x0000000767800000, 0x0000000767800000, 0x0000000767a00000|  0%| F|  |TAMS 0x0000000767800000, 0x0000000767800000| Untracked 
|  27|0x0000000767a00000, 0x0000000767a00000, 0x0000000767c00000|  0%| F|  |TAMS 0x0000000767a00000, 0x0000000767a00000| Untracked 
|  28|0x0000000767c00000, 0x0000000767c00000, 0x0000000767e00000|  0%| F|  |TAMS 0x0000000767c00000, 0x0000000767c00000| Untracked 
|  29|0x0000000767e00000, 0x0000000767e00000, 0x0000000768000000|  0%| F|  |TAMS 0x0000000767e00000, 0x0000000767e00000| Untracked 
|  30|0x0000000768000000, 0x0000000768000000, 0x0000000768200000|  0%| F|  |TAMS 0x0000000768000000, 0x0000000768000000| Untracked 
|  75|0x000000076da00000, 0x000000076daa62d8, 0x000000076dc00000| 32%| E|  |TAMS 0x000000076da00000, 0x000000076da00000| Complete 
|  77|0x000000076de00000, 0x000000076e000000, 0x000000076e000000|100%| E|CS|TAMS 0x000000076de00000, 0x000000076de00000| Complete 

Card table byte_map: [0x000002463b950000,0x000002463be30000] _byte_map_base: 0x0000024637e2e000

Marking Bits (Prev, Next): (CMBitMap*) 0x000002462876db90, (CMBitMap*) 0x000002462876dbd0
 Prev Bits: [0x000002463c310000, 0x000002463ea00000)
 Next Bits: [0x000002463ea00000, 0x00000246410f0000)

Polling page: 0x00000246268b0000

Metaspace:

Usage:
  Non-class:     33.79 MB capacity,    33.57 MB (>99%) used,   180.09 KB ( <1%) free+waste,    50.19 KB ( <1%) overhead. 
      Class:      4.58 MB capacity,     4.42 MB ( 97%) used,   141.42 KB (  3%) free+waste,    18.44 KB ( <1%) overhead. 
       Both:     38.37 MB capacity,    37.99 MB (>99%) used,   321.52 KB ( <1%) free+waste,    68.62 KB ( <1%) overhead. 

Virtual space:
  Non-class space:       34.00 MB reserved,      33.92 MB (>99%) committed 
      Class space:        1.00 GB reserved,       4.70 MB ( <1%) committed 
             Both:        1.03 GB reserved,      38.62 MB (  4%) committed 

Chunk freelists:
   Non-Class:  4.00 KB
       Class:  15.00 KB
        Both:  19.00 KB

MaxMetaspaceSize: 17179869184.00 GB
CompressedClassSpaceSize: 1.00 GB

CodeHeap 'non-profiled nmethods': size=120000Kb used=2093Kb max_used=2093Kb free=117906Kb
 bounds [0x0000024633c10000, 0x0000024633e80000, 0x000002463b140000]
CodeHeap 'profiled nmethods': size=120000Kb used=8116Kb max_used=8116Kb free=111883Kb
 bounds [0x000002462c6e0000, 0x000002462ced0000, 0x0000024633c10000]
CodeHeap 'non-nmethods': size=5760Kb used=1211Kb max_used=1265Kb free=4548Kb
 bounds [0x000002462c140000, 0x000002462c3b0000, 0x000002462c6e0000]
 total_blobs=4197 nmethods=3725 adapters=383
 compilation: enabled
              stopped_count=0, restarted_count=0
 full_count=0

Compilation events (20 events):
Event: 3.259 Thread 0x00000246443b9430 nmethod 3716 0x000002462ce99690 code [0x000002462ce99a60, 0x000002462ce9b688]
Event: 3.260 Thread 0x00000246443b9430 3718       3       java.util.ArrayDeque::<init> (35 bytes)
Event: 3.260 Thread 0x00000246443b9430 nmethod 3718 0x000002462ce9be90 code [0x000002462ce9c040, 0x000002462ce9c3b8]
Event: 3.264 Thread 0x00000246443b9430 3719       1       org.apache.catalina.core.StandardContext::getTldValidation (5 bytes)
Event: 3.264 Thread 0x00000246443b9430 nmethod 3719 0x0000024633e14990 code [0x0000024633e14b20, 0x0000024633e14bd8]
Event: 3.264 Thread 0x00000246443b9430 3720       1       org.apache.catalina.core.StandardContext::getXmlBlockExternal (5 bytes)
Event: 3.264 Thread 0x00000246443b9430 nmethod 3720 0x0000024633e14c90 code [0x0000024633e14e20, 0x0000024633e14ed8]
Event: 3.266 Thread 0x000002464437af40 nmethod 3668 0x0000024633e14f90 code [0x0000024633e151e0, 0x0000024633e16628]
Event: 3.266 Thread 0x000002464437af40 3704       4       java.lang.Object::<init> (1 bytes)
Event: 3.267 Thread 0x000002464437af40 nmethod 3704 0x0000024633e17110 code [0x0000024633e17280, 0x0000024633e17318]
Event: 3.267 Thread 0x000002464437af40 3721       4       java.lang.PublicMethods$MethodList::filter (104 bytes)
Event: 3.269 Thread 0x00000246443b9430 3722       3       org.springframework.beans.factory.InjectionPoint::obtainMethodParameter (22 bytes)
Event: 3.269 Thread 0x00000246443b9430 nmethod 3722 0x000002462ce9c490 code [0x000002462ce9c640, 0x000002462ce9c908]
Event: 3.270 Thread 0x00000246443b9430 3723       3       org.springframework.core.BridgeMethodResolver$$Lambda$490/0x00000008003f23d8::matches (9 bytes)
Event: 3.270 Thread 0x00000246443b9430 nmethod 3723 0x000002462ce9ca10 code [0x000002462ce9cbc0, 0x000002462ce9cd48]
Event: 3.270 Thread 0x00000246443b9430 3725       3       java.util.concurrent.locks.AbstractQueuedSynchronizer::signalNext (34 bytes)
Event: 3.270 Thread 0x00000246443b9430 nmethod 3725 0x000002462ce9ce10 code [0x000002462ce9cfe0, 0x000002462ce9d298]
Event: 3.270 Thread 0x00000246443b9430 3724       3       org.springframework.core.BridgeMethodResolver::lambda$findBridgedMethod$0 (6 bytes)
Event: 3.270 Thread 0x00000246443b9430 nmethod 3724 0x000002462ce9d410 code [0x000002462ce9d5a0, 0x000002462ce9d6a8]
Event: 3.270 Thread 0x00000246443b9430 3726   !   3       org.springframework.beans.factory.support.AbstractBeanFactory::resolveBeanClass (117 bytes)

GC Heap History (20 events):
Event: 1.067 GC heap before
{Heap before GC invocations=1 (full 0):
 garbage-first heap   total 159744K, used 29009K [0x0000000764400000, 0x0000000800000000)
  region size 2048K, 13 young (26624K), 2 survivors (4096K)
 Metaspace       used 20150K, capacity 20350K, committed 20480K, reserved 1067008K
  class space    used 2238K, capacity 2298K, committed 2304K, reserved 1048576K
}
Event: 1.072 GC heap after
{Heap after GC invocations=2 (full 0):
 garbage-first heap   total 159744K, used 8201K [0x0000000764400000, 0x0000000800000000)
  region size 2048K, 1 young (2048K), 1 survivors (2048K)
 Metaspace       used 20150K, capacity 20350K, committed 20480K, reserved 1067008K
  class space    used 2238K, capacity 2298K, committed 2304K, reserved 1048576K
}
Event: 1.102 GC heap before
{Heap before GC invocations=2 (full 0):
 garbage-first heap   total 159744K, used 10249K [0x0000000764400000, 0x0000000800000000)
  region size 2048K, 3 young (6144K), 1 survivors (2048K)
 Metaspace       used 20951K, capacity 21182K, committed 21296K, reserved 1069056K
  class space    used 2361K, capacity 2426K, committed 2432K, reserved 1048576K
}
Event: 1.105 GC heap after
{Heap after GC invocations=3 (full 0):
 garbage-first heap   total 159744K, used 8369K [0x0000000764400000, 0x0000000800000000)
  region size 2048K, 1 young (2048K), 1 survivors (2048K)
 Metaspace       used 20951K, capacity 21182K, committed 21296K, reserved 1069056K
  class space    used 2361K, capacity 2426K, committed 2432K, reserved 1048576K
}
Event: 1.357 GC heap before
{Heap before GC invocations=4 (full 0):
 garbage-first heap   total 40960K, used 37041K [0x0000000764400000, 0x0000000800000000)
  region size 2048K, 16 young (32768K), 1 survivors (2048K)
 Metaspace       used 25234K, capacity 25467K, committed 25724K, reserved 1073152K
  class space    used 2809K, capacity 2891K, committed 3020K, reserved 1048576K
}
Event: 1.361 GC heap after
{Heap after GC invocations=5 (full 0):
 garbage-first heap   total 45056K, used 9698K [0x0000000764400000, 0x0000000800000000)
  region size 2048K, 2 young (4096K), 2 survivors (4096K)
 Metaspace       used 25234K, capacity 25467K, committed 25724K, reserved 1073152K
  class space    used 2809K, capacity 2891K, committed 3020K, reserved 1048576K
}
Event: 1.368 GC heap before
{Heap before GC invocations=5 (full 0):
 garbage-first heap   total 45056K, used 24034K [0x0000000764400000, 0x0000000800000000)
  region size 2048K, 10 young (20480K), 2 survivors (4096K)
 Metaspace       used 25393K, capacity 25659K, committed 25980K, reserved 1073152K
  class space    used 2820K, capacity 2891K, committed 3020K, reserved 1048576K
}
Event: 1.371 GC heap after
{Heap after GC invocations=6 (full 0):
 garbage-first heap   total 45056K, used 9821K [0x0000000764400000, 0x0000000800000000)
  region size 2048K, 1 young (2048K), 1 survivors (2048K)
 Metaspace       used 25393K, capacity 25659K, committed 25980K, reserved 1073152K
  class space    used 2820K, capacity 2891K, committed 3020K, reserved 1048576K
}
Event: 1.419 GC heap before
{Heap before GC invocations=6 (full 0):
 garbage-first heap   total 45056K, used 26205K [0x0000000764400000, 0x0000000800000000)
  region size 2048K, 10 young (20480K), 1 survivors (2048K)
 Metaspace       used 26671K, capacity 26943K, committed 27132K, reserved 1073152K
  class space    used 2969K, capacity 3023K, committed 3148K, reserved 1048576K
}
Event: 1.422 GC heap after
{Heap after GC invocations=7 (full 0):
 garbage-first heap   total 55296K, used 10219K [0x0000000764400000, 0x0000000800000000)
  region size 2048K, 2 young (4096K), 2 survivors (4096K)
 Metaspace       used 26671K, capacity 26943K, committed 27132K, reserved 1073152K
  class space    used 2969K, capacity 3023K, committed 3148K, reserved 1048576K
}
Event: 1.964 GC heap before
{Heap before GC invocations=7 (full 0):
 garbage-first heap   total 55296K, used 36843K [0x0000000764400000, 0x0000000800000000)
  region size 2048K, 15 young (30720K), 2 survivors (4096K)
 Metaspace       used 29771K, capacity 30066K, committed 30332K, reserved 1077248K
  class space    used 3375K, capacity 3480K, committed 3532K, reserved 1048576K
}
Event: 1.968 GC heap after
{Heap after GC invocations=8 (full 0):
 garbage-first heap   total 55296K, used 11206K [0x0000000764400000, 0x0000000800000000)
  region size 2048K, 2 young (4096K), 2 survivors (4096K)
 Metaspace       used 29771K, capacity 30066K, committed 30332K, reserved 1077248K
  class space    used 3375K, capacity 3480K, committed 3532K, reserved 1048576K
}
Event: 2.668 GC heap before
{Heap before GC invocations=8 (full 0):
 garbage-first heap   total 55296K, used 37830K [0x0000000764400000, 0x0000000800000000)
  region size 2048K, 15 young (30720K), 2 survivors (4096K)
 Metaspace       used 34390K, capacity 34752K, committed 34812K, reserved 1079296K
  class space    used 4020K, capacity 4137K, committed 4172K, reserved 1048576K
}
Event: 2.682 GC heap after
{Heap after GC invocations=9 (full 0):
 garbage-first heap   total 55296K, used 13404K [0x0000000764400000, 0x0000000800000000)
  region size 2048K, 2 young (4096K), 2 survivors (4096K)
 Metaspace       used 34390K, capacity 34752K, committed 34812K, reserved 1079296K
  class space    used 4020K, capacity 4137K, committed 4172K, reserved 1048576K
}
Event: 2.858 GC heap before
{Heap before GC invocations=9 (full 0):
 garbage-first heap   total 55296K, used 17500K [0x0000000764400000, 0x0000000800000000)
  region size 2048K, 5 young (10240K), 2 survivors (4096K)
 Metaspace       used 35626K, capacity 35916K, committed 35964K, reserved 1081344K
  class space    used 4164K, capacity 4269K, committed 4300K, reserved 1048576K
}
Event: 2.867 GC heap after
{Heap after GC invocations=10 (full 0):
 garbage-first heap   total 55296K, used 14043K [0x0000000764400000, 0x0000000800000000)
  region size 2048K, 1 young (2048K), 1 survivors (2048K)
 Metaspace       used 35626K, capacity 35916K, committed 35964K, reserved 1081344K
  class space    used 4164K, capacity 4269K, committed 4300K, reserved 1048576K
}
Event: 3.036 GC heap before
{Heap before GC invocations=11 (full 0):
 garbage-first heap   total 55296K, used 34523K [0x0000000764400000, 0x0000000800000000)
  region size 2048K, 12 young (24576K), 1 survivors (2048K)
 Metaspace       used 37262K, capacity 37645K, committed 37756K, reserved 1083392K
  class space    used 4318K, capacity 4461K, committed 4556K, reserved 1048576K
}
Event: 3.041 GC heap after
{Heap after GC invocations=12 (full 0):
 garbage-first heap   total 67584K, used 14893K [0x0000000764400000, 0x0000000800000000)
  region size 2048K, 1 young (2048K), 1 survivors (2048K)
 Metaspace       used 37262K, capacity 37645K, committed 37756K, reserved 1083392K
  class space    used 4318K, capacity 4461K, committed 4556K, reserved 1048576K
}
Event: 3.261 GC heap before
{Heap before GC invocations=12 (full 0):
 garbage-first heap   total 67584K, used 45613K [0x0000000764400000, 0x0000000800000000)
  region size 2048K, 17 young (34816K), 1 survivors (2048K)
 Metaspace       used 38506K, capacity 38969K, committed 39164K, reserved 1083392K
  class space    used 4468K, capacity 4624K, committed 4684K, reserved 1048576K
}
Event: 3.263 GC heap after
{Heap after GC invocations=13 (full 0):
 garbage-first heap   total 67584K, used 15217K [0x0000000764400000, 0x0000000800000000)
  region size 2048K, 1 young (2048K), 1 survivors (2048K)
 Metaspace       used 38506K, capacity 38969K, committed 39164K, reserved 1083392K
  class space    used 4468K, capacity 4624K, committed 4684K, reserved 1048576K
}

Deoptimization events (20 events):
Event: 3.023 Thread 0x000002462872d150 DEOPT PACKING pc=0x0000024633cdd39c sp=0x000000f0614fd2d0
Event: 3.023 Thread 0x000002462872d150 DEOPT UNPACKING pc=0x000002462c18e42f sp=0x000000f0614fd320 mode 2
Event: 3.023 Thread 0x000002462872d150 Uncommon trap: trap_request=0xffffffde fr.pc=0x0000024633cdd39c relative=0x00000000000013fc
Event: 3.023 Thread 0x000002462872d150 Uncommon trap: reason=class_check action=maybe_recompile pc=0x0000024633cdd39c method=java.util.zip.InflaterInputStream.read([BII)I @ 100 c2
Event: 3.023 Thread 0x000002462872d150 DEOPT PACKING pc=0x0000024633cdd39c sp=0x000000f0614fd110
Event: 3.023 Thread 0x000002462872d150 DEOPT UNPACKING pc=0x000002462c18e42f sp=0x000000f0614fd160 mode 2
Event: 3.082 Thread 0x000002462872d150 DEOPT PACKING pc=0x000002462ce3871f sp=0x000000f0614fc610
Event: 3.082 Thread 0x000002462872d150 DEOPT UNPACKING pc=0x000002462c18e23f sp=0x000000f0614fbb90 mode 0
Event: 3.199 Thread 0x0000024647eabe10 DEOPT PACKING pc=0x000002462ca70f13 sp=0x000000f062dfeb60
Event: 3.200 Thread 0x0000024647eabe10 DEOPT UNPACKING pc=0x000002462c18e23f sp=0x000000f062dfdfb8 mode 3
Event: 3.200 Thread 0x000002462872d150 DEOPT PACKING pc=0x000002462ca71b87 sp=0x000000f0614fe9b0
Event: 3.200 Thread 0x000002462872d150 DEOPT UNPACKING pc=0x000002462c18e23f sp=0x000000f0614fde40 mode 3
Event: 3.243 Thread 0x0000024645dc11d0 Uncommon trap: trap_request=0xffffff45 fr.pc=0x0000024633cec994 relative=0x0000000000004474
Event: 3.243 Thread 0x0000024645dc11d0 Uncommon trap: reason=unstable_if action=reinterpret pc=0x0000024633cec994 method=java.net.URL.<init>(Ljava/net/URL;Ljava/lang/String;Ljava/net/URLStreamHandler;)V @ 57 c2
Event: 3.243 Thread 0x0000024645dc11d0 DEOPT PACKING pc=0x0000024633cec994 sp=0x000000f0631fe750
Event: 3.243 Thread 0x0000024645dc11d0 DEOPT UNPACKING pc=0x000002462c18e42f sp=0x000000f0631fe710 mode 2
Event: 3.243 Thread 0x0000024645dc11d0 Uncommon trap: trap_request=0xffffff45 fr.pc=0x0000024633e0f510 relative=0x0000000000003230
Event: 3.243 Thread 0x0000024645dc11d0 Uncommon trap: reason=unstable_if action=reinterpret pc=0x0000024633e0f510 method=java.net.URLStreamHandler.parseURL(Ljava/net/URL;Ljava/lang/String;II)V @ 57 c2
Event: 3.243 Thread 0x0000024645dc11d0 DEOPT PACKING pc=0x0000024633e0f510 sp=0x000000f0631fe5c0
Event: 3.243 Thread 0x0000024645dc11d0 DEOPT UNPACKING pc=0x000002462c18e42f sp=0x000000f0631fe580 mode 2

Classes unloaded (0 events):
No events

Classes redefined (0 events):
No events

Internal exceptions (20 events):
Event: 2.425 Thread 0x000002462872d150 Exception <a 'java/lang/ClassNotFoundException'{0x00000007668aee50}: org/springframework/beans/factory/AwareCustomizer> (0x00000007668aee50) 
thrown [./open/src/hotspot/share/classfile/systemDictionary.cpp, line 295]
Event: 2.425 Thread 0x000002462872d150 Exception <a 'java/lang/ClassNotFoundException'{0x00000007668b1c00}: org/springframework/core/OrderedCustomizer> (0x00000007668b1c00) 
thrown [./open/src/hotspot/share/classfile/systemDictionary.cpp, line 295]
Event: 2.425 Thread 0x000002462872d150 Exception <a 'java/lang/ClassNotFoundException'{0x00000007668b5820}: org/springframework/beans/factory/BeanClassLoaderAwareCustomizer> (0x00000007668b5820) 
thrown [./open/src/hotspot/share/classfile/systemDictionary.cpp, line 295]
Event: 2.426 Thread 0x000002462872d150 Exception <a 'java/lang/ClassNotFoundException'{0x00000007668b9580}: org/springframework/beans/factory/AwareCustomizer> (0x00000007668b9580) 
thrown [./open/src/hotspot/share/classfile/systemDictionary.cpp, line 295]
Event: 2.426 Thread 0x000002462872d150 Exception <a 'java/lang/ClassNotFoundException'{0x00000007668bc650}: org/springframework/aop/framework/AopInfrastructureBeanCustomizer> (0x00000007668bc650) 
thrown [./open/src/hotspot/share/classfile/systemDictionary.cpp, line 295]
Event: 2.469 Thread 0x000002462872d150 Exception <a 'java/lang/ClassNotFoundException'{0x00000007666c8408}: java/lang/ObjectCustomizer> (0x00000007666c8408) 
thrown [./open/src/hotspot/share/classfile/systemDictionary.cpp, line 295]
Event: 2.469 Thread 0x000002462872d150 Exception <a 'java/lang/ClassNotFoundException'{0x00000007666cee90}: org/springframework/transaction/annotation/AbstractTransactionManagementConfigurationCustomizer> (0x00000007666cee90) 
thrown [./open/src/hotspot/share/classfile/systemDictionary.cpp, line 295]
Event: 2.470 Thread 0x000002462872d150 Exception <a 'java/lang/ClassNotFoundException'{0x00000007666d49a0}: org/springframework/transaction/annotation/ProxyTransactionManagementConfigurationCustomizer> (0x00000007666d49a0) 
thrown [./open/src/hotspot/share/classfile/systemDictionary.cpp, line 295]
Event: 2.470 Thread 0x000002462872d150 Exception <a 'java/lang/ClassNotFoundException'{0x00000007666dba18}: org/springframework/context/annotation/ImportAwareCustomizer> (0x00000007666dba18) 
thrown [./open/src/hotspot/share/classfile/systemDictionary.cpp, line 295]
Event: 2.471 Thread 0x000002462872d150 Exception <a 'java/lang/ClassNotFoundException'{0x00000007666dfb98}: org/springframework/beans/factory/AwareCustomizer> (0x00000007666dfb98) 
thrown [./open/src/hotspot/share/classfile/systemDictionary.cpp, line 295]
Event: 2.594 Thread 0x000002462872d150 Implicit null exception at 0x0000024633d72a73 to 0x0000024633d72bfc
Event: 2.628 Thread 0x000002462872d150 Exception <a 'java/lang/NoSuchMethodError'{0x000000076602eac0}: 'void java.lang.invoke.DirectMethodHandle$Holder.invokeInterface(java.lang.Object, java.lang.Object, int)'> (0x000000076602eac0) 
thrown [./open/src/hotspot/share/interpreter/linkResolver.cpp, line 782]
Event: 2.635 Thread 0x000002462872d150 Exception <a 'java/lang/IncompatibleClassChangeError'{0x0000000766084af8}: Found class java.lang.Object, but interface was expected> (0x0000000766084af8) 
thrown [./open/src/hotspot/share/interpreter/linkResolver.cpp, line 848]
Event: 2.636 Thread 0x000002462872d150 Exception <a 'java/lang/NoSuchMethodError'{0x00000007660905d0}: 'void java.lang.invoke.DirectMethodHandle$Holder.invokeStatic(java.lang.Object, int, java.lang.Object)'> (0x00000007660905d0) 
thrown [./open/src/hotspot/share/interpreter/linkResolver.cpp, line 782]
Event: 2.641 Thread 0x000002462872d150 Exception <a 'java/lang/NoSuchMethodError'{0x00000007660c08d8}: 'int java.lang.invoke.DirectMethodHandle$Holder.invokeSpecial(java.lang.Object, java.lang.Object, int)'> (0x00000007660c08d8) 
thrown [./open/src/hotspot/share/interpreter/linkResolver.cpp, line 782]
Event: 2.770 Thread 0x000002462872d150 Exception <a 'java/lang/NoSuchMethodError'{0x000000076dab64a0}: 'java.lang.Object java.lang.invoke.DirectMethodHandle$Holder.invokeStaticInit(java.lang.Object, int, int, int, int)'> (0x000000076dab64a0) 
thrown [./open/src/hotspot/share/interpreter/linkResolver.cpp, line 782]
Event: 2.824 Thread 0x000002462872d150 Exception <a 'java/lang/NoSuchMethodError'{0x000000076db7eab8}: 'java.lang.Object java.lang.invoke.DirectMethodHandle$Holder.invokeStaticInit(java.lang.Object, java.lang.Object, int, int, int, int)'> (0x000000076db7eab8) 
thrown [./open/src/hotspot/share/interpreter/linkResolver.cpp, line 782]
Event: 3.105 Thread 0x000002462872d150 Exception <a 'java/io/FileNotFoundException'{0x0000000766fc3010}> (0x0000000766fc3010) 
thrown [./open/src/hotspot/share/prims/jni.cpp, line 578]
Event: 3.142 Thread 0x000002462872d150 Exception <a 'java/lang/NoSuchMethodError'{0x0000000766d5d800}: 'int java.lang.invoke.DirectMethodHandle$Holder.invokeInterface(java.lang.Object, java.lang.Object, java.lang.Object, java.lang.Object)'> (0x0000000766d5d800) 
thrown [./open/src/hotspot/share/interpreter/linkResolver.cpp, line 782]
Event: 3.191 Thread 0x000002462872d150 Exception <a 'java/io/FileNotFoundException'{0x0000000766b50528}> (0x0000000766b50528) 
thrown [./open/src/hotspot/share/prims/jni.cpp, line 578]

Events (20 events):
Event: 3.202 loading class java/util/concurrent/ForkJoinPool$ForkJoinWorkerThreadFactory done
Event: 3.202 loading class java/util/concurrent/ForkJoinPool$DefaultForkJoinWorkerThreadFactory done
Event: 3.202 loading class java/util/concurrent/ForkJoinPool$1
Event: 3.202 loading class java/util/concurrent/ForkJoinPool$1 done
Event: 3.202 loading class java/util/concurrent/ForkJoinPool$WorkQueue
Event: 3.203 loading class java/util/concurrent/ForkJoinPool$WorkQueue done
Event: 3.203 loading class java/util/concurrent/ForkJoinWorkerThread
Event: 3.203 loading class java/util/concurrent/ForkJoinWorkerThread done
Event: 3.203 Thread 0x0000024648dc4340 Thread added: 0x0000024648dc4340
Event: 3.242 loading class java/util/concurrent/Executors$FinalizableDelegatedExecutorService
Event: 3.242 loading class java/util/concurrent/Executors$DelegatedExecutorService
Event: 3.242 loading class java/util/concurrent/Executors$DelegatedExecutorService done
Event: 3.242 loading class java/util/concurrent/Executors$FinalizableDelegatedExecutorService done
Event: 3.242 Executing VM operation: HandshakeAllThreads
Event: 3.242 Executing VM operation: HandshakeAllThreads done
Event: 3.243 Thread 0x0000024645dc11d0 Thread added: 0x0000024645dc11d0
Event: 3.261 Executing VM operation: G1CollectForAllocation
Event: 3.263 Executing VM operation: G1CollectForAllocation done
Event: 3.264 Executing VM operation: HandshakeAllThreads
Event: 3.264 Executing VM operation: HandshakeAllThreads done


Dynamic libraries:
0x00007ff62f6e0000 - 0x00007ff62f6ed000 	C:\Users\Dayana.DAYANA\.p2\pool\plugins\org.eclipse.justj.openjdk.hotspot.jre.full.win32.x86_64_15.0.2.v20210201-0955\jre\bin\javaw.exe
0x00007fff34e10000 - 0x00007fff35005000 	C:\WINDOWS\SYSTEM32\ntdll.dll
0x00007fff33cd0000 - 0x00007fff33d8e000 	C:\WINDOWS\System32\KERNEL32.DLL
0x00007fff325b0000 - 0x00007fff32878000 	C:\WINDOWS\System32\KERNELBASE.dll
0x00007fff32a30000 - 0x00007fff32b30000 	C:\WINDOWS\System32\ucrtbase.dll
0x00007fff2f500000 - 0x00007fff2f518000 	C:\Users\Dayana.DAYANA\.p2\pool\plugins\org.eclipse.justj.openjdk.hotspot.jre.full.win32.x86_64_15.0.2.v20210201-0955\jre\bin\jli.dll
0x00007fff2f7c0000 - 0x00007fff2f7d9000 	C:\Users\Dayana.DAYANA\.p2\pool\plugins\org.eclipse.justj.openjdk.hotspot.jre.full.win32.x86_64_15.0.2.v20210201-0955\jre\bin\VCRUNTIME140.dll
0x00007fff32e50000 - 0x00007fff32ff1000 	C:\WINDOWS\System32\USER32.dll
0x00007fff32880000 - 0x00007fff328a2000 	C:\WINDOWS\System32\win32u.dll
0x00007fff25790000 - 0x00007fff25a2a000 	C:\WINDOWS\WinSxS\amd64_microsoft.windows.common-controls_6595b64144ccf1df_6.0.19041.1110_none_60b5254171f9507e\COMCTL32.dll
0x00007fff34040000 - 0x00007fff3406b000 	C:\WINDOWS\System32\GDI32.dll
0x00007fff343a0000 - 0x00007fff3443e000 	C:\WINDOWS\System32\msvcrt.dll
0x00007fff32c90000 - 0x00007fff32d9d000 	C:\WINDOWS\System32\gdi32full.dll
0x00007fff32990000 - 0x00007fff32a2d000 	C:\WINDOWS\System32\msvcp_win.dll
0x00007fff347b0000 - 0x00007fff347e0000 	C:\WINDOWS\System32\IMM32.DLL
0x00007fff2fe70000 - 0x00007fff2fe7c000 	C:\Users\Dayana.DAYANA\.p2\pool\plugins\org.eclipse.justj.openjdk.hotspot.jre.full.win32.x86_64_15.0.2.v20210201-0955\jre\bin\vcruntime140_1.dll
0x00007fff1fad0000 - 0x00007fff1fb61000 	C:\Users\Dayana.DAYANA\.p2\pool\plugins\org.eclipse.justj.openjdk.hotspot.jre.full.win32.x86_64_15.0.2.v20210201-0955\jre\bin\msvcp140.dll
0x00007fff03540000 - 0x00007fff0409e000 	C:\Users\Dayana.DAYANA\.p2\pool\plugins\org.eclipse.justj.openjdk.hotspot.jre.full.win32.x86_64_15.0.2.v20210201-0955\jre\bin\server\jvm.dll
0x00007fff34650000 - 0x00007fff346fc000 	C:\WINDOWS\System32\ADVAPI32.dll
0x00007fff34890000 - 0x00007fff3492b000 	C:\WINDOWS\System32\sechost.dll
0x00007fff34520000 - 0x00007fff3464a000 	C:\WINDOWS\System32\RPCRT4.dll
0x00007fff33c60000 - 0x00007fff33c68000 	C:\WINDOWS\System32\PSAPI.DLL
0x00007fff25210000 - 0x00007fff25219000 	C:\WINDOWS\SYSTEM32\WSOCK32.dll
0x00007fff34330000 - 0x00007fff3439b000 	C:\WINDOWS\System32\WS2_32.dll
0x00007fff2e0e0000 - 0x00007fff2e107000 	C:\WINDOWS\SYSTEM32\WINMM.dll
0x00007fff27a20000 - 0x00007fff27a2a000 	C:\WINDOWS\SYSTEM32\VERSION.dll
0x00007fff30350000 - 0x00007fff30362000 	C:\WINDOWS\SYSTEM32\kernel.appcore.dll
0x00007fff2fe40000 - 0x00007fff2fe4a000 	C:\Users\Dayana.DAYANA\.p2\pool\plugins\org.eclipse.justj.openjdk.hotspot.jre.full.win32.x86_64_15.0.2.v20210201-0955\jre\bin\jimage.dll
0x00007fff27a30000 - 0x00007fff27c14000 	C:\WINDOWS\SYSTEM32\DBGHELP.DLL
0x00007fff26ac0000 - 0x00007fff26aec000 	C:\WINDOWS\SYSTEM32\dbgcore.DLL
0x00007fff32520000 - 0x00007fff325a2000 	C:\WINDOWS\System32\bcryptPrimitives.dll
0x00007fff2a7c0000 - 0x00007fff2a7e5000 	C:\Users\Dayana.DAYANA\.p2\pool\plugins\org.eclipse.justj.openjdk.hotspot.jre.full.win32.x86_64_15.0.2.v20210201-0955\jre\bin\java.dll
0x00007fff2e500000 - 0x00007fff2e518000 	C:\Users\Dayana.DAYANA\.p2\pool\plugins\org.eclipse.justj.openjdk.hotspot.jre.full.win32.x86_64_15.0.2.v20210201-0955\jre\bin\zip.dll
0x00007fff33510000 - 0x00007fff33c54000 	C:\WINDOWS\System32\SHELL32.dll
0x00007fff30630000 - 0x00007fff30dc4000 	C:\WINDOWS\SYSTEM32\windows.storage.dll
0x00007fff331b0000 - 0x00007fff33505000 	C:\WINDOWS\System32\combase.dll
0x00007fff31ea0000 - 0x00007fff31ece000 	C:\WINDOWS\SYSTEM32\Wldp.dll
0x00007fff347e0000 - 0x00007fff3488d000 	C:\WINDOWS\System32\SHCORE.dll
0x00007fff33c70000 - 0x00007fff33cc5000 	C:\WINDOWS\System32\shlwapi.dll
0x00007fff32460000 - 0x00007fff3247f000 	C:\WINDOWS\SYSTEM32\profapi.dll
0x00007fff2cb50000 - 0x00007fff2cb69000 	C:\Users\Dayana.DAYANA\.p2\pool\plugins\org.eclipse.justj.openjdk.hotspot.jre.full.win32.x86_64_15.0.2.v20210201-0955\jre\bin\net.dll
0x00007fff2ce90000 - 0x00007fff2cf9c000 	C:\WINDOWS\SYSTEM32\WINHTTP.dll
0x00007fff31c00000 - 0x00007fff31c6a000 	C:\WINDOWS\system32\mswsock.dll
0x00007fff2ca60000 - 0x00007fff2ca72000 	C:\Users\Dayana.DAYANA\.p2\pool\plugins\org.eclipse.justj.openjdk.hotspot.jre.full.win32.x86_64_15.0.2.v20210201-0955\jre\bin\nio.dll
0x00007fff2fc40000 - 0x00007fff2fc50000 	C:\Users\Dayana.DAYANA\.p2\pool\plugins\org.eclipse.justj.openjdk.hotspot.jre.full.win32.x86_64_15.0.2.v20210201-0955\jre\bin\verify.dll
0x00007fff2f780000 - 0x00007fff2f789000 	C:\Users\Dayana.DAYANA\.p2\pool\plugins\org.eclipse.justj.openjdk.hotspot.jre.full.win32.x86_64_15.0.2.v20210201-0955\jre\bin\management.dll
0x00007fff2f750000 - 0x00007fff2f75b000 	C:\Users\Dayana.DAYANA\.p2\pool\plugins\org.eclipse.justj.openjdk.hotspot.jre.full.win32.x86_64_15.0.2.v20210201-0955\jre\bin\management_ext.dll
0x00007fff1b030000 - 0x00007fff1b047000 	C:\WINDOWS\system32\napinsp.dll
0x00007fff1af90000 - 0x00007fff1afab000 	C:\WINDOWS\system32\pnrpnsp.dll
0x00007fff1af50000 - 0x00007fff1af65000 	C:\WINDOWS\system32\wshbth.dll
0x00007fff2dea0000 - 0x00007fff2debd000 	C:\WINDOWS\system32\NLAapi.dll
0x00007fff318f0000 - 0x00007fff3192b000 	C:\WINDOWS\SYSTEM32\IPHLPAPI.DLL
0x00007fff31930000 - 0x00007fff319fb000 	C:\WINDOWS\SYSTEM32\DNSAPI.dll
0x00007fff34020000 - 0x00007fff34028000 	C:\WINDOWS\System32\NSI.dll
0x00007fff1b010000 - 0x00007fff1b022000 	C:\WINDOWS\System32\winrnr.dll
0x00007fff2af80000 - 0x00007fff2af8a000 	C:\Windows\System32\rasadhlp.dll
0x00007fff2b050000 - 0x00007fff2b0cf000 	C:\WINDOWS\System32\fwpuclnt.dll
0x00007fff32960000 - 0x00007fff32987000 	C:\WINDOWS\System32\bcrypt.dll
0x00007fff31e00000 - 0x00007fff31e18000 	C:\WINDOWS\SYSTEM32\CRYPTSP.dll
0x00007fff31580000 - 0x00007fff315b4000 	C:\WINDOWS\system32\rsaenh.dll
0x00007fff32420000 - 0x00007fff3244e000 	C:\WINDOWS\SYSTEM32\USERENV.dll
0x00007fff31df0000 - 0x00007fff31dfc000 	C:\WINDOWS\SYSTEM32\CRYPTBASE.dll
0x00007fff2c6c0000 - 0x00007fff2c6d7000 	C:\WINDOWS\SYSTEM32\dhcpcsvc6.DLL
0x00007fff2c680000 - 0x00007fff2c69d000 	C:\WINDOWS\SYSTEM32\dhcpcsvc.DLL

dbghelp: loaded successfully - version: 4.0.5 - missing functions: none
symbol engine: initialized successfully - sym options: 0x614 - pdb path: .;C:\Users\Dayana.DAYANA\.p2\pool\plugins\org.eclipse.justj.openjdk.hotspot.jre.full.win32.x86_64_15.0.2.v20210201-0955\jre\bin;C:\WINDOWS\SYSTEM32;C:\WINDOWS\WinSxS\amd64_microsoft.windows.common-controls_6595b64144ccf1df_6.0.19041.1110_none_60b5254171f9507e;C:\Users\Dayana.DAYANA\.p2\pool\plugins\org.eclipse.justj.openjdk.hotspot.jre.full.win32.x86_64_15.0.2.v20210201-0955\jre\bin\server

VM Arguments:
jvm_args: -Dfile.encoding=UTF-8 -XX:+ShowCodeDetailsInExceptionMessages 
java_command: com.FacturadoraPymes.FacturadoraPymes.FacturadoraPymesApplication
java_class_path (initial): C:\ProyectoGrado\FacturadoraPymes\FacturadoraPymesBackend\target\classes;C:\Users\Dayana.DAYANA\.m2\repository\org\springframework\boot\spring-boot-starter-data-jpa\2.4.4\spring-boot-starter-data-jpa-2.4.4.jar;C:\Users\Dayana.DAYANA\.m2\repository\org\springframework\boot\spring-boot-starter-aop\2.4.4\spring-boot-starter-aop-2.4.4.jar;C:\Users\Dayana.DAYANA\.m2\repository\org\springframework\spring-aop\5.3.5\spring-aop-5.3.5.jar;C:\Users\Dayana.DAYANA\.m2\repository\org\aspectj\aspectjweaver\1.9.6\aspectjweaver-1.9.6.jar;C:\Users\Dayana.DAYANA\.m2\repository\org\springframework\boot\spring-boot-starter-jdbc\2.4.4\spring-boot-starter-jdbc-2.4.4.jar;C:\Users\Dayana.DAYANA\.m2\repository\com\zaxxer\HikariCP\3.4.5\HikariCP-3.4.5.jar;C:\Users\Dayana.DAYANA\.m2\repository\org\springframework\spring-jdbc\5.3.5\spring-jdbc-5.3.5.jar;C:\Users\Dayana.DAYANA\.m2\repository\jakarta\transaction\jakarta.transaction-api\1.3.3\jakarta.transaction-api-1.3.3.jar;C:\Users\Dayana.DAYANA\.m2\repository\jakarta\persistence\jakarta.persistence-api\2.2.3\jakarta.persistence-api-2.2.3.jar;C:\Users\Dayana.DAYANA\.m2\repository\org\hibernate\hibernate-core\5.4.29.Final\hibernate-core-5.4.29.Final.jar;C:\Users\Dayana.DAYANA\.m2\repository\org\javassist\javassist\3.27.0-GA\javassist-3.27.0-GA.jar;C:\Users\Dayana.DAYANA\.m2\repository\net\bytebuddy\byte-buddy\1.10.22\byte-buddy-1.10.22.jar;C:\Users\Dayana.DAYANA\.m2\repository\antlr\antlr\2.7.7\antlr-2.7.7.jar;C:\Users\Dayana.DAYANA\.m2\repository\org\jboss\jandex\2.2.3.Final\jandex-2.2.3.Final.jar;C:\Users\Dayana.DAYANA\.m2\repository\org\dom4j\dom4j\2.1.3\dom4j-2.1.3.jar;C:\Users\Dayana.DAYANA\.m2\repository\org\hibernate\common\hibernate-commons-annotations\5.1.2.Final\hibernate-commons-annotations-5.1.2.Final.jar;C:\Users\Dayana.DAYANA\.m2\repository\org\glassfish\jaxb\jaxb-runtime\2.3.3\jaxb-runtime-2.3.3.jar;C:\Users\Dayana.DAYANA\.m2\repository\org\glassfish\jaxb\txw2\2.3.3\txw2-2.3.3.jar;C:\Users\Dayana.DAYAN
Launcher Type: SUN_STANDARD

[Global flags]
     intx CICompilerCount                          = 4                                         {product} {ergonomic}
     uint ConcGCThreads                            = 2                                         {product} {ergonomic}
     uint G1ConcRefinementThreads                  = 8                                         {product} {ergonomic}
   size_t G1HeapRegionSize                         = 2097152                                   {product} {ergonomic}
    uintx GCDrainStackTargetSize                   = 64                                        {product} {ergonomic}
   size_t InitialHeapSize                          = 163577856                                 {product} {ergonomic}
   size_t MarkStackSize                            = 4194304                                   {product} {ergonomic}
   size_t MaxHeapSize                              = 2613051392                                {product} {ergonomic}
   size_t MaxNewSize                               = 1566572544                                {product} {ergonomic}
   size_t MinHeapDeltaBytes                        = 2097152                                   {product} {ergonomic}
   size_t MinHeapSize                              = 8388608                                   {product} {ergonomic}
    uintx NonNMethodCodeHeapSize                   = 5839372                                {pd product} {ergonomic}
    uintx NonProfiledCodeHeapSize                  = 122909434                              {pd product} {ergonomic}
    uintx ProfiledCodeHeapSize                     = 122909434                              {pd product} {ergonomic}
    uintx ReservedCodeCacheSize                    = 251658240                              {pd product} {ergonomic}
     bool SegmentedCodeCache                       = true                                      {product} {ergonomic}
     bool ShowCodeDetailsInExceptionMessages       = true                                   {manageable} {command line}
   size_t SoftMaxHeapSize                          = 2613051392                             {manageable} {ergonomic}
     bool UseCompressedClassPointers               = true                                 {lp64_product} {ergonomic}
     bool UseCompressedOops                        = true                                 {lp64_product} {ergonomic}
     bool UseG1GC                                  = true                                      {product} {ergonomic}
     bool UseLargePagesIndividualAllocation        = false                                  {pd product} {ergonomic}

Logging:
Log output configuration:
 #0: stdout all=warning uptime,level,tags
 #1: stderr all=off uptime,level,tags

Environment Variables:
JAVA_HOME=C:\Program Files\Java\jdk1.8.0_251
PATH=C:/Users/Dayana.DAYANA/.p2/pool/plugins/org.eclipse.justj.openjdk.hotspot.jre.full.win32.x86_64_15.0.2.v20210201-0955/jre/bin/server;C:/Users/Dayana.DAYANA/.p2/pool/plugins/org.eclipse.justj.openjdk.hotspot.jre.full.win32.x86_64_15.0.2.v20210201-0955/jre/bin;C:\Users\Dayana.DAYANA\AppData\Local\Programs\Python\Python39\Scripts\;C:\Users\Dayana.DAYANA\AppData\Local\Programs\Python\Python39\;C:\oraclexe\app\oracle\product\11.2.0\server\bin;C:\Program Files (x86)\Common Files\Oracle\Java\javapath;C:\WINDOWS\system32;C:\WINDOWS;C:\WINDOWS\System32\Wbem;C:\WINDOWS\System32\WindowsPowerShell\v1.0\;C:\WINDOWS\System32\OpenSSH\;C:\Program Files\MySQL\MySQL Server 8.0\bin;C:\Maven\apache-maven-3.6.3\\bin;C:\Program Files\dotnet\;C:\Program Files\nodejs\;C:\ProgramData\chocolatey\bin;C:\Program Files\Microsoft SQL Server\130\Tools\Binn\;C:\Program Files\Microsoft SQL Server\Client SDK\ODBC\170\Tools\Binn\;C:\wamp64\bin\php\php7.4.9;C:\ProgramData\ComposerSetup\bin;C:\Program Files\Git\cmd;C:\Program Files\Git\mingw64\bin;C:\Program Files\Git\usr\bin;C:\Program Files (x86)\Microsoft SQL Server\150\DTS\Binn\;C:\Program Files\Azure Data Studio\bin;C:\Program Files (x86)\Microsoft SQL Server\150\Tools\Binn\;C:\Program Files\Microsoft SQL Server\150\Tools\Binn\;C:\Program Files\Microsoft SQL Server\150\DTS\Binn\;C:\Program Files (x86)\dotnet\;C:\Users\Dayana.DAYANA\AppData\Local\Microsoft\WindowsApps;;C:\Users\Dayana.DAYANA\AppData\Local\Programs\Microsoft VS Code\bin;C:\Users\Dayana.DAYANA\.dotnet\tools;C:\Users\Dayana.DAYANA\AppData\Roaming\npm;C:\Users\Dayana.DAYANA\AppData\Roaming\Composer\vendor\bin;C:\Program Files\Azure Data Studio\bin;C:\Users\Dayana.DAYANA\Desktop;
USERNAME=Dayana
OS=Windows_NT
PROCESSOR_IDENTIFIER=Intel64 Family 6 Model 42 Stepping 7, GenuineIntel



---------------  S Y S T E M  ---------------

OS:
 Windows 10 , 64 bit Build 19041 (10.0.19041.1348)
OS uptime: 24 days 1:12 hours

CPU: total 8 (initial active 8) (4 cores per cpu, 2 threads per core) family 6 model 42 stepping 7 microcode 0x2f, cmov, cx8, fxsr, mmx, sse, sse2, sse3, ssse3, sse4.1, sse4.2, popcnt, vzeroupper, avx, aes, clmul, ht, tsc, tscinvbit, clflush

Memory: 4k page, system-wide physical 9960M (800M free)
TotalPageFile size 12101M (AvailPageFile size 5M)
current process WorkingSet (physical memory assigned to process): 211M, peak: 211M
current process commit charge ("private bytes"): 248M, peak: 271M

vm_info: OpenJDK 64-Bit Server VM (15.0.2+7-27) for windows-amd64 JRE (15.0.2+7-27), built on Dec  7 2020 20:02:38 by "mach5one" with unknown MS VC++:1925

END.
