#
# There is insufficient memory for the Java Runtime Environment to continue.
# Native memory allocation (malloc) failed to allocate 32744 bytes for ChunkPool::allocate
# Possible reasons:
#   The system is out of physical RAM or swap space
#   The process is running with CompressedOops enabled, and the Java Heap may be blocking the growth of the native heap
# Possible solutions:
#   Reduce memory load on the system
#   Increase physical memory or swap space
#   Check if swap backing store is full
#   Decrease Java heap size (-Xmx/-Xms)
#   Decrease number of Java threads
#   Decrease Java thread stack sizes (-Xss)
#   Set larger code cache with -XX:ReservedCodeCacheSize=
#   JVM is running with Zero Based Compressed Oops mode in which the Java heap is
#     placed in the first 32GB address space. The Java Heap base address is the
#     maximum limit for the native heap growth. Please use -XX:HeapBaseMinAddress
#     to set the Java Heap base and to place the Java Heap above 32GB virtual address.
# This output file may be truncated or incomplete.
#
#  Out of Memory Error (./open/src/hotspot/share/memory/arena.cpp:79), pid=15964, tid=14112
#
# JRE version: OpenJDK Runtime Environment (15.0.2+7) (build 15.0.2+7-27)
# Java VM: OpenJDK 64-Bit Server VM (15.0.2+7-27, mixed mode, tiered, compressed oops, g1 gc, windows-amd64)
# No core dump will be written. Minidumps are not enabled by default on client versions of Windows
#

---------------  S U M M A R Y ------------

Command Line: -Dfile.encoding=UTF-8 -XX:+ShowCodeDetailsInExceptionMessages com.FacturadoraPymes.FacturadoraPymes.FacturadoraPymesApplication

Host: Intel(R) Core(TM) i7-2600 CPU @ 3.40GHz, 8 cores, 9G,  Windows 10 , 64 bit Build 19041 (10.0.19041.1503)
Time: Wed Mar  2 03:46:00 2022 Hora est. Pacífico, Sudamérica elapsed time: 0.582637 seconds (0d 0h 0m 0s)

---------------  T H R E A D  ---------------

Current thread (0x000001d06f0904a0):  JavaThread "C2 CompilerThread0" daemon [_thread_in_native, id=14112, stack(0x0000003aa6800000,0x0000003aa6900000)]


Current CompileTask:
C2:    582  572   !   4       java.util.zip.ZipFile$Source::getEntryPos (174 bytes)

Stack: [0x0000003aa6800000,0x0000003aa6900000]
Native frames: (J=compiled Java code, j=interpreted, Vv=VM code, C=native code)
V  [jvm.dll+0x62ae9a]
V  [jvm.dll+0x7817a9]
V  [jvm.dll+0x782f03]
V  [jvm.dll+0x783563]
V  [jvm.dll+0x216325]
V  [jvm.dll+0x982cf]
V  [jvm.dll+0x9861c]
V  [jvm.dll+0x313dca]
V  [jvm.dll+0xa33da]
V  [jvm.dll+0x1ed05a]
V  [jvm.dll+0x608ccf]
V  [jvm.dll+0x533e8b]
V  [jvm.dll+0x53d0b4]
V  [jvm.dll+0x5369f6]
V  [jvm.dll+0x53a288]
V  [jvm.dll+0x539ad9]
V  [jvm.dll+0x5399c0]
V  [jvm.dll+0x541072]
V  [jvm.dll+0x1f2cd4]
V  [jvm.dll+0x1ec588]
V  [jvm.dll+0x1e9867]
V  [jvm.dll+0x178567]
V  [jvm.dll+0x1f9225]
V  [jvm.dll+0x1f72cc]
V  [jvm.dll+0x74495d]
V  [jvm.dll+0x73d75a]
V  [jvm.dll+0x629c56]
C  [ucrtbase.dll+0x21bb2]
C  [KERNEL32.DLL+0x17034]
C  [ntdll.dll+0x52651]


---------------  P R O C E S S  ---------------

Threads class SMR info:
_java_thread_list=0x000001d06f915680, length=11, elements={
0x000001d06e838030, 0x000001d06e8389f0, 0x000001d06f086000, 0x000001d06f0888d0,
0x000001d06f08b2a0, 0x000001d06f0904a0, 0x000001d06f04a990, 0x000001d06f04da80,
0x000001d06f218aa0, 0x000001d06f231020, 0x000001d05148cd60
}

Java Threads: ( => current thread )
  0x000001d06e838030 JavaThread "Reference Handler" daemon [_thread_blocked, id=21052, stack(0x0000003aa6300000,0x0000003aa6400000)]
  0x000001d06e8389f0 JavaThread "Finalizer" daemon [_thread_blocked, id=7640, stack(0x0000003aa6400000,0x0000003aa6500000)]
  0x000001d06f086000 JavaThread "Signal Dispatcher" daemon [_thread_blocked, id=17276, stack(0x0000003aa6500000,0x0000003aa6600000)]
  0x000001d06f0888d0 JavaThread "Attach Listener" daemon [_thread_blocked, id=18944, stack(0x0000003aa6600000,0x0000003aa6700000)]
  0x000001d06f08b2a0 JavaThread "Service Thread" daemon [_thread_blocked, id=16460, stack(0x0000003aa6700000,0x0000003aa6800000)]
=>0x000001d06f0904a0 JavaThread "C2 CompilerThread0" daemon [_thread_in_native, id=14112, stack(0x0000003aa6800000,0x0000003aa6900000)]
  0x000001d06f04a990 JavaThread "C1 CompilerThread0" daemon [_thread_in_native, id=17544, stack(0x0000003aa6900000,0x0000003aa6a00000)]
  0x000001d06f04da80 JavaThread "Sweeper thread" daemon [_thread_blocked, id=16104, stack(0x0000003aa6a00000,0x0000003aa6b00000)]
  0x000001d06f218aa0 JavaThread "Notification Thread" daemon [_thread_blocked, id=6444, stack(0x0000003aa6b00000,0x0000003aa6c00000)]
  0x000001d06f231020 JavaThread "Common-Cleaner" daemon [_thread_blocked, id=15688, stack(0x0000003aa6d00000,0x0000003aa6e00000)]
  0x000001d05148cd60 JavaThread "DestroyJavaVM" [_thread_blocked, id=5316, stack(0x0000003aa5c00000,0x0000003aa5d00000)]

Other Threads:
  0x000001d06e821fb0 VMThread "VM Thread" [stack: 0x0000003aa6200000,0x0000003aa6300000] [id=10456]
  0x000001d06f21af80 WatcherThread [stack: 0x0000003aa6c00000,0x0000003aa6d00000] [id=16816]
  0x000001d0514cb400 GCTaskThread "GC Thread#0" [stack: 0x0000003aa5d00000,0x0000003aa5e00000] [id=16472]
  0x000001d0514d8960 ConcurrentGCThread "G1 Main Marker" [stack: 0x0000003aa5e00000,0x0000003aa5f00000] [id=22076]
  0x000001d0514d94e0 ConcurrentGCThread "G1 Conc#0" [stack: 0x0000003aa5f00000,0x0000003aa6000000] [id=21992]
  0x000001d05154bf30 ConcurrentGCThread "G1 Refine#0" [stack: 0x0000003aa6000000,0x0000003aa6100000] [id=10364]
  0x000001d05154ca40 ConcurrentGCThread "G1 Young RemSet Sampling" [stack: 0x0000003aa6100000,0x0000003aa6200000] [id=540]

Threads with active compile tasks:
C2 CompilerThread0      639  572   !   4       java.util.zip.ZipFile$Source::getEntryPos (174 bytes)
C1 CompilerThread0      639  567       3       java.net.URLStreamHandler::parseURL (1201 bytes)

VM state: not at safepoint (normal execution)

VM Mutex/Monitor currently owned by a thread: None

OutOfMemory and StackOverflow Exception counts:
OutOfMemoryError java_heap_errors=1
LinkageErrors=1

Heap address: 0x0000000764400000, size: 2492 MB, Compressed Oops mode: Zero based, Oop shift amount: 3
CDS disabled.
Compressed class space mapped at: 0x0000000800000000-0x0000000840000000, size: 1073741824
Narrow klass base: 0x0000000800000000, Narrow klass shift: 0, Narrow klass range: 0x40000000

GC Precious Log:
 CPUs: 8 total, 8 available
 Memory: 9960M
 Large Page Support: Disabled
 NUMA Support: Disabled
 Compressed Oops: Enabled (Zero based)
 Heap Region Size: 2M
 Heap Min Capacity: 8M
 Heap Initial Capacity: 156M
 Heap Max Capacity: 2492M
 Pre-touch: Disabled
 Parallel Workers: 8
 Concurrent Workers: 2
 Concurrent Refinement Workers: 8
 Periodic GC: Disabled

Heap:
 garbage-first heap   total 159744K, used 10240K [0x0000000764400000, 0x0000000800000000)
  region size 2048K, 7 young (14336K), 0 survivors (0K)
 Metaspace       used 9625K, capacity 9782K, committed 9856K, reserved 1062912K
  class space    used 838K, capacity 854K, committed 896K, reserved 1048576K

Heap Regions: E=young(eden), S=young(survivor), O=old, HS=humongous(starts), HC=humongous(continues), CS=collection set, F=free, OA=open archive, CA=closed archive, TAMS=top-at-mark-start (previous, next)
|   0|0x0000000764400000, 0x0000000764400000, 0x0000000764600000|  0%| F|  |TAMS 0x0000000764400000, 0x0000000764400000| Untracked 
|   1|0x0000000764600000, 0x0000000764600000, 0x0000000764800000|  0%| F|  |TAMS 0x0000000764600000, 0x0000000764600000| Untracked 
|   2|0x0000000764800000, 0x0000000764800000, 0x0000000764a00000|  0%| F|  |TAMS 0x0000000764800000, 0x0000000764800000| Untracked 
|   3|0x0000000764a00000, 0x0000000764a00000, 0x0000000764c00000|  0%| F|  |TAMS 0x0000000764a00000, 0x0000000764a00000| Untracked 
|   4|0x0000000764c00000, 0x0000000764c00000, 0x0000000764e00000|  0%| F|  |TAMS 0x0000000764c00000, 0x0000000764c00000| Untracked 
|   5|0x0000000764e00000, 0x0000000764e00000, 0x0000000765000000|  0%| F|  |TAMS 0x0000000764e00000, 0x0000000764e00000| Untracked 
|   6|0x0000000765000000, 0x0000000765000000, 0x0000000765200000|  0%| F|  |TAMS 0x0000000765000000, 0x0000000765000000| Untracked 
|   7|0x0000000765200000, 0x0000000765200000, 0x0000000765400000|  0%| F|  |TAMS 0x0000000765200000, 0x0000000765200000| Untracked 
|   8|0x0000000765400000, 0x0000000765400000, 0x0000000765600000|  0%| F|  |TAMS 0x0000000765400000, 0x0000000765400000| Untracked 
|   9|0x0000000765600000, 0x0000000765600000, 0x0000000765800000|  0%| F|  |TAMS 0x0000000765600000, 0x0000000765600000| Untracked 
|  10|0x0000000765800000, 0x0000000765800000, 0x0000000765a00000|  0%| F|  |TAMS 0x0000000765800000, 0x0000000765800000| Untracked 
|  11|0x0000000765a00000, 0x0000000765a00000, 0x0000000765c00000|  0%| F|  |TAMS 0x0000000765a00000, 0x0000000765a00000| Untracked 
|  12|0x0000000765c00000, 0x0000000765c00000, 0x0000000765e00000|  0%| F|  |TAMS 0x0000000765c00000, 0x0000000765c00000| Untracked 
|  13|0x0000000765e00000, 0x0000000765e00000, 0x0000000766000000|  0%| F|  |TAMS 0x0000000765e00000, 0x0000000765e00000| Untracked 
|  14|0x0000000766000000, 0x0000000766000000, 0x0000000766200000|  0%| F|  |TAMS 0x0000000766000000, 0x0000000766000000| Untracked 
|  15|0x0000000766200000, 0x0000000766200000, 0x0000000766400000|  0%| F|  |TAMS 0x0000000766200000, 0x0000000766200000| Untracked 
|  16|0x0000000766400000, 0x0000000766400000, 0x0000000766600000|  0%| F|  |TAMS 0x0000000766400000, 0x0000000766400000| Untracked 
|  17|0x0000000766600000, 0x0000000766600000, 0x0000000766800000|  0%| F|  |TAMS 0x0000000766600000, 0x0000000766600000| Untracked 
|  18|0x0000000766800000, 0x0000000766800000, 0x0000000766a00000|  0%| F|  |TAMS 0x0000000766800000, 0x0000000766800000| Untracked 
|  19|0x0000000766a00000, 0x0000000766a00000, 0x0000000766c00000|  0%| F|  |TAMS 0x0000000766a00000, 0x0000000766a00000| Untracked 
|  20|0x0000000766c00000, 0x0000000766c00000, 0x0000000766e00000|  0%| F|  |TAMS 0x0000000766c00000, 0x0000000766c00000| Untracked 
|  21|0x0000000766e00000, 0x0000000766e00000, 0x0000000767000000|  0%| F|  |TAMS 0x0000000766e00000, 0x0000000766e00000| Untracked 
|  22|0x0000000767000000, 0x0000000767000000, 0x0000000767200000|  0%| F|  |TAMS 0x0000000767000000, 0x0000000767000000| Untracked 
|  23|0x0000000767200000, 0x0000000767200000, 0x0000000767400000|  0%| F|  |TAMS 0x0000000767200000, 0x0000000767200000| Untracked 
|  24|0x0000000767400000, 0x0000000767400000, 0x0000000767600000|  0%| F|  |TAMS 0x0000000767400000, 0x0000000767400000| Untracked 
|  25|0x0000000767600000, 0x0000000767600000, 0x0000000767800000|  0%| F|  |TAMS 0x0000000767600000, 0x0000000767600000| Untracked 
|  26|0x0000000767800000, 0x0000000767800000, 0x0000000767a00000|  0%| F|  |TAMS 0x0000000767800000, 0x0000000767800000| Untracked 
|  27|0x0000000767a00000, 0x0000000767a00000, 0x0000000767c00000|  0%| F|  |TAMS 0x0000000767a00000, 0x0000000767a00000| Untracked 
|  28|0x0000000767c00000, 0x0000000767c00000, 0x0000000767e00000|  0%| F|  |TAMS 0x0000000767c00000, 0x0000000767c00000| Untracked 
|  29|0x0000000767e00000, 0x0000000767e00000, 0x0000000768000000|  0%| F|  |TAMS 0x0000000767e00000, 0x0000000767e00000| Untracked 
|  30|0x0000000768000000, 0x0000000768000000, 0x0000000768200000|  0%| F|  |TAMS 0x0000000768000000, 0x0000000768000000| Untracked 
|  31|0x0000000768200000, 0x0000000768200000, 0x0000000768400000|  0%| F|  |TAMS 0x0000000768200000, 0x0000000768200000| Untracked 
|  32|0x0000000768400000, 0x0000000768400000, 0x0000000768600000|  0%| F|  |TAMS 0x0000000768400000, 0x0000000768400000| Untracked 
|  33|0x0000000768600000, 0x0000000768600000, 0x0000000768800000|  0%| F|  |TAMS 0x0000000768600000, 0x0000000768600000| Untracked 
|  34|0x0000000768800000, 0x0000000768800000, 0x0000000768a00000|  0%| F|  |TAMS 0x0000000768800000, 0x0000000768800000| Untracked 
|  35|0x0000000768a00000, 0x0000000768a00000, 0x0000000768c00000|  0%| F|  |TAMS 0x0000000768a00000, 0x0000000768a00000| Untracked 
|  36|0x0000000768c00000, 0x0000000768c00000, 0x0000000768e00000|  0%| F|  |TAMS 0x0000000768c00000, 0x0000000768c00000| Untracked 
|  37|0x0000000768e00000, 0x0000000768e00000, 0x0000000769000000|  0%| F|  |TAMS 0x0000000768e00000, 0x0000000768e00000| Untracked 
|  38|0x0000000769000000, 0x0000000769000000, 0x0000000769200000|  0%| F|  |TAMS 0x0000000769000000, 0x0000000769000000| Untracked 
|  39|0x0000000769200000, 0x0000000769200000, 0x0000000769400000|  0%| F|  |TAMS 0x0000000769200000, 0x0000000769200000| Untracked 
|  40|0x0000000769400000, 0x0000000769400000, 0x0000000769600000|  0%| F|  |TAMS 0x0000000769400000, 0x0000000769400000| Untracked 
|  41|0x0000000769600000, 0x0000000769600000, 0x0000000769800000|  0%| F|  |TAMS 0x0000000769600000, 0x0000000769600000| Untracked 
|  42|0x0000000769800000, 0x0000000769800000, 0x0000000769a00000|  0%| F|  |TAMS 0x0000000769800000, 0x0000000769800000| Untracked 
|  43|0x0000000769a00000, 0x0000000769a00000, 0x0000000769c00000|  0%| F|  |TAMS 0x0000000769a00000, 0x0000000769a00000| Untracked 
|  44|0x0000000769c00000, 0x0000000769c00000, 0x0000000769e00000|  0%| F|  |TAMS 0x0000000769c00000, 0x0000000769c00000| Untracked 
|  45|0x0000000769e00000, 0x0000000769e00000, 0x000000076a000000|  0%| F|  |TAMS 0x0000000769e00000, 0x0000000769e00000| Untracked 
|  46|0x000000076a000000, 0x000000076a000000, 0x000000076a200000|  0%| F|  |TAMS 0x000000076a000000, 0x000000076a000000| Untracked 
|  47|0x000000076a200000, 0x000000076a200000, 0x000000076a400000|  0%| F|  |TAMS 0x000000076a200000, 0x000000076a200000| Untracked 
|  48|0x000000076a400000, 0x000000076a400000, 0x000000076a600000|  0%| F|  |TAMS 0x000000076a400000, 0x000000076a400000| Untracked 
|  49|0x000000076a600000, 0x000000076a600000, 0x000000076a800000|  0%| F|  |TAMS 0x000000076a600000, 0x000000076a600000| Untracked 
|  50|0x000000076a800000, 0x000000076a800000, 0x000000076aa00000|  0%| F|  |TAMS 0x000000076a800000, 0x000000076a800000| Untracked 
|  51|0x000000076aa00000, 0x000000076aa00000, 0x000000076ac00000|  0%| F|  |TAMS 0x000000076aa00000, 0x000000076aa00000| Untracked 
|  52|0x000000076ac00000, 0x000000076ac00000, 0x000000076ae00000|  0%| F|  |TAMS 0x000000076ac00000, 0x000000076ac00000| Untracked 
|  53|0x000000076ae00000, 0x000000076ae00000, 0x000000076b000000|  0%| F|  |TAMS 0x000000076ae00000, 0x000000076ae00000| Untracked 
|  54|0x000000076b000000, 0x000000076b000000, 0x000000076b200000|  0%| F|  |TAMS 0x000000076b000000, 0x000000076b000000| Untracked 
|  55|0x000000076b200000, 0x000000076b200000, 0x000000076b400000|  0%| F|  |TAMS 0x000000076b200000, 0x000000076b200000| Untracked 
|  56|0x000000076b400000, 0x000000076b400000, 0x000000076b600000|  0%| F|  |TAMS 0x000000076b400000, 0x000000076b400000| Untracked 
|  57|0x000000076b600000, 0x000000076b600000, 0x000000076b800000|  0%| F|  |TAMS 0x000000076b600000, 0x000000076b600000| Untracked 
|  58|0x000000076b800000, 0x000000076b800000, 0x000000076ba00000|  0%| F|  |TAMS 0x000000076b800000, 0x000000076b800000| Untracked 
|  59|0x000000076ba00000, 0x000000076ba00000, 0x000000076bc00000|  0%| F|  |TAMS 0x000000076ba00000, 0x000000076ba00000| Untracked 
|  60|0x000000076bc00000, 0x000000076bc00000, 0x000000076be00000|  0%| F|  |TAMS 0x000000076bc00000, 0x000000076bc00000| Untracked 
|  61|0x000000076be00000, 0x000000076be00000, 0x000000076c000000|  0%| F|  |TAMS 0x000000076be00000, 0x000000076be00000| Untracked 
|  62|0x000000076c000000, 0x000000076c000000, 0x000000076c200000|  0%| F|  |TAMS 0x000000076c000000, 0x000000076c000000| Untracked 
|  63|0x000000076c200000, 0x000000076c200000, 0x000000076c400000|  0%| F|  |TAMS 0x000000076c200000, 0x000000076c200000| Untracked 
|  64|0x000000076c400000, 0x000000076c400000, 0x000000076c600000|  0%| F|  |TAMS 0x000000076c400000, 0x000000076c400000| Untracked 
|  65|0x000000076c600000, 0x000000076c600000, 0x000000076c800000|  0%| F|  |TAMS 0x000000076c600000, 0x000000076c600000| Untracked 
|  66|0x000000076c800000, 0x000000076c800000, 0x000000076ca00000|  0%| F|  |TAMS 0x000000076c800000, 0x000000076c800000| Untracked 
|  67|0x000000076ca00000, 0x000000076ca00000, 0x000000076cc00000|  0%| F|  |TAMS 0x000000076ca00000, 0x000000076ca00000| Untracked 
|  68|0x000000076cc00000, 0x000000076cc00000, 0x000000076ce00000|  0%| F|  |TAMS 0x000000076cc00000, 0x000000076cc00000| Untracked 
|  69|0x000000076ce00000, 0x000000076ce00000, 0x000000076d000000|  0%| F|  |TAMS 0x000000076ce00000, 0x000000076ce00000| Untracked 
|  70|0x000000076d000000, 0x000000076d000000, 0x000000076d200000|  0%| F|  |TAMS 0x000000076d000000, 0x000000076d000000| Untracked 
|  71|0x000000076d200000, 0x000000076d200800, 0x000000076d400000|  0%| E|  |TAMS 0x000000076d200000, 0x000000076d200000| Complete 
|  72|0x000000076d400000, 0x000000076d600000, 0x000000076d600000|100%| E|CS|TAMS 0x000000076d400000, 0x000000076d400000| Complete 
|  73|0x000000076d600000, 0x000000076d800000, 0x000000076d800000|100%| E|CS|TAMS 0x000000076d600000, 0x000000076d600000| Complete 
|  74|0x000000076d800000, 0x000000076da00000, 0x000000076da00000|100%| E|CS|TAMS 0x000000076d800000, 0x000000076d800000| Complete 
|  75|0x000000076da00000, 0x000000076dc00000, 0x000000076dc00000|100%| E|CS|TAMS 0x000000076da00000, 0x000000076da00000| Complete 
|  76|0x000000076dc00000, 0x000000076de00000, 0x000000076de00000|100%| E|CS|TAMS 0x000000076dc00000, 0x000000076dc00000| Complete 
|  77|0x000000076de00000, 0x000000076e000000, 0x000000076e000000|100%| E|  |TAMS 0x000000076de00000, 0x000000076de00000| Complete 

Card table byte_map: [0x000001d0665c0000,0x000001d066aa0000] _byte_map_base: 0x000001d062a9e000

Marking Bits (Prev, Next): (CMBitMap*) 0x000001d0514cdba0, (CMBitMap*) 0x000001d0514cdbe0
 Prev Bits: [0x000001d066f80000, 0x000001d069670000)
 Next Bits: [0x000001d069670000, 0x000001d06bd60000)

Polling page: 0x000001d051560000

Metaspace:

Usage:
  Non-class:      8.72 MB capacity,     8.58 MB ( 98%) used,   135.66 KB (  2%) free+waste,     5.44 KB ( <1%) overhead. 
      Class:    854.00 KB capacity,   838.57 KB ( 98%) used,    13.74 KB (  2%) free+waste,     1.69 KB ( <1%) overhead. 
       Both:      9.55 MB capacity,     9.40 MB ( 98%) used,   149.41 KB (  2%) free+waste,     7.12 KB ( <1%) overhead. 

Virtual space:
  Non-class space:       14.00 MB reserved,       8.75 MB ( 62%) committed 
      Class space:        1.00 GB reserved,     896.00 KB ( <1%) committed 
             Both:        1.01 GB reserved,       9.62 MB ( <1%) committed 

Chunk freelists:
   Non-Class:  32.00 KB
       Class:  10.00 KB
        Both:  42.00 KB

MaxMetaspaceSize: 17179869184.00 GB
CompressedClassSpaceSize: 1.00 GB

CodeHeap 'non-profiled nmethods': size=120000Kb used=153Kb max_used=153Kb free=119846Kb
 bounds [0x000001d05e140000, 0x000001d05e3b0000, 0x000001d065670000]
CodeHeap 'profiled nmethods': size=120000Kb used=874Kb max_used=874Kb free=119125Kb
 bounds [0x000001d056c10000, 0x000001d056e80000, 0x000001d05e140000]
CodeHeap 'non-nmethods': size=5760Kb used=1148Kb max_used=1161Kb free=4611Kb
 bounds [0x000001d056670000, 0x000001d0568e0000, 0x000001d056c10000]
 total_blobs=965 nmethods=566 adapters=312
 compilation: enabled
              stopped_count=0, restarted_count=0
 full_count=0

Compilation events (20 events):
Event: 0.558 Thread 0x000001d06f04a990  558       3       jdk.internal.org.objectweb.asm.SymbolTable::addConstantUtf8 (98 bytes)
Event: 0.558 Thread 0x000001d06f0904a0  560       4       java.lang.StringLatin1::replace (198 bytes)
Event: 0.558 Thread 0x000001d06f04a990 nmethod 558 0x000001d056ce7e10 code [0x000001d056ce8040, 0x000001d056ce8638]
Event: 0.558 Thread 0x000001d06f04a990  559       3       jdk.internal.org.objectweb.asm.ByteVector::putByte (39 bytes)
Event: 0.558 Thread 0x000001d06f04a990 nmethod 559 0x000001d056ce8990 code [0x000001d056ce8b40, 0x000001d056ce8d28]
Event: 0.563 Thread 0x000001d06f04a990  562       3       java.util.zip.ZipCoder$UTF8ZipCoder::toString (12 bytes)
Event: 0.564 Thread 0x000001d06f04a990 nmethod 562 0x000001d056ce8e90 code [0x000001d056ce9040, 0x000001d056ce91c8]
Event: 0.564 Thread 0x000001d06f04a990  563       3       java.lang.System$2::newStringUTF8NoRepl (7 bytes)
Event: 0.564 Thread 0x000001d06f04a990 nmethod 563 0x000001d056ce9290 code [0x000001d056ce9440, 0x000001d056ce9568]
Event: 0.564 Thread 0x000001d06f04a990  564       3       java.lang.StringCoding::newStringUTF8NoRepl (56 bytes)
Event: 0.564 Thread 0x000001d06f04a990 nmethod 564 0x000001d056ce9610 code [0x000001d056ce9820, 0x000001d056ce9e78]
Event: 0.565 Thread 0x000001d06f04a990  565       3       java.lang.String::toLowerCase (8 bytes)
Event: 0.565 Thread 0x000001d06f04a990 nmethod 565 0x000001d056cea110 code [0x000001d056cea2e0, 0x000001d056cea658]
Event: 0.565 Thread 0x000001d06f04a990  566       3       java.util.Locale::getDefault (4 bytes)
Event: 0.565 Thread 0x000001d06f04a990 nmethod 566 0x000001d056cea790 code [0x000001d056cea920, 0x000001d056ceaa18]
Event: 0.565 Thread 0x000001d06f04a990  567       3       java.net.URLStreamHandler::parseURL (1201 bytes)
Event: 0.570 Thread 0x000001d06f0904a0 nmethod 560 0x000001d05e165990 code [0x000001d05e165b40, 0x000001d05e166028]
Event: 0.570 Thread 0x000001d06f0904a0  561       4       java.lang.StringUTF16::getChar (60 bytes)
Event: 0.571 Thread 0x000001d06f0904a0 nmethod 561 0x000001d05e166310 code [0x000001d05e166480, 0x000001d05e166538]
Event: 0.572 Thread 0x000001d06f0904a0  572   !   4       java.util.zip.ZipFile$Source::getEntryPos (174 bytes)

GC Heap History (0 events):
No events

Deoptimization events (20 events):
Event: 0.197 Thread 0x000001d05148cd60 DEOPT PACKING pc=0x000001d05e145244 sp=0x0000003aa5cfd450
Event: 0.197 Thread 0x000001d05148cd60 DEOPT UNPACKING pc=0x000001d0566be42f sp=0x0000003aa5cfd3e8 mode 2
Event: 0.434 Thread 0x000001d05148cd60 Uncommon trap: trap_request=0xffffff45 fr.pc=0x000001d05e15555c relative=0x000000000000023c
Event: 0.434 Thread 0x000001d05148cd60 Uncommon trap: reason=unstable_if action=reinterpret pc=0x000001d05e15555c method=java.io.BufferedReader.read()I @ 19 c2
Event: 0.434 Thread 0x000001d05148cd60 DEOPT PACKING pc=0x000001d05e15555c sp=0x0000003aa5cfc0e0
Event: 0.434 Thread 0x000001d05148cd60 DEOPT UNPACKING pc=0x000001d0566be42f sp=0x0000003aa5cfc020 mode 2
Event: 0.478 Thread 0x000001d05148cd60 DEOPT PACKING pc=0x000001d056c4625f sp=0x0000003aa5cfc7c0
Event: 0.478 Thread 0x000001d05148cd60 DEOPT UNPACKING pc=0x000001d0566be23f sp=0x0000003aa5cfbc10 mode 0
Event: 0.541 Thread 0x000001d05148cd60 Uncommon trap: trap_request=0xffffff45 fr.pc=0x000001d05e14b414 relative=0x00000000000001f4
Event: 0.541 Thread 0x000001d05148cd60 Uncommon trap: reason=unstable_if action=reinterpret pc=0x000001d05e14b414 method=java.lang.StringLatin1.canEncode(I)Z @ 4 c2
Event: 0.541 Thread 0x000001d05148cd60 DEOPT PACKING pc=0x000001d05e14b414 sp=0x0000003aa5cfd290
Event: 0.541 Thread 0x000001d05148cd60 DEOPT UNPACKING pc=0x000001d0566be42f sp=0x0000003aa5cfd1a8 mode 2
Event: 0.541 Thread 0x000001d05148cd60 Uncommon trap: trap_request=0xffffff45 fr.pc=0x000001d05e14eb1c relative=0x00000000000003fc
Event: 0.541 Thread 0x000001d05148cd60 Uncommon trap: reason=unstable_if action=reinterpret pc=0x000001d05e14eb1c method=java.lang.AbstractStringBuilder.isLatin1()Z @ 10 c2
Event: 0.541 Thread 0x000001d05148cd60 DEOPT PACKING pc=0x000001d05e14eb1c sp=0x0000003aa5cfd290
Event: 0.541 Thread 0x000001d05148cd60 DEOPT UNPACKING pc=0x000001d0566be42f sp=0x0000003aa5cfd210 mode 2
Event: 0.571 Thread 0x000001d05148cd60 Uncommon trap: trap_request=0xffffff45 fr.pc=0x000001d05e146bb4 relative=0x0000000000000034
Event: 0.571 Thread 0x000001d05148cd60 Uncommon trap: reason=unstable_if action=reinterpret pc=0x000001d05e146bb4 method=java.lang.StringLatin1.canEncode(I)Z @ 4 c2
Event: 0.571 Thread 0x000001d05148cd60 DEOPT PACKING pc=0x000001d05e146bb4 sp=0x0000003aa5cfc880
Event: 0.571 Thread 0x000001d05148cd60 DEOPT UNPACKING pc=0x000001d0566be42f sp=0x0000003aa5cfc810 mode 2

Classes unloaded (0 events):
No events

Classes redefined (0 events):
No events

Internal exceptions (3 events):
Event: 0.432 Thread 0x000001d05148cd60 Exception <a 'java/lang/ClassNotFoundException'{0x000000076d9d83f0}: javax/smartcardio/CardPermission> (0x000000076d9d83f0) 
thrown [./open/src/hotspot/share/classfile/systemDictionary.cpp, line 295]
Event: 0.436 Thread 0x000001d05148cd60 Exception <a 'java/io/FileNotFoundException'{0x000000076d9e6b70}> (0x000000076d9e6b70) 
thrown [./open/src/hotspot/share/prims/jni.cpp, line 578]
Event: 0.459 Thread 0x000001d05148cd60 Exception <a 'java/lang/NoSuchMethodError'{0x000000076d611c90}: 'void java.lang.invoke.DirectMethodHandle$Holder.invokeSpecial(java.lang.Object, java.lang.Object, java.lang.Object)'> (0x000000076d611c90) 
thrown [./open/src/hotspot/share/interpreter/linkResolver.cpp, line 782]

Events (20 events):
Event: 0.558 loading class java/util/stream/IntPipeline$9$1
Event: 0.558 loading class java/util/stream/Sink$ChainedInt
Event: 0.558 loading class java/util/stream/Sink$ChainedInt done
Event: 0.558 loading class java/util/stream/IntPipeline$9$1 done
Event: 0.558 loading class java/lang/StringUTF16$CharsSpliterator
Event: 0.559 loading class java/lang/StringUTF16$CharsSpliterator done
Event: 0.559 loading class java/lang/CharacterData00
Event: 0.559 loading class java/lang/CharacterData00 done
Event: 0.560 loading class java/text/DecimalFormat
Event: 0.561 loading class java/text/DecimalFormat done
Event: 0.562 loading class java/text/FieldPosition
Event: 0.562 loading class java/text/FieldPosition done
Event: 0.562 loading class java/text/DigitList
Event: 0.562 loading class java/text/DigitList done
Event: 0.562 loading class java/math/RoundingMode
Event: 0.562 loading class java/math/RoundingMode done
Event: 0.563 loading class java/util/Date
Event: 0.563 loading class java/util/Date done
Event: 0.567 loading class java/lang/NumberFormatException
Event: 0.567 loading class java/lang/NumberFormatException done


Dynamic libraries:
0x00007ff7cda60000 - 0x00007ff7cda6d000 	C:\Users\Dayana.DAYANA\.p2\pool\plugins\org.eclipse.justj.openjdk.hotspot.jre.full.win32.x86_64_15.0.2.v20210201-0955\jre\bin\javaw.exe
0x00007ff9d6cf0000 - 0x00007ff9d6ee5000 	C:\WINDOWS\SYSTEM32\ntdll.dll
0x00007ff9d4d40000 - 0x00007ff9d4dfe000 	C:\WINDOWS\System32\KERNEL32.DLL
0x00007ff9d46b0000 - 0x00007ff9d4978000 	C:\WINDOWS\System32\KERNELBASE.dll
0x00007ff9d4a40000 - 0x00007ff9d4b40000 	C:\WINDOWS\System32\ucrtbase.dll
0x00007ff9ce320000 - 0x00007ff9ce338000 	C:\Users\Dayana.DAYANA\.p2\pool\plugins\org.eclipse.justj.openjdk.hotspot.jre.full.win32.x86_64_15.0.2.v20210201-0955\jre\bin\jli.dll
0x00007ff9ba0a0000 - 0x00007ff9ba0b9000 	C:\Users\Dayana.DAYANA\.p2\pool\plugins\org.eclipse.justj.openjdk.hotspot.jre.full.win32.x86_64_15.0.2.v20210201-0955\jre\bin\VCRUNTIME140.dll
0x00007ff9d6b10000 - 0x00007ff9d6cb0000 	C:\WINDOWS\System32\USER32.dll
0x00007ff9d4ca0000 - 0x00007ff9d4cc2000 	C:\WINDOWS\System32\win32u.dll
0x00007ff9c8d10000 - 0x00007ff9c8faa000 	C:\WINDOWS\WinSxS\amd64_microsoft.windows.common-controls_6595b64144ccf1df_6.0.19041.1110_none_60b5254171f9507e\COMCTL32.dll
0x00007ff9d5500000 - 0x00007ff9d552b000 	C:\WINDOWS\System32\GDI32.dll
0x00007ff9d5800000 - 0x00007ff9d589e000 	C:\WINDOWS\System32\msvcrt.dll
0x00007ff9d4500000 - 0x00007ff9d460d000 	C:\WINDOWS\System32\gdi32full.dll
0x00007ff9d4610000 - 0x00007ff9d46ad000 	C:\WINDOWS\System32\msvcp_win.dll
0x00007ff9d4e00000 - 0x00007ff9d4e30000 	C:\WINDOWS\System32\IMM32.DLL
0x00007ff9d01e0000 - 0x00007ff9d01ec000 	C:\Users\Dayana.DAYANA\.p2\pool\plugins\org.eclipse.justj.openjdk.hotspot.jre.full.win32.x86_64_15.0.2.v20210201-0955\jre\bin\vcruntime140_1.dll
0x00007ff9a3d20000 - 0x00007ff9a3db1000 	C:\Users\Dayana.DAYANA\.p2\pool\plugins\org.eclipse.justj.openjdk.hotspot.jre.full.win32.x86_64_15.0.2.v20210201-0955\jre\bin\msvcp140.dll
0x00007ff97f2b0000 - 0x00007ff97fe0e000 	C:\Users\Dayana.DAYANA\.p2\pool\plugins\org.eclipse.justj.openjdk.hotspot.jre.full.win32.x86_64_15.0.2.v20210201-0955\jre\bin\server\jvm.dll
0x00007ff9d4f60000 - 0x00007ff9d500e000 	C:\WINDOWS\System32\ADVAPI32.dll
0x00007ff9d5760000 - 0x00007ff9d57fc000 	C:\WINDOWS\System32\sechost.dll
0x00007ff9d4e30000 - 0x00007ff9d4f55000 	C:\WINDOWS\System32\RPCRT4.dll
0x00007ff9d5a20000 - 0x00007ff9d5a28000 	C:\WINDOWS\System32\PSAPI.DLL
0x00007ff9baa00000 - 0x00007ff9baa09000 	C:\WINDOWS\SYSTEM32\WSOCK32.dll
0x00007ff9cc100000 - 0x00007ff9cc10a000 	C:\WINDOWS\SYSTEM32\VERSION.dll
0x00007ff9bfb10000 - 0x00007ff9bfb37000 	C:\WINDOWS\SYSTEM32\WINMM.dll
0x00007ff9d5010000 - 0x00007ff9d507b000 	C:\WINDOWS\System32\WS2_32.dll
0x00007ff9d2310000 - 0x00007ff9d2322000 	C:\WINDOWS\SYSTEM32\kernel.appcore.dll
0x00007ff9cfdb0000 - 0x00007ff9cfdba000 	C:\Users\Dayana.DAYANA\.p2\pool\plugins\org.eclipse.justj.openjdk.hotspot.jre.full.win32.x86_64_15.0.2.v20210201-0955\jre\bin\jimage.dll
0x00007ff9c9740000 - 0x00007ff9c9924000 	C:\WINDOWS\SYSTEM32\DBGHELP.DLL
0x00007ff9c9b70000 - 0x00007ff9c9b9c000 	C:\WINDOWS\SYSTEM32\dbgcore.DLL
0x00007ff9d4980000 - 0x00007ff9d4a02000 	C:\WINDOWS\System32\bcryptPrimitives.dll
0x00007ff9baca0000 - 0x00007ff9bacc5000 	C:\Users\Dayana.DAYANA\.p2\pool\plugins\org.eclipse.justj.openjdk.hotspot.jre.full.win32.x86_64_15.0.2.v20210201-0955\jre\bin\java.dll
0x00007ff9bac80000 - 0x00007ff9bac98000 	C:\Users\Dayana.DAYANA\.p2\pool\plugins\org.eclipse.justj.openjdk.hotspot.jre.full.win32.x86_64_15.0.2.v20210201-0955\jre\bin\zip.dll
0x00007ff9d63c0000 - 0x00007ff9d6b04000 	C:\WINDOWS\System32\SHELL32.dll
0x00007ff9d2510000 - 0x00007ff9d2ca4000 	C:\WINDOWS\SYSTEM32\windows.storage.dll
0x00007ff9d5a90000 - 0x00007ff9d5de5000 	C:\WINDOWS\System32\combase.dll
0x00007ff9d3d80000 - 0x00007ff9d3dae000 	C:\WINDOWS\SYSTEM32\Wldp.dll
0x00007ff9d58a0000 - 0x00007ff9d594d000 	C:\WINDOWS\System32\SHCORE.dll
0x00007ff9d5df0000 - 0x00007ff9d5e45000 	C:\WINDOWS\System32\shlwapi.dll
0x00007ff9d4340000 - 0x00007ff9d435f000 	C:\WINDOWS\SYSTEM32\profapi.dll
0x00007ff9ba870000 - 0x00007ff9ba889000 	C:\Users\Dayana.DAYANA\.p2\pool\plugins\org.eclipse.justj.openjdk.hotspot.jre.full.win32.x86_64_15.0.2.v20210201-0955\jre\bin\net.dll
0x00007ff9cf3e0000 - 0x00007ff9cf4ec000 	C:\WINDOWS\SYSTEM32\WINHTTP.dll
0x00007ff9d3ae0000 - 0x00007ff9d3b4a000 	C:\WINDOWS\system32\mswsock.dll
0x00007ff9ba810000 - 0x00007ff9ba822000 	C:\Users\Dayana.DAYANA\.p2\pool\plugins\org.eclipse.justj.openjdk.hotspot.jre.full.win32.x86_64_15.0.2.v20210201-0955\jre\bin\nio.dll
0x00007ff9caeb0000 - 0x00007ff9caec0000 	C:\Users\Dayana.DAYANA\.p2\pool\plugins\org.eclipse.justj.openjdk.hotspot.jre.full.win32.x86_64_15.0.2.v20210201-0955\jre\bin\verify.dll

dbghelp: loaded successfully - version: 4.0.5 - missing functions: none
symbol engine: initialized successfully - sym options: 0x614 - pdb path: .;C:\Users\Dayana.DAYANA\.p2\pool\plugins\org.eclipse.justj.openjdk.hotspot.jre.full.win32.x86_64_15.0.2.v20210201-0955\jre\bin;C:\WINDOWS\SYSTEM32;C:\WINDOWS\WinSxS\amd64_microsoft.windows.common-controls_6595b64144ccf1df_6.0.19041.1110_none_60b5254171f9507e;C:\Users\Dayana.DAYANA\.p2\pool\plugins\org.eclipse.justj.openjdk.hotspot.jre.full.win32.x86_64_15.0.2.v20210201-0955\jre\bin\server

VM Arguments:
jvm_args: -Dfile.encoding=UTF-8 -XX:+ShowCodeDetailsInExceptionMessages 
java_command: com.FacturadoraPymes.FacturadoraPymes.FacturadoraPymesApplication
java_class_path (initial): C:\ProyectoGrado\FacturadoraPymes\FacturadoraPymesBackend\target\classes;C:\Users\Dayana.DAYANA\.m2\repository\org\springframework\boot\spring-boot-starter-data-jpa\2.4.4\spring-boot-starter-data-jpa-2.4.4.jar;C:\Users\Dayana.DAYANA\.m2\repository\org\springframework\boot\spring-boot-starter-aop\2.4.4\spring-boot-starter-aop-2.4.4.jar;C:\Users\Dayana.DAYANA\.m2\repository\org\springframework\spring-aop\5.3.5\spring-aop-5.3.5.jar;C:\Users\Dayana.DAYANA\.m2\repository\org\aspectj\aspectjweaver\1.9.6\aspectjweaver-1.9.6.jar;C:\Users\Dayana.DAYANA\.m2\repository\org\springframework\boot\spring-boot-starter-jdbc\2.4.4\spring-boot-starter-jdbc-2.4.4.jar;C:\Users\Dayana.DAYANA\.m2\repository\com\zaxxer\HikariCP\3.4.5\HikariCP-3.4.5.jar;C:\Users\Dayana.DAYANA\.m2\repository\org\springframework\spring-jdbc\5.3.5\spring-jdbc-5.3.5.jar;C:\Users\Dayana.DAYANA\.m2\repository\jakarta\transaction\jakarta.transaction-api\1.3.3\jakarta.transaction-api-1.3.3.jar;C:\Users\Dayana.DAYANA\.m2\repository\jakarta\persistence\jakarta.persistence-api\2.2.3\jakarta.persistence-api-2.2.3.jar;C:\Users\Dayana.DAYANA\.m2\repository\org\hibernate\hibernate-core\5.4.29.Final\hibernate-core-5.4.29.Final.jar;C:\Users\Dayana.DAYANA\.m2\repository\org\javassist\javassist\3.27.0-GA\javassist-3.27.0-GA.jar;C:\Users\Dayana.DAYANA\.m2\repository\net\bytebuddy\byte-buddy\1.10.22\byte-buddy-1.10.22.jar;C:\Users\Dayana.DAYANA\.m2\repository\antlr\antlr\2.7.7\antlr-2.7.7.jar;C:\Users\Dayana.DAYANA\.m2\repository\org\jboss\jandex\2.2.3.Final\jandex-2.2.3.Final.jar;C:\Users\Dayana.DAYANA\.m2\repository\org\dom4j\dom4j\2.1.3\dom4j-2.1.3.jar;C:\Users\Dayana.DAYANA\.m2\repository\org\hibernate\common\hibernate-commons-annotations\5.1.2.Final\hibernate-commons-annotations-5.1.2.Final.jar;C:\Users\Dayana.DAYANA\.m2\repository\org\glassfish\jaxb\jaxb-runtime\2.3.3\jaxb-runtime-2.3.3.jar;C:\Users\Dayana.DAYANA\.m2\repository\org\glassfish\jaxb\txw2\2.3.3\txw2-2.3.3.jar;C:\Users\Dayana.DAYAN
Launcher Type: SUN_STANDARD

[Global flags]
     intx CICompilerCount                          = 4                                         {product} {ergonomic}
     uint ConcGCThreads                            = 2                                         {product} {ergonomic}
     uint G1ConcRefinementThreads                  = 8                                         {product} {ergonomic}
   size_t G1HeapRegionSize                         = 2097152                                   {product} {ergonomic}
    uintx GCDrainStackTargetSize                   = 64                                        {product} {ergonomic}
   size_t InitialHeapSize                          = 163577856                                 {product} {ergonomic}
   size_t MarkStackSize                            = 4194304                                   {product} {ergonomic}
   size_t MaxHeapSize                              = 2613051392                                {product} {ergonomic}
   size_t MaxNewSize                               = 1566572544                                {product} {ergonomic}
   size_t MinHeapDeltaBytes                        = 2097152                                   {product} {ergonomic}
   size_t MinHeapSize                              = 8388608                                   {product} {ergonomic}
    uintx NonNMethodCodeHeapSize                   = 5839372                                {pd product} {ergonomic}
    uintx NonProfiledCodeHeapSize                  = 122909434                              {pd product} {ergonomic}
    uintx ProfiledCodeHeapSize                     = 122909434                              {pd product} {ergonomic}
    uintx ReservedCodeCacheSize                    = 251658240                              {pd product} {ergonomic}
     bool SegmentedCodeCache                       = true                                      {product} {ergonomic}
     bool ShowCodeDetailsInExceptionMessages       = true                                   {manageable} {command line}
   size_t SoftMaxHeapSize                          = 2613051392                             {manageable} {ergonomic}
     bool UseCompressedClassPointers               = true                                 {lp64_product} {ergonomic}
     bool UseCompressedOops                        = true                                 {lp64_product} {ergonomic}
     bool UseG1GC                                  = true                                      {product} {ergonomic}
     bool UseLargePagesIndividualAllocation        = false                                  {pd product} {ergonomic}

Logging:
Log output configuration:
 #0: stdout all=warning uptime,level,tags
 #1: stderr all=off uptime,level,tags

Environment Variables:
JAVA_HOME=C:\Program Files\Java\jdk1.8.0_251
PATH=C:/Users/Dayana.DAYANA/.p2/pool/plugins/org.eclipse.justj.openjdk.hotspot.jre.full.win32.x86_64_15.0.2.v20210201-0955/jre/bin/server;C:/Users/Dayana.DAYANA/.p2/pool/plugins/org.eclipse.justj.openjdk.hotspot.jre.full.win32.x86_64_15.0.2.v20210201-0955/jre/bin;C:\Users\Dayana.DAYANA\AppData\Local\Programs\Python\Python39\Scripts\;C:\Users\Dayana.DAYANA\AppData\Local\Programs\Python\Python39\;C:\oraclexe\app\oracle\product\11.2.0\server\bin;C:\Program Files (x86)\Common Files\Oracle\Java\javapath;C:\WINDOWS\system32;C:\WINDOWS;C:\WINDOWS\System32\Wbem;C:\WINDOWS\System32\WindowsPowerShell\v1.0\;C:\WINDOWS\System32\OpenSSH\;C:\Program Files\MySQL\MySQL Server 8.0\bin;C:\Maven\apache-maven-3.6.3\\bin;C:\Program Files\dotnet\;C:\Program Files\nodejs\;C:\ProgramData\chocolatey\bin;C:\Program Files\Microsoft SQL Server\130\Tools\Binn\;C:\Program Files\Microsoft SQL Server\Client SDK\ODBC\170\Tools\Binn\;C:\wamp64\bin\php\php7.4.9;C:\ProgramData\ComposerSetup\bin;C:\Program Files\Git\cmd;C:\Program Files\Git\mingw64\bin;C:\Program Files\Git\usr\bin;C:\Program Files\Azure Data Studio\bin;C:\Program Files (x86)\Microsoft SQL Server\150\Tools\Binn\;C:\Program Files\Microsoft SQL Server\150\Tools\Binn\;C:\Program Files\Microsoft SQL Server\150\DTS\Binn\;C:\Program Files (x86)\dotnet\;C:\Users\Dayana.DAYANA\AppData\Local\Microsoft\WindowsApps;;C:\Users\Dayana.DAYANA\AppData\Local\Programs\Microsoft VS Code\bin;C:\Users\Dayana.DAYANA\.dotnet\tools;C:\Users\Dayana.DAYANA\AppData\Roaming\npm;C:\Users\Dayana.DAYANA\AppData\Roaming\Composer\vendor\bin;C:\Program Files\Azure Data Studio\bin;C:\Users\Dayana.DAYANA\Desktop;
USERNAME=Dayana
OS=Windows_NT
PROCESSOR_IDENTIFIER=Intel64 Family 6 Model 42 Stepping 7, GenuineIntel



---------------  S Y S T E M  ---------------

OS:
 Windows 10 , 64 bit Build 19041 (10.0.19041.1503)
OS uptime: 2 days 7:28 hours

CPU: total 8 (initial active 8) (4 cores per cpu, 2 threads per core) family 6 model 42 stepping 7 microcode 0x2f, cmov, cx8, fxsr, mmx, sse, sse2, sse3, ssse3, sse4.1, sse4.2, popcnt, vzeroupper, avx, aes, clmul, ht, tsc, tscinvbit, clflush

Memory: 4k page, system-wide physical 9960M (1987M free)
TotalPageFile size 12101M (AvailPageFile size 4M)
current process WorkingSet (physical memory assigned to process): 57M, peak: 57M
current process commit charge ("private bytes"): 247M, peak: 247M

vm_info: OpenJDK 64-Bit Server VM (15.0.2+7-27) for windows-amd64 JRE (15.0.2+7-27), built on Dec  7 2020 20:02:38 by "mach5one" with unknown MS VC++:1925

END.
