#
# There is insufficient memory for the Java Runtime Environment to continue.
# Native memory allocation (malloc) failed to allocate 448976 bytes for Chunk::new
# Possible reasons:
#   The system is out of physical RAM or swap space
#   The process is running with CompressedOops enabled, and the Java Heap may be blocking the growth of the native heap
# Possible solutions:
#   Reduce memory load on the system
#   Increase physical memory or swap space
#   Check if swap backing store is full
#   Decrease Java heap size (-Xmx/-Xms)
#   Decrease number of Java threads
#   Decrease Java thread stack sizes (-Xss)
#   Set larger code cache with -XX:ReservedCodeCacheSize=
#   JVM is running with Zero Based Compressed Oops mode in which the Java heap is
#     placed in the first 32GB address space. The Java Heap base address is the
#     maximum limit for the native heap growth. Please use -XX:HeapBaseMinAddress
#     to set the Java Heap base and to place the Java Heap above 32GB virtual address.
# This output file may be truncated or incomplete.
#
#  Out of Memory Error (./open/src/hotspot/share/memory/arena.cpp:195), pid=15552, tid=14372
#
# JRE version: OpenJDK Runtime Environment (15.0.2+7) (build 15.0.2+7-27)
# Java VM: OpenJDK 64-Bit Server VM (15.0.2+7-27, mixed mode, tiered, compressed oops, g1 gc, windows-amd64)
# No core dump will be written. Minidumps are not enabled by default on client versions of Windows
#

---------------  S U M M A R Y ------------

Command Line: -Dfile.encoding=UTF-8 -XX:+ShowCodeDetailsInExceptionMessages com.FacturadoraPymes.FacturadoraPymes.FacturadoraPymesApplication

Host: Intel(R) Core(TM) i7-2600 CPU @ 3.40GHz, 8 cores, 9G,  Windows 10 , 64 bit Build 19041 (10.0.19041.1348)
Time: Thu Nov 11 22:19:56 2021 Hora est. Pacífico, Sudamérica elapsed time: 265.907079 seconds (0d 0h 4m 25s)

---------------  T H R E A D  ---------------

Current thread (0x0000020c4c33b970):  JavaThread "C2 CompilerThread0" daemon [_thread_in_native, id=14372, stack(0x0000004b00500000,0x0000004b00600000)]


Current CompileTask:
C2: 265907 6951       4       sun.invoke.util.BytecodeDescriptor::unparseSig (49 bytes)

Stack: [0x0000004b00500000,0x0000004b00600000]
Native frames: (J=compiled Java code, j=interpreted, Vv=VM code, C=native code)
V  [jvm.dll+0x62ae9a]
V  [jvm.dll+0x7817a9]
V  [jvm.dll+0x782f03]
V  [jvm.dll+0x783563]
V  [jvm.dll+0x216325]
V  [jvm.dll+0x97f3a]
V  [jvm.dll+0x9861c]
V  [jvm.dll+0x32e2a8]
V  [jvm.dll+0x18e064]
V  [jvm.dll+0x1ea822]
V  [jvm.dll+0x1e996e]
V  [jvm.dll+0x178567]
V  [jvm.dll+0x1f9225]
V  [jvm.dll+0x1f72cc]
V  [jvm.dll+0x74495d]
V  [jvm.dll+0x73d75a]
V  [jvm.dll+0x629c56]
C  [ucrtbase.dll+0x21bb2]
C  [KERNEL32.DLL+0x17034]
C  [ntdll.dll+0x52651]


---------------  P R O C E S S  ---------------

Threads class SMR info:
_java_thread_list=0x0000020c4dc96870, length=30, elements={
0x0000020c4bac8930, 0x0000020c4c311520, 0x0000020c4c2fcf20, 0x0000020c4c3392c0,
0x0000020c4c339b80, 0x0000020c4c33b970, 0x0000020c4c33c460, 0x0000020c4c344f60,
0x0000020c4c4ba3e0, 0x0000020c4c4c2fd0, 0x0000020c54fec140, 0x0000020c549e2a40,
0x0000020c4fb93f30, 0x0000020c50700050, 0x0000020c5447c890, 0x0000020c53f76c90,
0x0000020c4d746d60, 0x0000020c4fb95450, 0x0000020c54eb0c70, 0x0000020c53f744e0,
0x0000020c53f74010, 0x0000020c53f761c0, 0x0000020c53f72cd0, 0x0000020c53f76690,
0x0000020c53f731a0, 0x0000020c53f73670, 0x0000020c53f749b0, 0x0000020c53f75350,
0x0000020c53f73b40, 0x0000020c53f75820
}

Java Threads: ( => current thread )
  0x0000020c4bac8930 JavaThread "Reference Handler" daemon [_thread_blocked, id=6688, stack(0x0000004b00000000,0x0000004b00100000)]
  0x0000020c4c311520 JavaThread "Finalizer" daemon [_thread_blocked, id=5812, stack(0x0000004b00100000,0x0000004b00200000)]
  0x0000020c4c2fcf20 JavaThread "Signal Dispatcher" daemon [_thread_blocked, id=10960, stack(0x0000004b00200000,0x0000004b00300000)]
  0x0000020c4c3392c0 JavaThread "Attach Listener" daemon [_thread_blocked, id=11320, stack(0x0000004b00300000,0x0000004b00400000)]
  0x0000020c4c339b80 JavaThread "Service Thread" daemon [_thread_blocked, id=9804, stack(0x0000004b00400000,0x0000004b00500000)]
=>0x0000020c4c33b970 JavaThread "C2 CompilerThread0" daemon [_thread_in_native, id=14372, stack(0x0000004b00500000,0x0000004b00600000)]
  0x0000020c4c33c460 JavaThread "C1 CompilerThread0" daemon [_thread_blocked, id=14760, stack(0x0000004b00600000,0x0000004b00700000)]
  0x0000020c4c344f60 JavaThread "Sweeper thread" daemon [_thread_blocked, id=13604, stack(0x0000004b00700000,0x0000004b00800000)]
  0x0000020c4c4ba3e0 JavaThread "Notification Thread" daemon [_thread_blocked, id=14984, stack(0x0000004b00800000,0x0000004b00900000)]
  0x0000020c4c4c2fd0 JavaThread "Common-Cleaner" daemon [_thread_blocked, id=6168, stack(0x0000004b00a00000,0x0000004b00b00000)]
  0x0000020c54fec140 JavaThread "Catalina-utility-1" [_thread_blocked, id=15748, stack(0x0000004b00f00000,0x0000004b01000000)]
  0x0000020c549e2a40 JavaThread "Catalina-utility-2" [_thread_blocked, id=12784, stack(0x0000004b01200000,0x0000004b01300000)]
  0x0000020c4fb93f30 JavaThread "container-0" [_thread_blocked, id=12368, stack(0x0000004b01500000,0x0000004b01600000)]
  0x0000020c50700050 JavaThread "mysql-cj-abandoned-connection-cleanup" daemon [_thread_blocked, id=13660, stack(0x0000004b01600000,0x0000004b01700000)]
  0x0000020c5447c890 JavaThread "HikariPool-1 housekeeper" daemon [_thread_blocked, id=9660, stack(0x0000004b01800000,0x0000004b01900000)]
  0x0000020c53f76c90 JavaThread "http-nio-8080-BlockPoller" daemon [_thread_in_native, id=2180, stack(0x0000004b01c00000,0x0000004b01d00000)]
  0x0000020c4d746d60 JavaThread "http-nio-8080-exec-1" daemon [_thread_blocked, id=15124, stack(0x0000004b01d00000,0x0000004b01e00000)]
  0x0000020c4fb95450 JavaThread "http-nio-8080-exec-2" daemon [_thread_blocked, id=11932, stack(0x0000004b01e00000,0x0000004b01f00000)]
  0x0000020c54eb0c70 JavaThread "http-nio-8080-exec-3" daemon [_thread_blocked, id=11848, stack(0x0000004b01f00000,0x0000004b02000000)]
  0x0000020c53f744e0 JavaThread "http-nio-8080-exec-4" daemon [_thread_blocked, id=13360, stack(0x0000004b02000000,0x0000004b02100000)]
  0x0000020c53f74010 JavaThread "http-nio-8080-exec-5" daemon [_thread_blocked, id=15388, stack(0x0000004b02100000,0x0000004b02200000)]
  0x0000020c53f761c0 JavaThread "http-nio-8080-exec-6" daemon [_thread_blocked, id=10036, stack(0x0000004b02200000,0x0000004b02300000)]
  0x0000020c53f72cd0 JavaThread "http-nio-8080-exec-7" daemon [_thread_blocked, id=11448, stack(0x0000004b02300000,0x0000004b02400000)]
  0x0000020c53f76690 JavaThread "http-nio-8080-exec-8" daemon [_thread_blocked, id=15464, stack(0x0000004b02400000,0x0000004b02500000)]
  0x0000020c53f731a0 JavaThread "http-nio-8080-exec-9" daemon [_thread_blocked, id=16100, stack(0x0000004b02500000,0x0000004b02600000)]
  0x0000020c53f73670 JavaThread "http-nio-8080-exec-10" daemon [_thread_blocked, id=8660, stack(0x0000004b02600000,0x0000004b02700000)]
  0x0000020c53f749b0 JavaThread "http-nio-8080-ClientPoller" daemon [_thread_in_native, id=14120, stack(0x0000004b02700000,0x0000004b02800000)]
  0x0000020c53f75350 JavaThread "http-nio-8080-Acceptor" daemon [_thread_in_native, id=15044, stack(0x0000004b02800000,0x0000004b02900000)]
  0x0000020c53f73b40 JavaThread "DestroyJavaVM" [_thread_blocked, id=12396, stack(0x0000004b7f900000,0x0000004b7fa00000)]
  0x0000020c53f75820 JavaThread "HikariPool-1 connection adder" daemon [_thread_blocked, id=13072, stack(0x0000004b00b00000,0x0000004b00c00000)]

Other Threads:
  0x0000020c4bac7010 VMThread "VM Thread" [stack: 0x0000004b7ff00000,0x0000004b80000000] [id=6232]
  0x0000020c4c4ba8b0 WatcherThread [stack: 0x0000004b00900000,0x0000004b00a00000] [id=1276]
  0x0000020c2e75d0c0 GCTaskThread "GC Thread#0" [stack: 0x0000004b7fa00000,0x0000004b7fb00000] [id=14364]
  0x0000020c4c6ac740 GCTaskThread "GC Thread#1" [stack: 0x0000004b00d00000,0x0000004b00e00000] [id=12320]
  0x0000020c4c6abdb0 GCTaskThread "GC Thread#2" [stack: 0x0000004b00e00000,0x0000004b00f00000] [id=16048]
  0x0000020c4c6aba80 GCTaskThread "GC Thread#3" [stack: 0x0000004b01000000,0x0000004b01100000] [id=15012]
  0x0000020c4c6aa100 GCTaskThread "GC Thread#4" [stack: 0x0000004b01300000,0x0000004b01400000] [id=13908]
  0x0000020c4c6a9770 GCTaskThread "GC Thread#5" [stack: 0x0000004b01400000,0x0000004b01500000] [id=15772]
  0x0000020c4c6aadc0 GCTaskThread "GC Thread#6" [stack: 0x0000004b01900000,0x0000004b01a00000] [id=16176]
  0x0000020c4c6ab420 GCTaskThread "GC Thread#7" [stack: 0x0000004b01a00000,0x0000004b01b00000] [id=12208]
  0x0000020c2e787010 ConcurrentGCThread "G1 Main Marker" [stack: 0x0000004b7fb00000,0x0000004b7fc00000] [id=13956]
  0x0000020c2e787c80 ConcurrentGCThread "G1 Conc#0" [stack: 0x0000004b7fc00000,0x0000004b7fd00000] [id=14220]
  0x0000020c4c6a9110 ConcurrentGCThread "G1 Conc#1" [stack: 0x0000004b01100000,0x0000004b01200000] [id=14552]
  0x0000020c4b9104a0 ConcurrentGCThread "G1 Refine#0" [stack: 0x0000004b7fd00000,0x0000004b7fe00000] [id=9672]
  0x0000020c4b911120 ConcurrentGCThread "G1 Young RemSet Sampling" [stack: 0x0000004b7fe00000,0x0000004b7ff00000] [id=14368]

Threads with active compile tasks:
C2 CompilerThread0   267280 6951       4       sun.invoke.util.BytecodeDescriptor::unparseSig (49 bytes)

VM state: not at safepoint (normal execution)

VM Mutex/Monitor currently owned by a thread: None

Heap address: 0x0000000764400000, size: 2492 MB, Compressed Oops mode: Zero based, Oop shift amount: 3
CDS disabled.
Compressed class space mapped at: 0x0000000800000000-0x0000000840000000, size: 1073741824
Narrow klass base: 0x0000000800000000, Narrow klass shift: 0, Narrow klass range: 0x40000000

GC Precious Log:
 CPUs: 8 total, 8 available
 Memory: 9960M
 Large Page Support: Disabled
 NUMA Support: Disabled
 Compressed Oops: Enabled (Zero based)
 Heap Region Size: 2M
 Heap Min Capacity: 8M
 Heap Initial Capacity: 156M
 Heap Max Capacity: 2492M
 Pre-touch: Disabled
 Parallel Workers: 8
 Concurrent Workers: 2
 Concurrent Refinement Workers: 8
 Periodic GC: Disabled

Heap:
 garbage-first heap   total 71680K, used 37942K [0x0000000764400000, 0x0000000800000000)
  region size 2048K, 9 young (18432K), 2 survivors (4096K)
 Metaspace       used 72955K, capacity 73490K, committed 73640K, reserved 1114112K
  class space    used 8931K, capacity 9109K, committed 9208K, reserved 1048576K

Heap Regions: E=young(eden), S=young(survivor), O=old, HS=humongous(starts), HC=humongous(continues), CS=collection set, F=free, OA=open archive, CA=closed archive, TAMS=top-at-mark-start (previous, next)
|   0|0x0000000764400000, 0x0000000764600000, 0x0000000764600000|100%| O|  |TAMS 0x0000000764600000, 0x0000000764400000| Untracked 
|   1|0x0000000764600000, 0x0000000764800000, 0x0000000764800000|100%| O|  |TAMS 0x0000000764800000, 0x0000000764600000| Untracked 
|   2|0x0000000764800000, 0x0000000764a00000, 0x0000000764a00000|100%| O|  |TAMS 0x0000000764a00000, 0x0000000764800000| Untracked 
|   3|0x0000000764a00000, 0x0000000764a72e00, 0x0000000764c00000| 22%| O|  |TAMS 0x0000000764a72e00, 0x0000000764a00000| Untracked 
|   4|0x0000000764c00000, 0x0000000764e00000, 0x0000000764e00000|100%| O|  |TAMS 0x0000000764e00000, 0x0000000764c00000| Untracked 
|   5|0x0000000764e00000, 0x0000000765000000, 0x0000000765000000|100%| O|  |TAMS 0x0000000765000000, 0x0000000764e00000| Untracked 
|   6|0x0000000765000000, 0x0000000765200000, 0x0000000765200000|100%| O|  |TAMS 0x0000000765200000, 0x0000000765000000| Untracked 
|   7|0x0000000765200000, 0x0000000765400000, 0x0000000765400000|100%| O|  |TAMS 0x0000000765400000, 0x0000000765200000| Untracked 
|   8|0x0000000765400000, 0x0000000765600000, 0x0000000765600000|100%| O|  |TAMS 0x0000000765600000, 0x0000000765400000| Untracked 
|   9|0x0000000765600000, 0x0000000765800000, 0x0000000765800000|100%| O|  |TAMS 0x0000000765718000, 0x0000000765600000| Untracked 
|  10|0x0000000765800000, 0x0000000765a00000, 0x0000000765a00000|100%| O|  |TAMS 0x0000000765800000, 0x0000000765800000| Untracked 
|  11|0x0000000765a00000, 0x0000000765c00000, 0x0000000765c00000|100%| O|  |TAMS 0x0000000765a00000, 0x0000000765a00000| Untracked 
|  12|0x0000000765c00000, 0x0000000765d41800, 0x0000000765e00000| 62%| O|  |TAMS 0x0000000765c00000, 0x0000000765c00000| Untracked 
|  13|0x0000000765e00000, 0x0000000765e00000, 0x0000000766000000|  0%| F|  |TAMS 0x0000000765e00000, 0x0000000765e00000| Untracked 
|  14|0x0000000766000000, 0x0000000766000000, 0x0000000766200000|  0%| F|  |TAMS 0x0000000766000000, 0x0000000766000000| Untracked 
|  15|0x0000000766200000, 0x0000000766200000, 0x0000000766400000|  0%| F|  |TAMS 0x0000000766200000, 0x0000000766200000| Untracked 
|  16|0x0000000766400000, 0x0000000766400000, 0x0000000766600000|  0%| F|  |TAMS 0x0000000766400000, 0x0000000766400000| Untracked 
|  17|0x0000000766600000, 0x0000000766600000, 0x0000000766800000|  0%| F|  |TAMS 0x0000000766600000, 0x0000000766600000| Untracked 
|  18|0x0000000766800000, 0x0000000766959468, 0x0000000766a00000| 67%| S|CS|TAMS 0x0000000766800000, 0x0000000766800000| Complete 
|  19|0x0000000766a00000, 0x0000000766c00000, 0x0000000766c00000|100%| S|CS|TAMS 0x0000000766a00000, 0x0000000766a00000| Complete 
|  20|0x0000000766c00000, 0x0000000766c00000, 0x0000000766e00000|  0%| F|  |TAMS 0x0000000766c00000, 0x0000000766c00000| Untracked 
|  21|0x0000000766e00000, 0x0000000766e00000, 0x0000000767000000|  0%| F|  |TAMS 0x0000000766e00000, 0x0000000766e00000| Untracked 
|  22|0x0000000767000000, 0x0000000767000000, 0x0000000767200000|  0%| F|  |TAMS 0x0000000767000000, 0x0000000767000000| Untracked 
|  23|0x0000000767200000, 0x0000000767200000, 0x0000000767400000|  0%| F|  |TAMS 0x0000000767200000, 0x0000000767200000| Untracked 
|  24|0x0000000767400000, 0x0000000767400000, 0x0000000767600000|  0%| F|  |TAMS 0x0000000767400000, 0x0000000767400000| Untracked 
|  25|0x0000000767600000, 0x0000000767600000, 0x0000000767800000|  0%| F|  |TAMS 0x0000000767600000, 0x0000000767600000| Untracked 
|  26|0x0000000767800000, 0x0000000767800000, 0x0000000767a00000|  0%| F|  |TAMS 0x0000000767800000, 0x0000000767800000| Untracked 
|  27|0x0000000767a00000, 0x0000000767a00000, 0x0000000767c00000|  0%| F|  |TAMS 0x0000000767a00000, 0x0000000767a00000| Untracked 
|  28|0x0000000767c00000, 0x0000000767d70c20, 0x0000000767e00000| 72%| E|  |TAMS 0x0000000767c00000, 0x0000000767c00000| Complete 
|  29|0x0000000767e00000, 0x0000000768000000, 0x0000000768000000|100%| E|CS|TAMS 0x0000000767e00000, 0x0000000767e00000| Complete 
|  30|0x0000000768000000, 0x0000000768200000, 0x0000000768200000|100%| E|CS|TAMS 0x0000000768000000, 0x0000000768000000| Complete 
|  31|0x0000000768200000, 0x0000000768400000, 0x0000000768400000|100%| E|CS|TAMS 0x0000000768200000, 0x0000000768200000| Complete 
|  32|0x0000000768400000, 0x0000000768600000, 0x0000000768600000|100%| E|  |TAMS 0x0000000768400000, 0x0000000768400000| Complete 
|  75|0x000000076da00000, 0x000000076dc00000, 0x000000076dc00000|100%| E|CS|TAMS 0x000000076da00000, 0x000000076da00000| Complete 
|  77|0x000000076de00000, 0x000000076e000000, 0x000000076e000000|100%| E|CS|TAMS 0x000000076de00000, 0x000000076de00000| Complete 

Card table byte_map: [0x0000020c43850000,0x0000020c43d30000] _byte_map_base: 0x0000020c3fd2e000

Marking Bits (Prev, Next): (CMBitMap*) 0x0000020c2e75e980, (CMBitMap*) 0x0000020c2e75e940
 Prev Bits: [0x0000020c46900000, 0x0000020c48ff0000)
 Next Bits: [0x0000020c44210000, 0x0000020c46900000)

Polling page: 0x0000020c2e5c0000

Metaspace:

Usage:
  Non-class:     62.87 MB capacity,    62.52 MB (>99%) used,   265.27 KB ( <1%) free+waste,    91.75 KB ( <1%) overhead. 
      Class:      8.90 MB capacity,     8.72 MB ( 98%) used,   144.74 KB (  2%) free+waste,    33.12 KB ( <1%) overhead. 
       Both:     71.77 MB capacity,    71.25 MB (>99%) used,   410.02 KB ( <1%) free+waste,   124.88 KB ( <1%) overhead. 

Virtual space:
  Non-class space:       64.00 MB reserved,      62.92 MB ( 98%) committed 
      Class space:        1.00 GB reserved,       8.99 MB ( <1%) committed 
             Both:        1.06 GB reserved,      71.91 MB (  7%) committed 

Chunk freelists:
   Non-Class:  3.00 KB
       Class:  11.00 KB
        Both:  14.00 KB

MaxMetaspaceSize: 17179869184.00 GB
CompressedClassSpaceSize: 1.00 GB

CodeHeap 'non-profiled nmethods': size=120000Kb used=3958Kb max_used=3958Kb free=116041Kb
 bounds [0x0000020c3b3d0000, 0x0000020c3b7b0000, 0x0000020c42900000]
CodeHeap 'profiled nmethods': size=120000Kb used=11936Kb max_used=11936Kb free=108063Kb
 bounds [0x0000020c33ea0000, 0x0000020c34a50000, 0x0000020c3b3d0000]
CodeHeap 'non-nmethods': size=5760Kb used=1351Kb max_used=1411Kb free=4408Kb
 bounds [0x0000020c33900000, 0x0000020c33b70000, 0x0000020c33ea0000]
 total_blobs=6729 nmethods=6084 adapters=556
 compilation: enabled
              stopped_count=0, restarted_count=0
 full_count=0

Compilation events (20 events):
Event: 265.429 Thread 0x0000020c4c33c460 nmethod 6994 0x0000020c33f75890 code [0x0000020c33f75a60, 0x0000020c33f75db8]
Event: 265.429 Thread 0x0000020c4c33c460 6989       3       java.text.DontCareFieldPosition$1::formatted (1 bytes)
Event: 265.430 Thread 0x0000020c4c33c460 nmethod 6989 0x0000020c33f75590 code [0x0000020c33f75720, 0x0000020c33f75818]
Event: 265.430 Thread 0x0000020c4c33c460 6990       3       java.util.Calendar::isFieldSet (14 bytes)
Event: 265.430 Thread 0x0000020c4c33c460 nmethod 6990 0x0000020c33f75210 code [0x0000020c33f753a0, 0x0000020c33f754f8]
Event: 265.432 Thread 0x0000020c4c33c460 6995       3       java.lang.ThreadLocal::remove (18 bytes)
Event: 265.432 Thread 0x0000020c4c33c460 nmethod 6995 0x0000020c33f74d10 code [0x0000020c33f74ec0, 0x0000020c33f75118]
Event: 265.432 Thread 0x0000020c4c33c460 6996   !   3       java.util.concurrent.ConcurrentHashMap::replaceNode (437 bytes)
Event: 265.434 Thread 0x0000020c51de3630 nmethod 6963 0x0000020c3b7aac10 code [0x0000020c3b7aada0, 0x0000020c3b7ab618]
Event: 265.434 Thread 0x0000020c51de3630 6992       4       java.nio.Buffer::nextGetIndex (30 bytes)
Event: 265.434 Thread 0x0000020c4c33c460 nmethod 6996 0x0000020c33f72790 code [0x0000020c33f72ac0, 0x0000020c33f74298]
Event: 265.434 Thread 0x0000020c4c33c460 6998       3       org.apache.tomcat.util.buf.AbstractChunk::recycle (21 bytes)
Event: 265.434 Thread 0x0000020c4c33c460 nmethod 6998 0x0000020c33f72190 code [0x0000020c33f72320, 0x0000020c33f72438]
Event: 265.434 Thread 0x0000020c4c33c460 6997       3       org.apache.tomcat.util.buf.MessageBytes::toString (88 bytes)
Event: 265.435 Thread 0x0000020c51de3630 nmethod 6992 0x0000020c3b7ab910 code [0x0000020c3b7aba80, 0x0000020c3b7abb18]
Event: 265.435 Thread 0x0000020c51de3630 6966       4       java.nio.ByteBuffer::limit (6 bytes)
Event: 265.435 Thread 0x0000020c4c33c460 nmethod 6997 0x0000020c34a45d10 code [0x0000020c34a45f20, 0x0000020c34a46778]
Event: 265.436 Thread 0x0000020c51de3630 nmethod 6966 0x0000020c3b7abc10 code [0x0000020c3b7abda0, 0x0000020c3b7abe98]
Event: 265.436 Thread 0x0000020c51de3630 6965       4       org.springframework.core.ResolvableType::<init> (39 bytes)
Event: 265.603 Thread 0x0000020c51de3630 nmethod 6965 0x0000020c3b7abf90 code [0x0000020c3b7ac260, 0x0000020c3b7ad1a8]

GC Heap History (20 events):
Event: 2.871 GC heap before
{Heap before GC invocations=9 (full 0):
 garbage-first heap   total 49152K, used 26594K [0x0000000764400000, 0x0000000800000000)
  region size 2048K, 10 young (20480K), 2 survivors (4096K)
 Metaspace       used 35596K, capacity 35949K, committed 36048K, reserved 1081344K
  class space    used 4160K, capacity 4301K, committed 4384K, reserved 1048576K
}
Event: 2.879 GC heap after
{Heap after GC invocations=10 (full 0):
 garbage-first heap   total 49152K, used 14162K [0x0000000764400000, 0x0000000800000000)
  region size 2048K, 2 young (4096K), 2 survivors (4096K)
 Metaspace       used 35596K, capacity 35949K, committed 36048K, reserved 1081344K
  class space    used 4160K, capacity 4301K, committed 4384K, reserved 1048576K
}
Event: 3.053 GC heap before
{Heap before GC invocations=11 (full 0):
 garbage-first heap   total 49152K, used 32594K [0x0000000764400000, 0x0000000800000000)
  region size 2048K, 12 young (24576K), 2 survivors (4096K)
 Metaspace       used 37140K, capacity 37517K, committed 37712K, reserved 1083392K
  class space    used 4306K, capacity 4461K, committed 4512K, reserved 1048576K
}
Event: 3.066 GC heap after
{Heap after GC invocations=12 (full 0):
 garbage-first heap   total 59392K, used 14821K [0x0000000764400000, 0x0000000800000000)
  region size 2048K, 2 young (4096K), 2 survivors (4096K)
 Metaspace       used 37140K, capacity 37517K, committed 37712K, reserved 1083392K
  class space    used 4306K, capacity 4461K, committed 4512K, reserved 1048576K
}
Event: 3.154 GC heap before
{Heap before GC invocations=12 (full 0):
 garbage-first heap   total 59392K, used 39397K [0x0000000764400000, 0x0000000800000000)
  region size 2048K, 15 young (30720K), 2 survivors (4096K)
 Metaspace       used 37413K, capacity 37773K, committed 37968K, reserved 1083392K
  class space    used 4333K, capacity 4461K, committed 4512K, reserved 1048576K
}
Event: 3.159 GC heap after
{Heap after GC invocations=13 (full 0):
 garbage-first heap   total 59392K, used 15167K [0x0000000764400000, 0x0000000800000000)
  region size 2048K, 1 young (2048K), 1 survivors (2048K)
 Metaspace       used 37413K, capacity 37773K, committed 37968K, reserved 1083392K
  class space    used 4333K, capacity 4461K, committed 4512K, reserved 1048576K
}
Event: 4.053 GC heap before
{Heap before GC invocations=13 (full 0):
 garbage-first heap   total 59392K, used 43839K [0x0000000764400000, 0x0000000800000000)
  region size 2048K, 16 young (32768K), 1 survivors (2048K)
 Metaspace       used 45686K, capacity 46022K, committed 46160K, reserved 1089536K
  class space    used 5290K, capacity 5436K, committed 5536K, reserved 1048576K
}
Event: 4.059 GC heap after
{Heap after GC invocations=14 (full 0):
 garbage-first heap   total 59392K, used 18091K [0x0000000764400000, 0x0000000800000000)
  region size 2048K, 2 young (4096K), 2 survivors (4096K)
 Metaspace       used 45686K, capacity 46022K, committed 46160K, reserved 1089536K
  class space    used 5290K, capacity 5436K, committed 5536K, reserved 1048576K
}
Event: 4.425 GC heap before
{Heap before GC invocations=14 (full 0):
 garbage-first heap   total 59392K, used 44715K [0x0000000764400000, 0x0000000800000000)
  region size 2048K, 15 young (30720K), 2 survivors (4096K)
 Metaspace       used 47589K, capacity 48018K, committed 48208K, reserved 1091584K
  class space    used 5515K, capacity 5694K, committed 5792K, reserved 1048576K
}
Event: 4.430 GC heap after
{Heap after GC invocations=15 (full 0):
 garbage-first heap   total 59392K, used 18954K [0x0000000764400000, 0x0000000800000000)
  region size 2048K, 1 young (2048K), 1 survivors (2048K)
 Metaspace       used 47589K, capacity 48018K, committed 48208K, reserved 1091584K
  class space    used 5515K, capacity 5694K, committed 5792K, reserved 1048576K
}
Event: 4.889 GC heap before
{Heap before GC invocations=15 (full 0):
 garbage-first heap   total 59392K, used 43530K [0x0000000764400000, 0x0000000800000000)
  region size 2048K, 13 young (26624K), 1 survivors (2048K)
 Metaspace       used 50504K, capacity 50977K, committed 51280K, reserved 1093632K
  class space    used 6040K, capacity 6209K, committed 6304K, reserved 1048576K
}
Event: 4.891 GC heap after
{Heap after GC invocations=16 (full 0):
 garbage-first heap   total 71680K, used 19406K [0x0000000764400000, 0x0000000800000000)
  region size 2048K, 1 young (2048K), 1 survivors (2048K)
 Metaspace       used 50504K, capacity 50977K, committed 51280K, reserved 1093632K
  class space    used 6040K, capacity 6209K, committed 6304K, reserved 1048576K
}
Event: 5.674 GC heap before
{Heap before GC invocations=16 (full 0):
 garbage-first heap   total 71680K, used 54222K [0x0000000764400000, 0x0000000800000000)
  region size 2048K, 18 young (36864K), 1 survivors (2048K)
 Metaspace       used 58898K, capacity 59339K, committed 59600K, reserved 1101824K
  class space    used 7269K, capacity 7434K, committed 7456K, reserved 1048576K
}
Event: 5.677 GC heap after
{Heap after GC invocations=17 (full 0):
 garbage-first heap   total 71680K, used 21363K [0x0000000764400000, 0x0000000800000000)
  region size 2048K, 2 young (4096K), 2 survivors (4096K)
 Metaspace       used 58898K, capacity 59339K, committed 59600K, reserved 1101824K
  class space    used 7269K, capacity 7434K, committed 7456K, reserved 1048576K
}
Event: 5.881 GC heap before
{Heap before GC invocations=17 (full 0):
 garbage-first heap   total 71680K, used 35699K [0x0000000764400000, 0x0000000800000000)
  region size 2048K, 10 young (20480K), 2 survivors (4096K)
 Metaspace       used 60057K, capacity 60463K, committed 60496K, reserved 1101824K
  class space    used 7383K, capacity 7571K, committed 7584K, reserved 1048576K
}
Event: 5.885 GC heap after
{Heap after GC invocations=18 (full 0):
 garbage-first heap   total 71680K, used 21862K [0x0000000764400000, 0x0000000800000000)
  region size 2048K, 2 young (4096K), 2 survivors (4096K)
 Metaspace       used 60057K, capacity 60463K, committed 60496K, reserved 1101824K
  class space    used 7383K, capacity 7571K, committed 7584K, reserved 1048576K
}
Event: 6.553 GC heap before
{Heap before GC invocations=19 (full 0):
 garbage-first heap   total 71680K, used 52582K [0x0000000764400000, 0x0000000800000000)
  region size 2048K, 18 young (36864K), 2 survivors (4096K)
 Metaspace       used 65061K, capacity 65518K, committed 65704K, reserved 1107968K
  class space    used 7996K, capacity 8159K, committed 8184K, reserved 1048576K
}
Event: 6.558 GC heap after
{Heap after GC invocations=20 (full 0):
 garbage-first heap   total 71680K, used 24817K [0x0000000764400000, 0x0000000800000000)
  region size 2048K, 3 young (6144K), 3 survivors (6144K)
 Metaspace       used 65061K, capacity 65518K, committed 65704K, reserved 1107968K
  class space    used 7996K, capacity 8159K, committed 8184K, reserved 1048576K
}
Event: 158.409 GC heap before
{Heap before GC invocations=20 (full 0):
 garbage-first heap   total 71680K, used 55537K [0x0000000764400000, 0x0000000800000000)
  region size 2048K, 18 young (36864K), 3 survivors (6144K)
 Metaspace       used 68871K, capacity 69442K, committed 69672K, reserved 1110016K
  class space    used 8467K, capacity 8683K, committed 8824K, reserved 1048576K
}
Event: 158.416 GC heap after
{Heap after GC invocations=21 (full 0):
 garbage-first heap   total 71680K, used 27702K [0x0000000764400000, 0x0000000800000000)
  region size 2048K, 2 young (4096K), 2 survivors (4096K)
 Metaspace       used 68871K, capacity 69442K, committed 69672K, reserved 1110016K
  class space    used 8467K, capacity 8683K, committed 8824K, reserved 1048576K
}

Deoptimization events (20 events):
Event: 265.319 Thread 0x0000020c54eb0c70 DEOPT PACKING pc=0x0000020c3b7635e4 sp=0x0000004b01ffc0c0
Event: 265.319 Thread 0x0000020c54eb0c70 DEOPT UNPACKING pc=0x0000020c3394e42f sp=0x0000004b01ffbee8 mode 2
Event: 265.319 Thread 0x0000020c54eb0c70 Uncommon trap: trap_request=0xffffff45 fr.pc=0x0000020c3b49e03c relative=0x00000000000012dc
Event: 265.319 Thread 0x0000020c54eb0c70 Uncommon trap: reason=unstable_if action=reinterpret pc=0x0000020c3b49e03c method=java.lang.reflect.Executable.declaredAnnotations()Ljava/util/Map; @ 19 c2
Event: 265.319 Thread 0x0000020c54eb0c70 DEOPT PACKING pc=0x0000020c3b49e03c sp=0x0000004b01ffbb80
Event: 265.319 Thread 0x0000020c54eb0c70 DEOPT UNPACKING pc=0x0000020c3394e42f sp=0x0000004b01ffba50 mode 2
Event: 265.319 Thread 0x0000020c54eb0c70 Uncommon trap: trap_request=0xffffff45 fr.pc=0x0000020c3b77d2bc relative=0x0000000000000c7c
Event: 265.319 Thread 0x0000020c54eb0c70 Uncommon trap: reason=unstable_if action=reinterpret pc=0x0000020c3b77d2bc method=org.springframework.util.ConcurrentReferenceHashMap$Segment.doTask(ILjava/lang/Object;Lorg/springframework/util/ConcurrentReferenceHashMap$Task;)Ljava/lang/Object; @ 89 c2
Event: 265.319 Thread 0x0000020c54eb0c70 DEOPT PACKING pc=0x0000020c3b77d2bc sp=0x0000004b01ffbd10
Event: 265.319 Thread 0x0000020c54eb0c70 DEOPT UNPACKING pc=0x0000020c3394e42f sp=0x0000004b01ffbb08 mode 2
Event: 265.320 Thread 0x0000020c53f744e0 Uncommon trap: trap_request=0xffffff45 fr.pc=0x0000020c3b6ac9e8 relative=0x0000000000000248
Event: 265.320 Thread 0x0000020c53f744e0 Uncommon trap: reason=unstable_if action=reinterpret pc=0x0000020c3b6ac9e8 method=java.lang.invoke.MethodType.equals(Ljava/lang/Object;)Z @ 11 c2
Event: 265.320 Thread 0x0000020c53f744e0 DEOPT PACKING pc=0x0000020c3b6ac9e8 sp=0x0000004b020faa50
Event: 265.320 Thread 0x0000020c53f744e0 DEOPT UNPACKING pc=0x0000020c3394e42f sp=0x0000004b020faa18 mode 2
Event: 265.360 Thread 0x0000020c53f744e0 DEOPT PACKING pc=0x0000020c34099d20 sp=0x0000004b020f9830
Event: 265.360 Thread 0x0000020c53f744e0 DEOPT UNPACKING pc=0x0000020c3394e23f sp=0x0000004b020f8ca0 mode 0
Event: 265.415 Thread 0x0000020c53f744e0 Uncommon trap: trap_request=0xffffff45 fr.pc=0x0000020c3b426300 relative=0x0000000000000080
Event: 265.415 Thread 0x0000020c53f744e0 Uncommon trap: reason=unstable_if action=reinterpret pc=0x0000020c3b426300 method=java.lang.CharacterDataLatin1.isWhitespace(I)Z @ 14 c2
Event: 265.415 Thread 0x0000020c53f744e0 DEOPT PACKING pc=0x0000020c3b426300 sp=0x0000004b020fcf50
Event: 265.415 Thread 0x0000020c53f744e0 DEOPT UNPACKING pc=0x0000020c3394e42f sp=0x0000004b020fcec0 mode 2

Classes unloaded (0 events):
No events

Classes redefined (0 events):
No events

Internal exceptions (20 events):
Event: 6.653 Thread 0x0000020c2e71c0e0 Exception <a 'java/lang/NoSuchMethodError'{0x000000076db56420}: 'java.lang.Object java.lang.invoke.DirectMethodHandle$Holder.invokeInterface(java.lang.Object, java.lang.Object, java.lang.Object, java.lang.Object)'> (0x000000076db56420) 
thrown [./open/src/hotspot/share/interpreter/linkResolver.cpp, line 782]
Event: 6.689 Thread 0x0000020c2e71c0e0 Exception <a 'java/lang/ClassNotFoundException'{0x00000007684c2488}: java/lang/ObjectCustomizer> (0x00000007684c2488) 
thrown [./open/src/hotspot/share/classfile/systemDictionary.cpp, line 295]
Event: 6.689 Thread 0x0000020c2e71c0e0 Exception <a 'java/lang/ClassNotFoundException'{0x00000007684c8df0}: org/springframework/web/servlet/config/annotation/WebMvcConfigurationSupportCustomizer> (0x00000007684c8df0) 
thrown [./open/src/hotspot/share/classfile/systemDictionary.cpp, line 295]
Event: 6.690 Thread 0x0000020c2e71c0e0 Exception <a 'java/lang/ClassNotFoundException'{0x00000007684db850}: org/springframework/web/servlet/config/annotation/DelegatingWebMvcConfigurationCustomizer> (0x00000007684db850) 
thrown [./open/src/hotspot/share/classfile/systemDictionary.cpp, line 295]
Event: 6.691 Thread 0x0000020c2e71c0e0 Exception <a 'java/lang/ClassNotFoundException'{0x00000007684e5d88}: org/springframework/boot/autoconfigure/web/servlet/WebMvcAutoConfiguration$EnableWebMvcConfigurationCustomizer> (0x00000007684e5d88) 
thrown [./open/src/hotspot/share/classfile/systemDictionary.cpp, line 295]
Event: 6.692 Thread 0x0000020c2e71c0e0 Exception <a 'java/lang/ClassNotFoundException'{0x00000007684f8208}: org/springframework/context/ResourceLoaderAwareCustomizer> (0x00000007684f8208) 
thrown [./open/src/hotspot/share/classfile/systemDictionary.cpp, line 295]
Event: 6.692 Thread 0x0000020c2e71c0e0 Exception <a 'java/lang/ClassNotFoundException'{0x00000007684fbf10}: org/springframework/beans/factory/AwareCustomizer> (0x00000007684fbf10) 
thrown [./open/src/hotspot/share/classfile/systemDictionary.cpp, line 295]
Event: 6.692 Thread 0x0000020c2e71c0e0 Exception <a 'java/lang/ClassNotFoundException'{0x00000007684fef68}: org/springframework/context/ApplicationContextAwareCustomizer> (0x00000007684fef68) 
thrown [./open/src/hotspot/share/classfile/systemDictionary.cpp, line 295]
Event: 6.693 Thread 0x0000020c2e71c0e0 Exception <a 'java/lang/ClassNotFoundException'{0x0000000768503a80}: org/springframework/beans/factory/AwareCustomizer> (0x0000000768503a80) 
thrown [./open/src/hotspot/share/classfile/systemDictionary.cpp, line 295]
Event: 6.693 Thread 0x0000020c2e71c0e0 Exception <a 'java/lang/ClassNotFoundException'{0x0000000768506ab0}: org/springframework/web/context/ServletContextAwareCustomizer> (0x0000000768506ab0) 
thrown [./open/src/hotspot/share/classfile/systemDictionary.cpp, line 295]
Event: 6.693 Thread 0x0000020c2e71c0e0 Exception <a 'java/lang/ClassNotFoundException'{0x000000076850ac10}: org/springframework/beans/factory/AwareCustomizer> (0x000000076850ac10) 
thrown [./open/src/hotspot/share/classfile/systemDictionary.cpp, line 295]
Event: 6.834 Thread 0x0000020c2e71c0e0 Exception <a 'java/lang/NoSuchMethodError'{0x0000000767f927b0}: 'void java.lang.invoke.DirectMethodHandle$Holder.invokeVirtual(java.lang.Object, java.lang.Object, int)'> (0x0000000767f927b0) 
thrown [./open/src/hotspot/share/interpreter/linkResolver.cpp, line 782]
Event: 6.836 Thread 0x0000020c2e71c0e0 Exception <a 'java/lang/NoSuchMethodError'{0x0000000767faea30}: 'void java.lang.invoke.DirectMethodHandle$Holder.invokeVirtual(java.lang.Object, java.lang.Object, long)'> (0x0000000767faea30) 
thrown [./open/src/hotspot/share/interpreter/linkResolver.cpp, line 782]
Event: 6.976 Thread 0x0000020c2e71c0e0 Exception <a 'java/lang/IncompatibleClassChangeError'{0x0000000767943450}: Found class java.lang.Object, but interface was expected> (0x0000000767943450) 
thrown [./open/src/hotspot/share/interpreter/linkResolver.cpp, line 848]
Event: 7.149 Thread 0x0000020c2e71c0e0 Exception <a 'java/lang/NoSuchMethodError'{0x0000000767130428}: 'java.lang.Object java.lang.invoke.DirectMethodHandle$Holder.invokeSpecial(java.lang.Object, java.lang.Object, int, java.lang.Object, int, java.lang.Object)'> (0x0000000767130428) 
thrown [./open/src/hotspot/share/interpreter/linkResolver.cpp, line 782]
Event: 7.149 Thread 0x0000020c2e71c0e0 Exception <a 'java/lang/NoSuchMethodError'{0x0000000767138c10}: 'java.lang.Object java.lang.invoke.DirectMethodHandle$Holder.newInvokeSpecial(java.lang.Object, java.lang.Object, int, java.lang.Object, int)'> (0x0000000767138c10) 
thrown [./open/src/hotspot/share/interpreter/linkResolver.cpp, line 782]
Event: 7.149 Thread 0x0000020c2e71c0e0 Exception <a 'java/lang/NoSuchMethodError'{0x000000076713ce20}: 'java.lang.Object java.lang.invoke.DirectMethodHandle$Holder.invokeSpecial(java.lang.Object, java.lang.Object, java.lang.Object, int, java.lang.Object, int)'> (0x000000076713ce20) 
thrown [./open/src/hotspot/share/interpreter/linkResolver.cpp, line 782]
Event: 7.150 Thread 0x0000020c2e71c0e0 Exception <a 'java/lang/NoSuchMethodError'{0x0000000767147068}: 'void java.lang.invoke.DirectMethodHandle$Holder.invokeVirtual(java.lang.Object, java.lang.Object)'> (0x0000000767147068) 
thrown [./open/src/hotspot/share/interpreter/linkResolver.cpp, line 782]
Event: 158.576 Thread 0x0000020c4fb95450 Exception <a 'java/lang/NoClassDefFoundError'{0x00000007682a2488}: sun/reflect/Reflection> (0x00000007682a2488) 
thrown [./open/src/hotspot/share/classfile/systemDictionary.cpp, line 284]
Event: 265.390 Thread 0x0000020c53f744e0 Exception <a 'java/lang/NoSuchMethodError'{0x0000000767c0d4c8}: 'java.lang.Object java.lang.invoke.DirectMethodHandle$Holder.invokeStaticInit(java.lang.Object, java.lang.Object, java.lang.Object, java.lang.Object, java.lang.Object, java.lang.Object)'> (0x0000000767c0d4c8) 
thrown [./open/src/hotspot/share/interpreter/linkResolver.cpp, line 782]

Events (20 events):
Event: 158.611 loading class java/nio/StringCharBuffer
Event: 158.611 loading class java/nio/StringCharBuffer done
Event: 158.612 Executing VM operation: HandshakeAllThreads
Event: 158.612 Executing VM operation: HandshakeAllThreads done
Event: 158.612 loading class sun/nio/cs/ISO_8859_1$Encoder
Event: 158.612 loading class sun/nio/cs/ISO_8859_1$Encoder done
Event: 158.612 loading class sun/nio/cs/Surrogate$Parser
Event: 158.612 loading class sun/nio/cs/Surrogate$Parser done
Event: 158.612 loading class sun/nio/cs/Surrogate
Event: 158.612 loading class sun/nio/cs/Surrogate done
Event: 159.417 Executing VM operation: HandshakeAllThreads
Event: 159.417 Executing VM operation: HandshakeAllThreads done
Event: 265.305 loading class java/util/concurrent/locks/ReentrantReadWriteLock$Sync$HoldCounter
Event: 265.306 loading class java/util/concurrent/locks/ReentrantReadWriteLock$Sync$HoldCounter done
Event: 265.316 Executing VM operation: HandshakeAllThreads
Event: 265.316 Executing VM operation: HandshakeAllThreads done
Event: 265.324 Thread 0x0000020c53f75820 Thread added: 0x0000020c53f75820
Event: 265.402 loading class jdk/internal/reflect/UnsafeBooleanFieldAccessorImpl
Event: 265.402 loading class jdk/internal/reflect/UnsafeBooleanFieldAccessorImpl done
Event: 265.417 Thread 0x0000020c51de3630 Thread added: 0x0000020c51de3630


Dynamic libraries:
0x00007ff759c60000 - 0x00007ff759c6d000 	C:\Users\Dayana.DAYANA\.p2\pool\plugins\org.eclipse.justj.openjdk.hotspot.jre.full.win32.x86_64_15.0.2.v20210201-0955\jre\bin\javaw.exe
0x00007ffc89790000 - 0x00007ffc89985000 	C:\WINDOWS\SYSTEM32\ntdll.dll
0x00007ffc88c80000 - 0x00007ffc88d3e000 	C:\WINDOWS\System32\KERNEL32.DLL
0x00007ffc87430000 - 0x00007ffc876f8000 	C:\WINDOWS\System32\KERNELBASE.dll
0x00007ffc86eb0000 - 0x00007ffc86fb0000 	C:\WINDOWS\System32\ucrtbase.dll
0x00007ffc6c630000 - 0x00007ffc6c648000 	C:\Users\Dayana.DAYANA\.p2\pool\plugins\org.eclipse.justj.openjdk.hotspot.jre.full.win32.x86_64_15.0.2.v20210201-0955\jre\bin\jli.dll
0x00007ffc84550000 - 0x00007ffc84569000 	C:\Users\Dayana.DAYANA\.p2\pool\plugins\org.eclipse.justj.openjdk.hotspot.jre.full.win32.x86_64_15.0.2.v20210201-0955\jre\bin\VCRUNTIME140.dll
0x00007ffc877e0000 - 0x00007ffc87981000 	C:\WINDOWS\System32\USER32.dll
0x00007ffc87050000 - 0x00007ffc87072000 	C:\WINDOWS\System32\win32u.dll
0x00007ffc7eff0000 - 0x00007ffc7f28a000 	C:\WINDOWS\WinSxS\amd64_microsoft.windows.common-controls_6595b64144ccf1df_6.0.19041.1110_none_60b5254171f9507e\COMCTL32.dll
0x00007ffc88850000 - 0x00007ffc8887b000 	C:\WINDOWS\System32\GDI32.dll
0x00007ffc87a10000 - 0x00007ffc87aae000 	C:\WINDOWS\System32\msvcrt.dll
0x00007ffc87080000 - 0x00007ffc8718b000 	C:\WINDOWS\System32\gdi32full.dll
0x00007ffc86fb0000 - 0x00007ffc8704d000 	C:\WINDOWS\System32\msvcp_win.dll
0x00007ffc88c50000 - 0x00007ffc88c80000 	C:\WINDOWS\System32\IMM32.DLL
0x00007ffc84540000 - 0x00007ffc8454c000 	C:\Users\Dayana.DAYANA\.p2\pool\plugins\org.eclipse.justj.openjdk.hotspot.jre.full.win32.x86_64_15.0.2.v20210201-0955\jre\bin\vcruntime140_1.dll
0x00007ffc721a0000 - 0x00007ffc72231000 	C:\Users\Dayana.DAYANA\.p2\pool\plugins\org.eclipse.justj.openjdk.hotspot.jre.full.win32.x86_64_15.0.2.v20210201-0955\jre\bin\msvcp140.dll
0x00007ffc5f800000 - 0x00007ffc6035e000 	C:\Users\Dayana.DAYANA\.p2\pool\plugins\org.eclipse.justj.openjdk.hotspot.jre.full.win32.x86_64_15.0.2.v20210201-0955\jre\bin\server\jvm.dll
0x00007ffc88f00000 - 0x00007ffc88fac000 	C:\WINDOWS\System32\ADVAPI32.dll
0x00007ffc87b60000 - 0x00007ffc87bfb000 	C:\WINDOWS\System32\sechost.dll
0x00007ffc89010000 - 0x00007ffc8913a000 	C:\WINDOWS\System32\RPCRT4.dll
0x00007ffc88e90000 - 0x00007ffc88e98000 	C:\WINDOWS\System32\PSAPI.DLL
0x00007ffc7a650000 - 0x00007ffc7a659000 	C:\WINDOWS\SYSTEM32\WSOCK32.dll
0x00007ffc68a00000 - 0x00007ffc68a27000 	C:\WINDOWS\SYSTEM32\WINMM.dll
0x00007ffc7d280000 - 0x00007ffc7d28a000 	C:\WINDOWS\SYSTEM32\VERSION.dll
0x00007ffc87990000 - 0x00007ffc879fb000 	C:\WINDOWS\System32\WS2_32.dll
0x00007ffc84dd0000 - 0x00007ffc84de2000 	C:\WINDOWS\SYSTEM32\kernel.appcore.dll
0x00007ffc75470000 - 0x00007ffc7547a000 	C:\Users\Dayana.DAYANA\.p2\pool\plugins\org.eclipse.justj.openjdk.hotspot.jre.full.win32.x86_64_15.0.2.v20210201-0955\jre\bin\jimage.dll
0x00007ffc7c970000 - 0x00007ffc7cb54000 	C:\WINDOWS\SYSTEM32\DBGHELP.DLL
0x00007ffc7c4f0000 - 0x00007ffc7c51c000 	C:\WINDOWS\SYSTEM32\dbgcore.DLL
0x00007ffc873a0000 - 0x00007ffc87423000 	C:\WINDOWS\System32\bcryptPrimitives.dll
0x00007ffc68fc0000 - 0x00007ffc68fe5000 	C:\Users\Dayana.DAYANA\.p2\pool\plugins\org.eclipse.justj.openjdk.hotspot.jre.full.win32.x86_64_15.0.2.v20210201-0955\jre\bin\java.dll
0x00007ffc68fa0000 - 0x00007ffc68fb8000 	C:\Users\Dayana.DAYANA\.p2\pool\plugins\org.eclipse.justj.openjdk.hotspot.jre.full.win32.x86_64_15.0.2.v20210201-0955\jre\bin\zip.dll
0x00007ffc87f60000 - 0x00007ffc8869f000 	C:\WINDOWS\System32\SHELL32.dll
0x00007ffc84fd0000 - 0x00007ffc85760000 	C:\WINDOWS\SYSTEM32\windows.storage.dll
0x00007ffc87c00000 - 0x00007ffc87f55000 	C:\WINDOWS\System32\combase.dll
0x00007ffc86830000 - 0x00007ffc8685e000 	C:\WINDOWS\SYSTEM32\Wldp.dll
0x00007ffc87ab0000 - 0x00007ffc87b5d000 	C:\WINDOWS\System32\SHCORE.dll
0x00007ffc88b20000 - 0x00007ffc88b75000 	C:\WINDOWS\System32\shlwapi.dll
0x00007ffc86df0000 - 0x00007ffc86e0f000 	C:\WINDOWS\SYSTEM32\profapi.dll
0x00007ffc66790000 - 0x00007ffc667a9000 	C:\Users\Dayana.DAYANA\.p2\pool\plugins\org.eclipse.justj.openjdk.hotspot.jre.full.win32.x86_64_15.0.2.v20210201-0955\jre\bin\net.dll
0x00007ffc81b30000 - 0x00007ffc81c3c000 	C:\WINDOWS\SYSTEM32\WINHTTP.dll
0x00007ffc86590000 - 0x00007ffc865fa000 	C:\WINDOWS\system32\mswsock.dll
0x00007ffc66770000 - 0x00007ffc66782000 	C:\Users\Dayana.DAYANA\.p2\pool\plugins\org.eclipse.justj.openjdk.hotspot.jre.full.win32.x86_64_15.0.2.v20210201-0955\jre\bin\nio.dll
0x00007ffc72e00000 - 0x00007ffc72e10000 	C:\Users\Dayana.DAYANA\.p2\pool\plugins\org.eclipse.justj.openjdk.hotspot.jre.full.win32.x86_64_15.0.2.v20210201-0955\jre\bin\verify.dll
0x00007ffc80920000 - 0x00007ffc80929000 	C:\Users\Dayana.DAYANA\.p2\pool\plugins\org.eclipse.justj.openjdk.hotspot.jre.full.win32.x86_64_15.0.2.v20210201-0955\jre\bin\management.dll
0x00007ffc80910000 - 0x00007ffc8091b000 	C:\Users\Dayana.DAYANA\.p2\pool\plugins\org.eclipse.justj.openjdk.hotspot.jre.full.win32.x86_64_15.0.2.v20210201-0955\jre\bin\management_ext.dll
0x00007ffc77b00000 - 0x00007ffc77b17000 	C:\WINDOWS\system32\napinsp.dll
0x00007ffc77ad0000 - 0x00007ffc77aeb000 	C:\WINDOWS\system32\pnrpnsp.dll
0x00007ffc77ab0000 - 0x00007ffc77ac5000 	C:\WINDOWS\system32\wshbth.dll
0x00007ffc844c0000 - 0x00007ffc844dd000 	C:\WINDOWS\system32\NLAapi.dll
0x00007ffc86280000 - 0x00007ffc862bb000 	C:\WINDOWS\SYSTEM32\IPHLPAPI.DLL
0x00007ffc862c0000 - 0x00007ffc8638b000 	C:\WINDOWS\SYSTEM32\DNSAPI.dll
0x00007ffc87a00000 - 0x00007ffc87a08000 	C:\WINDOWS\System32\NSI.dll
0x00007ffc77a90000 - 0x00007ffc77aa2000 	C:\WINDOWS\System32\winrnr.dll
0x00007ffc7ff10000 - 0x00007ffc7ff1a000 	C:\Windows\System32\rasadhlp.dll
0x00007ffc7ff70000 - 0x00007ffc7ffef000 	C:\WINDOWS\System32\fwpuclnt.dll
0x00007ffc87700000 - 0x00007ffc87727000 	C:\WINDOWS\System32\bcrypt.dll
0x00007ffc86790000 - 0x00007ffc867a8000 	C:\WINDOWS\SYSTEM32\CRYPTSP.dll
0x00007ffc85f10000 - 0x00007ffc85f44000 	C:\WINDOWS\system32\rsaenh.dll
0x00007ffc86d70000 - 0x00007ffc86d9e000 	C:\WINDOWS\SYSTEM32\USERENV.dll
0x00007ffc86780000 - 0x00007ffc8678c000 	C:\WINDOWS\SYSTEM32\CRYPTBASE.dll
0x00007ffc81240000 - 0x00007ffc81257000 	C:\WINDOWS\SYSTEM32\dhcpcsvc6.DLL
0x00007ffc81220000 - 0x00007ffc8123d000 	C:\WINDOWS\SYSTEM32\dhcpcsvc.DLL
0x00007ffc84570000 - 0x00007ffc8457d000 	C:\Users\Dayana.DAYANA\.p2\pool\plugins\org.eclipse.justj.openjdk.hotspot.jre.full.win32.x86_64_15.0.2.v20210201-0955\jre\bin\sunmscapi.dll
0x00007ffc87190000 - 0x00007ffc872e6000 	C:\WINDOWS\System32\CRYPT32.dll
0x00007ffc868a0000 - 0x00007ffc868c7000 	C:\WINDOWS\SYSTEM32\ncrypt.dll
0x00007ffc86860000 - 0x00007ffc8689b000 	C:\WINDOWS\SYSTEM32\NTASN1.dll

dbghelp: loaded successfully - version: 4.0.5 - missing functions: none
symbol engine: initialized successfully - sym options: 0x614 - pdb path: .;C:\Users\Dayana.DAYANA\.p2\pool\plugins\org.eclipse.justj.openjdk.hotspot.jre.full.win32.x86_64_15.0.2.v20210201-0955\jre\bin;C:\WINDOWS\SYSTEM32;C:\WINDOWS\WinSxS\amd64_microsoft.windows.common-controls_6595b64144ccf1df_6.0.19041.1110_none_60b5254171f9507e;C:\Users\Dayana.DAYANA\.p2\pool\plugins\org.eclipse.justj.openjdk.hotspot.jre.full.win32.x86_64_15.0.2.v20210201-0955\jre\bin\server

VM Arguments:
jvm_args: -Dfile.encoding=UTF-8 -XX:+ShowCodeDetailsInExceptionMessages 
java_command: com.FacturadoraPymes.FacturadoraPymes.FacturadoraPymesApplication
java_class_path (initial): C:\ProyectoGrado\FacturadoraPymes\FacturadoraPymesBackend\target\classes;C:\Users\Dayana.DAYANA\.m2\repository\org\springframework\boot\spring-boot-starter-data-jpa\2.4.4\spring-boot-starter-data-jpa-2.4.4.jar;C:\Users\Dayana.DAYANA\.m2\repository\org\springframework\boot\spring-boot-starter-aop\2.4.4\spring-boot-starter-aop-2.4.4.jar;C:\Users\Dayana.DAYANA\.m2\repository\org\springframework\spring-aop\5.3.5\spring-aop-5.3.5.jar;C:\Users\Dayana.DAYANA\.m2\repository\org\aspectj\aspectjweaver\1.9.6\aspectjweaver-1.9.6.jar;C:\Users\Dayana.DAYANA\.m2\repository\org\springframework\boot\spring-boot-starter-jdbc\2.4.4\spring-boot-starter-jdbc-2.4.4.jar;C:\Users\Dayana.DAYANA\.m2\repository\com\zaxxer\HikariCP\3.4.5\HikariCP-3.4.5.jar;C:\Users\Dayana.DAYANA\.m2\repository\org\springframework\spring-jdbc\5.3.5\spring-jdbc-5.3.5.jar;C:\Users\Dayana.DAYANA\.m2\repository\jakarta\transaction\jakarta.transaction-api\1.3.3\jakarta.transaction-api-1.3.3.jar;C:\Users\Dayana.DAYANA\.m2\repository\jakarta\persistence\jakarta.persistence-api\2.2.3\jakarta.persistence-api-2.2.3.jar;C:\Users\Dayana.DAYANA\.m2\repository\org\hibernate\hibernate-core\5.4.29.Final\hibernate-core-5.4.29.Final.jar;C:\Users\Dayana.DAYANA\.m2\repository\org\javassist\javassist\3.27.0-GA\javassist-3.27.0-GA.jar;C:\Users\Dayana.DAYANA\.m2\repository\net\bytebuddy\byte-buddy\1.10.22\byte-buddy-1.10.22.jar;C:\Users\Dayana.DAYANA\.m2\repository\antlr\antlr\2.7.7\antlr-2.7.7.jar;C:\Users\Dayana.DAYANA\.m2\repository\org\jboss\jandex\2.2.3.Final\jandex-2.2.3.Final.jar;C:\Users\Dayana.DAYANA\.m2\repository\org\dom4j\dom4j\2.1.3\dom4j-2.1.3.jar;C:\Users\Dayana.DAYANA\.m2\repository\org\hibernate\common\hibernate-commons-annotations\5.1.2.Final\hibernate-commons-annotations-5.1.2.Final.jar;C:\Users\Dayana.DAYANA\.m2\repository\org\glassfish\jaxb\jaxb-runtime\2.3.3\jaxb-runtime-2.3.3.jar;C:\Users\Dayana.DAYANA\.m2\repository\org\glassfish\jaxb\txw2\2.3.3\txw2-2.3.3.jar;C:\Users\Dayana.DAYAN
Launcher Type: SUN_STANDARD

[Global flags]
     intx CICompilerCount                          = 4                                         {product} {ergonomic}
     uint ConcGCThreads                            = 2                                         {product} {ergonomic}
     uint G1ConcRefinementThreads                  = 8                                         {product} {ergonomic}
   size_t G1HeapRegionSize                         = 2097152                                   {product} {ergonomic}
    uintx GCDrainStackTargetSize                   = 64                                        {product} {ergonomic}
   size_t InitialHeapSize                          = 163577856                                 {product} {ergonomic}
   size_t MarkStackSize                            = 4194304                                   {product} {ergonomic}
   size_t MaxHeapSize                              = 2613051392                                {product} {ergonomic}
   size_t MaxNewSize                               = 1566572544                                {product} {ergonomic}
   size_t MinHeapDeltaBytes                        = 2097152                                   {product} {ergonomic}
   size_t MinHeapSize                              = 8388608                                   {product} {ergonomic}
    uintx NonNMethodCodeHeapSize                   = 5839372                                {pd product} {ergonomic}
    uintx NonProfiledCodeHeapSize                  = 122909434                              {pd product} {ergonomic}
    uintx ProfiledCodeHeapSize                     = 122909434                              {pd product} {ergonomic}
    uintx ReservedCodeCacheSize                    = 251658240                              {pd product} {ergonomic}
     bool SegmentedCodeCache                       = true                                      {product} {ergonomic}
     bool ShowCodeDetailsInExceptionMessages       = true                                   {manageable} {command line}
   size_t SoftMaxHeapSize                          = 2613051392                             {manageable} {ergonomic}
     bool UseCompressedClassPointers               = true                                 {lp64_product} {ergonomic}
     bool UseCompressedOops                        = true                                 {lp64_product} {ergonomic}
     bool UseG1GC                                  = true                                      {product} {ergonomic}
     bool UseLargePagesIndividualAllocation        = false                                  {pd product} {ergonomic}

Logging:
Log output configuration:
 #0: stdout all=warning uptime,level,tags
 #1: stderr all=off uptime,level,tags

Environment Variables:
JAVA_HOME=C:\Program Files\Java\jdk1.8.0_251
PATH=C:/Users/Dayana.DAYANA/.p2/pool/plugins/org.eclipse.justj.openjdk.hotspot.jre.full.win32.x86_64_15.0.2.v20210201-0955/jre/bin/server;C:/Users/Dayana.DAYANA/.p2/pool/plugins/org.eclipse.justj.openjdk.hotspot.jre.full.win32.x86_64_15.0.2.v20210201-0955/jre/bin;C:\Users\Dayana.DAYANA\AppData\Local\Programs\Python\Python39\Scripts\;C:\Users\Dayana.DAYANA\AppData\Local\Programs\Python\Python39\;C:\oraclexe\app\oracle\product\11.2.0\server\bin;C:\Program Files (x86)\Common Files\Oracle\Java\javapath;C:\WINDOWS\system32;C:\WINDOWS;C:\WINDOWS\System32\Wbem;C:\WINDOWS\System32\WindowsPowerShell\v1.0\;C:\WINDOWS\System32\OpenSSH\;C:\Program Files\MySQL\MySQL Server 8.0\bin;C:\Maven\apache-maven-3.6.3\\bin;C:\Program Files\dotnet\;C:\Program Files\nodejs\;C:\ProgramData\chocolatey\bin;C:\Program Files\Microsoft SQL Server\130\Tools\Binn\;C:\Program Files\Microsoft SQL Server\Client SDK\ODBC\170\Tools\Binn\;C:\wamp64\bin\php\php7.4.9;C:\ProgramData\ComposerSetup\bin;C:\Program Files\Git\cmd;C:\Program Files\Git\mingw64\bin;C:\Program Files\Git\usr\bin;C:\Program Files (x86)\Microsoft SQL Server\150\DTS\Binn\;C:\Program Files\Azure Data Studio\bin;C:\Program Files (x86)\Microsoft SQL Server\150\Tools\Binn\;C:\Program Files\Microsoft SQL Server\150\Tools\Binn\;C:\Program Files\Microsoft SQL Server\150\DTS\Binn\;C:\Program Files (x86)\dotnet\;C:\Users\Dayana.DAYANA\AppData\Local\Microsoft\WindowsApps;;C:\Users\Dayana.DAYANA\AppData\Local\Programs\Microsoft VS Code\bin;C:\Users\Dayana.DAYANA\.dotnet\tools;C:\Users\Dayana.DAYANA\AppData\Roaming\npm;C:\Users\Dayana.DAYANA\AppData\Roaming\Composer\vendor\bin;C:\Program Files\Azure Data Studio\bin;C:\Users\Dayana.DAYANA\Desktop;
USERNAME=Dayana
OS=Windows_NT
PROCESSOR_IDENTIFIER=Intel64 Family 6 Model 42 Stepping 7, GenuineIntel



---------------  S Y S T E M  ---------------

OS:
 Windows 10 , 64 bit Build 19041 (10.0.19041.1348)
OS uptime: 0 days 4:26 hours

CPU: total 8 (initial active 8) (4 cores per cpu, 2 threads per core) family 6 model 42 stepping 7 microcode 0x2f, cmov, cx8, fxsr, mmx, sse, sse2, sse3, ssse3, sse4.1, sse4.2, popcnt, vzeroupper, avx, aes, clmul, ht, tsc, tscinvbit, clflush

Memory: 4k page, system-wide physical 9960M (497M free)
TotalPageFile size 12101M (AvailPageFile size 17M)
current process WorkingSet (physical memory assigned to process): 243M, peak: 292M
current process commit charge ("private bytes"): 275M, peak: 324M

vm_info: OpenJDK 64-Bit Server VM (15.0.2+7-27) for windows-amd64 JRE (15.0.2+7-27), built on Dec  7 2020 20:02:38 by "mach5one" with unknown MS VC++:1925

END.
