#
# There is insufficient memory for the Java Runtime Environment to continue.
# Native memory allocation (malloc) failed to allocate 63168 bytes for Chunk::new
# Possible reasons:
#   The system is out of physical RAM or swap space
#   The process is running with CompressedOops enabled, and the Java Heap may be blocking the growth of the native heap
# Possible solutions:
#   Reduce memory load on the system
#   Increase physical memory or swap space
#   Check if swap backing store is full
#   Decrease Java heap size (-Xmx/-Xms)
#   Decrease number of Java threads
#   Decrease Java thread stack sizes (-Xss)
#   Set larger code cache with -XX:ReservedCodeCacheSize=
#   JVM is running with Zero Based Compressed Oops mode in which the Java heap is
#     placed in the first 32GB address space. The Java Heap base address is the
#     maximum limit for the native heap growth. Please use -XX:HeapBaseMinAddress
#     to set the Java Heap base and to place the Java Heap above 32GB virtual address.
# This output file may be truncated or incomplete.
#
#  Out of Memory Error (./open/src/hotspot/share/memory/arena.cpp:195), pid=8232, tid=22496
#
# JRE version: OpenJDK Runtime Environment (15.0.2+7) (build 15.0.2+7-27)
# Java VM: OpenJDK 64-Bit Server VM (15.0.2+7-27, mixed mode, tiered, compressed oops, g1 gc, windows-amd64)
# No core dump will be written. Minidumps are not enabled by default on client versions of Windows
#

---------------  S U M M A R Y ------------

Command Line: -Dfile.encoding=UTF-8 -XX:+ShowCodeDetailsInExceptionMessages com.FacturadoraPymes.FacturadoraPymes.FacturadoraPymesApplication

Host: Intel(R) Core(TM) i7-2600 CPU @ 3.40GHz, 8 cores, 9G,  Windows 10 , 64 bit Build 19041 (10.0.19041.1503)
Time: Sat Feb 26 22:57:45 2022 Hora est. Pacífico, Sudamérica elapsed time: 1780.536512 seconds (0d 0h 29m 40s)

---------------  T H R E A D  ---------------

Current thread (0x00000201cd420780):  JavaThread "C2 CompilerThread0" daemon [_thread_in_native, id=22496, stack(0x000000804f100000,0x000000804f200000)]


Current CompileTask:
C2:1780536 8685       4       sun.security.util.AlgorithmDecomposer::decomposeImpl (128 bytes)

Stack: [0x000000804f100000,0x000000804f200000]
Native frames: (J=compiled Java code, j=interpreted, Vv=VM code, C=native code)
V  [jvm.dll+0x62ae9a]
V  [jvm.dll+0x7817a9]
V  [jvm.dll+0x782f03]
V  [jvm.dll+0x783563]
V  [jvm.dll+0x216325]
V  [jvm.dll+0x97f3a]
V  [jvm.dll+0x9861c]
V  [jvm.dll+0x67a8ab]
V  [jvm.dll+0x18e578]
V  [jvm.dll+0x1ea822]
V  [jvm.dll+0x1e996e]
V  [jvm.dll+0x178567]
V  [jvm.dll+0x1f9225]
V  [jvm.dll+0x1f72cc]
V  [jvm.dll+0x74495d]
V  [jvm.dll+0x73d75a]
V  [jvm.dll+0x629c56]
C  [ucrtbase.dll+0x21bb2]
C  [KERNEL32.DLL+0x17034]
C  [ntdll.dll+0x52651]


---------------  P R O C E S S  ---------------

Threads class SMR info:
_java_thread_list=0x00000201ce5bf760, length=31, elements={
0x00000201ccbca440, 0x00000201ccbcaef0, 0x00000201cd416000, 0x00000201cd4189d0,
0x00000201cd41a490, 0x00000201cd420780, 0x00000201cd3da990, 0x00000201cd3dda80,
0x00000201cd5a1070, 0x00000201cd5a8b90, 0x00000201d2fca010, 0x00000201d716a700,
0x00000201d1bf0a10, 0x00000201d0eb58e0, 0x00000201d1a47840, 0x00000201d3b01540,
0x00000201d35e2430, 0x00000201cf2f7dd0, 0x00000201cf2f9ab0, 0x00000201cf2fa450,
0x00000201cf2fa920, 0x00000201cf37f590, 0x00000201cf384290, 0x00000201cf3820e0,
0x00000201cf37ebf0, 0x00000201cf3825b0, 0x00000201cf37fa60, 0x00000201cf385aa0,
0x00000201cf37f0c0, 0x00000201cf380400, 0x00000201cf385100
}

Java Threads: ( => current thread )
  0x00000201ccbca440 JavaThread "Reference Handler" daemon [_thread_blocked, id=21492, stack(0x000000804ec00000,0x000000804ed00000)]
  0x00000201ccbcaef0 JavaThread "Finalizer" daemon [_thread_blocked, id=8556, stack(0x000000804ed00000,0x000000804ee00000)]
  0x00000201cd416000 JavaThread "Signal Dispatcher" daemon [_thread_blocked, id=14608, stack(0x000000804ee00000,0x000000804ef00000)]
  0x00000201cd4189d0 JavaThread "Attach Listener" daemon [_thread_blocked, id=18624, stack(0x000000804ef00000,0x000000804f000000)]
  0x00000201cd41a490 JavaThread "Service Thread" daemon [_thread_blocked, id=24268, stack(0x000000804f000000,0x000000804f100000)]
=>0x00000201cd420780 JavaThread "C2 CompilerThread0" daemon [_thread_in_native, id=22496, stack(0x000000804f100000,0x000000804f200000)]
  0x00000201cd3da990 JavaThread "C1 CompilerThread0" daemon [_thread_blocked, id=6792, stack(0x000000804f200000,0x000000804f300000)]
  0x00000201cd3dda80 JavaThread "Sweeper thread" daemon [_thread_blocked, id=18996, stack(0x000000804f300000,0x000000804f400000)]
  0x00000201cd5a1070 JavaThread "Notification Thread" daemon [_thread_blocked, id=17704, stack(0x000000804f400000,0x000000804f500000)]
  0x00000201cd5a8b90 JavaThread "Common-Cleaner" daemon [_thread_blocked, id=24304, stack(0x000000804f600000,0x000000804f700000)]
  0x00000201d2fca010 JavaThread "Catalina-utility-1" [_thread_blocked, id=12876, stack(0x000000804fd00000,0x000000804fe00000)]
  0x00000201d716a700 JavaThread "Catalina-utility-2" [_thread_blocked, id=12872, stack(0x000000804fe00000,0x000000804ff00000)]
  0x00000201d1bf0a10 JavaThread "container-0" [_thread_blocked, id=8832, stack(0x000000804ff00000,0x0000008050000000)]
  0x00000201d0eb58e0 JavaThread "mysql-cj-abandoned-connection-cleanup" daemon [_thread_blocked, id=22712, stack(0x0000008050000000,0x0000008050100000)]
  0x00000201d1a47840 JavaThread "HikariPool-1 housekeeper" daemon [_thread_blocked, id=12704, stack(0x0000008050600000,0x0000008050700000)]
  0x00000201d3b01540 JavaThread "http-nio-8080-BlockPoller" daemon [_thread_in_native, id=7272, stack(0x0000008050800000,0x0000008050900000)]
  0x00000201d35e2430 JavaThread "http-nio-8080-exec-1" daemon [_thread_blocked, id=24068, stack(0x0000008050900000,0x0000008050a00000)]
  0x00000201cf2f7dd0 JavaThread "http-nio-8080-exec-2" daemon [_thread_blocked, id=17072, stack(0x0000008050a00000,0x0000008050b00000)]
  0x00000201cf2f9ab0 JavaThread "http-nio-8080-exec-3" daemon [_thread_blocked, id=15632, stack(0x0000008050b00000,0x0000008050c00000)]
  0x00000201cf2fa450 JavaThread "http-nio-8080-exec-4" daemon [_thread_blocked, id=11916, stack(0x0000008050c00000,0x0000008050d00000)]
  0x00000201cf2fa920 JavaThread "http-nio-8080-exec-5" daemon [_thread_blocked, id=14312, stack(0x0000008050d00000,0x0000008050e00000)]
  0x00000201cf37f590 JavaThread "http-nio-8080-exec-6" daemon [_thread_blocked, id=1140, stack(0x0000008050e00000,0x0000008050f00000)]
  0x00000201cf384290 JavaThread "http-nio-8080-exec-7" daemon [_thread_blocked, id=11812, stack(0x0000008050f00000,0x0000008051000000)]
  0x00000201cf3820e0 JavaThread "http-nio-8080-exec-8" daemon [_thread_blocked, id=12196, stack(0x0000008051000000,0x0000008051100000)]
  0x00000201cf37ebf0 JavaThread "http-nio-8080-exec-9" daemon [_thread_blocked, id=13296, stack(0x0000008051100000,0x0000008051200000)]
  0x00000201cf3825b0 JavaThread "http-nio-8080-exec-10" daemon [_thread_blocked, id=1072, stack(0x0000008051200000,0x0000008051300000)]
  0x00000201cf37fa60 JavaThread "http-nio-8080-ClientPoller" daemon [_thread_in_native, id=23468, stack(0x0000008051300000,0x0000008051400000)]
  0x00000201cf385aa0 JavaThread "http-nio-8080-Acceptor" daemon [_thread_in_native, id=3792, stack(0x0000008051400000,0x0000008051500000)]
  0x00000201cf37f0c0 JavaThread "DestroyJavaVM" [_thread_blocked, id=17348, stack(0x000000804e500000,0x000000804e600000)]
  0x00000201cf380400 JavaThread "HikariPool-1 connection closer" daemon [_thread_blocked, id=16528, stack(0x000000804e200000,0x000000804e300000)]
  0x00000201cf385100 JavaThread "HikariPool-1 connection adder" daemon [_thread_blocked, id=24348, stack(0x000000804e300000,0x000000804e400000)]

Other Threads:
  0x00000201ccbb1970 VMThread "VM Thread" [stack: 0x000000804eb00000,0x000000804ec00000] [id=21412]
  0x00000201b181a630 WatcherThread [stack: 0x000000804f500000,0x000000804f600000] [id=7516]
  0x00000201b178caa0 GCTaskThread "GC Thread#0" [stack: 0x000000804e600000,0x000000804e700000] [id=14228]
  0x00000201cd5876c0 GCTaskThread "GC Thread#1" [stack: 0x000000804f800000,0x000000804f900000] [id=11596]
  0x00000201cd588380 GCTaskThread "GC Thread#2" [stack: 0x000000804f900000,0x000000804fa00000] [id=6488]
  0x00000201cd5886b0 GCTaskThread "GC Thread#3" [stack: 0x000000804fb00000,0x000000804fc00000] [id=17892]
  0x00000201ceff1dd0 GCTaskThread "GC Thread#4" [stack: 0x0000008050100000,0x0000008050200000] [id=268]
  0x00000201ceff0de0 GCTaskThread "GC Thread#5" [stack: 0x0000008050200000,0x0000008050300000] [id=8516]
  0x00000201ceff1440 GCTaskThread "GC Thread#6" [stack: 0x0000008050300000,0x0000008050400000] [id=17220]
  0x00000201ceff2100 GCTaskThread "GC Thread#7" [stack: 0x0000008050400000,0x0000008050500000] [id=7204]
  0x00000201b17990e0 ConcurrentGCThread "G1 Main Marker" [stack: 0x000000804e700000,0x000000804e800000] [id=20044]
  0x00000201b179ace0 ConcurrentGCThread "G1 Conc#0" [stack: 0x000000804e800000,0x000000804e900000] [id=10556]
  0x00000201ceff1aa0 ConcurrentGCThread "G1 Conc#1" [stack: 0x000000804fc00000,0x000000804fd00000] [id=18592]
  0x00000201b1808c20 ConcurrentGCThread "G1 Refine#0" [stack: 0x000000804e900000,0x000000804ea00000] [id=9740]
  0x00000201cc9f0d30 ConcurrentGCThread "G1 Young RemSet Sampling" [stack: 0x000000804ea00000,0x000000804eb00000] [id=9020]

Threads with active compile tasks:
C2 CompilerThread0  1781154 8685       4       sun.security.util.AlgorithmDecomposer::decomposeImpl (128 bytes)

VM state: not at safepoint (normal execution)

VM Mutex/Monitor currently owned by a thread: None

Heap address: 0x0000000764400000, size: 2492 MB, Compressed Oops mode: Zero based, Oop shift amount: 3
CDS disabled.
Compressed class space mapped at: 0x0000000800000000-0x0000000840000000, size: 1073741824
Narrow klass base: 0x0000000800000000, Narrow klass shift: 0, Narrow klass range: 0x40000000

GC Precious Log:
 CPUs: 8 total, 8 available
 Memory: 9960M
 Large Page Support: Disabled
 NUMA Support: Disabled
 Compressed Oops: Enabled (Zero based)
 Heap Region Size: 2M
 Heap Min Capacity: 8M
 Heap Initial Capacity: 156M
 Heap Max Capacity: 2492M
 Pre-touch: Disabled
 Parallel Workers: 8
 Concurrent Workers: 2
 Concurrent Refinement Workers: 8
 Periodic GC: Disabled

Heap:
 garbage-first heap   total 71680K, used 33007K [0x0000000764400000, 0x0000000800000000)
  region size 2048K, 4 young (8192K), 2 survivors (4096K)
 Metaspace       used 74628K, capacity 75288K, committed 75420K, reserved 1116160K
  class space    used 9000K, capacity 9225K, committed 9292K, reserved 1048576K

Heap Regions: E=young(eden), S=young(survivor), O=old, HS=humongous(starts), HC=humongous(continues), CS=collection set, F=free, OA=open archive, CA=closed archive, TAMS=top-at-mark-start (previous, next)
|   0|0x0000000764400000, 0x0000000764600000, 0x0000000764600000|100%| O|  |TAMS 0x0000000764600000, 0x0000000764400000| Untracked 
|   1|0x0000000764600000, 0x0000000764800000, 0x0000000764800000|100%| O|  |TAMS 0x0000000764800000, 0x0000000764600000| Untracked 
|   2|0x0000000764800000, 0x0000000764a00000, 0x0000000764a00000|100%| O|  |TAMS 0x0000000764a00000, 0x0000000764800000| Untracked 
|   3|0x0000000764a00000, 0x0000000764a62c00, 0x0000000764c00000| 19%| O|  |TAMS 0x0000000764a62c00, 0x0000000764a00000| Untracked 
|   4|0x0000000764c00000, 0x0000000764e00000, 0x0000000764e00000|100%| O|  |TAMS 0x0000000764e00000, 0x0000000764c00000| Untracked 
|   5|0x0000000764e00000, 0x0000000765000000, 0x0000000765000000|100%| O|  |TAMS 0x0000000765000000, 0x0000000764e00000| Untracked 
|   6|0x0000000765000000, 0x0000000765200000, 0x0000000765200000|100%| O|  |TAMS 0x0000000765200000, 0x0000000765000000| Untracked 
|   7|0x0000000765200000, 0x0000000765400000, 0x0000000765400000|100%| O|  |TAMS 0x0000000765400000, 0x0000000765200000| Untracked 
|   8|0x0000000765400000, 0x0000000765600000, 0x0000000765600000|100%| O|  |TAMS 0x0000000765600000, 0x0000000765400000| Untracked 
|   9|0x0000000765600000, 0x0000000765800000, 0x0000000765800000|100%| O|  |TAMS 0x00000007657ef600, 0x0000000765600000| Untracked 
|  10|0x0000000765800000, 0x0000000765a00000, 0x0000000765a00000|100%| O|  |TAMS 0x0000000765800000, 0x0000000765800000| Untracked 
|  11|0x0000000765a00000, 0x0000000765c00000, 0x0000000765c00000|100%| O|  |TAMS 0x0000000765a00000, 0x0000000765a00000| Untracked 
|  12|0x0000000765c00000, 0x0000000765e00000, 0x0000000765e00000|100%| O|  |TAMS 0x0000000765c00000, 0x0000000765c00000| Untracked 
|  13|0x0000000765e00000, 0x0000000766000000, 0x0000000766000000|100%| O|  |TAMS 0x0000000765e00000, 0x0000000765e00000| Untracked 
|  14|0x0000000766000000, 0x0000000766174200, 0x0000000766200000| 72%| O|  |TAMS 0x0000000766000000, 0x0000000766000000| Untracked 
|  15|0x0000000766200000, 0x0000000766200000, 0x0000000766400000|  0%| F|  |TAMS 0x0000000766200000, 0x0000000766200000| Untracked 
|  16|0x0000000766400000, 0x0000000766400000, 0x0000000766600000|  0%| F|  |TAMS 0x0000000766400000, 0x0000000766400000| Untracked 
|  17|0x0000000766600000, 0x0000000766600000, 0x0000000766800000|  0%| F|  |TAMS 0x0000000766600000, 0x0000000766600000| Untracked 
|  18|0x0000000766800000, 0x0000000766800000, 0x0000000766a00000|  0%| F|  |TAMS 0x0000000766800000, 0x0000000766800000| Untracked 
|  19|0x0000000766a00000, 0x0000000766a65068, 0x0000000766c00000| 19%| S|CS|TAMS 0x0000000766a00000, 0x0000000766a00000| Complete 
|  20|0x0000000766c00000, 0x0000000766e00000, 0x0000000766e00000|100%| S|CS|TAMS 0x0000000766c00000, 0x0000000766c00000| Complete 
|  21|0x0000000766e00000, 0x0000000766e00000, 0x0000000767000000|  0%| F|  |TAMS 0x0000000766e00000, 0x0000000766e00000| Untracked 
|  22|0x0000000767000000, 0x0000000767000000, 0x0000000767200000|  0%| F|  |TAMS 0x0000000767000000, 0x0000000767000000| Untracked 
|  23|0x0000000767200000, 0x0000000767200000, 0x0000000767400000|  0%| F|  |TAMS 0x0000000767200000, 0x0000000767200000| Untracked 
|  24|0x0000000767400000, 0x0000000767400000, 0x0000000767600000|  0%| F|  |TAMS 0x0000000767400000, 0x0000000767400000| Untracked 
|  25|0x0000000767600000, 0x0000000767600000, 0x0000000767800000|  0%| F|  |TAMS 0x0000000767600000, 0x0000000767600000| Untracked 
|  26|0x0000000767800000, 0x0000000767800000, 0x0000000767a00000|  0%| F|  |TAMS 0x0000000767800000, 0x0000000767800000| Untracked 
|  27|0x0000000767a00000, 0x0000000767a00000, 0x0000000767c00000|  0%| F|  |TAMS 0x0000000767a00000, 0x0000000767a00000| Untracked 
|  28|0x0000000767c00000, 0x0000000767c00000, 0x0000000767e00000|  0%| F|  |TAMS 0x0000000767c00000, 0x0000000767c00000| Untracked 
|  29|0x0000000767e00000, 0x0000000767e00000, 0x0000000768000000|  0%| F|  |TAMS 0x0000000767e00000, 0x0000000767e00000| Untracked 
|  30|0x0000000768000000, 0x0000000768000000, 0x0000000768200000|  0%| F|  |TAMS 0x0000000768000000, 0x0000000768000000| Untracked 
|  31|0x0000000768200000, 0x0000000768200000, 0x0000000768400000|  0%| F|  |TAMS 0x0000000768200000, 0x0000000768200000| Untracked 
|  32|0x0000000768400000, 0x0000000768400000, 0x0000000768600000|  0%| F|  |TAMS 0x0000000768400000, 0x0000000768400000| Untracked 
|  75|0x000000076da00000, 0x000000076da740a0, 0x000000076dc00000| 22%| E|  |TAMS 0x000000076da00000, 0x000000076da00000| Complete 
|  77|0x000000076de00000, 0x000000076e000000, 0x000000076e000000|100%| E|CS|TAMS 0x000000076de00000, 0x000000076de00000| Complete 

Card table byte_map: [0x00000201c49a0000,0x00000201c4e80000] _byte_map_base: 0x00000201c0e7e000

Marking Bits (Prev, Next): (CMBitMap*) 0x00000201b178e360, (CMBitMap*) 0x00000201b178e320
 Prev Bits: [0x00000201c7a50000, 0x00000201ca140000)
 Next Bits: [0x00000201c5360000, 0x00000201c7a50000)

Polling page: 0x00000201af6a0000

Metaspace:

Usage:
  Non-class:     64.51 MB capacity,    64.09 MB (>99%) used,   331.20 KB ( <1%) free+waste,   103.69 KB ( <1%) overhead. 
      Class:      9.01 MB capacity,     8.79 MB ( 98%) used,   186.31 KB (  2%) free+waste,    38.44 KB ( <1%) overhead. 
       Both:     73.52 MB capacity,    72.88 MB (>99%) used,   517.52 KB ( <1%) free+waste,   142.12 KB ( <1%) overhead. 

Virtual space:
  Non-class space:       66.00 MB reserved,      64.58 MB ( 98%) committed 
      Class space:        1.00 GB reserved,       9.07 MB ( <1%) committed 
             Both:        1.06 GB reserved,      73.65 MB (  7%) committed 

Chunk freelists:
   Non-Class:  1.00 KB
       Class:  0 bytes
        Both:  1.00 KB

MaxMetaspaceSize: 17179869184.00 GB
CompressedClassSpaceSize: 1.00 GB

CodeHeap 'non-profiled nmethods': size=120000Kb used=5051Kb max_used=5051Kb free=114948Kb
 bounds [0x00000201bcc30000, 0x00000201bd120000, 0x00000201c4160000]
CodeHeap 'profiled nmethods': size=120000Kb used=15446Kb max_used=15446Kb free=104553Kb
 bounds [0x00000201b5700000, 0x00000201b6620000, 0x00000201bcc30000]
CodeHeap 'non-nmethods': size=5760Kb used=1357Kb max_used=1413Kb free=4402Kb
 bounds [0x00000201b5160000, 0x00000201b53d0000, 0x00000201b5700000]
 total_blobs=8514 nmethods=7862 adapters=563
 compilation: enabled
              stopped_count=0, restarted_count=0
 full_count=0

Compilation events (20 events):
Event: 1778.179 Thread 0x00000201cd3da990 8679       3       sun.security.util.math.intpoly.IntegerPolynomial$Element::mutable (26 bytes)
Event: 1778.180 Thread 0x00000201cd3da990 nmethod 8679 0x00000201b660e790 code [0x00000201b660e960, 0x00000201b660ef08]
Event: 1778.180 Thread 0x00000201cd3da990 8683       3       sun.security.ssl.HKDF::<init> (64 bytes)
Event: 1778.180 Thread 0x00000201cd3da990 nmethod 8683 0x00000201b660f090 code [0x00000201b660f320, 0x00000201b660fcf8]
Event: 1778.181 Thread 0x00000201cd3da990 8684       3       sun.security.x509.X509AttributeName::<init> (55 bytes)
Event: 1778.182 Thread 0x00000201cd3da990 nmethod 8684 0x00000201b6610090 code [0x00000201b66102c0, 0x00000201b6610ab8]
Event: 1778.182 Thread 0x00000201cd3da990 8686       3       java.math.MutableBigInteger::divWord (108 bytes)
Event: 1778.182 Thread 0x00000201cd3da990 nmethod 8686 0x00000201b6610d90 code [0x00000201b6610f40, 0x00000201b6611298]
Event: 1778.182 Thread 0x00000201cd3da990 8687       3       java.math.BigInteger::intArrayCmpToLen (55 bytes)
Event: 1778.183 Thread 0x00000201cd3da990 nmethod 8687 0x00000201b6611410 code [0x00000201b66115c0, 0x00000201b6611878]
Event: 1778.183 Thread 0x00000201cd420780 nmethod 8680 0x00000201bd11e790 code [0x00000201bd11e920, 0x00000201bd11eb88]
Event: 1778.183 Thread 0x00000201cd420780 8685       4       sun.security.util.AlgorithmDecomposer::decomposeImpl (128 bytes)
Event: 1778.185 Thread 0x00000201cd3da990 8688   !   3       java.security.MessageDigest$Delegate::of (84 bytes)
Event: 1778.186 Thread 0x00000201cd3da990 nmethod 8688 0x00000201b6611a10 code [0x00000201b6611c80, 0x00000201b6612ad8]
Event: 1778.186 Thread 0x00000201cd3da990 8689       3       sun.security.ssl.Record::putBytes8 (43 bytes)
Event: 1778.186 Thread 0x00000201cd3da990 nmethod 8689 0x00000201b6612f10 code [0x00000201b66131c0, 0x00000201b6613fa8]
Event: 1778.186 Thread 0x00000201cd3da990 8690       3       sun.security.jca.ServiceId::<init> (15 bytes)
Event: 1778.187 Thread 0x00000201cd3da990 nmethod 8690 0x00000201b6614410 code [0x00000201b66145c0, 0x00000201b66147d8]
Event: 1778.187 Thread 0x00000201cd3da990 8691       3       java.lang.StringCoding::decode (112 bytes)
Event: 1778.187 Thread 0x00000201cd3da990 nmethod 8691 0x00000201b6614890 code [0x00000201b6614b40, 0x00000201b6615748]

GC Heap History (20 events):
Event: 5.453 GC heap before
{Heap before GC invocations=15 (full 0):
 garbage-first heap   total 59392K, used 45155K [0x0000000764400000, 0x0000000800000000)
  region size 2048K, 16 young (32768K), 2 survivors (4096K)
 Metaspace       used 47065K, capacity 47448K, committed 47484K, reserved 1091584K
  class space    used 5417K, capacity 5567K, committed 5580K, reserved 1048576K
}
Event: 5.456 GC heap after
{Heap after GC invocations=16 (full 0):
 garbage-first heap   total 59392K, used 18816K [0x0000000764400000, 0x0000000800000000)
  region size 2048K, 2 young (4096K), 2 survivors (4096K)
 Metaspace       used 47065K, capacity 47448K, committed 47484K, reserved 1091584K
  class space    used 5417K, capacity 5567K, committed 5580K, reserved 1048576K
}
Event: 5.625 GC heap before
{Heap before GC invocations=16 (full 0):
 garbage-first heap   total 59392K, used 45440K [0x0000000764400000, 0x0000000800000000)
  region size 2048K, 15 young (30720K), 2 survivors (4096K)
 Metaspace       used 48402K, capacity 48830K, committed 49020K, reserved 1093632K
  class space    used 5627K, capacity 5792K, committed 5836K, reserved 1048576K
}
Event: 5.629 GC heap after
{Heap after GC invocations=17 (full 0):
 garbage-first heap   total 59392K, used 19729K [0x0000000764400000, 0x0000000800000000)
  region size 2048K, 1 young (2048K), 1 survivors (2048K)
 Metaspace       used 48402K, capacity 48830K, committed 49020K, reserved 1093632K
  class space    used 5627K, capacity 5792K, committed 5836K, reserved 1048576K
}
Event: 6.158 GC heap before
{Heap before GC invocations=17 (full 0):
 garbage-first heap   total 59392K, used 44305K [0x0000000764400000, 0x0000000800000000)
  region size 2048K, 13 young (26624K), 1 survivors (2048K)
 Metaspace       used 54023K, capacity 54419K, committed 54524K, reserved 1097728K
  class space    used 6547K, capacity 6692K, committed 6732K, reserved 1048576K
}
Event: 6.161 GC heap after
{Heap after GC invocations=18 (full 0):
 garbage-first heap   total 59392K, used 20901K [0x0000000764400000, 0x0000000800000000)
  region size 2048K, 2 young (4096K), 2 survivors (4096K)
 Metaspace       used 54023K, capacity 54419K, committed 54524K, reserved 1097728K
  class space    used 6547K, capacity 6692K, committed 6732K, reserved 1048576K
}
Event: 6.871 GC heap before
{Heap before GC invocations=18 (full 0):
 garbage-first heap   total 59392K, used 43429K [0x0000000764400000, 0x0000000800000000)
  region size 2048K, 13 young (26624K), 2 survivors (4096K)
 Metaspace       used 59149K, capacity 59607K, committed 59900K, reserved 1101824K
  class space    used 7288K, capacity 7436K, committed 7500K, reserved 1048576K
}
Event: 6.876 GC heap after
{Heap after GC invocations=19 (full 0):
 garbage-first heap   total 59392K, used 21894K [0x0000000764400000, 0x0000000800000000)
  region size 2048K, 2 young (4096K), 2 survivors (4096K)
 Metaspace       used 59149K, capacity 59607K, committed 59900K, reserved 1101824K
  class space    used 7288K, capacity 7436K, committed 7500K, reserved 1048576K
}
Event: 7.029 GC heap before
{Heap before GC invocations=19 (full 0):
 garbage-first heap   total 59392K, used 34182K [0x0000000764400000, 0x0000000800000000)
  region size 2048K, 9 young (18432K), 2 survivors (4096K)
 Metaspace       used 59866K, capacity 60303K, committed 60368K, reserved 1101824K
  class space    used 7336K, capacity 7474K, committed 7500K, reserved 1048576K
}
Event: 7.032 GC heap after
{Heap after GC invocations=20 (full 0):
 garbage-first heap   total 59392K, used 22192K [0x0000000764400000, 0x0000000800000000)
  region size 2048K, 1 young (2048K), 1 survivors (2048K)
 Metaspace       used 59866K, capacity 60303K, committed 60368K, reserved 1101824K
  class space    used 7336K, capacity 7474K, committed 7500K, reserved 1048576K
}
Event: 7.521 GC heap before
{Heap before GC invocations=21 (full 0):
 garbage-first heap   total 59392K, used 46768K [0x0000000764400000, 0x0000000800000000)
  region size 2048K, 13 young (26624K), 1 survivors (2048K)
 Metaspace       used 64349K, capacity 64866K, committed 65052K, reserved 1105920K
  class space    used 7914K, capacity 8092K, committed 8140K, reserved 1048576K
}
Event: 7.525 GC heap after
{Heap after GC invocations=22 (full 0):
 garbage-first heap   total 59392K, used 24308K [0x0000000764400000, 0x0000000800000000)
  region size 2048K, 2 young (4096K), 2 survivors (4096K)
 Metaspace       used 64349K, capacity 64866K, committed 65052K, reserved 1105920K
  class space    used 7914K, capacity 8092K, committed 8140K, reserved 1048576K
}
Event: 8.179 GC heap before
{Heap before GC invocations=22 (full 0):
 garbage-first heap   total 59392K, used 46836K [0x0000000764400000, 0x0000000800000000)
  region size 2048K, 13 young (26624K), 2 survivors (4096K)
 Metaspace       used 66374K, capacity 66957K, committed 67100K, reserved 1107968K
  class space    used 8119K, capacity 8321K, committed 8396K, reserved 1048576K
}
Event: 8.185 GC heap after
{Heap after GC invocations=23 (full 0):
 garbage-first heap   total 59392K, used 26665K [0x0000000764400000, 0x0000000800000000)
  region size 2048K, 2 young (4096K), 2 survivors (4096K)
 Metaspace       used 66374K, capacity 66957K, committed 67100K, reserved 1107968K
  class space    used 8119K, capacity 8321K, committed 8396K, reserved 1048576K
}
Event: 8.636 GC heap before
{Heap before GC invocations=23 (full 0):
 garbage-first heap   total 59392K, used 45097K [0x0000000764400000, 0x0000000800000000)
  region size 2048K, 11 young (22528K), 2 survivors (4096K)
 Metaspace       used 68495K, capacity 69027K, committed 69148K, reserved 1110016K
  class space    used 8388K, capacity 8578K, committed 8652K, reserved 1048576K
}
Event: 8.640 GC heap after
{Heap after GC invocations=24 (full 0):
 garbage-first heap   total 71680K, used 28948K [0x0000000764400000, 0x0000000800000000)
  region size 2048K, 2 young (4096K), 2 survivors (4096K)
 Metaspace       used 68495K, capacity 69027K, committed 69148K, reserved 1110016K
  class space    used 8388K, capacity 8578K, committed 8652K, reserved 1048576K
}
Event: 711.833 GC heap before
{Heap before GC invocations=24 (full 0):
 garbage-first heap   total 71680K, used 51476K [0x0000000764400000, 0x0000000800000000)
  region size 2048K, 14 young (28672K), 2 survivors (4096K)
 Metaspace       used 73475K, capacity 74059K, committed 74268K, reserved 1114112K
  class space    used 8938K, capacity 9142K, committed 9164K, reserved 1048576K
}
Event: 711.837 GC heap after
{Heap after GC invocations=25 (full 0):
 garbage-first heap   total 71680K, used 30553K [0x0000000764400000, 0x0000000800000000)
  region size 2048K, 2 young (4096K), 2 survivors (4096K)
 Metaspace       used 73475K, capacity 74059K, committed 74268K, reserved 1114112K
  class space    used 8938K, capacity 9142K, committed 9164K, reserved 1048576K
}
Event: 1778.169 GC heap before
{Heap before GC invocations=25 (full 0):
 garbage-first heap   total 71680K, used 53081K [0x0000000764400000, 0x0000000800000000)
  region size 2048K, 14 young (28672K), 2 survivors (4096K)
 Metaspace       used 74619K, capacity 75282K, committed 75420K, reserved 1116160K
  class space    used 8999K, capacity 9224K, committed 9292K, reserved 1048576K
}
Event: 1778.174 GC heap after
{Heap after GC invocations=26 (full 0):
 garbage-first heap   total 71680K, used 30959K [0x0000000764400000, 0x0000000800000000)
  region size 2048K, 2 young (4096K), 2 survivors (4096K)
 Metaspace       used 74619K, capacity 75282K, committed 75420K, reserved 1116160K
  class space    used 8999K, capacity 9224K, committed 9292K, reserved 1048576K
}

Deoptimization events (20 events):
Event: 1766.935 Thread 0x00000201cf381270 DEOPT PACKING pc=0x00000201bd0f1884 sp=0x000000804e3fe8f0
Event: 1766.935 Thread 0x00000201cf381270 DEOPT UNPACKING pc=0x00000201b51ae42f sp=0x000000804e3fe870 mode 2
Event: 1775.715 Thread 0x00000201cf385100 DEOPT PACKING pc=0x00000201b5fe2249 sp=0x000000804e3fd730
Event: 1775.715 Thread 0x00000201cf385100 DEOPT UNPACKING pc=0x00000201b51ae23f sp=0x000000804e3fcbe8 mode 0
Event: 1778.174 Thread 0x00000201cd5a8b90 Uncommon trap: trap_request=0xffffffde fr.pc=0x00000201bce87e20 relative=0x0000000000000580
Event: 1778.174 Thread 0x00000201cd5a8b90 Uncommon trap: reason=class_check action=maybe_recompile pc=0x00000201bce87e20 method=jdk.internal.ref.PhantomCleanable.clean()V @ 12 c2
Event: 1778.174 Thread 0x00000201cd5a8b90 DEOPT PACKING pc=0x00000201bce87e20 sp=0x000000804f6feed0
Event: 1778.174 Thread 0x00000201cd5a8b90 DEOPT UNPACKING pc=0x00000201b51ae42f sp=0x000000804f6feeb0 mode 2
Event: 1778.174 Thread 0x00000201cd5a8b90 Uncommon trap: trap_request=0xffffffde fr.pc=0x00000201bce87e20 relative=0x0000000000000580
Event: 1778.174 Thread 0x00000201cd5a8b90 Uncommon trap: reason=class_check action=maybe_recompile pc=0x00000201bce87e20 method=jdk.internal.ref.PhantomCleanable.clean()V @ 12 c2
Event: 1778.174 Thread 0x00000201cd5a8b90 DEOPT PACKING pc=0x00000201bce87e20 sp=0x000000804f6feed0
Event: 1778.174 Thread 0x00000201cd5a8b90 DEOPT UNPACKING pc=0x00000201b51ae42f sp=0x000000804f6feeb0 mode 2
Event: 1778.174 Thread 0x00000201cd5a8b90 Uncommon trap: trap_request=0xffffffde fr.pc=0x00000201bce87e20 relative=0x0000000000000580
Event: 1778.174 Thread 0x00000201cd5a8b90 Uncommon trap: reason=class_check action=maybe_recompile pc=0x00000201bce87e20 method=jdk.internal.ref.PhantomCleanable.clean()V @ 12 c2
Event: 1778.174 Thread 0x00000201cd5a8b90 DEOPT PACKING pc=0x00000201bce87e20 sp=0x000000804f6feed0
Event: 1778.174 Thread 0x00000201cd5a8b90 DEOPT UNPACKING pc=0x00000201b51ae42f sp=0x000000804f6feeb0 mode 2
Event: 1778.174 Thread 0x00000201cd5a8b90 Uncommon trap: trap_request=0xffffffde fr.pc=0x00000201bce87e20 relative=0x0000000000000580
Event: 1778.174 Thread 0x00000201cd5a8b90 Uncommon trap: reason=class_check action=maybe_recompile pc=0x00000201bce87e20 method=jdk.internal.ref.PhantomCleanable.clean()V @ 12 c2
Event: 1778.174 Thread 0x00000201cd5a8b90 DEOPT PACKING pc=0x00000201bce87e20 sp=0x000000804f6feed0
Event: 1778.174 Thread 0x00000201cd5a8b90 DEOPT UNPACKING pc=0x00000201b51ae42f sp=0x000000804f6feeb0 mode 2

Classes unloaded (0 events):
No events

Classes redefined (0 events):
No events

Internal exceptions (20 events):
Event: 8.285 Thread 0x00000201b174d1a0 Exception <a 'java/lang/ClassNotFoundException'{0x000000076dbe7fd0}: org/springframework/context/ApplicationContextAwareCustomizer> (0x000000076dbe7fd0) 
thrown [./open/src/hotspot/share/classfile/systemDictionary.cpp, line 295]
Event: 8.286 Thread 0x00000201b174d1a0 Exception <a 'java/lang/ClassNotFoundException'{0x000000076dbec8a8}: org/springframework/beans/factory/AwareCustomizer> (0x000000076dbec8a8) 
thrown [./open/src/hotspot/share/classfile/systemDictionary.cpp, line 295]
Event: 8.286 Thread 0x00000201b174d1a0 Exception <a 'java/lang/ClassNotFoundException'{0x000000076dbef8d8}: org/springframework/web/context/ServletContextAwareCustomizer> (0x000000076dbef8d8) 
thrown [./open/src/hotspot/share/classfile/systemDictionary.cpp, line 295]
Event: 8.286 Thread 0x00000201b174d1a0 Exception <a 'java/lang/ClassNotFoundException'{0x000000076dbf3a38}: org/springframework/beans/factory/AwareCustomizer> (0x000000076dbf3a38) 
thrown [./open/src/hotspot/share/classfile/systemDictionary.cpp, line 295]
Event: 8.436 Thread 0x00000201b174d1a0 Exception <a 'java/lang/NoSuchMethodError'{0x00000007672a0710}: 'void java.lang.invoke.DirectMethodHandle$Holder.invokeVirtual(java.lang.Object, java.lang.Object, int)'> (0x00000007672a0710) 
thrown [./open/src/hotspot/share/interpreter/linkResolver.cpp, line 782]
Event: 8.439 Thread 0x00000201b174d1a0 Exception <a 'java/lang/NoSuchMethodError'{0x00000007672bcc10}: 'void java.lang.invoke.DirectMethodHandle$Holder.invokeVirtual(java.lang.Object, java.lang.Object, long)'> (0x00000007672bcc10) 
thrown [./open/src/hotspot/share/interpreter/linkResolver.cpp, line 782]
Event: 8.619 Thread 0x00000201b174d1a0 Exception <a 'java/lang/IncompatibleClassChangeError'{0x0000000766d74620}: Found class java.lang.Object, but interface was expected> (0x0000000766d74620) 
thrown [./open/src/hotspot/share/interpreter/linkResolver.cpp, line 848]
Event: 8.764 Thread 0x00000201b174d1a0 Exception <a 'java/lang/NoSuchMethodError'{0x00000007685556b8}: 'java.lang.Object java.lang.invoke.DirectMethodHandle$Holder.invokeSpecial(java.lang.Object, java.lang.Object, int, java.lang.Object, int, java.lang.Object)'> (0x00000007685556b8) 
thrown [./open/src/hotspot/share/interpreter/linkResolver.cpp, line 782]
Event: 8.765 Thread 0x00000201b174d1a0 Exception <a 'java/lang/NoSuchMethodError'{0x000000076855dea0}: 'java.lang.Object java.lang.invoke.DirectMethodHandle$Holder.newInvokeSpecial(java.lang.Object, java.lang.Object, int, java.lang.Object, int)'> (0x000000076855dea0) 
thrown [./open/src/hotspot/share/interpreter/linkResolver.cpp, line 782]
Event: 8.765 Thread 0x00000201b174d1a0 Exception <a 'java/lang/NoSuchMethodError'{0x00000007685622f8}: 'java.lang.Object java.lang.invoke.DirectMethodHandle$Holder.invokeSpecial(java.lang.Object, java.lang.Object, java.lang.Object, int, java.lang.Object, int)'> (0x00000007685622f8) 
thrown [./open/src/hotspot/share/interpreter/linkResolver.cpp, line 782]
Event: 8.767 Thread 0x00000201b174d1a0 Exception <a 'java/lang/NoSuchMethodError'{0x000000076856c558}: 'void java.lang.invoke.DirectMethodHandle$Holder.invokeVirtual(java.lang.Object, java.lang.Object)'> (0x000000076856c558) 
thrown [./open/src/hotspot/share/interpreter/linkResolver.cpp, line 782]
Event: 52.299 Thread 0x00000201cf2f7dd0 Exception <a 'java/lang/NoSuchMethodError'{0x000000076787e948}: 'java.lang.Object java.lang.invoke.DirectMethodHandle$Holder.invokeStaticInit(java.lang.Object, java.lang.Object, java.lang.Object, java.lang.Object, java.lang.Object, java.lang.Object)'> (0x000000076787e948) 
thrown [./open/src/hotspot/share/interpreter/linkResolver.cpp, line 782]
Event: 533.375 Thread 0x00000201cf37f590 Exception <a 'java/lang/reflect/InvocationTargetException'{0x000000076830b8e0}> (0x000000076830b8e0) 
thrown [./open/src/hotspot/share/runtime/reflection.cpp, line 1157]
Event: 533.446 Thread 0x00000201cf37f590 Exception <a 'java/lang/NoClassDefFoundError'{0x0000000767207688}: sun/reflect/Reflection> (0x0000000767207688) 
thrown [./open/src/hotspot/share/classfile/systemDictionary.cpp, line 284]
Event: 568.081 Thread 0x00000201cf384290 Exception <a 'java/lang/reflect/InvocationTargetException'{0x0000000768348cf0}> (0x0000000768348cf0) 
thrown [./open/src/hotspot/share/runtime/reflection.cpp, line 1157]
Event: 601.042 Thread 0x00000201cf3820e0 Exception <a 'java/lang/reflect/InvocationTargetException'{0x0000000768386418}> (0x0000000768386418) 
thrown [./open/src/hotspot/share/runtime/reflection.cpp, line 1157]
Event: 629.221 Thread 0x00000201cf37ebf0 Exception <a 'java/lang/reflect/InvocationTargetException'{0x00000007683c3f50}> (0x00000007683c3f50) 
thrown [./open/src/hotspot/share/runtime/reflection.cpp, line 1157]
Event: 1766.911 Thread 0x00000201cf380400 Exception <a 'java/io/IOException'{0x0000000767aede00}> (0x0000000767aede00) 
thrown [./open/src/hotspot/share/prims/jni.cpp, line 578]
Event: 1766.911 Thread 0x00000201cf380400 Exception <a 'java/io/IOException'{0x0000000767aee710}> (0x0000000767aee710) 
thrown [./open/src/hotspot/share/prims/jni.cpp, line 578]
Event: 1766.932 Thread 0x00000201cf381270 Implicit null exception at 0x00000201bd0d3de3 to 0x00000201bd0d6ab0

Events (20 events):
Event: 1502.601 Executing VM operation: HandshakeAllThreads
Event: 1502.601 Executing VM operation: HandshakeAllThreads done
Event: 1766.908 Thread 0x00000201cf380400 Thread added: 0x00000201cf380400
Event: 1766.908 Thread 0x00000201cf381270 Thread added: 0x00000201cf381270
Event: 1766.909 loading class sun/security/ssl/Alert
Event: 1766.910 loading class sun/security/ssl/Alert done
Event: 1766.910 loading class sun/security/ssl/Alert$AlertConsumer
Event: 1766.911 loading class sun/security/ssl/Alert$AlertConsumer done
Event: 1766.911 loading class sun/security/ssl/Alert$Level
Event: 1766.911 loading class sun/security/ssl/Alert$Level done
Event: 1766.911 loading class sun/net/ConnectionResetException
Event: 1766.911 loading class sun/net/ConnectionResetException done
Event: 1766.911 loading class javax/crypto/AEADBadTagException
Event: 1766.911 loading class javax/crypto/AEADBadTagException done
Event: 1771.922 Thread 0x00000201cf380400 Thread exited: 0x00000201cf380400
Event: 1771.938 Thread 0x00000201cf381270 Thread exited: 0x00000201cf381270
Event: 1775.711 Thread 0x00000201cf380400 Thread added: 0x00000201cf380400
Event: 1775.711 Thread 0x00000201cf385100 Thread added: 0x00000201cf385100
Event: 1778.169 Executing VM operation: G1CollectForAllocation
Event: 1778.174 Executing VM operation: G1CollectForAllocation done


Dynamic libraries:
0x00007ff7d5c10000 - 0x00007ff7d5c1d000 	C:\Users\Dayana.DAYANA\.p2\pool\plugins\org.eclipse.justj.openjdk.hotspot.jre.full.win32.x86_64_15.0.2.v20210201-0955\jre\bin\javaw.exe
0x00007ff9ea230000 - 0x00007ff9ea425000 	C:\WINDOWS\SYSTEM32\ntdll.dll
0x00007ff9e84c0000 - 0x00007ff9e857e000 	C:\WINDOWS\System32\KERNEL32.DLL
0x00007ff9e7d50000 - 0x00007ff9e8018000 	C:\WINDOWS\System32\KERNELBASE.dll
0x00007ff9e8150000 - 0x00007ff9e8250000 	C:\WINDOWS\System32\ucrtbase.dll
0x00007ff9dc7a0000 - 0x00007ff9dc7b8000 	C:\Users\Dayana.DAYANA\.p2\pool\plugins\org.eclipse.justj.openjdk.hotspot.jre.full.win32.x86_64_15.0.2.v20210201-0955\jre\bin\jli.dll
0x00007ff9e1060000 - 0x00007ff9e1079000 	C:\Users\Dayana.DAYANA\.p2\pool\plugins\org.eclipse.justj.openjdk.hotspot.jre.full.win32.x86_64_15.0.2.v20210201-0955\jre\bin\VCRUNTIME140.dll
0x00007ff9e9c20000 - 0x00007ff9e9dc0000 	C:\WINDOWS\System32\USER32.dll
0x00007ff9e8250000 - 0x00007ff9e8272000 	C:\WINDOWS\System32\win32u.dll
0x00007ff9d88f0000 - 0x00007ff9d8b8a000 	C:\WINDOWS\WinSxS\amd64_microsoft.windows.common-controls_6595b64144ccf1df_6.0.19041.1110_none_60b5254171f9507e\COMCTL32.dll
0x00007ff9ea090000 - 0x00007ff9ea0bb000 	C:\WINDOWS\System32\GDI32.dll
0x00007ff9e8580000 - 0x00007ff9e861e000 	C:\WINDOWS\System32\msvcrt.dll
0x00007ff9e7c40000 - 0x00007ff9e7d4d000 	C:\WINDOWS\System32\gdi32full.dll
0x00007ff9e79b0000 - 0x00007ff9e7a4d000 	C:\WINDOWS\System32\msvcp_win.dll
0x00007ff9e93b0000 - 0x00007ff9e93e0000 	C:\WINDOWS\System32\IMM32.DLL
0x00007ff9e33f0000 - 0x00007ff9e33fc000 	C:\Users\Dayana.DAYANA\.p2\pool\plugins\org.eclipse.justj.openjdk.hotspot.jre.full.win32.x86_64_15.0.2.v20210201-0955\jre\bin\vcruntime140_1.dll
0x00007ff9ad370000 - 0x00007ff9ad401000 	C:\Users\Dayana.DAYANA\.p2\pool\plugins\org.eclipse.justj.openjdk.hotspot.jre.full.win32.x86_64_15.0.2.v20210201-0955\jre\bin\msvcp140.dll
0x00007ff9b62e0000 - 0x00007ff9b6e3e000 	C:\Users\Dayana.DAYANA\.p2\pool\plugins\org.eclipse.justj.openjdk.hotspot.jre.full.win32.x86_64_15.0.2.v20210201-0955\jre\bin\server\jvm.dll
0x00007ff9e9170000 - 0x00007ff9e921e000 	C:\WINDOWS\System32\ADVAPI32.dll
0x00007ff9e9230000 - 0x00007ff9e92cc000 	C:\WINDOWS\System32\sechost.dll
0x00007ff9ea0c0000 - 0x00007ff9ea1e5000 	C:\WINDOWS\System32\RPCRT4.dll
0x00007ff9e9e20000 - 0x00007ff9e9e28000 	C:\WINDOWS\System32\PSAPI.DLL
0x00007ff9dc7c0000 - 0x00007ff9dc7e7000 	C:\WINDOWS\SYSTEM32\WINMM.dll
0x00007ff9dcb10000 - 0x00007ff9dcb1a000 	C:\WINDOWS\SYSTEM32\VERSION.dll
0x00007ff9e1570000 - 0x00007ff9e1579000 	C:\WINDOWS\SYSTEM32\WSOCK32.dll
0x00007ff9e9bb0000 - 0x00007ff9e9c1b000 	C:\WINDOWS\System32\WS2_32.dll
0x00007ff9e5850000 - 0x00007ff9e5862000 	C:\WINDOWS\SYSTEM32\kernel.appcore.dll
0x00007ff9e0cd0000 - 0x00007ff9e0cda000 	C:\Users\Dayana.DAYANA\.p2\pool\plugins\org.eclipse.justj.openjdk.hotspot.jre.full.win32.x86_64_15.0.2.v20210201-0955\jre\bin\jimage.dll
0x00007ff9dd2f0000 - 0x00007ff9dd4d4000 	C:\WINDOWS\SYSTEM32\DBGHELP.DLL
0x00007ff9dca70000 - 0x00007ff9dca9c000 	C:\WINDOWS\SYSTEM32\dbgcore.DLL
0x00007ff9e7bb0000 - 0x00007ff9e7c32000 	C:\WINDOWS\System32\bcryptPrimitives.dll
0x00007ff9de6b0000 - 0x00007ff9de6d5000 	C:\Users\Dayana.DAYANA\.p2\pool\plugins\org.eclipse.justj.openjdk.hotspot.jre.full.win32.x86_64_15.0.2.v20210201-0955\jre\bin\java.dll
0x00007ff9dab10000 - 0x00007ff9dab28000 	C:\Users\Dayana.DAYANA\.p2\pool\plugins\org.eclipse.justj.openjdk.hotspot.jre.full.win32.x86_64_15.0.2.v20210201-0955\jre\bin\zip.dll
0x00007ff9e9460000 - 0x00007ff9e9ba4000 	C:\WINDOWS\System32\SHELL32.dll
0x00007ff9e5a50000 - 0x00007ff9e61e4000 	C:\WINDOWS\SYSTEM32\windows.storage.dll
0x00007ff9e8620000 - 0x00007ff9e8975000 	C:\WINDOWS\System32\combase.dll
0x00007ff9e72c0000 - 0x00007ff9e72ee000 	C:\WINDOWS\SYSTEM32\Wldp.dll
0x00007ff9e9fe0000 - 0x00007ff9ea08d000 	C:\WINDOWS\System32\SHCORE.dll
0x00007ff9e9dc0000 - 0x00007ff9e9e15000 	C:\WINDOWS\System32\shlwapi.dll
0x00007ff9e7880000 - 0x00007ff9e789f000 	C:\WINDOWS\SYSTEM32\profapi.dll
0x00007ff9d7840000 - 0x00007ff9d7859000 	C:\Users\Dayana.DAYANA\.p2\pool\plugins\org.eclipse.justj.openjdk.hotspot.jre.full.win32.x86_64_15.0.2.v20210201-0955\jre\bin\net.dll
0x00007ff9e28f0000 - 0x00007ff9e29fc000 	C:\WINDOWS\SYSTEM32\WINHTTP.dll
0x00007ff9e7020000 - 0x00007ff9e708a000 	C:\WINDOWS\system32\mswsock.dll
0x00007ff9d7820000 - 0x00007ff9d7832000 	C:\Users\Dayana.DAYANA\.p2\pool\plugins\org.eclipse.justj.openjdk.hotspot.jre.full.win32.x86_64_15.0.2.v20210201-0955\jre\bin\nio.dll
0x00007ff9de7e0000 - 0x00007ff9de7f0000 	C:\Users\Dayana.DAYANA\.p2\pool\plugins\org.eclipse.justj.openjdk.hotspot.jre.full.win32.x86_64_15.0.2.v20210201-0955\jre\bin\verify.dll
0x00007ff9defb0000 - 0x00007ff9defb9000 	C:\Users\Dayana.DAYANA\.p2\pool\plugins\org.eclipse.justj.openjdk.hotspot.jre.full.win32.x86_64_15.0.2.v20210201-0955\jre\bin\management.dll
0x00007ff9defa0000 - 0x00007ff9defab000 	C:\Users\Dayana.DAYANA\.p2\pool\plugins\org.eclipse.justj.openjdk.hotspot.jre.full.win32.x86_64_15.0.2.v20210201-0955\jre\bin\management_ext.dll
0x00007ff9db370000 - 0x00007ff9db387000 	C:\WINDOWS\system32\napinsp.dll
0x00007ff9db330000 - 0x00007ff9db34b000 	C:\WINDOWS\system32\pnrpnsp.dll
0x00007ff9db240000 - 0x00007ff9db255000 	C:\WINDOWS\system32\wshbth.dll
0x00007ff9e35c0000 - 0x00007ff9e35dd000 	C:\WINDOWS\system32\NLAapi.dll
0x00007ff9e6d10000 - 0x00007ff9e6d4b000 	C:\WINDOWS\SYSTEM32\IPHLPAPI.DLL
0x00007ff9e6da0000 - 0x00007ff9e6e6b000 	C:\WINDOWS\SYSTEM32\DNSAPI.dll
0x00007ff9e9220000 - 0x00007ff9e9228000 	C:\WINDOWS\System32\NSI.dll
0x00007ff9db220000 - 0x00007ff9db232000 	C:\WINDOWS\System32\winrnr.dll
0x00007ff9e17a0000 - 0x00007ff9e17aa000 	C:\Windows\System32\rasadhlp.dll
0x00007ff9e1650000 - 0x00007ff9e16cf000 	C:\WINDOWS\System32\fwpuclnt.dll
0x00007ff9e8020000 - 0x00007ff9e8047000 	C:\WINDOWS\System32\bcrypt.dll
0x00007ff9e7220000 - 0x00007ff9e7238000 	C:\WINDOWS\SYSTEM32\CRYPTSP.dll
0x00007ff9e69a0000 - 0x00007ff9e69d4000 	C:\WINDOWS\system32\rsaenh.dll
0x00007ff9e7800000 - 0x00007ff9e782e000 	C:\WINDOWS\SYSTEM32\USERENV.dll
0x00007ff9e7210000 - 0x00007ff9e721c000 	C:\WINDOWS\SYSTEM32\CRYPTBASE.dll
0x00007ff9e1bd0000 - 0x00007ff9e1be7000 	C:\WINDOWS\SYSTEM32\dhcpcsvc6.DLL
0x00007ff9e1bb0000 - 0x00007ff9e1bcd000 	C:\WINDOWS\SYSTEM32\dhcpcsvc.DLL
0x00007ff9e2170000 - 0x00007ff9e217d000 	C:\Users\Dayana.DAYANA\.p2\pool\plugins\org.eclipse.justj.openjdk.hotspot.jre.full.win32.x86_64_15.0.2.v20210201-0955\jre\bin\sunmscapi.dll
0x00007ff9e7a50000 - 0x00007ff9e7ba6000 	C:\WINDOWS\System32\CRYPT32.dll
0x00007ff9e7330000 - 0x00007ff9e7357000 	C:\WINDOWS\SYSTEM32\ncrypt.dll
0x00007ff9e72f0000 - 0x00007ff9e732b000 	C:\WINDOWS\SYSTEM32\NTASN1.dll

dbghelp: loaded successfully - version: 4.0.5 - missing functions: none
symbol engine: initialized successfully - sym options: 0x614 - pdb path: .;C:\Users\Dayana.DAYANA\.p2\pool\plugins\org.eclipse.justj.openjdk.hotspot.jre.full.win32.x86_64_15.0.2.v20210201-0955\jre\bin;C:\WINDOWS\SYSTEM32;C:\WINDOWS\WinSxS\amd64_microsoft.windows.common-controls_6595b64144ccf1df_6.0.19041.1110_none_60b5254171f9507e;C:\Users\Dayana.DAYANA\.p2\pool\plugins\org.eclipse.justj.openjdk.hotspot.jre.full.win32.x86_64_15.0.2.v20210201-0955\jre\bin\server

VM Arguments:
jvm_args: -Dfile.encoding=UTF-8 -XX:+ShowCodeDetailsInExceptionMessages 
java_command: com.FacturadoraPymes.FacturadoraPymes.FacturadoraPymesApplication
java_class_path (initial): C:\ProyectoGrado\FacturadoraPymes\FacturadoraPymesBackend\target\classes;C:\Users\Dayana.DAYANA\.m2\repository\org\springframework\boot\spring-boot-starter-data-jpa\2.4.4\spring-boot-starter-data-jpa-2.4.4.jar;C:\Users\Dayana.DAYANA\.m2\repository\org\springframework\boot\spring-boot-starter-aop\2.4.4\spring-boot-starter-aop-2.4.4.jar;C:\Users\Dayana.DAYANA\.m2\repository\org\springframework\spring-aop\5.3.5\spring-aop-5.3.5.jar;C:\Users\Dayana.DAYANA\.m2\repository\org\aspectj\aspectjweaver\1.9.6\aspectjweaver-1.9.6.jar;C:\Users\Dayana.DAYANA\.m2\repository\org\springframework\boot\spring-boot-starter-jdbc\2.4.4\spring-boot-starter-jdbc-2.4.4.jar;C:\Users\Dayana.DAYANA\.m2\repository\com\zaxxer\HikariCP\3.4.5\HikariCP-3.4.5.jar;C:\Users\Dayana.DAYANA\.m2\repository\org\springframework\spring-jdbc\5.3.5\spring-jdbc-5.3.5.jar;C:\Users\Dayana.DAYANA\.m2\repository\jakarta\transaction\jakarta.transaction-api\1.3.3\jakarta.transaction-api-1.3.3.jar;C:\Users\Dayana.DAYANA\.m2\repository\jakarta\persistence\jakarta.persistence-api\2.2.3\jakarta.persistence-api-2.2.3.jar;C:\Users\Dayana.DAYANA\.m2\repository\org\hibernate\hibernate-core\5.4.29.Final\hibernate-core-5.4.29.Final.jar;C:\Users\Dayana.DAYANA\.m2\repository\org\javassist\javassist\3.27.0-GA\javassist-3.27.0-GA.jar;C:\Users\Dayana.DAYANA\.m2\repository\net\bytebuddy\byte-buddy\1.10.22\byte-buddy-1.10.22.jar;C:\Users\Dayana.DAYANA\.m2\repository\antlr\antlr\2.7.7\antlr-2.7.7.jar;C:\Users\Dayana.DAYANA\.m2\repository\org\jboss\jandex\2.2.3.Final\jandex-2.2.3.Final.jar;C:\Users\Dayana.DAYANA\.m2\repository\org\dom4j\dom4j\2.1.3\dom4j-2.1.3.jar;C:\Users\Dayana.DAYANA\.m2\repository\org\hibernate\common\hibernate-commons-annotations\5.1.2.Final\hibernate-commons-annotations-5.1.2.Final.jar;C:\Users\Dayana.DAYANA\.m2\repository\org\glassfish\jaxb\jaxb-runtime\2.3.3\jaxb-runtime-2.3.3.jar;C:\Users\Dayana.DAYANA\.m2\repository\org\glassfish\jaxb\txw2\2.3.3\txw2-2.3.3.jar;C:\Users\Dayana.DAYAN
Launcher Type: SUN_STANDARD

[Global flags]
     intx CICompilerCount                          = 4                                         {product} {ergonomic}
     uint ConcGCThreads                            = 2                                         {product} {ergonomic}
     uint G1ConcRefinementThreads                  = 8                                         {product} {ergonomic}
   size_t G1HeapRegionSize                         = 2097152                                   {product} {ergonomic}
    uintx GCDrainStackTargetSize                   = 64                                        {product} {ergonomic}
   size_t InitialHeapSize                          = 163577856                                 {product} {ergonomic}
   size_t MarkStackSize                            = 4194304                                   {product} {ergonomic}
   size_t MaxHeapSize                              = 2613051392                                {product} {ergonomic}
   size_t MaxNewSize                               = 1566572544                                {product} {ergonomic}
   size_t MinHeapDeltaBytes                        = 2097152                                   {product} {ergonomic}
   size_t MinHeapSize                              = 8388608                                   {product} {ergonomic}
    uintx NonNMethodCodeHeapSize                   = 5839372                                {pd product} {ergonomic}
    uintx NonProfiledCodeHeapSize                  = 122909434                              {pd product} {ergonomic}
    uintx ProfiledCodeHeapSize                     = 122909434                              {pd product} {ergonomic}
    uintx ReservedCodeCacheSize                    = 251658240                              {pd product} {ergonomic}
     bool SegmentedCodeCache                       = true                                      {product} {ergonomic}
     bool ShowCodeDetailsInExceptionMessages       = true                                   {manageable} {command line}
   size_t SoftMaxHeapSize                          = 2613051392                             {manageable} {ergonomic}
     bool UseCompressedClassPointers               = true                                 {lp64_product} {ergonomic}
     bool UseCompressedOops                        = true                                 {lp64_product} {ergonomic}
     bool UseG1GC                                  = true                                      {product} {ergonomic}
     bool UseLargePagesIndividualAllocation        = false                                  {pd product} {ergonomic}

Logging:
Log output configuration:
 #0: stdout all=warning uptime,level,tags
 #1: stderr all=off uptime,level,tags

Environment Variables:
JAVA_HOME=C:\Program Files\Java\jdk1.8.0_251
PATH=C:/Users/Dayana.DAYANA/.p2/pool/plugins/org.eclipse.justj.openjdk.hotspot.jre.full.win32.x86_64_15.0.2.v20210201-0955/jre/bin/server;C:/Users/Dayana.DAYANA/.p2/pool/plugins/org.eclipse.justj.openjdk.hotspot.jre.full.win32.x86_64_15.0.2.v20210201-0955/jre/bin;C:\Users\Dayana.DAYANA\AppData\Local\Programs\Python\Python39\Scripts\;C:\Users\Dayana.DAYANA\AppData\Local\Programs\Python\Python39\;C:\oraclexe\app\oracle\product\11.2.0\server\bin;C:\Program Files (x86)\Common Files\Oracle\Java\javapath;C:\WINDOWS\system32;C:\WINDOWS;C:\WINDOWS\System32\Wbem;C:\WINDOWS\System32\WindowsPowerShell\v1.0\;C:\WINDOWS\System32\OpenSSH\;C:\Program Files\MySQL\MySQL Server 8.0\bin;C:\Maven\apache-maven-3.6.3\\bin;C:\Program Files\dotnet\;C:\Program Files\nodejs\;C:\ProgramData\chocolatey\bin;C:\Program Files\Microsoft SQL Server\130\Tools\Binn\;C:\Program Files\Microsoft SQL Server\Client SDK\ODBC\170\Tools\Binn\;C:\wamp64\bin\php\php7.4.9;C:\ProgramData\ComposerSetup\bin;C:\Program Files\Git\cmd;C:\Program Files\Git\mingw64\bin;C:\Program Files\Git\usr\bin;C:\Program Files\Azure Data Studio\bin;C:\Program Files (x86)\Microsoft SQL Server\150\Tools\Binn\;C:\Program Files\Microsoft SQL Server\150\Tools\Binn\;C:\Program Files\Microsoft SQL Server\150\DTS\Binn\;C:\Program Files (x86)\dotnet\;C:\Users\Dayana.DAYANA\AppData\Local\Microsoft\WindowsApps;;C:\Users\Dayana.DAYANA\AppData\Local\Programs\Microsoft VS Code\bin;C:\Users\Dayana.DAYANA\.dotnet\tools;C:\Users\Dayana.DAYANA\AppData\Roaming\npm;C:\Users\Dayana.DAYANA\AppData\Roaming\Composer\vendor\bin;C:\Program Files\Azure Data Studio\bin;C:\Users\Dayana.DAYANA\Desktop;
USERNAME=Dayana
OS=Windows_NT
PROCESSOR_IDENTIFIER=Intel64 Family 6 Model 42 Stepping 7, GenuineIntel



---------------  S Y S T E M  ---------------

OS:
 Windows 10 , 64 bit Build 19041 (10.0.19041.1503)
OS uptime: 11 days 5:21 hours

CPU: total 8 (initial active 8) (4 cores per cpu, 2 threads per core) family 6 model 42 stepping 7 microcode 0x2f, cmov, cx8, fxsr, mmx, sse, sse2, sse3, ssse3, sse4.1, sse4.2, popcnt, vzeroupper, avx, aes, clmul, ht, tsc, tscinvbit, clflush

Memory: 4k page, system-wide physical 9960M (1575M free)
TotalPageFile size 12101M (AvailPageFile size 338M)
current process WorkingSet (physical memory assigned to process): 203M, peak: 293M
current process commit charge ("private bytes"): 286M, peak: 341M

vm_info: OpenJDK 64-Bit Server VM (15.0.2+7-27) for windows-amd64 JRE (15.0.2+7-27), built on Dec  7 2020 20:02:38 by "mach5one" with unknown MS VC++:1925

END.
