#
# There is insufficient memory for the Java Runtime Environment to continue.
# Native memory allocation (malloc) failed to allocate 32744 bytes for ChunkPool::allocate
# Possible reasons:
#   The system is out of physical RAM or swap space
#   The process is running with CompressedOops enabled, and the Java Heap may be blocking the growth of the native heap
# Possible solutions:
#   Reduce memory load on the system
#   Increase physical memory or swap space
#   Check if swap backing store is full
#   Decrease Java heap size (-Xmx/-Xms)
#   Decrease number of Java threads
#   Decrease Java thread stack sizes (-Xss)
#   Set larger code cache with -XX:ReservedCodeCacheSize=
#   JVM is running with Zero Based Compressed Oops mode in which the Java heap is
#     placed in the first 32GB address space. The Java Heap base address is the
#     maximum limit for the native heap growth. Please use -XX:HeapBaseMinAddress
#     to set the Java Heap base and to place the Java Heap above 32GB virtual address.
# This output file may be truncated or incomplete.
#
#  Out of Memory Error (./open/src/hotspot/share/memory/arena.cpp:79), pid=7396, tid=12064
#
# JRE version: OpenJDK Runtime Environment (15.0.2+7) (build 15.0.2+7-27)
# Java VM: OpenJDK 64-Bit Server VM (15.0.2+7-27, mixed mode, tiered, compressed oops, g1 gc, windows-amd64)
# No core dump will be written. Minidumps are not enabled by default on client versions of Windows
#

---------------  S U M M A R Y ------------

Command Line: -XX:+ShowCodeDetailsInExceptionMessages -agentlib:jdwp=transport=dt_socket,suspend=y,address=localhost:61417 -javaagent:C:\Users\Dayana.DAYANA\eclipse\jee-2021-03\eclipse\configuration\org.eclipse.osgi\412\0\.cp\lib\javaagent-shaded.jar -Dfile.encoding=UTF-8 com.FacturadoraPymes.FacturadoraPymes.FacturadoraPymesApplication

Host: Intel(R) Core(TM) i7-2600 CPU @ 3.40GHz, 8 cores, 9G,  Windows 10 , 64 bit Build 19041 (10.0.19041.1503)
Time: Wed Mar  2 03:45:53 2022 Hora est. Pacífico, Sudamérica elapsed time: 6.528949 seconds (0d 0h 0m 6s)

---------------  T H R E A D  ---------------

Current thread (0x0000021ea29aaeb0):  JavaThread "C2 CompilerThread2" daemon [_thread_in_native, id=12064, stack(0x000000a650e00000,0x000000a650f00000)]


Current CompileTask:
C2:   6529 4049       4       org.springframework.beans.factory.support.AbstractBeanFactory::isTypeMatch (614 bytes)

Stack: [0x000000a650e00000,0x000000a650f00000]
Native frames: (J=compiled Java code, j=interpreted, Vv=VM code, C=native code)
V  [jvm.dll+0x62ae9a]
V  [jvm.dll+0x7817a9]
V  [jvm.dll+0x782f03]
V  [jvm.dll+0x783563]
V  [jvm.dll+0x216325]
V  [jvm.dll+0x982cf]
V  [jvm.dll+0x9861c]
V  [jvm.dll+0x67725e]
V  [jvm.dll+0x18e0f3]
V  [jvm.dll+0x1ea822]
V  [jvm.dll+0x1e996e]
V  [jvm.dll+0x178567]
V  [jvm.dll+0x1f9225]
V  [jvm.dll+0x1f72cc]
V  [jvm.dll+0x74495d]
V  [jvm.dll+0x73d75a]
V  [jvm.dll+0x629c56]
C  [ucrtbase.dll+0x21bb2]
C  [KERNEL32.DLL+0x17034]
C  [ntdll.dll+0x52651]


---------------  P R O C E S S  ---------------

Threads class SMR info:
_java_thread_list=0x0000021ea9c67500, length=20, elements={
0x0000021e84e8f1a0, 0x0000021ea02ca440, 0x0000021ea02cd570, 0x0000021ea0b16000,
0x0000021ea0b18170, 0x0000021ea0b193c0, 0x0000021ea0b1a940, 0x0000021ea0adbef0,
0x0000021ea0b2cf60, 0x0000021ea0cc5fc0, 0x0000021ea0cfe120, 0x0000021ea0db06e0,
0x0000021ea0db0bd0, 0x0000021ea0cc6490, 0x0000021ea14d7610, 0x0000021ea29aaeb0,
0x0000021ea0cc77d0, 0x0000021ea0cc7ca0, 0x0000021ea0cc8170, 0x0000021ea0cc8640
}

Java Threads: ( => current thread )
  0x0000021e84e8f1a0 JavaThread "main" [_thread_in_vm, id=12384, stack(0x000000a64f600000,0x000000a64f700000)]
  0x0000021ea02ca440 JavaThread "Reference Handler" daemon [_thread_blocked, id=3492, stack(0x000000a64fd00000,0x000000a64fe00000)]
  0x0000021ea02cd570 JavaThread "Finalizer" daemon [_thread_blocked, id=4644, stack(0x000000a64fe00000,0x000000a64ff00000)]
  0x0000021ea0b16000 JavaThread "Signal Dispatcher" daemon [_thread_blocked, id=9956, stack(0x000000a64ff00000,0x000000a650000000)]
  0x0000021ea0b18170 JavaThread "Attach Listener" daemon [_thread_blocked, id=22064, stack(0x000000a650000000,0x000000a650100000)]
  0x0000021ea0b193c0 JavaThread "Service Thread" daemon [_thread_blocked, id=19708, stack(0x000000a650100000,0x000000a650200000)]
  0x0000021ea0b1a940 JavaThread "C2 CompilerThread0" daemon [_thread_in_native, id=5308, stack(0x000000a650200000,0x000000a650300000)]
  0x0000021ea0adbef0 JavaThread "C1 CompilerThread0" daemon [_thread_blocked, id=15428, stack(0x000000a650300000,0x000000a650400000)]
  0x0000021ea0b2cf60 JavaThread "Sweeper thread" daemon [_thread_blocked, id=19076, stack(0x000000a650400000,0x000000a650500000)]
  0x0000021ea0cc5fc0 JavaThread "Common-Cleaner" daemon [_thread_blocked, id=12888, stack(0x000000a650500000,0x000000a650600000)]
  0x0000021ea0cfe120 JavaThread "JDWP Transport Listener: dt_socket" daemon [_thread_blocked, id=14640, stack(0x000000a650600000,0x000000a650700000)]
  0x0000021ea0db06e0 JavaThread "JDWP Event Helper Thread" daemon [_thread_blocked, id=2092, stack(0x000000a650700000,0x000000a650800000)]
  0x0000021ea0db0bd0 JavaThread "JDWP Command Reader" daemon [_thread_in_native, id=7988, stack(0x000000a650800000,0x000000a650900000)]
  0x0000021ea0cc6490 JavaThread "Notification Thread" daemon [_thread_blocked, id=12124, stack(0x000000a650900000,0x000000a650a00000)]
  0x0000021ea14d7610 JavaThread "C2 CompilerThread1" daemon [_thread_in_native, id=7900, stack(0x000000a650b00000,0x000000a650c00000)]
=>0x0000021ea29aaeb0 JavaThread "C2 CompilerThread2" daemon [_thread_in_native, id=12064, stack(0x000000a650e00000,0x000000a650f00000)]
  0x0000021ea0cc77d0 JavaThread "Catalina-utility-1" [_thread_blocked, id=20960, stack(0x000000a650f00000,0x000000a651000000)]
  0x0000021ea0cc7ca0 JavaThread "Catalina-utility-2" [_thread_blocked, id=22408, stack(0x000000a651200000,0x000000a651300000)]
  0x0000021ea0cc8170 JavaThread "container-0" [_thread_blocked, id=17044, stack(0x000000a651500000,0x000000a651600000)]
  0x0000021ea0cc8640 JavaThread "mysql-cj-abandoned-connection-cleanup" daemon [_thread_blocked, id=19424, stack(0x000000a651600000,0x000000a651700000)]

Other Threads:
  0x0000021ea02b3b50 VMThread "VM Thread" [stack: 0x000000a64fc00000,0x000000a64fd00000] [id=14748]
  0x0000021ea14370e0 WatcherThread [stack: 0x000000a650a00000,0x000000a650b00000] [id=14508]
  0x0000021e84ecee10 GCTaskThread "GC Thread#0" [stack: 0x000000a64f700000,0x000000a64f800000] [id=16760]
  0x0000021ea0d58110 GCTaskThread "GC Thread#1" [stack: 0x000000a650c00000,0x000000a650d00000] [id=19616]
  0x0000021ea0d58440 GCTaskThread "GC Thread#2" [stack: 0x000000a650d00000,0x000000a650e00000] [id=20684]
  0x0000021ea0d59760 GCTaskThread "GC Thread#3" [stack: 0x000000a651000000,0x000000a651100000] [id=12828]
  0x0000021ea5674870 GCTaskThread "GC Thread#4" [stack: 0x000000a651300000,0x000000a651400000] [id=19368]
  0x0000021ea5674ba0 GCTaskThread "GC Thread#5" [stack: 0x000000a651400000,0x000000a651500000] [id=16840]
  0x0000021ea5675860 GCTaskThread "GC Thread#6" [stack: 0x000000a651700000,0x000000a651800000] [id=12556]
  0x0000021ea3cba1a0 GCTaskThread "GC Thread#7" [stack: 0x000000a651800000,0x000000a651900000] [id=13368]
  0x0000021e84eda2c0 ConcurrentGCThread "G1 Main Marker" [stack: 0x000000a64f800000,0x000000a64f900000] [id=7804]
  0x0000021e84edaeb0 ConcurrentGCThread "G1 Conc#0" [stack: 0x000000a64f900000,0x000000a64fa00000] [id=20720]
  0x0000021ea5674210 ConcurrentGCThread "G1 Conc#1" [stack: 0x000000a651100000,0x000000a651200000] [id=10052]
  0x0000021e84f4b360 ConcurrentGCThread "G1 Refine#0" [stack: 0x000000a64fa00000,0x000000a64fb00000] [id=4296]
  0x0000021ea00f0090 ConcurrentGCThread "G1 Young RemSet Sampling" [stack: 0x000000a64fb00000,0x000000a64fc00000] [id=12300]

Threads with active compile tasks:
C2 CompilerThread0     6596 3952       4       org.eclipse.jdt.launching.internal.org.objectweb.asm.ClassReader::readCode (5109 bytes)
C2 CompilerThread1     6596 4082       4       org.springframework.boot.context.properties.source.ConfigurationPropertyName$ElementsParser::parse (234 bytes)
C2 CompilerThread2     6596 4049       4       org.springframework.beans.factory.support.AbstractBeanFactory::isTypeMatch (614 bytes)

VM state: not at safepoint (normal execution)

VM Mutex/Monitor currently owned by a thread: None

Heap address: 0x0000000764400000, size: 2492 MB, Compressed Oops mode: Zero based, Oop shift amount: 3
CDS disabled.
Compressed class space mapped at: 0x0000000800000000-0x0000000840000000, size: 1073741824
Narrow klass base: 0x0000000800000000, Narrow klass shift: 0, Narrow klass range: 0x40000000

GC Precious Log:
 CPUs: 8 total, 8 available
 Memory: 9960M
 Large Page Support: Disabled
 NUMA Support: Disabled
 Compressed Oops: Enabled (Zero based)
 Heap Region Size: 2M
 Heap Min Capacity: 8M
 Heap Initial Capacity: 156M
 Heap Max Capacity: 2492M
 Pre-touch: Disabled
 Parallel Workers: 8
 Concurrent Workers: 2
 Concurrent Refinement Workers: 8
 Periodic GC: Disabled

Heap:
 garbage-first heap   total 83968K, used 19333K [0x0000000764400000, 0x0000000800000000)
  region size 2048K, 4 young (8192K), 2 survivors (4096K)
 Metaspace       used 42178K, capacity 42513K, committed 42572K, reserved 1087488K
  class space    used 4767K, capacity 4883K, committed 4940K, reserved 1048576K

Heap Regions: E=young(eden), S=young(survivor), O=old, HS=humongous(starts), HC=humongous(continues), CS=collection set, F=free, OA=open archive, CA=closed archive, TAMS=top-at-mark-start (previous, next)
|   0|0x0000000764400000, 0x0000000764600000, 0x0000000764600000|100%| O|  |TAMS 0x0000000764600000, 0x0000000764400000| Untracked 
|   1|0x0000000764600000, 0x0000000764800000, 0x0000000764800000|100%| O|  |TAMS 0x0000000764800000, 0x0000000764600000| Untracked 
|   2|0x0000000764800000, 0x0000000764a00000, 0x0000000764a00000|100%| O|  |TAMS 0x0000000764a00000, 0x0000000764800000| Untracked 
|   3|0x0000000764a00000, 0x0000000764a42600, 0x0000000764c00000| 12%| O|  |TAMS 0x0000000764a42600, 0x0000000764a00000| Untracked 
|   4|0x0000000764c00000, 0x0000000764e00000, 0x0000000764e00000|100%| O|  |TAMS 0x0000000764e00000, 0x0000000764c00000| Untracked 
|   5|0x0000000764e00000, 0x0000000765000000, 0x0000000765000000|100%| O|  |TAMS 0x0000000764f38e00, 0x0000000764e00000| Untracked 
|   6|0x0000000765000000, 0x0000000765200000, 0x0000000765200000|100%| O|  |TAMS 0x0000000765000000, 0x0000000765000000| Untracked 
|   7|0x0000000765200000, 0x00000007652f2800, 0x0000000765400000| 47%| O|  |TAMS 0x0000000765200000, 0x0000000765200000| Untracked 
|   8|0x0000000765400000, 0x0000000765400000, 0x0000000765600000|  0%| F|  |TAMS 0x0000000765400000, 0x0000000765400000| Untracked 
|   9|0x0000000765600000, 0x0000000765600000, 0x0000000765800000|  0%| F|  |TAMS 0x0000000765600000, 0x0000000765600000| Untracked 
|  10|0x0000000765800000, 0x0000000765800000, 0x0000000765a00000|  0%| F|  |TAMS 0x0000000765800000, 0x0000000765800000| Untracked 
|  11|0x0000000765a00000, 0x0000000765a00000, 0x0000000765c00000|  0%| F|  |TAMS 0x0000000765a00000, 0x0000000765a00000| Untracked 
|  12|0x0000000765c00000, 0x0000000765c00000, 0x0000000765e00000|  0%| F|  |TAMS 0x0000000765c00000, 0x0000000765c00000| Untracked 
|  13|0x0000000765e00000, 0x0000000765e00000, 0x0000000766000000|  0%| F|  |TAMS 0x0000000765e00000, 0x0000000765e00000| Untracked 
|  14|0x0000000766000000, 0x0000000766000000, 0x0000000766200000|  0%| F|  |TAMS 0x0000000766000000, 0x0000000766000000| Untracked 
|  15|0x0000000766200000, 0x0000000766200000, 0x0000000766400000|  0%| F|  |TAMS 0x0000000766200000, 0x0000000766200000| Untracked 
|  16|0x0000000766400000, 0x0000000766400000, 0x0000000766600000|  0%| F|  |TAMS 0x0000000766400000, 0x0000000766400000| Untracked 
|  17|0x0000000766600000, 0x00000007667ac7e0, 0x0000000766800000| 83%| S|CS|TAMS 0x0000000766600000, 0x0000000766600000| Complete 
|  18|0x0000000766800000, 0x0000000766a00000, 0x0000000766a00000|100%| S|CS|TAMS 0x0000000766800000, 0x0000000766800000| Complete 
|  19|0x0000000766a00000, 0x0000000766a00000, 0x0000000766c00000|  0%| F|  |TAMS 0x0000000766a00000, 0x0000000766a00000| Untracked 
|  20|0x0000000766c00000, 0x0000000766c00000, 0x0000000766e00000|  0%| F|  |TAMS 0x0000000766c00000, 0x0000000766c00000| Untracked 
|  21|0x0000000766e00000, 0x0000000766e00000, 0x0000000767000000|  0%| F|  |TAMS 0x0000000766e00000, 0x0000000766e00000| Untracked 
|  22|0x0000000767000000, 0x0000000767000000, 0x0000000767200000|  0%| F|  |TAMS 0x0000000767000000, 0x0000000767000000| Untracked 
|  23|0x0000000767200000, 0x0000000767200000, 0x0000000767400000|  0%| F|  |TAMS 0x0000000767200000, 0x0000000767200000| Untracked 
|  24|0x0000000767400000, 0x0000000767400000, 0x0000000767600000|  0%| F|  |TAMS 0x0000000767400000, 0x0000000767400000| Untracked 
|  25|0x0000000767600000, 0x0000000767600000, 0x0000000767800000|  0%| F|  |TAMS 0x0000000767600000, 0x0000000767600000| Untracked 
|  26|0x0000000767800000, 0x0000000767800000, 0x0000000767a00000|  0%| F|  |TAMS 0x0000000767800000, 0x0000000767800000| Untracked 
|  27|0x0000000767a00000, 0x0000000767a00000, 0x0000000767c00000|  0%| F|  |TAMS 0x0000000767a00000, 0x0000000767a00000| Untracked 
|  28|0x0000000767c00000, 0x0000000767c00000, 0x0000000767e00000|  0%| F|  |TAMS 0x0000000767c00000, 0x0000000767c00000| Untracked 
|  29|0x0000000767e00000, 0x0000000767e00000, 0x0000000768000000|  0%| F|  |TAMS 0x0000000767e00000, 0x0000000767e00000| Untracked 
|  30|0x0000000768000000, 0x0000000768000000, 0x0000000768200000|  0%| F|  |TAMS 0x0000000768000000, 0x0000000768000000| Untracked 
|  31|0x0000000768200000, 0x0000000768200000, 0x0000000768400000|  0%| F|  |TAMS 0x0000000768200000, 0x0000000768200000| Untracked 
|  32|0x0000000768400000, 0x0000000768400000, 0x0000000768600000|  0%| F|  |TAMS 0x0000000768400000, 0x0000000768400000| Untracked 
|  33|0x0000000768600000, 0x0000000768600000, 0x0000000768800000|  0%| F|  |TAMS 0x0000000768600000, 0x0000000768600000| Untracked 
|  34|0x0000000768800000, 0x0000000768800000, 0x0000000768a00000|  0%| F|  |TAMS 0x0000000768800000, 0x0000000768800000| Untracked 
|  35|0x0000000768a00000, 0x0000000768a00000, 0x0000000768c00000|  0%| F|  |TAMS 0x0000000768a00000, 0x0000000768a00000| Untracked 
|  36|0x0000000768c00000, 0x0000000768c00000, 0x0000000768e00000|  0%| F|  |TAMS 0x0000000768c00000, 0x0000000768c00000| Untracked 
|  37|0x0000000768e00000, 0x0000000768e00000, 0x0000000769000000|  0%| F|  |TAMS 0x0000000768e00000, 0x0000000768e00000| Untracked 
|  38|0x0000000769000000, 0x0000000769000000, 0x0000000769200000|  0%| F|  |TAMS 0x0000000769000000, 0x0000000769000000| Untracked 
|  57|0x000000076b600000, 0x000000076b7ad248, 0x000000076b800000| 83%| E|  |TAMS 0x000000076b600000, 0x000000076b600000| Complete 
|  77|0x000000076de00000, 0x000000076e000000, 0x000000076e000000|100%| E|CS|TAMS 0x000000076de00000, 0x000000076de00000| Complete 

Card table byte_map: [0x0000021e980b0000,0x0000021e98590000] _byte_map_base: 0x0000021e9458e000

Marking Bits (Prev, Next): (CMBitMap*) 0x0000021e84ecf600, (CMBitMap*) 0x0000021e84ecf640
 Prev Bits: [0x0000021e98a70000, 0x0000021e9b160000)
 Next Bits: [0x0000021e9b160000, 0x0000021e9d850000)

Polling page: 0x0000021e84660000

Metaspace:

Usage:
  Non-class:     36.75 MB capacity,    36.53 MB (>99%) used,   165.65 KB ( <1%) free+waste,    53.50 KB ( <1%) overhead. 
      Class:      4.77 MB capacity,     4.66 MB ( 98%) used,    96.54 KB (  2%) free+waste,    18.94 KB ( <1%) overhead. 
       Both:     41.52 MB capacity,    41.19 MB (>99%) used,   262.19 KB ( <1%) free+waste,    72.44 KB ( <1%) overhead. 

Virtual space:
  Non-class space:       38.00 MB reserved,      36.75 MB ( 97%) committed 
      Class space:        1.00 GB reserved,       4.82 MB ( <1%) committed 
             Both:        1.04 GB reserved,      41.57 MB (  4%) committed 

Chunk freelists:
   Non-Class:  2.00 KB
       Class:  13.00 KB
        Both:  15.00 KB

MaxMetaspaceSize: 17179869184.00 GB
CompressedClassSpaceSize: 1.00 GB

CodeHeap 'non-profiled nmethods': size=120000Kb used=2003Kb max_used=2881Kb free=117996Kb
 bounds [0x0000021e90370000, 0x0000021e90650000, 0x0000021e978a0000]
CodeHeap 'profiled nmethods': size=120000Kb used=7748Kb max_used=9485Kb free=112251Kb
 bounds [0x0000021e88e40000, 0x0000021e89790000, 0x0000021e90370000]
CodeHeap 'non-nmethods': size=5760Kb used=1318Kb max_used=1426Kb free=4441Kb
 bounds [0x0000021e888a0000, 0x0000021e88b10000, 0x0000021e88e40000]
 total_blobs=4035 nmethods=3535 adapters=412
 compilation: enabled
              stopped_count=0, restarted_count=0
 full_count=0

Compilation events (20 events):
Event: 6.458 Thread 0x0000021ea0adbef0 4178       2       jdk.internal.math.FDBigInteger::mult (64 bytes)
Event: 6.458 Thread 0x0000021ea0adbef0 nmethod 4178 0x0000021e88ed1e90 code [0x0000021e88ed2040, 0x0000021e88ed2258]
Event: 6.458 Thread 0x0000021ea0adbef0 4176       2       java.util.zip.ZipFile$Source::getEntryPos (9 bytes)
Event: 6.459 Thread 0x0000021ea0adbef0 nmethod 4176 0x0000021e88fa4f90 code [0x0000021e88fa5120, 0x0000021e88fa5258]
Event: 6.459 Thread 0x0000021ea0adbef0 4177       2       java.util.jar.JarFile::entryFor (10 bytes)
Event: 6.459 Thread 0x0000021ea0adbef0 nmethod 4177 0x0000021e88eabf90 code [0x0000021e88eac140, 0x0000021e88eac3c8]
Event: 6.459 Thread 0x0000021ea0adbef0 4179       2       jdk.internal.math.FDBigInteger::trimLeadingZeros (57 bytes)
Event: 6.459 Thread 0x0000021ea0adbef0 nmethod 4179 0x0000021e892a7790 code [0x0000021e892a7920, 0x0000021e892a7af8]
Event: 6.459 Thread 0x0000021ea0adbef0 4172   !   2       java.nio.charset.CharsetDecoder::decode (287 bytes)
Event: 6.461 Thread 0x0000021ea0adbef0 nmethod 4172 0x0000021e8938e590 code [0x0000021e8938e7e0, 0x0000021e8938efb8]
Event: 6.461 Thread 0x0000021ea0adbef0 4173       2       java.nio.ByteBuffer::array (35 bytes)
Event: 6.461 Thread 0x0000021ea0adbef0 nmethod 4173 0x0000021e8917d890 code [0x0000021e8917da60, 0x0000021e8917dcb8]
Event: 6.462 Thread 0x0000021ea0adbef0 4180       2       java.lang.invoke.MethodHandles$Lookup::getDirectConstructorCommon (69 bytes)
Event: 6.463 Thread 0x0000021ea0adbef0 nmethod 4180 0x0000021e88e9a190 code [0x0000021e88e9a380, 0x0000021e88e9a6f8]
Event: 6.516 Thread 0x0000021ea0adbef0 4182       2       jdk.internal.misc.Unsafe::getIntUnaligned (83 bytes)
Event: 6.517 Thread 0x0000021ea0adbef0 nmethod 4182 0x0000021e88eb4790 code [0x0000021e88eb4940, 0x0000021e88eb4b68]
Event: 6.518 Thread 0x0000021ea0adbef0 4183       2       java.nio.HeapByteBuffer::getInt (29 bytes)
Event: 6.518 Thread 0x0000021ea0adbef0 nmethod 4183 0x0000021e88f45690 code [0x0000021e88f45860, 0x0000021e88f45ac8]
Event: 6.518 Thread 0x0000021ea0adbef0 4184       2       jdk.internal.misc.Unsafe::getIntUnaligned (12 bytes)
Event: 6.519 Thread 0x0000021ea0adbef0 nmethod 4184 0x0000021e89024110 code [0x0000021e890242a0, 0x0000021e890243d8]

GC Heap History (20 events):
Event: 2.778 GC heap before
{Heap before GC invocations=7 (full 0):
 garbage-first heap   total 49152K, used 30549K [0x0000000764400000, 0x0000000800000000)
  region size 2048K, 12 young (24576K), 1 survivors (2048K)
 Metaspace       used 27922K, capacity 28171K, committed 28288K, reserved 1075200K
  class space    used 3012K, capacity 3086K, committed 3200K, reserved 1048576K
}
Event: 2.783 GC heap after
{Heap after GC invocations=8 (full 0):
 garbage-first heap   total 49152K, used 10510K [0x0000000764400000, 0x0000000800000000)
  region size 2048K, 2 young (4096K), 2 survivors (4096K)
 Metaspace       used 27922K, capacity 28171K, committed 28288K, reserved 1075200K
  class space    used 3012K, capacity 3086K, committed 3200K, reserved 1048576K
}
Event: 2.792 GC heap before
{Heap before GC invocations=8 (full 0):
 garbage-first heap   total 49152K, used 30990K [0x0000000764400000, 0x0000000800000000)
  region size 2048K, 13 young (26624K), 2 survivors (4096K)
 Metaspace       used 27972K, capacity 28235K, committed 28544K, reserved 1075200K
  class space    used 3015K, capacity 3086K, committed 3200K, reserved 1048576K
}
Event: 2.796 GC heap after
{Heap after GC invocations=9 (full 0):
 garbage-first heap   total 49152K, used 10602K [0x0000000764400000, 0x0000000800000000)
  region size 2048K, 1 young (2048K), 1 survivors (2048K)
 Metaspace       used 27972K, capacity 28235K, committed 28544K, reserved 1075200K
  class space    used 3015K, capacity 3086K, committed 3200K, reserved 1048576K
}
Event: 2.854 GC heap before
{Heap before GC invocations=9 (full 0):
 garbage-first heap   total 49152K, used 31082K [0x0000000764400000, 0x0000000800000000)
  region size 2048K, 12 young (24576K), 1 survivors (2048K)
 Metaspace       used 28893K, capacity 29099K, committed 29312K, reserved 1075200K
  class space    used 3103K, capacity 3182K, committed 3200K, reserved 1048576K
}
Event: 2.857 GC heap after
{Heap after GC invocations=10 (full 0):
 garbage-first heap   total 49152K, used 10751K [0x0000000764400000, 0x0000000800000000)
  region size 2048K, 1 young (2048K), 1 survivors (2048K)
 Metaspace       used 28893K, capacity 29099K, committed 29312K, reserved 1075200K
  class space    used 3103K, capacity 3182K, committed 3200K, reserved 1048576K
}
Event: 3.180 GC heap before
{Heap before GC invocations=10 (full 0):
 garbage-first heap   total 49152K, used 35327K [0x0000000764400000, 0x0000000800000000)
  region size 2048K, 13 young (26624K), 1 survivors (2048K)
 Metaspace       used 30580K, capacity 30801K, committed 30848K, reserved 1077248K
  class space    used 3348K, capacity 3430K, committed 3456K, reserved 1048576K
}
Event: 3.186 GC heap after
{Heap after GC invocations=11 (full 0):
 garbage-first heap   total 49152K, used 11498K [0x0000000764400000, 0x0000000800000000)
  region size 2048K, 2 young (4096K), 2 survivors (4096K)
 Metaspace       used 30580K, capacity 30801K, committed 30848K, reserved 1077248K
  class space    used 3348K, capacity 3430K, committed 3456K, reserved 1048576K
}
Event: 3.613 GC heap before
{Heap before GC invocations=11 (full 0):
 garbage-first heap   total 49152K, used 31978K [0x0000000764400000, 0x0000000800000000)
  region size 2048K, 13 young (26624K), 2 survivors (4096K)
 Metaspace       used 32053K, capacity 32361K, committed 32640K, reserved 1079296K
  class space    used 3520K, capacity 3602K, committed 3712K, reserved 1048576K
}
Event: 3.621 GC heap after
{Heap after GC invocations=12 (full 0):
 garbage-first heap   total 59392K, used 11976K [0x0000000764400000, 0x0000000800000000)
  region size 2048K, 2 young (4096K), 2 survivors (4096K)
 Metaspace       used 32053K, capacity 32361K, committed 32640K, reserved 1079296K
  class space    used 3520K, capacity 3602K, committed 3712K, reserved 1048576K
}
Event: 4.357 GC heap before
{Heap before GC invocations=12 (full 0):
 garbage-first heap   total 59392K, used 42696K [0x0000000764400000, 0x0000000800000000)
  region size 2048K, 17 young (34816K), 2 survivors (4096K)
 Metaspace       used 34262K, capacity 34576K, committed 34688K, reserved 1079296K
  class space    used 3827K, capacity 3932K, committed 3968K, reserved 1048576K
}
Event: 4.366 GC heap after
{Heap after GC invocations=13 (full 0):
 garbage-first heap   total 59392K, used 13149K [0x0000000764400000, 0x0000000800000000)
  region size 2048K, 2 young (4096K), 2 survivors (4096K)
 Metaspace       used 34262K, capacity 34576K, committed 34688K, reserved 1079296K
  class space    used 3827K, capacity 3932K, committed 3968K, reserved 1048576K
}
Event: 4.721 GC heap before
{Heap before GC invocations=13 (full 0):
 garbage-first heap   total 59392K, used 25437K [0x0000000764400000, 0x0000000800000000)
  region size 2048K, 9 young (18432K), 2 survivors (4096K)
 Metaspace       used 35572K, capacity 35838K, committed 35840K, reserved 1081344K
  class space    used 3993K, capacity 4096K, committed 4096K, reserved 1048576K
}
Event: 4.734 GC heap after
{Heap after GC invocations=14 (full 0):
 garbage-first heap   total 59392K, used 13950K [0x0000000764400000, 0x0000000800000000)
  region size 2048K, 2 young (4096K), 2 survivors (4096K)
 Metaspace       used 35572K, capacity 35838K, committed 35840K, reserved 1081344K
  class space    used 3993K, capacity 4096K, committed 4096K, reserved 1048576K
}
Event: 5.621 GC heap before
{Heap before GC invocations=15 (full 0):
 garbage-first heap   total 59392K, used 44670K [0x0000000764400000, 0x0000000800000000)
  region size 2048K, 17 young (34816K), 2 survivors (4096K)
 Metaspace       used 38750K, capacity 39170K, committed 39500K, reserved 1083392K
  class space    used 4403K, capacity 4559K, committed 4684K, reserved 1048576K
}
Event: 5.636 GC heap after
{Heap after GC invocations=16 (full 0):
 garbage-first heap   total 59392K, used 15381K [0x0000000764400000, 0x0000000800000000)
  region size 2048K, 3 young (6144K), 3 survivors (6144K)
 Metaspace       used 38750K, capacity 39170K, committed 39500K, reserved 1083392K
  class space    used 4403K, capacity 4559K, committed 4684K, reserved 1048576K
}
Event: 5.808 GC heap before
{Heap before GC invocations=16 (full 0):
 garbage-first heap   total 59392K, used 39957K [0x0000000764400000, 0x0000000800000000)
  region size 2048K, 16 young (32768K), 3 survivors (6144K)
 Metaspace       used 39734K, capacity 40066K, committed 40268K, reserved 1085440K
  class space    used 4491K, capacity 4623K, committed 4684K, reserved 1048576K
}
Event: 5.825 GC heap after
{Heap after GC invocations=17 (full 0):
 garbage-first heap   total 83968K, used 16361K [0x0000000764400000, 0x0000000800000000)
  region size 2048K, 2 young (4096K), 2 survivors (4096K)
 Metaspace       used 39734K, capacity 40066K, committed 40268K, reserved 1085440K
  class space    used 4491K, capacity 4623K, committed 4684K, reserved 1048576K
}
Event: 6.470 GC heap before
{Heap before GC invocations=17 (full 0):
 garbage-first heap   total 83968K, used 59369K [0x0000000764400000, 0x0000000800000000)
  region size 2048K, 24 young (49152K), 2 survivors (4096K)
 Metaspace       used 41719K, capacity 42033K, committed 42316K, reserved 1087488K
  class space    used 4735K, capacity 4851K, committed 4940K, reserved 1048576K
}
Event: 6.476 GC heap after
{Heap after GC invocations=18 (full 0):
 garbage-first heap   total 83968K, used 17285K [0x0000000764400000, 0x0000000800000000)
  region size 2048K, 2 young (4096K), 2 survivors (4096K)
 Metaspace       used 41719K, capacity 42033K, committed 42316K, reserved 1087488K
  class space    used 4735K, capacity 4851K, committed 4940K, reserved 1048576K
}

Deoptimization events (20 events):
Event: 6.450 Thread 0x0000021e84e8f1a0 DEOPT PACKING pc=0x0000021e8971b5d5 sp=0x000000a64f6fa400
Event: 6.450 Thread 0x0000021e84e8f1a0 DEOPT UNPACKING pc=0x0000021e888ee23f sp=0x000000a64f6f9930 mode 0
Event: 6.450 Thread 0x0000021e84e8f1a0 DEOPT PACKING pc=0x0000021e8971b5d5 sp=0x000000a64f6fa400
Event: 6.450 Thread 0x0000021e84e8f1a0 DEOPT UNPACKING pc=0x0000021e888ee23f sp=0x000000a64f6f9930 mode 0
Event: 6.451 Thread 0x0000021e84e8f1a0 DEOPT PACKING pc=0x0000021e8971b5d5 sp=0x000000a64f6fa400
Event: 6.451 Thread 0x0000021e84e8f1a0 DEOPT UNPACKING pc=0x0000021e888ee23f sp=0x000000a64f6f9930 mode 0
Event: 6.451 Thread 0x0000021e84e8f1a0 DEOPT PACKING pc=0x0000021e8971b5d5 sp=0x000000a64f6fa400
Event: 6.451 Thread 0x0000021e84e8f1a0 DEOPT UNPACKING pc=0x0000021e888ee23f sp=0x000000a64f6f9930 mode 0
Event: 6.452 Thread 0x0000021e84e8f1a0 DEOPT PACKING pc=0x0000021e890553ec sp=0x000000a64f6fa6e0
Event: 6.452 Thread 0x0000021e84e8f1a0 DEOPT UNPACKING pc=0x0000021e888ee23f sp=0x000000a64f6f9b78 mode 1
Event: 6.452 Thread 0x0000021e84e8f1a0 DEOPT PACKING pc=0x0000021e8900e3dc sp=0x000000a64f6fa7b0
Event: 6.452 Thread 0x0000021e84e8f1a0 DEOPT UNPACKING pc=0x0000021e888ee23f sp=0x000000a64f6f9c68 mode 1
Event: 6.453 Thread 0x0000021e84e8f1a0 DEOPT PACKING pc=0x0000021e890553ec sp=0x000000a64f6fa7b0
Event: 6.453 Thread 0x0000021e84e8f1a0 DEOPT UNPACKING pc=0x0000021e888ee23f sp=0x000000a64f6f9c48 mode 1
Event: 6.453 Thread 0x0000021e84e8f1a0 DEOPT PACKING pc=0x0000021e8900e3dc sp=0x000000a64f6fa880
Event: 6.454 Thread 0x0000021e84e8f1a0 DEOPT UNPACKING pc=0x0000021e888ee23f sp=0x000000a64f6f9d38 mode 1
Event: 6.491 Thread 0x0000021e84e8f1a0 DEOPT PACKING pc=0x0000021e8919f115 sp=0x000000a64f6f64a0
Event: 6.491 Thread 0x0000021e84e8f1a0 DEOPT UNPACKING pc=0x0000021e888ee23f sp=0x000000a64f6f5c90 mode 0
Event: 6.493 Thread 0x0000021e84e8f1a0 DEOPT PACKING pc=0x0000021e8919f115 sp=0x000000a64f6f64a0
Event: 6.493 Thread 0x0000021e84e8f1a0 DEOPT UNPACKING pc=0x0000021e888ee23f sp=0x000000a64f6f5c90 mode 0

Classes unloaded (0 events):
No events

Classes redefined (0 events):
No events

Internal exceptions (20 events):
Event: 4.634 Thread 0x0000021e84e8f1a0 Exception <a 'java/lang/ClassNotFoundException'{0x0000000767292488}: org/springframework/beans/factory/AwareCustomizer> (0x0000000767292488) 
thrown [./open/src/hotspot/share/classfile/systemDictionary.cpp, line 295]
Event: 4.635 Thread 0x0000021e84e8f1a0 Exception <a 'java/lang/ClassNotFoundException'{0x0000000767295558}: org/springframework/aop/framework/AopInfrastructureBeanCustomizer> (0x0000000767295558) 
thrown [./open/src/hotspot/share/classfile/systemDictionary.cpp, line 295]
Event: 4.792 Thread 0x0000021e84e8f1a0 Exception <a 'java/lang/ClassNotFoundException'{0x000000076decab50}: java/lang/ObjectCustomizer> (0x000000076decab50) 
thrown [./open/src/hotspot/share/classfile/systemDictionary.cpp, line 295]
Event: 4.795 Thread 0x0000021e84e8f1a0 Exception <a 'java/lang/ClassNotFoundException'{0x000000076ded15d8}: org/springframework/transaction/annotation/AbstractTransactionManagementConfigurationCustomizer> (0x000000076ded15d8) 
thrown [./open/src/hotspot/share/classfile/systemDictionary.cpp, line 295]
Event: 4.796 Thread 0x0000021e84e8f1a0 Exception <a 'java/lang/ClassNotFoundException'{0x000000076ded70e8}: org/springframework/transaction/annotation/ProxyTransactionManagementConfigurationCustomizer> (0x000000076ded70e8) 
thrown [./open/src/hotspot/share/classfile/systemDictionary.cpp, line 295]
Event: 4.798 Thread 0x0000021e84e8f1a0 Exception <a 'java/lang/ClassNotFoundException'{0x000000076dede160}: org/springframework/context/annotation/ImportAwareCustomizer> (0x000000076dede160) 
thrown [./open/src/hotspot/share/classfile/systemDictionary.cpp, line 295]
Event: 4.800 Thread 0x0000021e84e8f1a0 Exception <a 'java/lang/ClassNotFoundException'{0x000000076dee22e0}: org/springframework/beans/factory/AwareCustomizer> (0x000000076dee22e0) 
thrown [./open/src/hotspot/share/classfile/systemDictionary.cpp, line 295]
Event: 5.071 Thread 0x0000021e84e8f1a0 Implicit null exception at 0x0000021e9056cc4f to 0x0000021e9056cf28
Event: 5.153 Thread 0x0000021e84e8f1a0 Exception <a 'java/lang/NoSuchMethodError'{0x0000000767111728}: 'void java.lang.invoke.DirectMethodHandle$Holder.invokeInterface(java.lang.Object, java.lang.Object, int)'> (0x0000000767111728) 
thrown [./open/src/hotspot/share/interpreter/linkResolver.cpp, line 782]
Event: 5.170 Thread 0x0000021e84e8f1a0 Exception <a 'java/lang/IncompatibleClassChangeError'{0x0000000767167628}: Found class java.lang.Object, but interface was expected> (0x0000000767167628) 
thrown [./open/src/hotspot/share/interpreter/linkResolver.cpp, line 848]
Event: 5.171 Thread 0x0000021e84e8f1a0 Exception <a 'java/lang/NoSuchMethodError'{0x000000076716cd10}: 'void java.lang.invoke.DirectMethodHandle$Holder.invokeStatic(java.lang.Object, int, java.lang.Object)'> (0x000000076716cd10) 
thrown [./open/src/hotspot/share/interpreter/linkResolver.cpp, line 782]
Event: 5.181 Thread 0x0000021e84e8f1a0 Exception <a 'java/lang/NoSuchMethodError'{0x000000076719d270}: 'int java.lang.invoke.DirectMethodHandle$Holder.invokeSpecial(java.lang.Object, java.lang.Object, int)'> (0x000000076719d270) 
thrown [./open/src/hotspot/share/interpreter/linkResolver.cpp, line 782]
Event: 5.373 Thread 0x0000021e84e8f1a0 Exception <a 'java/lang/NoSuchMethodError'{0x00000007667331a0}: 'java.lang.Object java.lang.invoke.DirectMethodHandle$Holder.invokeStaticInit(java.lang.Object, int, int, int, int)'> (0x00000007667331a0) 
thrown [./open/src/hotspot/share/interpreter/linkResolver.cpp, line 782]
Event: 5.457 Thread 0x0000021e84e8f1a0 Exception <a 'java/lang/NoSuchMethodError'{0x00000007664291b8}: 'java.lang.Object java.lang.invoke.DirectMethodHandle$Holder.invokeStaticInit(java.lang.Object, java.lang.Object, int, int, int, int)'> (0x00000007664291b8) 
thrown [./open/src/hotspot/share/interpreter/linkResolver.cpp, line 782]
Event: 5.784 Thread 0x0000021e84e8f1a0 Implicit null exception at 0x0000021e904c6728 to 0x0000021e904c7e74
Event: 5.925 Thread 0x0000021e84e8f1a0 Exception <a 'java/io/FileNotFoundException'{0x0000000767e805f0}> (0x0000000767e805f0) 
thrown [./open/src/hotspot/share/prims/jni.cpp, line 578]
Event: 5.983 Thread 0x0000021e84e8f1a0 Exception <a 'java/lang/NoSuchMethodError'{0x0000000767d00678}: 'int java.lang.invoke.DirectMethodHandle$Holder.invokeInterface(java.lang.Object, java.lang.Object, java.lang.Object, java.lang.Object)'> (0x0000000767d00678) 
thrown [./open/src/hotspot/share/interpreter/linkResolver.cpp, line 782]
Event: 6.081 Thread 0x0000021e84e8f1a0 Exception <a 'java/io/FileNotFoundException'{0x000000076791ad80}> (0x000000076791ad80) 
thrown [./open/src/hotspot/share/prims/jni.cpp, line 578]
Event: 6.269 Thread 0x0000021e84e8f1a0 Implicit null exception at 0x0000021e905456da to 0x0000021e9054597c
Event: 6.387 Thread 0x0000021e84e8f1a0 Implicit null exception at 0x0000021e90620568 to 0x0000021e90620c48

Events (20 events):
Event: 6.428 loading class java/util/concurrent/atomic/AtomicIntegerFieldUpdater$AtomicIntegerFieldUpdaterImpl
Event: 6.428 loading class java/util/concurrent/atomic/AtomicIntegerFieldUpdater$AtomicIntegerFieldUpdaterImpl done
Event: 6.428 loading class java/util/concurrent/atomic/AtomicIntegerFieldUpdater$AtomicIntegerFieldUpdaterImpl$1
Event: 6.428 loading class java/util/concurrent/atomic/AtomicIntegerFieldUpdater$AtomicIntegerFieldUpdaterImpl$1 done
Event: 6.435 loading class java/io/StringWriter
Event: 6.435 loading class java/io/StringWriter done
Event: 6.455 loading class java/math/BigDecimal$1
Event: 6.455 loading class java/math/BigDecimal$1 done
Event: 6.456 loading class jdk/internal/math/FDBigInteger
Event: 6.456 loading class jdk/internal/math/FDBigInteger done
Event: 6.458 loading class java/math/MathContext
Event: 6.458 loading class java/math/MathContext done
Event: 6.460 loading class java/util/Collections$UnmodifiableMap$UnmodifiableEntrySet$UnmodifiableEntrySetSpliterator
Event: 6.460 loading class java/util/Collections$UnmodifiableMap$UnmodifiableEntrySet$UnmodifiableEntrySetSpliterator done
Event: 6.460 loading class java/util/HashMap$EntrySpliterator
Event: 6.460 loading class java/util/HashMap$EntrySpliterator done
Event: 6.470 Executing VM operation: G1CollectForAllocation
Event: 6.476 Executing VM operation: G1CollectForAllocation done
Event: 6.476 Executing VM operation: HandshakeAllThreads
Event: 6.477 Executing VM operation: HandshakeAllThreads done


Dynamic libraries:
0x00007ff7cda60000 - 0x00007ff7cda6d000 	C:\Users\Dayana.DAYANA\.p2\pool\plugins\org.eclipse.justj.openjdk.hotspot.jre.full.win32.x86_64_15.0.2.v20210201-0955\jre\bin\javaw.exe
0x00007ff9d6cf0000 - 0x00007ff9d6ee5000 	C:\WINDOWS\SYSTEM32\ntdll.dll
0x00007ff9d4d40000 - 0x00007ff9d4dfe000 	C:\WINDOWS\System32\KERNEL32.DLL
0x00007ff9d46b0000 - 0x00007ff9d4978000 	C:\WINDOWS\System32\KERNELBASE.dll
0x00007ff9d4a40000 - 0x00007ff9d4b40000 	C:\WINDOWS\System32\ucrtbase.dll
0x00007ff9ce320000 - 0x00007ff9ce338000 	C:\Users\Dayana.DAYANA\.p2\pool\plugins\org.eclipse.justj.openjdk.hotspot.jre.full.win32.x86_64_15.0.2.v20210201-0955\jre\bin\jli.dll
0x00007ff9ba0a0000 - 0x00007ff9ba0b9000 	C:\Users\Dayana.DAYANA\.p2\pool\plugins\org.eclipse.justj.openjdk.hotspot.jre.full.win32.x86_64_15.0.2.v20210201-0955\jre\bin\VCRUNTIME140.dll
0x00007ff9d6b10000 - 0x00007ff9d6cb0000 	C:\WINDOWS\System32\USER32.dll
0x00007ff9d4ca0000 - 0x00007ff9d4cc2000 	C:\WINDOWS\System32\win32u.dll
0x00007ff9c8d10000 - 0x00007ff9c8faa000 	C:\WINDOWS\WinSxS\amd64_microsoft.windows.common-controls_6595b64144ccf1df_6.0.19041.1110_none_60b5254171f9507e\COMCTL32.dll
0x00007ff9d5500000 - 0x00007ff9d552b000 	C:\WINDOWS\System32\GDI32.dll
0x00007ff9d5800000 - 0x00007ff9d589e000 	C:\WINDOWS\System32\msvcrt.dll
0x00007ff9d4500000 - 0x00007ff9d460d000 	C:\WINDOWS\System32\gdi32full.dll
0x00007ff9d4610000 - 0x00007ff9d46ad000 	C:\WINDOWS\System32\msvcp_win.dll
0x00007ff9d4e00000 - 0x00007ff9d4e30000 	C:\WINDOWS\System32\IMM32.DLL
0x00007ff9d01e0000 - 0x00007ff9d01ec000 	C:\Users\Dayana.DAYANA\.p2\pool\plugins\org.eclipse.justj.openjdk.hotspot.jre.full.win32.x86_64_15.0.2.v20210201-0955\jre\bin\vcruntime140_1.dll
0x00007ff9a3d20000 - 0x00007ff9a3db1000 	C:\Users\Dayana.DAYANA\.p2\pool\plugins\org.eclipse.justj.openjdk.hotspot.jre.full.win32.x86_64_15.0.2.v20210201-0955\jre\bin\msvcp140.dll
0x00007ff97f2b0000 - 0x00007ff97fe0e000 	C:\Users\Dayana.DAYANA\.p2\pool\plugins\org.eclipse.justj.openjdk.hotspot.jre.full.win32.x86_64_15.0.2.v20210201-0955\jre\bin\server\jvm.dll
0x00007ff9d4f60000 - 0x00007ff9d500e000 	C:\WINDOWS\System32\ADVAPI32.dll
0x00007ff9d5760000 - 0x00007ff9d57fc000 	C:\WINDOWS\System32\sechost.dll
0x00007ff9d4e30000 - 0x00007ff9d4f55000 	C:\WINDOWS\System32\RPCRT4.dll
0x00007ff9d5a20000 - 0x00007ff9d5a28000 	C:\WINDOWS\System32\PSAPI.DLL
0x00007ff9baa00000 - 0x00007ff9baa09000 	C:\WINDOWS\SYSTEM32\WSOCK32.dll
0x00007ff9bfb10000 - 0x00007ff9bfb37000 	C:\WINDOWS\SYSTEM32\WINMM.dll
0x00007ff9d5010000 - 0x00007ff9d507b000 	C:\WINDOWS\System32\WS2_32.dll
0x00007ff9cc100000 - 0x00007ff9cc10a000 	C:\WINDOWS\SYSTEM32\VERSION.dll
0x00007ff9d2310000 - 0x00007ff9d2322000 	C:\WINDOWS\SYSTEM32\kernel.appcore.dll
0x00007ff9cfdb0000 - 0x00007ff9cfdba000 	C:\Users\Dayana.DAYANA\.p2\pool\plugins\org.eclipse.justj.openjdk.hotspot.jre.full.win32.x86_64_15.0.2.v20210201-0955\jre\bin\jimage.dll
0x00007ff9c9740000 - 0x00007ff9c9924000 	C:\WINDOWS\SYSTEM32\DBGHELP.DLL
0x00007ff9c9b70000 - 0x00007ff9c9b9c000 	C:\WINDOWS\SYSTEM32\dbgcore.DLL
0x00007ff9d4980000 - 0x00007ff9d4a02000 	C:\WINDOWS\System32\bcryptPrimitives.dll
0x00007ff9b9d30000 - 0x00007ff9b9d69000 	C:\Users\Dayana.DAYANA\.p2\pool\plugins\org.eclipse.justj.openjdk.hotspot.jre.full.win32.x86_64_15.0.2.v20210201-0955\jre\bin\jdwp.dll
0x00007ff9cfda0000 - 0x00007ff9cfdae000 	C:\Users\Dayana.DAYANA\.p2\pool\plugins\org.eclipse.justj.openjdk.hotspot.jre.full.win32.x86_64_15.0.2.v20210201-0955\jre\bin\instrument.dll
0x00007ff9baca0000 - 0x00007ff9bacc5000 	C:\Users\Dayana.DAYANA\.p2\pool\plugins\org.eclipse.justj.openjdk.hotspot.jre.full.win32.x86_64_15.0.2.v20210201-0955\jre\bin\java.dll
0x00007ff9bac80000 - 0x00007ff9bac98000 	C:\Users\Dayana.DAYANA\.p2\pool\plugins\org.eclipse.justj.openjdk.hotspot.jre.full.win32.x86_64_15.0.2.v20210201-0955\jre\bin\zip.dll
0x00007ff9d63c0000 - 0x00007ff9d6b04000 	C:\WINDOWS\System32\SHELL32.dll
0x00007ff9d2510000 - 0x00007ff9d2ca4000 	C:\WINDOWS\SYSTEM32\windows.storage.dll
0x00007ff9d5a90000 - 0x00007ff9d5de5000 	C:\WINDOWS\System32\combase.dll
0x00007ff9d3d80000 - 0x00007ff9d3dae000 	C:\WINDOWS\SYSTEM32\Wldp.dll
0x00007ff9d58a0000 - 0x00007ff9d594d000 	C:\WINDOWS\System32\SHCORE.dll
0x00007ff9d5df0000 - 0x00007ff9d5e45000 	C:\WINDOWS\System32\shlwapi.dll
0x00007ff9d4340000 - 0x00007ff9d435f000 	C:\WINDOWS\SYSTEM32\profapi.dll
0x00007ff9bad80000 - 0x00007ff9bad8b000 	C:\Users\Dayana.DAYANA\.p2\pool\plugins\org.eclipse.justj.openjdk.hotspot.jre.full.win32.x86_64_15.0.2.v20210201-0955\jre\bin\dt_socket.dll
0x00007ff9d37d0000 - 0x00007ff9d380b000 	C:\WINDOWS\SYSTEM32\IPHLPAPI.DLL
0x00007ff9d3ae0000 - 0x00007ff9d3b4a000 	C:\WINDOWS\system32\mswsock.dll
0x00007ff9d3860000 - 0x00007ff9d392b000 	C:\WINDOWS\SYSTEM32\DNSAPI.dll
0x00007ff9d5a00000 - 0x00007ff9d5a08000 	C:\WINDOWS\System32\NSI.dll
0x00007ff9cd8a0000 - 0x00007ff9cd8aa000 	C:\Windows\System32\rasadhlp.dll
0x00007ff9cd180000 - 0x00007ff9cd1ff000 	C:\WINDOWS\System32\fwpuclnt.dll
0x00007ff9d4a10000 - 0x00007ff9d4a37000 	C:\WINDOWS\System32\bcrypt.dll
0x00007ff9ba870000 - 0x00007ff9ba889000 	C:\Users\Dayana.DAYANA\.p2\pool\plugins\org.eclipse.justj.openjdk.hotspot.jre.full.win32.x86_64_15.0.2.v20210201-0955\jre\bin\net.dll
0x00007ff9cf3e0000 - 0x00007ff9cf4ec000 	C:\WINDOWS\SYSTEM32\WINHTTP.dll
0x00007ff9ba810000 - 0x00007ff9ba822000 	C:\Users\Dayana.DAYANA\.p2\pool\plugins\org.eclipse.justj.openjdk.hotspot.jre.full.win32.x86_64_15.0.2.v20210201-0955\jre\bin\nio.dll
0x00007ff9caeb0000 - 0x00007ff9caec0000 	C:\Users\Dayana.DAYANA\.p2\pool\plugins\org.eclipse.justj.openjdk.hotspot.jre.full.win32.x86_64_15.0.2.v20210201-0955\jre\bin\verify.dll
0x00007ff9bad30000 - 0x00007ff9bad39000 	C:\Users\Dayana.DAYANA\.p2\pool\plugins\org.eclipse.justj.openjdk.hotspot.jre.full.win32.x86_64_15.0.2.v20210201-0955\jre\bin\management.dll
0x00007ff9ba7e0000 - 0x00007ff9ba7eb000 	C:\Users\Dayana.DAYANA\.p2\pool\plugins\org.eclipse.justj.openjdk.hotspot.jre.full.win32.x86_64_15.0.2.v20210201-0955\jre\bin\management_ext.dll
0x00007ff9b75e0000 - 0x00007ff9b75f7000 	C:\WINDOWS\system32\napinsp.dll
0x00007ff9b75c0000 - 0x00007ff9b75db000 	C:\WINDOWS\system32\pnrpnsp.dll
0x00007ff9b75a0000 - 0x00007ff9b75b5000 	C:\WINDOWS\system32\wshbth.dll
0x00007ff9d0190000 - 0x00007ff9d01ad000 	C:\WINDOWS\system32\NLAapi.dll
0x00007ff9b7560000 - 0x00007ff9b7572000 	C:\WINDOWS\System32\winrnr.dll
0x00007ff9d3cd0000 - 0x00007ff9d3ce8000 	C:\WINDOWS\SYSTEM32\CRYPTSP.dll
0x00007ff9d3460000 - 0x00007ff9d3494000 	C:\WINDOWS\system32\rsaenh.dll
0x00007ff9d42b0000 - 0x00007ff9d42de000 	C:\WINDOWS\SYSTEM32\USERENV.dll
0x00007ff9d3cf0000 - 0x00007ff9d3cfc000 	C:\WINDOWS\SYSTEM32\CRYPTBASE.dll
0x00007ff9ceee0000 - 0x00007ff9ceef7000 	C:\WINDOWS\SYSTEM32\dhcpcsvc6.DLL
0x00007ff9ceec0000 - 0x00007ff9ceedd000 	C:\WINDOWS\SYSTEM32\dhcpcsvc.DLL

dbghelp: loaded successfully - version: 4.0.5 - missing functions: none
symbol engine: initialized successfully - sym options: 0x614 - pdb path: .;C:\Users\Dayana.DAYANA\.p2\pool\plugins\org.eclipse.justj.openjdk.hotspot.jre.full.win32.x86_64_15.0.2.v20210201-0955\jre\bin;C:\WINDOWS\SYSTEM32;C:\WINDOWS\WinSxS\amd64_microsoft.windows.common-controls_6595b64144ccf1df_6.0.19041.1110_none_60b5254171f9507e;C:\Users\Dayana.DAYANA\.p2\pool\plugins\org.eclipse.justj.openjdk.hotspot.jre.full.win32.x86_64_15.0.2.v20210201-0955\jre\bin\server

VM Arguments:
jvm_args: -XX:+ShowCodeDetailsInExceptionMessages -agentlib:jdwp=transport=dt_socket,suspend=y,address=localhost:61417 -javaagent:C:\Users\Dayana.DAYANA\eclipse\jee-2021-03\eclipse\configuration\org.eclipse.osgi\412\0\.cp\lib\javaagent-shaded.jar -Dfile.encoding=UTF-8 
java_command: com.FacturadoraPymes.FacturadoraPymes.FacturadoraPymesApplication
java_class_path (initial): C:\ProyectoGrado\FacturadoraPymes\FacturadoraPymesBackend\target\classes;C:\Users\Dayana.DAYANA\.m2\repository\org\springframework\boot\spring-boot-starter-data-jpa\2.4.4\spring-boot-starter-data-jpa-2.4.4.jar;C:\Users\Dayana.DAYANA\.m2\repository\org\springframework\boot\spring-boot-starter-aop\2.4.4\spring-boot-starter-aop-2.4.4.jar;C:\Users\Dayana.DAYANA\.m2\repository\org\springframework\spring-aop\5.3.5\spring-aop-5.3.5.jar;C:\Users\Dayana.DAYANA\.m2\repository\org\aspectj\aspectjweaver\1.9.6\aspectjweaver-1.9.6.jar;C:\Users\Dayana.DAYANA\.m2\repository\org\springframework\boot\spring-boot-starter-jdbc\2.4.4\spring-boot-starter-jdbc-2.4.4.jar;C:\Users\Dayana.DAYANA\.m2\repository\com\zaxxer\HikariCP\3.4.5\HikariCP-3.4.5.jar;C:\Users\Dayana.DAYANA\.m2\repository\org\springframework\spring-jdbc\5.3.5\spring-jdbc-5.3.5.jar;C:\Users\Dayana.DAYANA\.m2\repository\jakarta\transaction\jakarta.transaction-api\1.3.3\jakarta.transaction-api-1.3.3.jar;C:\Users\Dayana.DAYANA\.m2\repository\jakarta\persistence\jakarta.persistence-api\2.2.3\jakarta.persistence-api-2.2.3.jar;C:\Users\Dayana.DAYANA\.m2\repository\org\hibernate\hibernate-core\5.4.29.Final\hibernate-core-5.4.29.Final.jar;C:\Users\Dayana.DAYANA\.m2\repository\org\javassist\javassist\3.27.0-GA\javassist-3.27.0-GA.jar;C:\Users\Dayana.DAYANA\.m2\repository\net\bytebuddy\byte-buddy\1.10.22\byte-buddy-1.10.22.jar;C:\Users\Dayana.DAYANA\.m2\repository\antlr\antlr\2.7.7\antlr-2.7.7.jar;C:\Users\Dayana.DAYANA\.m2\repository\org\jboss\jandex\2.2.3.Final\jandex-2.2.3.Final.jar;C:\Users\Dayana.DAYANA\.m2\repository\org\dom4j\dom4j\2.1.3\dom4j-2.1.3.jar;C:\Users\Dayana.DAYANA\.m2\repository\org\hibernate\common\hibernate-commons-annotations\5.1.2.Final\hibernate-commons-annotations-5.1.2.Final.jar;C:\Users\Dayana.DAYANA\.m2\repository\org\glassfish\jaxb\jaxb-runtime\2.3.3\jaxb-runtime-2.3.3.jar;C:\Users\Dayana.DAYANA\.m2\repository\org\glassfish\jaxb\txw2\2.3.3\txw2-2.3.3.jar;C:\Users\Dayana.DAYAN
Launcher Type: SUN_STANDARD

[Global flags]
     intx CICompilerCount                          = 4                                         {product} {ergonomic}
     uint ConcGCThreads                            = 2                                         {product} {ergonomic}
     uint G1ConcRefinementThreads                  = 8                                         {product} {ergonomic}
   size_t G1HeapRegionSize                         = 2097152                                   {product} {ergonomic}
    uintx GCDrainStackTargetSize                   = 64                                        {product} {ergonomic}
   size_t InitialHeapSize                          = 163577856                                 {product} {ergonomic}
   size_t MarkStackSize                            = 4194304                                   {product} {ergonomic}
   size_t MaxHeapSize                              = 2613051392                                {product} {ergonomic}
   size_t MaxNewSize                               = 1566572544                                {product} {ergonomic}
   size_t MinHeapDeltaBytes                        = 2097152                                   {product} {ergonomic}
   size_t MinHeapSize                              = 8388608                                   {product} {ergonomic}
    uintx NonNMethodCodeHeapSize                   = 5839372                                {pd product} {ergonomic}
    uintx NonProfiledCodeHeapSize                  = 122909434                              {pd product} {ergonomic}
    uintx ProfiledCodeHeapSize                     = 122909434                              {pd product} {ergonomic}
    uintx ReservedCodeCacheSize                    = 251658240                              {pd product} {ergonomic}
     bool SegmentedCodeCache                       = true                                      {product} {ergonomic}
     bool ShowCodeDetailsInExceptionMessages       = true                                   {manageable} {command line}
   size_t SoftMaxHeapSize                          = 2613051392                             {manageable} {ergonomic}
     bool UseCompressedClassPointers               = true                                 {lp64_product} {ergonomic}
     bool UseCompressedOops                        = true                                 {lp64_product} {ergonomic}
     bool UseG1GC                                  = true                                      {product} {ergonomic}
     bool UseLargePagesIndividualAllocation        = false                                  {pd product} {ergonomic}

Logging:
Log output configuration:
 #0: stdout all=warning uptime,level,tags
 #1: stderr all=off uptime,level,tags

Environment Variables:
JAVA_HOME=C:\Program Files\Java\jdk1.8.0_251
PATH=C:\Users\Dayana.DAYANA\.p2\pool\plugins\org.eclipse.justj.openjdk.hotspot.jre.full.win32.x86_64_15.0.2.v20210201-0955\jre\bin;C:/Users/Dayana.DAYANA/.p2/pool/plugins/org.eclipse.justj.openjdk.hotspot.jre.full.win32.x86_64_15.0.2.v20210201-0955/jre/bin/server;C:/Users/Dayana.DAYANA/.p2/pool/plugins/org.eclipse.justj.openjdk.hotspot.jre.full.win32.x86_64_15.0.2.v20210201-0955/jre/bin;C:\Users\Dayana.DAYANA\AppData\Local\Programs\Python\Python39\Scripts\;C:\Users\Dayana.DAYANA\AppData\Local\Programs\Python\Python39\;C:\oraclexe\app\oracle\product\11.2.0\server\bin;C:\Program Files (x86)\Common Files\Oracle\Java\javapath;C:\WINDOWS\system32;C:\WINDOWS;C:\WINDOWS\System32\Wbem;C:\WINDOWS\System32\WindowsPowerShell\v1.0\;C:\WINDOWS\System32\OpenSSH\;C:\Program Files\MySQL\MySQL Server 8.0\bin;C:\Maven\apache-maven-3.6.3\\bin;C:\Program Files\dotnet\;C:\Program Files\nodejs\;C:\ProgramData\chocolatey\bin;C:\Program Files\Microsoft SQL Server\130\Tools\Binn\;C:\Program Files\Microsoft SQL Server\Client SDK\ODBC\170\Tools\Binn\;C:\wamp64\bin\php\php7.4.9;C:\ProgramData\ComposerSetup\bin;C:\Program Files\Git\cmd;C:\Program Files\Git\mingw64\bin;C:\Program Files\Git\usr\bin;C:\Program Files\Azure Data Studio\bin;C:\Program Files (x86)\Microsoft SQL Server\150\Tools\Binn\;C:\Program Files\Microsoft SQL Server\150\Tools\Binn\;C:\Program Files\Microsoft SQL Server\150\DTS\Binn\;C:\Program Files (x86)\dotnet\;C:\Users\Dayana.DAYANA\AppData\Local\Microsoft\WindowsApps;;C:\Users\Dayana.DAYANA\AppData\Local\Programs\Microsoft VS Code\bin;C:\Users\Dayana.DAYANA\.dotnet\tools;C:\Users\Dayana.DAYANA\AppData\Roaming\npm;C:\Users\Dayana.DAYANA\AppData\Roaming\Composer\vendor\bin;C:\Program Files\Azure Data Studio\bin;C:\Users\Dayana.DAYANA\Desktop;
USERNAME=Dayana
OS=Windows_NT
PROCESSOR_IDENTIFIER=Intel64 Family 6 Model 42 Stepping 7, GenuineIntel



---------------  S Y S T E M  ---------------

OS:
 Windows 10 , 64 bit Build 19041 (10.0.19041.1503)
OS uptime: 2 days 7:28 hours

CPU: total 8 (initial active 8) (4 cores per cpu, 2 threads per core) family 6 model 42 stepping 7 microcode 0x2f, cmov, cx8, fxsr, mmx, sse, sse2, sse3, ssse3, sse4.1, sse4.2, popcnt, vzeroupper, avx, aes, clmul, ht, tsc, tscinvbit, clflush

Memory: 4k page, system-wide physical 9960M (1851M free)
TotalPageFile size 12101M (AvailPageFile size 4M)
current process WorkingSet (physical memory assigned to process): 263M, peak: 263M
current process commit charge ("private bytes"): 300M, peak: 319M

vm_info: OpenJDK 64-Bit Server VM (15.0.2+7-27) for windows-amd64 JRE (15.0.2+7-27), built on Dec  7 2020 20:02:38 by "mach5one" with unknown MS VC++:1925

END.
